  Cleaning BuildingEscapeEditor Binaries...
  Creating makefile for BuildingEscapeEditor (no existing makefile)
  Performing full C++ include scan (no include cache file)
  Parsing headers for BuildingEscapeEditor
    Running UnrealHeaderTool "K:\O\Programozas\Unreal\03_BuildingEscape\BuildingEscape\BuildingEscape.uproject" "K:\O\Programozas\Unreal\03_BuildingEscape\BuildingEscape\Intermediate\Build\Win64\BuildingEscapeEditor\Development\BuildingEscapeEditor.uhtmanifest" -LogCmds="loginit warning, logexit warning, logdatabase error" -Unattended -WarningsAsErrors -installed
  Reflection code generated for BuildingEscapeEditor in 11,4593582 seconds
  Performing 9 actions (4 in parallel)
  [3/9] Resource PCLaunch.rc
  [2/9] Resource ModuleVersionResource.rc.inl
  SharedPCH.Engine.cpp
  BuildingEscape.init.gen.cpp
  BuildingEscape.cpp
  BuildingEscapeGameModeBase.cpp
  BuildingEscapeGameModeBase.gen.cpp
  [8/9] Link UE4Editor-BuildingEscape.dll
  [9/9] Link UE4Editor-BuildingEscape.lib
     Creating library K:\O\Programozas\Unreal\03_BuildingEscape\BuildingEscape\Intermediate\Build\Win64\UE4Editor\Development\UE4Editor-BuildingEscape.lib and object K:\O\Programozas\Unreal\03_BuildingEscape\BuildingEscape\Intermediate\Build\Win64\UE4Editor\Development\UE4Editor-BuildingEscape.exp
     Creating library K:\O\Programozas\Unreal\03_BuildingEscape\BuildingEscape\Intermediate\Build\Win64\UE4Editor\Development\UE4Editor-BuildingEscape.suppressed.lib and object K:\O\Programozas\Unreal\03_BuildingEscape\BuildingEscape\Intermediate\Build\Win64\UE4Editor\Development\UE4Editor-BuildingEscape.suppressed.exp
  Deploying BuildingEscapeEditor Win64 Development...
  Total build time: 61,35 seconds (Local executor: 32,87 seconds)
