Log file open, 12/03/17 08:46:46
LogWindows: Failed to load 'aqProf.dll' (GetLastError=126)
LogWindows: File 'aqProf.dll' does not exist
LogWindows: Failed to load 'VSPerf140.dll' (GetLastError=126)
LogWindows: File 'VSPerf140.dll' does not exist
LogWindows: Failed to load 'VtuneApi.dll' (GetLastError=126)
LogWindows: File 'VtuneApi.dll' does not exist
LogWindows: Failed to load 'VtuneApi32e.dll' (GetLastError=126)
LogWindows: File 'VtuneApi32e.dll' does not exist
LogInit: Display: Running engine for game: BuildingEscape
LogPlatformFile: Not using cached read wrapper
LogInit: Display: RandInit(227501426) SRandInit(227501426).
LogTaskGraph: Started task graph with 5 named threads and 14 total threads with 3 sets of task threads.
LogStats: Stats thread started at 0.192398
LogD3D11RHI: Aftermath initialized
LogPluginManager: Mounting plugin Paper2D
LogPluginManager: Mounting plugin LightPropagationVolume
LogPluginManager: Mounting plugin CodeLiteSourceCodeAccess
LogPluginManager: Mounting plugin GitSourceControl
LogPluginManager: Mounting plugin KDevelopSourceCodeAccess
LogPluginManager: Mounting plugin NullSourceCodeAccess
LogPluginManager: Mounting plugin PerforceSourceControl
LogPluginManager: Mounting plugin SubversionSourceControl
LogPluginManager: Mounting plugin UObjectPlugin
LogPluginManager: Mounting plugin VisualStudioSourceCodeAccess
LogPluginManager: Mounting plugin XCodeSourceCodeAccess
LogPluginManager: Mounting plugin AssetManagerEditor
LogPluginManager: Mounting plugin AudioCapture
LogPluginManager: Mounting plugin FacialAnimation
LogPluginManager: Mounting plugin GameplayTagsEditor
LogPluginManager: Mounting plugin MobileLauncherProfileWizard
LogPluginManager: Mounting plugin PluginBrowser
LogPluginManager: Mounting plugin SpeedTreeImporter
LogPluginManager: Mounting plugin AlembicImporter
LogPluginManager: Mounting plugin CharacterAI
LogPluginManager: Mounting plugin HTML5Networking
LogPluginManager: Mounting plugin AndroidMedia
LogPluginManager: Mounting plugin AvfMedia
LogPluginManager: Mounting plugin MediaPlayerEditor
LogPluginManager: Mounting plugin WmfMedia
LogPluginManager: Mounting plugin TcpMessaging
LogPluginManager: Mounting plugin UdpMessaging
LogPluginManager: Mounting plugin LevelSequenceEditor
LogPluginManager: Mounting plugin MatineeToLevelSequence
LogPluginManager: Mounting plugin OnlineSubsystemGooglePlay
LogPluginManager: Mounting plugin OnlineSubsystemIOS
LogPluginManager: Mounting plugin OnlineSubsystem
LogPluginManager: Mounting plugin OnlineSubsystemNull
LogPluginManager: Mounting plugin OnlineSubsystemUtils
LogPluginManager: Mounting plugin AndroidDeviceProfileSelector
LogPluginManager: Mounting plugin AndroidMoviePlayer
LogPluginManager: Mounting plugin AndroidPermission
LogPluginManager: Mounting plugin AppleMoviePlayer
LogPluginManager: Mounting plugin ArchVisCharacter
LogPluginManager: Mounting plugin CableComponent
LogPluginManager: Mounting plugin CustomMeshComponent
LogPluginManager: Mounting plugin ExampleDeviceProfileSelector
LogPluginManager: Mounting plugin GoogleCloudMessaging
LogPluginManager: Mounting plugin ImmediatePhysics
LogPluginManager: Mounting plugin IOSDeviceProfileSelector
LogPluginManager: Mounting plugin LinuxDeviceProfileSelector
LogPluginManager: Mounting plugin LocationServicesBPLibrary
LogPluginManager: Mounting plugin MobilePatchingUtils
LogPluginManager: Mounting plugin OculusVR
LogPluginManager: Mounting plugin PhysXVehicles
LogPluginManager: Mounting plugin ProceduralMeshComponent
LogPluginManager: Mounting plugin RuntimePhysXCooking
LogPluginManager: Mounting plugin SteamVR
LogPluginManager: Mounting plugin WindowsMoviePlayer
LogInit: Using libcurl 7.47.1
LogInit:  - built for x86_64-pc-win32
LogInit:  - supports SSL with OpenSSL/1.0.2g
LogInit:  - supports HTTP deflate (compression) using libz 1.2.8
LogInit:  - other features:
LogInit:      CURL_VERSION_SSL
LogInit:      CURL_VERSION_LIBZ
LogInit:      CURL_VERSION_IPV6
LogInit:      CURL_VERSION_ASYNCHDNS
LogInit:      CURL_VERSION_LARGEFILE
LogInit:      CURL_VERSION_IDN
LogInit:  CurlRequestOptions (configurable via config and command line):
LogInit:  - bVerifyPeer = false  - Libcurl will NOT verify peer certificate
LogInit:  - bUseHttpProxy = false  - Libcurl will NOT use HTTP proxy
LogInit:  - bDontReuseConnections = false  - Libcurl will reuse connections
LogInit:  - CertBundlePath = nullptr  - Libcurl will use whatever was configured at build time.
LogInit: Build: ++UE4+Release-4.17-CL-3658906
LogInit: Engine Version: 4.17.2-3658906+++UE4+Release-4.17
LogInit: Compatible Engine Version: 4.17.0-3573198+++UE4+Release-4.17
LogInit: Net CL: 3573198
LogDevObjectVersion: Number of dev versions registered: 16
LogDevObjectVersion:   Dev-Blueprints (B0D832E4-1F89-4F0D-ACCF-7EB736FD4AA2): 10
LogDevObjectVersion:   Dev-Build (E1C64328-A22C-4D53-A36C-8E866417BD8C): 0
LogDevObjectVersion:   Dev-Core (375EC13C-06E4-48FB-B500-84F0262A717E): 2
LogDevObjectVersion:   Dev-Editor (E4B068ED-F494-42E9-A231-DA0B2E46BB41): 20
LogDevObjectVersion:   Dev-Framework (CFFC743F-43B0-4480-9391-14DF171D2073): 28
LogDevObjectVersion:   Dev-Mobile (B02B49B5-BB20-44E9-A304-32B752E40360): 0
LogDevObjectVersion:   Dev-Networking (A4E4105C-59A1-49B5-A7C5-40C4547EDFEE): 0
LogDevObjectVersion:   Dev-Online (39C831C9-5AE6-47DC-9A44-9C173E1C8E7C): 0
LogDevObjectVersion:   Dev-Physics (78F01B33-EBEA-4F98-B9B4-84EACCB95AA2): 0
LogDevObjectVersion:   Dev-Platform (6631380F-2D4D-43E0-8009-CF276956A95A): 0
LogDevObjectVersion:   Dev-Rendering (12F88B9F-8875-4AFC-A67C-D90C383ABD29): 19
LogDevObjectVersion:   Dev-Sequencer (7B5AE74C-D270-4C10-A958-57980B212A5A): 4
LogDevObjectVersion:   Dev-VR (D7296918-1DD6-4BDD-9DE2-64A83CC13884): 0
LogDevObjectVersion:   Dev-LoadTimes (C2A15278-BFE7-4AFE-6C17-90FF531DF755): 1
LogDevObjectVersion:   Private-Geometry (6EACA3D4-40EC-4CC1-B786-8BED09428FC5): 1
LogDevObjectVersion:   Dev-AnimPhys (29E575DD-E0A3-4627-9D10-D276232CDCEA): 7
LogInit: Compiled (64-bit): Sep 22 2017 13:47:16
LogInit: Compiled with Visual C++: 19.00.24215.01
LogInit: Build Configuration: Development
LogInit: Branch Name: ++UE4+Release-4.17
LogInit: Command line: -EpicPortal 
LogInit: Base directory: H:/Programok/Epic Games/UE_4.17/Engine/Binaries/Win64/
LogInit: Installed Engine Build: 1
LogInit: Presizing for max 8388607 objects, including 0 objects not considered by GC, pre-allocating 0 bytes for permanent pool.
LogInit: Object subsystem initialized
[2017.12.03-07.46.48:227][  0]LogInit: Selected Device Profile: [Windows]
[2017.12.03-07.46.48:227][  0]LogInit: Applying CVar settings loaded from the selected device profile: [Windows]
[2017.12.03-07.46.48:285][  0]LogInit: Computer: KLAFA-PC
[2017.12.03-07.46.48:285][  0]LogInit: User: Klafa
[2017.12.03-07.46.48:285][  0]LogInit: CPU Page size=4096, Cores=4
[2017.12.03-07.46.48:285][  0]LogInit: High frequency timer resolution =3.429511 MHz
[2017.12.03-07.46.48:285][  0]LogMemory: Memory total: Physical=15.9GB (16GB approx)
[2017.12.03-07.46.48:285][  0]LogMemory: Platform Memory Stats for Windows
[2017.12.03-07.46.48:285][  0]LogMemory: Process Physical Memory: 280.83 MB used, 280.83 MB peak
[2017.12.03-07.46.48:285][  0]LogMemory: Process Virtual Memory: 285.57 MB used, 285.57 MB peak
[2017.12.03-07.46.48:285][  0]LogMemory: Physical Memory: 5136.91 MB used,  11148.05 MB free, 16284.96 MB total
[2017.12.03-07.46.48:285][  0]LogMemory: Virtual Memory: 662.15 MB used,  11148.05 MB free, 8388608.00 MB total
[2017.12.03-07.46.48:558][  0]LogInit: Using OS detected language (hu-HU).
[2017.12.03-07.46.48:558][  0]LogInit: Using OS detected locale (hu-HU).
[2017.12.03-07.46.48:564][  0]LogTextLocalizationManager: No localization for 'hu-HU' exists, so 'en' will be used for the language.
[2017.12.03-07.46.48:564][  0]LogTextLocalizationManager: No localization for 'hu-HU' exists, so 'en' will be used for the locale.
[2017.12.03-07.46.49:599][  0]LogD3D11RHI: D3D11 adapters:
[2017.12.03-07.46.49:628][  0]LogD3D11RHI:    0. 'NVIDIA GeForce GTX 760' (Feature Level 11_0)
[2017.12.03-07.46.49:628][  0]LogD3D11RHI:       1990/0/7886 MB DedicatedVideo/DedicatedSystem/SharedSystem, Outputs:2, VendorId:0x10de
[2017.12.03-07.46.49:628][  0]LogD3D11RHI: Chosen D3D11 Adapter: 0
[2017.12.03-07.46.49:640][  0]LogD3D11RHI: Creating new Direct3DDevice
[2017.12.03-07.46.49:641][  0]LogD3D11RHI:     GPU DeviceId: 0x1187 (for the marketing name, search the web for "GPU Device Id")
[2017.12.03-07.46.49:641][  0]LogWindows: EnumDisplayDevices:
[2017.12.03-07.46.49:641][  0]LogWindows:    0. 'NVIDIA GeForce GTX 760' (P:1 D:1)
[2017.12.03-07.46.49:641][  0]LogWindows:    1. 'NVIDIA GeForce GTX 760' (P:0 D:1)
[2017.12.03-07.46.49:641][  0]LogWindows:    2. 'NVIDIA GeForce GTX 760' (P:0 D:0)
[2017.12.03-07.46.49:641][  0]LogWindows:    3. 'NVIDIA GeForce GTX 760' (P:0 D:0)
[2017.12.03-07.46.49:642][  0]LogWindows:    4. 'RDPDD Chained DD' (P:0 D:0)
[2017.12.03-07.46.49:642][  0]LogWindows:    5. 'RDP Encoder Mirror Driver' (P:0 D:0)
[2017.12.03-07.46.49:642][  0]LogWindows:    6. 'RDP Reflector Display Driver' (P:0 D:0)
[2017.12.03-07.46.49:642][  0]LogWindows: DebugString: GetVideoDriverDetailsInvalid PrimaryIsNotTheChoosenAdapter GetVideoDriverDetailsInvalid PrimaryIsNotTheChoosenAdapter GetVideoDriverDetailsInvalid PrimaryIsNotTheChoosenAdapter FoundDriverCount:4 
[2017.12.03-07.46.49:642][  0]LogD3D11RHI:     Adapter Name: NVIDIA GeForce GTX 760
[2017.12.03-07.46.49:642][  0]LogD3D11RHI:   Driver Version: 385.69 (internal:22.21.13.8569, unified:385.69)
[2017.12.03-07.46.49:642][  0]LogD3D11RHI:      Driver Date: 9-16-2017
[2017.12.03-07.46.49:642][  0]LogRHI: Texture pool is 1361 MB (70% of 1945 MB)
[2017.12.03-07.46.49:654][  0]LogD3D11RHI: Async texture creation enabled
[2017.12.03-07.46.49:671][  0]LogD3D11RHI: GPU Timing Frequency: 1000.000000 (Debug: 2 2)
[2017.12.03-07.46.49:675][  0]LogShaderCompilers: Guid format shader working directory is -10 characters bigger than the processId version (K:/O/Programozas/Unreal/03_BuildingEscape/BuildingEscape/Intermediate/Shaders/WorkingDirectory/8064/).
[2017.12.03-07.46.49:675][  0]LogShaderCompilers: Cleaned the shader compiler working directory 'C:/Users/Klafa/AppData/Local/Temp/UnrealShaderWorkingDir/E8C437114ECD2E112C723887E582FD2A/'.
[2017.12.03-07.46.49:675][  0]LogShaderCompilers: Display: Using Local Shader Compiler.
[2017.12.03-07.46.51:035][  0]LogTemp: Display: Loaded TP AllDesktopTargetPlatform
[2017.12.03-07.46.51:123][  0]LogTemp: Display: Loaded TP MacClientTargetPlatform
[2017.12.03-07.46.51:211][  0]LogTemp: Display: Loaded TP MacNoEditorTargetPlatform
[2017.12.03-07.46.51:298][  0]LogTemp: Display: Loaded TP MacServerTargetPlatform
[2017.12.03-07.46.51:388][  0]LogTemp: Display: Loaded TP MacTargetPlatform
[2017.12.03-07.46.51:475][  0]LogTemp: Display: Loaded TP WindowsClientTargetPlatform
[2017.12.03-07.46.51:564][  0]LogTemp: Display: Loaded TP WindowsNoEditorTargetPlatform
[2017.12.03-07.46.51:651][  0]LogTemp: Display: Loaded TP WindowsServerTargetPlatform
[2017.12.03-07.46.51:729][  0]LogTemp: Display: Loaded TP WindowsTargetPlatform
[2017.12.03-07.46.51:815][  0]LogTemp: Display: Loaded TP AndroidTargetPlatform
[2017.12.03-07.46.51:901][  0]LogTemp: Display: Loaded TP Android_ASTCTargetPlatform
[2017.12.03-07.46.51:988][  0]LogTemp: Display: Loaded TP Android_ATCTargetPlatform
[2017.12.03-07.46.52:075][  0]LogTemp: Display: Loaded TP Android_DXTTargetPlatform
[2017.12.03-07.46.52:163][  0]LogTemp: Display: Loaded TP Android_ETC1TargetPlatform
[2017.12.03-07.46.52:249][  0]LogTemp: Display: Loaded TP Android_ETC2TargetPlatform
[2017.12.03-07.46.52:423][  0]LogTemp: Display: Loaded TP Android_MultiTargetPlatform
[2017.12.03-07.46.52:423][  0]LogTemp: Display: Loaded TP Android_PVRTCTargetPlatform
[2017.12.03-07.46.52:494][  0]LogTemp: Display: Loaded TP HTML5TargetPlatform
[2017.12.03-07.46.52:634][  0]LogTemp: Display: Loaded TP IOSTargetPlatform
[2017.12.03-07.46.52:680][  0]LogTemp: Display: Loaded TP TVOSTargetPlatform
[2017.12.03-07.46.52:765][  0]LogTemp: Display: Loaded TP LinuxClientTargetPlatform
[2017.12.03-07.46.52:853][  0]LogTemp: Display: Loaded TP LinuxNoEditorTargetPlatform
[2017.12.03-07.46.52:939][  0]LogTemp: Display: Loaded TP LinuxServerTargetPlatform
[2017.12.03-07.46.53:026][  0]LogTemp: Display: Loaded TP LinuxTargetPlatform
[2017.12.03-07.46.53:027][  0]LogTargetPlatformManager: Display: Building Assets For Windows
[2017.12.03-07.46.53:783][  0]LogDerivedDataCache: Display: Max Cache Size: 512 MB
[2017.12.03-07.46.53:966][  0]LogDerivedDataCache: Loaded boot cache 0.18s 93MB C:/Users/Klafa/AppData/Local/UnrealEngine/4.17/DerivedDataCache/Boot.ddc.
[2017.12.03-07.46.53:966][  0]LogDerivedDataCache: Display: Loaded Boot cache: C:/Users/Klafa/AppData/Local/UnrealEngine/4.17/DerivedDataCache/Boot.ddc
[2017.12.03-07.46.53:966][  0]LogDerivedDataCache: FDerivedDataBackendGraph:  Pak pak cache file K:/O/Programozas/Unreal/03_BuildingEscape/BuildingEscape/DerivedDataCache/DDC.ddp not found, will not use a pak cache.
[2017.12.03-07.46.53:966][  0]LogDerivedDataCache: Unable to find inner node Pak for hierarchical cache Hierarchy.
[2017.12.03-07.46.53:966][  0]LogDerivedDataCache: FDerivedDataBackendGraph:  CompressedPak pak cache file K:/O/Programozas/Unreal/03_BuildingEscape/BuildingEscape/DerivedDataCache/Compressed.ddp not found, will not use a pak cache.
[2017.12.03-07.46.53:966][  0]LogDerivedDataCache: Unable to find inner node CompressedPak for hierarchical cache Hierarchy.
[2017.12.03-07.46.53:990][  0]LogDerivedDataCache: Display: Pak cache opened for reading ../../../Engine/DerivedDataCache/Compressed.ddp.
[2017.12.03-07.46.54:002][  0]LogDerivedDataCache: Using Local data cache path C:/Users/Klafa/AppData/Local/UnrealEngine/Common/DerivedDataCache: Writable
[2017.12.03-07.46.54:019][  0]LogMaterial: Verifying Global Shaders for PCD3D_SM5
[2017.12.03-07.46.54:019][  0]LogSlate: Using Freetype 2.6.0
[2017.12.03-07.46.54:020][  0]LogSlate: SlateFontCache - WITH_FREETYPE: 1, WITH_HARFBUZZ: 1
[2017.12.03-07.46.54:020][  0]LogSlate: SlateFontCache - WITH_FREETYPE: 1, WITH_HARFBUZZ: 1
[2017.12.03-07.46.54:638][  0]LogAssetRegistry: FAssetRegistry took 0.0279 seconds to start up
[2017.12.03-07.46.54:915][  0]LogInit: Selected Device Profile: [Windows]
[2017.12.03-07.46.54:922][  0]LogContentStreaming: Texture pool size is 0.00 MB
[2017.12.03-07.46.55:566][  0]LogSimplygon: Simplygon DLL not present - disabling.
[2017.12.03-07.46.55:640][  0]LogMeshReduction: Using SimplygonSwarm for distributed automatic mesh merging
[2017.12.03-07.46.55:640][  0]LogMeshReduction: Using QuadricMeshReduction for automatic static mesh reduction
[2017.12.03-07.46.55:640][  0]LogMeshReduction: No automatic skeletal mesh reduction module available
[2017.12.03-07.46.55:640][  0]LogMeshReduction: No automatic mesh merging module available
[2017.12.03-07.46.55:640][  0]LogMeshMerging: No automatic mesh merging module available
[2017.12.03-07.46.56:181][  0]LogNetVersion: BuildingEscape , NetCL: 3573198, EngineNetVer: 2, GameNetVer: 0 (Checksum: 3580536536)
[2017.12.03-07.46.56:519][  0]LogPackageLocalizationCache: Processed 5 localized package path(s) for 1 prioritized culture(s) in 0.090513 seconds
[2017.12.03-07.46.56:527][  0]LogUObjectArray: 35825 objects as part of root set at end of initial load.
[2017.12.03-07.46.56:527][  0]LogUObjectAllocator: 7529112 out of 0 bytes used by permanent object pool.
[2017.12.03-07.46.56:527][  0]LogUObjectArray: CloseDisregardForGC: 0/0 objects in disregard for GC pool
[2017.12.03-07.46.56:616][  0]LogInit: WinSock: version 1.1 (2.2), MaxSocks=32767, MaxUdp=65467
[2017.12.03-07.47.00:811][  0]LogTcpMessaging: Initializing TcpMessaging bridge
[2017.12.03-07.47.00:863][  0]LogUdpMessaging: Initializing bridge on interface 0.0.0.0:0 to multicast group 230.0.0.1:6666.
[2017.12.03-07.47.02:142][  0]LogMaterial: Uniform references updated for custom material expression Custom.
[2017.12.03-07.47.02:796][  0]SourceControl: Source control is disabled
[2017.12.03-07.47.02:796][  0]SourceControl: Source control is disabled
[2017.12.03-07.47.02:876][  0]SourceControl: Source control is disabled
[2017.12.03-07.47.02:958][  0]SourceControl: Source control is disabled
[2017.12.03-07.47.03:925][  0]LogAndroidPermission: UAndroidPermissionCallbackProxy::GetInstance
[2017.12.03-07.47.04:339][  0]LogOcInput: OculusInput pre-init called
[2017.12.03-07.47.04:751][  0]LogEngine: Initializing Engine...
[2017.12.03-07.47.04:777][  0]LogHMD: Failed to initialize OpenVR with code 108
[2017.12.03-07.47.05:099][  0]LogStats: UGameplayTagsManager::ConstructGameplayTagTree: Construct from data asset -  0.000 s
[2017.12.03-07.47.05:099][  0]LogStats: UGameplayTagsManager::ConstructGameplayTagTree: GameplayTagTreeChangedEvent.Broadcast -  0.000 s
[2017.12.03-07.47.05:319][  0]LogAIModule: Creating AISystem for world Untitled
[2017.12.03-07.47.05:351][  0]LogInit: XAudio2 using 'Hangszórók (C-Media PCI Audio Device)' : 2 channels at 44.1 kHz using 16 bits per sample (channel mask 0x3)
[2017.12.03-07.47.05:362][  0]LogInit: FAudioDevice initialized.
[2017.12.03-07.47.05:500][  0]LogDerivedDataCache: Saved boot cache 0.14s 93MB C:/Users/Klafa/AppData/Local/UnrealEngine/4.17/DerivedDataCache/Boot.ddc.
[2017.12.03-07.47.05:536][  0]LogInit: Texture streaming: Enabled
[2017.12.03-07.47.05:710][  0]LogEngineSessionManager: EngineSessionManager initialized
[2017.12.03-07.47.06:099][  0]LogInit: Transaction tracking system initialized
[2017.12.03-07.47.06:655][  0]BlueprintLog: New page: Editor Load
[2017.12.03-07.47.08:236][  0]LocalizationService: Localization service is disabled
[2017.12.03-07.47.09:446][  0]LogConsoleResponse: Display: 
[2017.12.03-07.47.09:695][  0]LogCook: Display: Max memory allowance for cook 16384mb min free memory 0mb
[2017.12.03-07.47.09:695][  0]LogCook: Display: Mobile HDR setting 1
[2017.12.03-07.47.09:695][  0]LogGameplayTags: Display: UGameplayTagsManager::DoneAddingNativeTags. DelegateIsBound: 0
[2017.12.03-07.47.10:550][  0]LogFileCache: Scanning file cache for directory 'K:/O/Programozas/Unreal/03_BuildingEscape/BuildingEscape/Content/' took 0.01s
[2017.12.03-07.47.11:486][  0]SourceControl: Source control is disabled
[2017.12.03-07.47.11:486][  0]Cmd: MAP LOAD FILE="K:/O/Programozas/Unreal/03_BuildingEscape/BuildingEscape/Content/NewMap.umap" TEMPLATE=0 SHOWPROGRESS=1 FEATURELEVEL=3
[2017.12.03-07.47.11:487][  0]LightingResults: New page: Lighting Build
[2017.12.03-07.47.11:561][  0]MapCheck: New page: Map Check
[2017.12.03-07.47.11:561][  0]LightingResults: New page: Lighting Build
[2017.12.03-07.47.14:717][  0]LogAIModule: Creating AISystem for world NewMap
[2017.12.03-07.47.14:726][  0]LogEditorServer: Finished looking for orphan Actors (0.000 secs)
[2017.12.03-07.47.14:757][  0]Cmd: MAP CHECKDEP NOCLEARLOG
[2017.12.03-07.47.14:884][  0]MapCheck: Map check complete: 0 Error(s), 0 Warning(s), took 127.161ms to complete.
[2017.12.03-07.47.14:884][  0]LogFileHelpers: Loading map 'NewMap' took 3.399
[2017.12.03-07.47.15:050][  0]LogCollectionManager: Loaded 0 collections in 0.001998 seconds
[2017.12.03-07.47.15:172][  0]LogFileCache: Scanning file cache for directory 'K:/O/Programozas/Unreal/03_BuildingEscape/BuildingEscape/Saved/Collections/' took 0.01s
[2017.12.03-07.47.15:172][  0]LogFileCache: Scanning file cache for directory 'K:/O/Programozas/Unreal/03_BuildingEscape/BuildingEscape/Content/Developers/Klafa/Collections/' took 0.01s
[2017.12.03-07.47.15:172][  0]LogFileCache: Scanning file cache for directory 'K:/O/Programozas/Unreal/03_BuildingEscape/BuildingEscape/Content/Collections/' took 0.01s
[2017.12.03-07.47.15:172][  0]LogCollectionManager: Rebuilt the GUID cache for 0 collections in 0.000000 seconds
[2017.12.03-07.47.15:187][  0]LogContentBrowser: Native class hierarchy populated in 0.0151 seconds. Added 2389 classes and 502 folders.
[2017.12.03-07.47.15:296][  0]LogContentBrowser: Native class hierarchy updated for 'WidgetCarousel' in 0.0018 seconds. Added 0 classes and 0 folders.
[2017.12.03-07.47.16:289][  0]LogContentBrowser: Native class hierarchy updated for 'AddContentDialog' in 0.0043 seconds. Added 0 classes and 0 folders.
[2017.12.03-07.47.16:409][  0]LogContentBrowser: Native class hierarchy updated for 'SceneOutliner' in 0.0021 seconds. Added 1 classes and 2 folders.
[2017.12.03-07.47.16:552][  0]LogSlate: Took 0.000460 seconds to synchronously load lazily loaded font '../../../Engine/Content/Slate/Fonts/Roboto-Regular.ttf' (155K)
[2017.12.03-07.47.16:558][  0]LogSlate: Took 0.000440 seconds to synchronously load lazily loaded font '../../../Engine/Content/Slate/Fonts/Roboto-Bold.ttf' (160K)
[2017.12.03-07.47.16:575][  0]LogSlate: Took 0.014790 seconds to synchronously load lazily loaded font '../../../Engine/Content/Editor/Slate/Fonts/FontAwesome.ttf' (139K)
[2017.12.03-07.47.16:583][  0]LogSlate: Took 0.007011 seconds to synchronously load lazily loaded font '../../../Engine/Content/Editor/Slate/Fonts/DroidSansMono.ttf' (77K)
[2017.12.03-07.47.16:785][  0]LogRenderer: Reallocating scene render targets to support 1196x804 Format 10 NumSamples 1 (Frame:1).
[2017.12.03-07.47.17:074][  0]LogContentBrowser: Native class hierarchy updated for 'HierarchicalLODOutliner' in 0.0022 seconds. Added 1 classes and 2 folders.
[2017.12.03-07.47.17:075][  0]LogLoad: (Engine Initialization) Total time: 32.42 seconds
[2017.12.03-07.47.17:075][  0]LogLoad: (Engine Initialization) Total Blueprint compile time: 0.00 seconds
[2017.12.03-07.47.17:075][  0]LogExternalProfiler: No external profilers were discovered.  External profiling features will not be available.
[2017.12.03-07.47.17:109][  0]LogContentStreaming: Texture pool size now 1000 MB
[2017.12.03-07.47.17:200][  2]LogAssetRegistry: Asset discovery search completed in 22.5830 seconds
[2017.12.03-07.47.17:203][  2]LogCollectionManager: Rebuilt the object cache for 0 collections in 0.000001 seconds (found 0 objects)
[2017.12.03-07.47.17:203][  2]LogCollectionManager: Fixed up redirectors for 0 collections in 0.000210 seconds (updated 0 objects)
[2017.12.03-07.47.33:655][912]LogTemp: Repeating last play command: Selected Viewport
[2017.12.03-07.47.33:807][912]LogPlayLevel: PlayLevel: No blueprints needed recompiling
[2017.12.03-07.47.33:808][912]PIE: New page: PIE session: NewMap (Dec 3, 2017, 9:47:33 AM)
[2017.12.03-07.47.33:808][912]LogPlayLevel: Creating play world package: /Game/UEDPIE_0_NewMap
[2017.12.03-07.47.33:817][912]LogPlayLevel: PIE: StaticDuplicateObject took: (0.008171s)
[2017.12.03-07.47.33:818][912]LogAIModule: Creating AISystem for world NewMap
[2017.12.03-07.47.33:818][912]LogPlayLevel: PIE: World Init took: (0.001546s)
[2017.12.03-07.47.33:819][912]LogPlayLevel: PIE: Created PIE world by copying editor world from /Game/NewMap.NewMap to /Game/UEDPIE_0_NewMap.NewMap (0.010622s)
[2017.12.03-07.47.33:878][912]LogInit: XAudio2 using 'Hangszórók (C-Media PCI Audio Device)' : 2 channels at 44.1 kHz using 16 bits per sample (channel mask 0x3)
[2017.12.03-07.47.33:882][912]LogInit: FAudioDevice initialized.
[2017.12.03-07.47.33:922][912]LogUObjectGlobals: Warning: Failed to find object 'Class /Script/BuildingEscape.BuildingEscapeGameMode'
[2017.12.03-07.47.33:922][912]LogLoad: Game class is 'GameModeBase'
[2017.12.03-07.47.33:926][912]LogWorld: Bringing World /Game/UEDPIE_0_NewMap.NewMap up for play (max tick rate 0) at 2017.12.03-08.47.33
[2017.12.03-07.47.33:927][912]LogWorld: Bringing up level for play took: 0.002802
[2017.12.03-07.47.34:003][912]LogContentBrowser: Native class hierarchy updated for 'MovieSceneCapture' in 0.0022 seconds. Added 11 classes and 0 folders.
[2017.12.03-07.47.34:004][912]LogTemp: Warning: SM_Chair_2 is at X=-425.540 Y=-249.701 Z=27.526
[2017.12.03-07.47.34:005][912]PIE: Play in editor start time for /Game/UEDPIE_0_NewMap 0.661
[2017.12.03-07.53.08:509][824]LogEditorViewport: Clicking on Actor (LMB): StaticMeshActor (Floor_400x400)
[2017.12.03-07.53.22:056][ 92]LogEditorViewport: Clicking on Actor (LMB): StaticMeshActor (SM_Chair)
[2017.12.03-07.53.37:427][296]LogEditorViewport: Clicking on Actor (LMB): StaticMeshActor (Floor_400x400)
[2017.12.03-07.53.42:124][771]LogEditorViewport: Clicking on Actor (LMB): StaticMeshActor (Floor_400x400)
[2017.12.03-07.53.52:892][865]LogEditorViewport: Clicking on Actor (LMB): StaticMeshActor (Floor_400x400)
[2017.12.03-07.54.29:921][392]LogTemp: Executing iPhonePackager certificates Engine -bundlename com.YourCompany.BuildingEscape
[2017.12.03-07.54.29:921][392]LogTemp: CWD: H:\Programok\Epic Games\UE_4.17\Engine\Binaries\DotNET\IOS
[2017.12.03-07.54.29:921][392]LogTemp: Initial Dir: H:\Programok\Epic Games\UE_4.17
[2017.12.03-07.54.29:921][392]LogTemp: Env CWD: H:\Programok\Epic Games\UE_4.17\Engine\Binaries\DotNET\IOS
[2017.12.03-07.54.29:921][392]LogTemp: BranchPath = KLAFA-PC/H/Programok/Epic Games/UE_4.17/Engine/Binaries --- GameBranchPath = KLAFA-PC/H/Programok/Epic Games/UE_4.17/Engine/Binaries
[2017.12.03-07.54.29:922][392]LogTemp: IPP ERROR: Could not find provision directory 'C:\Users\Klafa\AppData\Local/Apple Computer/MobileDevice/Provisioning Profiles/'.
[2017.12.03-07.55.22:675][680]LogSlate: Took 0.016683 seconds to synchronously load lazily loaded font '../../../Engine/Content/Slate/Fonts/Roboto-Light.ttf' (159K)
[2017.12.03-07.56.56:503][596]LogEditorViewport: Clicking on Actor (LMB): StaticMeshActor (SM_Door)
[2017.12.03-07.56.57:827][689]LogSlate: Took 0.017378 seconds to synchronously load lazily loaded font '../../../Engine/Content/Editor/Slate/Fonts/Roboto-Italic.ttf' (157K)
[2017.12.03-08.01.00:640][870]LogSlate: Took 0.000519 seconds to synchronously load lazily loaded font '../../../Engine/Content/Slate/Fonts/Roboto-Light.ttf' (159K)
[2017.12.03-08.01.09:706][897]Cmd: OBJ SAVEPACKAGE PACKAGE="/Game/NewMap" FILE="K:/O/Programozas/Unreal/03_BuildingEscape/BuildingEscape/Saved/Autosaves/Game/NewMap_Auto1.umap" SILENT=true AUTOSAVING=true KEEPDIRTY=false
[2017.12.03-08.01.09:911][897]LogSavePackage: Save=166.45ms
[2017.12.03-08.01.09:911][897]LogSavePackage: Moving 'K:/O/Programozas/Unreal/03_BuildingEscape/BuildingEscape/Saved/NewMap_Auto1E00640444CF03737EDFE70860A554039.tmp' to 'K:/O/Programozas/Unreal/03_BuildingEscape/BuildingEscape/Saved/Autosaves/Game/NewMap_Auto1.umap'
[2017.12.03-08.01.09:916][897]LogSavePackage: Display: Finished SavePackage K:/O/Programozas/Unreal/03_BuildingEscape/BuildingEscape/Saved/Autosaves/Game/NewMap_Auto1.umap
[2017.12.03-08.01.09:921][897]LogFileHelpers: Editor autosave (incl. sublevels) for '/Game/NewMap' took 0.250
[2017.12.03-08.01.09:921][897]LogFileHelpers: Editor autosave (incl. sublevels) for all levels took 0.250
[2017.12.03-08.12.53:023][  7]LogHotReload: New module detected: UE4Editor-BuildingEscape-5567.dll
[2017.12.03-08.12.56:721][ 19]LogHotReload: Starting Hot-Reload from IDE
[2017.12.03-08.12.56:875][ 19]LogContentBrowser: Native class hierarchy updated for 'BuildingEscape' in 0.0022 seconds. Added 3 classes and 2 folders.
[2017.12.03-08.12.56:877][ 19]Display: HotReload successful (0 functions remapped  0 scriptstructs remapped)
[2017.12.03-08.12.56:973][ 19]LogContentBrowser: Native class hierarchy populated in 0.0164 seconds. Added 2391 classes and 506 folders.
[2017.12.03-08.12.57:000][ 19]Display: HotReload took  0.3s.
[2017.12.03-08.13.42:394][157]LogTemp: Repeating last play command: Selected Viewport
[2017.12.03-08.13.42:466][157]LogPlayLevel: PlayLevel: No blueprints needed recompiling
[2017.12.03-08.13.42:467][157]PIE: New page: PIE session: NewMap (Dec 3, 2017, 10:13:42 AM)
[2017.12.03-08.13.42:467][157]LogPlayLevel: Creating play world package: /Game/UEDPIE_0_NewMap
[2017.12.03-08.13.42:477][157]LogPlayLevel: PIE: StaticDuplicateObject took: (0.009726s)
[2017.12.03-08.13.42:479][157]LogAIModule: Creating AISystem for world NewMap
[2017.12.03-08.13.42:479][157]LogPlayLevel: PIE: World Init took: (0.001740s)
[2017.12.03-08.13.42:479][157]LogPlayLevel: PIE: Created PIE world by copying editor world from /Game/NewMap.NewMap to /Game/UEDPIE_0_NewMap.NewMap (0.012329s)
[2017.12.03-08.13.42:538][157]LogInit: XAudio2 using 'Hangszórók (C-Media PCI Audio Device)' : 2 channels at 44.1 kHz using 16 bits per sample (channel mask 0x3)
[2017.12.03-08.13.42:546][157]LogInit: FAudioDevice initialized.
[2017.12.03-08.13.42:580][157]LogLoad: Game class is 'BuildingEscapeGameModeBase'
[2017.12.03-08.13.42:583][157]LogWorld: Bringing World /Game/UEDPIE_0_NewMap.NewMap up for play (max tick rate 0) at 2017.12.03-09.13.42
[2017.12.03-08.13.42:583][157]LogWorld: Bringing up level for play took: 0.002305
[2017.12.03-08.13.42:584][157]LogTemp: Warning: SM_Chair_2 is at X=-425.540 Y=-249.701 Z=20.526
[2017.12.03-08.13.42:585][157]PIE: Play in editor start time for /Game/UEDPIE_0_NewMap -0.694
[2017.12.03-08.13.47:870][769]Set new viewmode: Wireframe
[2017.12.03-08.13.49:367][948]Set new viewmode: Wireframe
[2017.12.03-08.13.51:010][145]Set new viewmode: Wireframe
[2017.12.03-08.13.54:682][585]Set new viewmode: Unlit
[2017.12.03-08.13.56:675][824]Set new viewmode: Lit
[2017.12.03-08.14.01:153][361]Set new viewmode: Wireframe
[2017.12.03-08.14.03:396][630]Set new viewmode: Unlit
[2017.12.03-08.14.04:072][711]Set new viewmode: Lit
[2017.12.03-08.14.04:947][816]Set new viewmode: Lit_DetailLighting
[2017.12.03-08.14.05:813][919]Set new viewmode: Lit
[2017.12.03-08.14.06:657][ 20]Set new viewmode: Lit_DetailLighting
[2017.12.03-08.14.09:750][387]Set new viewmode: Lit
[2017.12.03-08.14.24:943][794]LogEditorViewport: Clicking on Actor (LMB): StaticMeshActor (Wall_400x300)
[2017.12.03-08.14.26:279][868]LogEditorViewport: Clicking on Actor (LMB): BP_Sky_Sphere_C (Sky Sphere)
[2017.12.03-08.14.32:326][193]LogEditorViewport: Clicking on Actor (LMB): DefaultPawn (DefaultPawn)
[2017.12.03-08.19.28:177][677]LogTemp: Repeating last play command: Selected Viewport
[2017.12.03-08.19.31:310][677]LogPlayLevel: PlayLevel: No blueprints needed recompiling
[2017.12.03-08.19.31:310][677]PIE: New page: PIE session: NewMap (Dec 3, 2017, 10:19:31 AM)
[2017.12.03-08.19.31:311][677]LogPlayLevel: Creating play world package: /Game/UEDPIE_0_NewMap
[2017.12.03-08.19.31:328][677]LogPlayLevel: PIE: StaticDuplicateObject took: (0.017237s)
[2017.12.03-08.19.31:331][677]LogAIModule: Creating AISystem for world NewMap
[2017.12.03-08.19.31:331][677]LogPlayLevel: PIE: World Init took: (0.002700s)
[2017.12.03-08.19.31:332][677]LogPlayLevel: PIE: Created PIE world by copying editor world from /Game/NewMap.NewMap to /Game/UEDPIE_0_NewMap.NewMap (0.020977s)
[2017.12.03-08.19.31:375][677]LogInit: XAudio2 using 'Hangszórók (C-Media PCI Audio Device)' : 2 channels at 44.1 kHz using 16 bits per sample (channel mask 0x3)
[2017.12.03-08.19.31:381][677]LogInit: FAudioDevice initialized.
[2017.12.03-08.19.31:416][677]LogLoad: Game class is 'BuildingEscapeGameModeBase'
[2017.12.03-08.19.31:419][677]LogWorld: Bringing World /Game/UEDPIE_0_NewMap.NewMap up for play (max tick rate 3) at 2017.12.03-09.19.31
[2017.12.03-08.19.31:420][677]LogWorld: Bringing up level for play took: 0.002638
[2017.12.03-08.19.31:421][677]LogTemp: Warning: SM_Chair_2 is at X=-425.540 Y=-249.701 Z=20.526
[2017.12.03-08.19.31:422][677]PIE: Play in editor start time for /Game/UEDPIE_0_NewMap 0.147
[2017.12.03-08.19.58:743][549]LogEditorViewport: Clicking on Actor (LMB): DefaultPawn (DefaultPawn)
[2017.12.03-08.20.25:009][133]LogEditorViewport: Clicking on Actor (LMB): StaticMeshActor (SM_Door)
[2017.12.03-08.21.36:783][500]LogTemp: Repeating last play command: Selected Viewport
[2017.12.03-08.21.36:805][500]LogPlayLevel: PlayLevel: No blueprints needed recompiling
[2017.12.03-08.21.36:805][500]PIE: New page: PIE session: NewMap (Dec 3, 2017, 10:21:36 AM)
[2017.12.03-08.21.36:805][500]LogPlayLevel: Creating play world package: /Game/UEDPIE_0_NewMap
[2017.12.03-08.21.36:810][500]LogPlayLevel: PIE: StaticDuplicateObject took: (0.004680s)
[2017.12.03-08.21.36:812][500]LogAIModule: Creating AISystem for world NewMap
[2017.12.03-08.21.36:812][500]LogPlayLevel: PIE: World Init took: (0.001741s)
[2017.12.03-08.21.36:812][500]LogPlayLevel: PIE: Created PIE world by copying editor world from /Game/NewMap.NewMap to /Game/UEDPIE_0_NewMap.NewMap (0.007045s)
[2017.12.03-08.21.36:865][500]LogInit: XAudio2 using 'Hangszórók (C-Media PCI Audio Device)' : 2 channels at 44.1 kHz using 16 bits per sample (channel mask 0x3)
[2017.12.03-08.21.36:871][500]LogInit: FAudioDevice initialized.
[2017.12.03-08.21.36:906][500]LogLoad: Game class is 'BuildingEscapeGameModeBase'
[2017.12.03-08.21.36:909][500]LogWorld: Bringing World /Game/UEDPIE_0_NewMap.NewMap up for play (max tick rate 0) at 2017.12.03-09.21.36
[2017.12.03-08.21.36:910][500]LogWorld: Bringing up level for play took: 0.002395
[2017.12.03-08.21.36:911][500]LogTemp: Warning: SM_Chair_2 is at X=-425.540 Y=-249.701 Z=20.526
[2017.12.03-08.21.36:911][500]PIE: Play in editor start time for /Game/UEDPIE_0_NewMap -0.362
[2017.12.03-08.27.50:734][955]Cmd: OBJ SAVEPACKAGE PACKAGE="/Game/NewMap" FILE="K:/O/Programozas/Unreal/03_BuildingEscape/BuildingEscape/Content/NewMap.umap" SILENT=true AUTOSAVING=false KEEPDIRTY=false
[2017.12.03-08.27.50:895][955]LogSavePackage: Save=96.46ms
[2017.12.03-08.27.50:896][955]LogSavePackage: Moving 'K:/O/Programozas/Unreal/03_BuildingEscape/BuildingEscape/Saved/NewMap166CA7474EF68504CBECB58EBC936AAE.tmp' to 'K:/O/Programozas/Unreal/03_BuildingEscape/BuildingEscape/Content/NewMap.umap'
[2017.12.03-08.27.50:905][955]LogSavePackage: Display: Finished SavePackage K:/O/Programozas/Unreal/03_BuildingEscape/BuildingEscape/Content/NewMap.umap
[2017.12.03-08.27.50:941][955]Cmd: OBJ SAVEPACKAGE PACKAGE="/Game/NewMap_BuiltData" FILE="K:/O/Programozas/Unreal/03_BuildingEscape/BuildingEscape/Content/NewMap_BuiltData.uasset" SILENT=true
[2017.12.03-08.27.51:297][955]LogSavePackage: Save=216.72ms
[2017.12.03-08.27.51:298][955]LogSavePackage: Moving 'K:/O/Programozas/Unreal/03_BuildingEscape/BuildingEscape/Saved/NewMap_BuiltData3C61CB584E2325B51B8D23A476B301C1.tmp' to 'K:/O/Programozas/Unreal/03_BuildingEscape/BuildingEscape/Content/NewMap_BuiltData.uasset'
[2017.12.03-08.27.51:307][955]LogSavePackage: Display: Finished SavePackage K:/O/Programozas/Unreal/03_BuildingEscape/BuildingEscape/Content/NewMap_BuiltData.uasset
