Log file open, 12/03/17 19:07:40
LogWindows: Failed to load 'aqProf.dll' (GetLastError=126)
LogWindows: File 'aqProf.dll' does not exist
LogWindows: Failed to load 'VSPerf140.dll' (GetLastError=126)
LogWindows: File 'VSPerf140.dll' does not exist
LogWindows: Failed to load 'VtuneApi.dll' (GetLastError=126)
LogWindows: File 'VtuneApi.dll' does not exist
LogWindows: Failed to load 'VtuneApi32e.dll' (GetLastError=126)
LogWindows: File 'VtuneApi32e.dll' does not exist
LogInit: Display: Running engine for game: BuildingEscape
LogPlatformFile: Not using cached read wrapper
LogInit: Display: RandInit(-1291064400) SRandInit(-1291064400).
LogTaskGraph: Started task graph with 5 named threads and 14 total threads with 3 sets of task threads.
LogStats: Stats thread started at 0.191918
LogD3D11RHI: Aftermath initialized
LogPluginManager: Mounting plugin Paper2D
LogPluginManager: Mounting plugin LightPropagationVolume
LogPluginManager: Mounting plugin CodeLiteSourceCodeAccess
LogPluginManager: Mounting plugin GitSourceControl
LogPluginManager: Mounting plugin KDevelopSourceCodeAccess
LogPluginManager: Mounting plugin NullSourceCodeAccess
LogPluginManager: Mounting plugin PerforceSourceControl
LogPluginManager: Mounting plugin SubversionSourceControl
LogPluginManager: Mounting plugin UObjectPlugin
LogPluginManager: Mounting plugin VisualStudioSourceCodeAccess
LogPluginManager: Mounting plugin XCodeSourceCodeAccess
LogPluginManager: Mounting plugin AssetManagerEditor
LogPluginManager: Mounting plugin AudioCapture
LogPluginManager: Mounting plugin FacialAnimation
LogPluginManager: Mounting plugin GameplayTagsEditor
LogPluginManager: Mounting plugin MobileLauncherProfileWizard
LogPluginManager: Mounting plugin PluginBrowser
LogPluginManager: Mounting plugin SpeedTreeImporter
LogPluginManager: Mounting plugin AlembicImporter
LogPluginManager: Mounting plugin CharacterAI
LogPluginManager: Mounting plugin HTML5Networking
LogPluginManager: Mounting plugin AndroidMedia
LogPluginManager: Mounting plugin AvfMedia
LogPluginManager: Mounting plugin MediaPlayerEditor
LogPluginManager: Mounting plugin WmfMedia
LogPluginManager: Mounting plugin TcpMessaging
LogPluginManager: Mounting plugin UdpMessaging
LogPluginManager: Mounting plugin LevelSequenceEditor
LogPluginManager: Mounting plugin MatineeToLevelSequence
LogPluginManager: Mounting plugin OnlineSubsystemGooglePlay
LogPluginManager: Mounting plugin OnlineSubsystemIOS
LogPluginManager: Mounting plugin OnlineSubsystem
LogPluginManager: Mounting plugin OnlineSubsystemNull
LogPluginManager: Mounting plugin OnlineSubsystemUtils
LogPluginManager: Mounting plugin AndroidDeviceProfileSelector
LogPluginManager: Mounting plugin AndroidMoviePlayer
LogPluginManager: Mounting plugin AndroidPermission
LogPluginManager: Mounting plugin AppleMoviePlayer
LogPluginManager: Mounting plugin ArchVisCharacter
LogPluginManager: Mounting plugin CableComponent
LogPluginManager: Mounting plugin CustomMeshComponent
LogPluginManager: Mounting plugin ExampleDeviceProfileSelector
LogPluginManager: Mounting plugin GoogleCloudMessaging
LogPluginManager: Mounting plugin ImmediatePhysics
LogPluginManager: Mounting plugin IOSDeviceProfileSelector
LogPluginManager: Mounting plugin LinuxDeviceProfileSelector
LogPluginManager: Mounting plugin LocationServicesBPLibrary
LogPluginManager: Mounting plugin MobilePatchingUtils
LogPluginManager: Mounting plugin OculusVR
LogPluginManager: Mounting plugin PhysXVehicles
LogPluginManager: Mounting plugin ProceduralMeshComponent
LogPluginManager: Mounting plugin RuntimePhysXCooking
LogPluginManager: Mounting plugin SteamVR
LogPluginManager: Mounting plugin WindowsMoviePlayer
LogInit: Using libcurl 7.47.1
LogInit:  - built for x86_64-pc-win32
LogInit:  - supports SSL with OpenSSL/1.0.2g
LogInit:  - supports HTTP deflate (compression) using libz 1.2.8
LogInit:  - other features:
LogInit:      CURL_VERSION_SSL
LogInit:      CURL_VERSION_LIBZ
LogInit:      CURL_VERSION_IPV6
LogInit:      CURL_VERSION_ASYNCHDNS
LogInit:      CURL_VERSION_LARGEFILE
LogInit:      CURL_VERSION_IDN
LogInit:  CurlRequestOptions (configurable via config and command line):
LogInit:  - bVerifyPeer = false  - Libcurl will NOT verify peer certificate
LogInit:  - bUseHttpProxy = false  - Libcurl will NOT use HTTP proxy
LogInit:  - bDontReuseConnections = false  - Libcurl will reuse connections
LogInit:  - CertBundlePath = nullptr  - Libcurl will use whatever was configured at build time.
LogInit: Build: ++UE4+Release-4.17-CL-3658906
LogInit: Engine Version: 4.17.2-3658906+++UE4+Release-4.17
LogInit: Compatible Engine Version: 4.17.0-3573198+++UE4+Release-4.17
LogInit: Net CL: 3573198
LogDevObjectVersion: Number of dev versions registered: 16
LogDevObjectVersion:   Dev-Blueprints (B0D832E4-1F89-4F0D-ACCF-7EB736FD4AA2): 10
LogDevObjectVersion:   Dev-Build (E1C64328-A22C-4D53-A36C-8E866417BD8C): 0
LogDevObjectVersion:   Dev-Core (375EC13C-06E4-48FB-B500-84F0262A717E): 2
LogDevObjectVersion:   Dev-Editor (E4B068ED-F494-42E9-A231-DA0B2E46BB41): 20
LogDevObjectVersion:   Dev-Framework (CFFC743F-43B0-4480-9391-14DF171D2073): 28
LogDevObjectVersion:   Dev-Mobile (B02B49B5-BB20-44E9-A304-32B752E40360): 0
LogDevObjectVersion:   Dev-Networking (A4E4105C-59A1-49B5-A7C5-40C4547EDFEE): 0
LogDevObjectVersion:   Dev-Online (39C831C9-5AE6-47DC-9A44-9C173E1C8E7C): 0
LogDevObjectVersion:   Dev-Physics (78F01B33-EBEA-4F98-B9B4-84EACCB95AA2): 0
LogDevObjectVersion:   Dev-Platform (6631380F-2D4D-43E0-8009-CF276956A95A): 0
LogDevObjectVersion:   Dev-Rendering (12F88B9F-8875-4AFC-A67C-D90C383ABD29): 19
LogDevObjectVersion:   Dev-Sequencer (7B5AE74C-D270-4C10-A958-57980B212A5A): 4
LogDevObjectVersion:   Dev-VR (D7296918-1DD6-4BDD-9DE2-64A83CC13884): 0
LogDevObjectVersion:   Dev-LoadTimes (C2A15278-BFE7-4AFE-6C17-90FF531DF755): 1
LogDevObjectVersion:   Private-Geometry (6EACA3D4-40EC-4CC1-B786-8BED09428FC5): 1
LogDevObjectVersion:   Dev-AnimPhys (29E575DD-E0A3-4627-9D10-D276232CDCEA): 7
LogInit: Compiled (64-bit): Sep 22 2017 13:47:16
LogInit: Compiled with Visual C++: 19.00.24215.01
LogInit: Build Configuration: Development
LogInit: Branch Name: ++UE4+Release-4.17
LogInit: Command line: -EpicPortal 
LogInit: Base directory: H:/Programok/Epic Games/UE_4.17/Engine/Binaries/Win64/
LogInit: Installed Engine Build: 1
LogInit: Presizing for max 8388607 objects, including 0 objects not considered by GC, pre-allocating 0 bytes for permanent pool.
LogInit: Object subsystem initialized
[2017.12.03-18.07.42:632][  0]LogInit: Selected Device Profile: [Windows]
[2017.12.03-18.07.42:632][  0]LogInit: Applying CVar settings loaded from the selected device profile: [Windows]
[2017.12.03-18.07.42:676][  0]LogInit: Computer: KLAFA-PC
[2017.12.03-18.07.42:676][  0]LogInit: User: Klafa
[2017.12.03-18.07.42:676][  0]LogInit: CPU Page size=4096, Cores=4
[2017.12.03-18.07.42:676][  0]LogInit: High frequency timer resolution =3.429501 MHz
[2017.12.03-18.07.42:676][  0]LogMemory: Memory total: Physical=15.9GB (16GB approx)
[2017.12.03-18.07.42:676][  0]LogMemory: Platform Memory Stats for Windows
[2017.12.03-18.07.42:676][  0]LogMemory: Process Physical Memory: 278.93 MB used, 278.93 MB peak
[2017.12.03-18.07.42:676][  0]LogMemory: Process Virtual Memory: 277.54 MB used, 277.54 MB peak
[2017.12.03-18.07.42:676][  0]LogMemory: Physical Memory: 4088.17 MB used,  12196.79 MB free, 16284.96 MB total
[2017.12.03-18.07.42:676][  0]LogMemory: Virtual Memory: 654.15 MB used,  12196.79 MB free, 8388608.00 MB total
[2017.12.03-18.07.42:940][  0]LogInit: Using OS detected language (hu-HU).
[2017.12.03-18.07.42:940][  0]LogInit: Using OS detected locale (hu-HU).
[2017.12.03-18.07.42:945][  0]LogTextLocalizationManager: No localization for 'hu-HU' exists, so 'en' will be used for the language.
[2017.12.03-18.07.42:946][  0]LogTextLocalizationManager: No localization for 'hu-HU' exists, so 'en' will be used for the locale.
[2017.12.03-18.07.43:950][  0]LogD3D11RHI: D3D11 adapters:
[2017.12.03-18.07.43:978][  0]LogD3D11RHI:    0. 'NVIDIA GeForce GTX 760' (Feature Level 11_0)
[2017.12.03-18.07.43:978][  0]LogD3D11RHI:       1990/0/7886 MB DedicatedVideo/DedicatedSystem/SharedSystem, Outputs:2, VendorId:0x10de
[2017.12.03-18.07.43:978][  0]LogD3D11RHI: Chosen D3D11 Adapter: 0
[2017.12.03-18.07.43:990][  0]LogD3D11RHI: Creating new Direct3DDevice
[2017.12.03-18.07.43:990][  0]LogD3D11RHI:     GPU DeviceId: 0x1187 (for the marketing name, search the web for "GPU Device Id")
[2017.12.03-18.07.43:990][  0]LogWindows: EnumDisplayDevices:
[2017.12.03-18.07.43:990][  0]LogWindows:    0. 'NVIDIA GeForce GTX 760' (P:1 D:1)
[2017.12.03-18.07.43:991][  0]LogWindows:    1. 'NVIDIA GeForce GTX 760' (P:0 D:1)
[2017.12.03-18.07.43:991][  0]LogWindows:    2. 'NVIDIA GeForce GTX 760' (P:0 D:0)
[2017.12.03-18.07.43:991][  0]LogWindows:    3. 'NVIDIA GeForce GTX 760' (P:0 D:0)
[2017.12.03-18.07.43:991][  0]LogWindows:    4. 'RDPDD Chained DD' (P:0 D:0)
[2017.12.03-18.07.43:991][  0]LogWindows:    5. 'RDP Encoder Mirror Driver' (P:0 D:0)
[2017.12.03-18.07.43:992][  0]LogWindows:    6. 'RDP Reflector Display Driver' (P:0 D:0)
[2017.12.03-18.07.43:992][  0]LogWindows: DebugString: GetVideoDriverDetailsInvalid PrimaryIsNotTheChoosenAdapter GetVideoDriverDetailsInvalid PrimaryIsNotTheChoosenAdapter GetVideoDriverDetailsInvalid PrimaryIsNotTheChoosenAdapter FoundDriverCount:4 
[2017.12.03-18.07.43:992][  0]LogD3D11RHI:     Adapter Name: NVIDIA GeForce GTX 760
[2017.12.03-18.07.43:992][  0]LogD3D11RHI:   Driver Version: 385.69 (internal:22.21.13.8569, unified:385.69)
[2017.12.03-18.07.43:992][  0]LogD3D11RHI:      Driver Date: 9-16-2017
[2017.12.03-18.07.43:992][  0]LogRHI: Texture pool is 1361 MB (70% of 1945 MB)
[2017.12.03-18.07.44:004][  0]LogD3D11RHI: Async texture creation enabled
[2017.12.03-18.07.44:021][  0]LogD3D11RHI: GPU Timing Frequency: 1000.000000 (Debug: 2 2)
[2017.12.03-18.07.44:025][  0]LogShaderCompilers: Guid format shader working directory is -10 characters bigger than the processId version (K:/O/Programozas/Unreal/03_BuildingEscape/BuildingEscape/Intermediate/Shaders/WorkingDirectory/5880/).
[2017.12.03-18.07.44:025][  0]LogShaderCompilers: Cleaned the shader compiler working directory 'C:/Users/Klafa/AppData/Local/Temp/UnrealShaderWorkingDir/D68E9B0B40439426DCA441A1A5BE3C86/'.
[2017.12.03-18.07.44:025][  0]LogShaderCompilers: Display: Using Local Shader Compiler.
[2017.12.03-18.07.45:377][  0]LogTemp: Display: Loaded TP AllDesktopTargetPlatform
[2017.12.03-18.07.45:465][  0]LogTemp: Display: Loaded TP MacClientTargetPlatform
[2017.12.03-18.07.45:555][  0]LogTemp: Display: Loaded TP MacNoEditorTargetPlatform
[2017.12.03-18.07.45:645][  0]LogTemp: Display: Loaded TP MacServerTargetPlatform
[2017.12.03-18.07.45:735][  0]LogTemp: Display: Loaded TP MacTargetPlatform
[2017.12.03-18.07.45:824][  0]LogTemp: Display: Loaded TP WindowsClientTargetPlatform
[2017.12.03-18.07.45:914][  0]LogTemp: Display: Loaded TP WindowsNoEditorTargetPlatform
[2017.12.03-18.07.46:003][  0]LogTemp: Display: Loaded TP WindowsServerTargetPlatform
[2017.12.03-18.07.46:082][  0]LogTemp: Display: Loaded TP WindowsTargetPlatform
[2017.12.03-18.07.46:170][  0]LogTemp: Display: Loaded TP AndroidTargetPlatform
[2017.12.03-18.07.46:258][  0]LogTemp: Display: Loaded TP Android_ASTCTargetPlatform
[2017.12.03-18.07.46:345][  0]LogTemp: Display: Loaded TP Android_ATCTargetPlatform
[2017.12.03-18.07.46:432][  0]LogTemp: Display: Loaded TP Android_DXTTargetPlatform
[2017.12.03-18.07.46:519][  0]LogTemp: Display: Loaded TP Android_ETC1TargetPlatform
[2017.12.03-18.07.46:607][  0]LogTemp: Display: Loaded TP Android_ETC2TargetPlatform
[2017.12.03-18.07.46:782][  0]LogTemp: Display: Loaded TP Android_MultiTargetPlatform
[2017.12.03-18.07.46:782][  0]LogTemp: Display: Loaded TP Android_PVRTCTargetPlatform
[2017.12.03-18.07.46:853][  0]LogTemp: Display: Loaded TP HTML5TargetPlatform
[2017.12.03-18.07.46:992][  0]LogTemp: Display: Loaded TP IOSTargetPlatform
[2017.12.03-18.07.47:038][  0]LogTemp: Display: Loaded TP TVOSTargetPlatform
[2017.12.03-18.07.47:126][  0]LogTemp: Display: Loaded TP LinuxClientTargetPlatform
[2017.12.03-18.07.47:213][  0]LogTemp: Display: Loaded TP LinuxNoEditorTargetPlatform
[2017.12.03-18.07.47:299][  0]LogTemp: Display: Loaded TP LinuxServerTargetPlatform
[2017.12.03-18.07.47:386][  0]LogTemp: Display: Loaded TP LinuxTargetPlatform
[2017.12.03-18.07.47:386][  0]LogTargetPlatformManager: Display: Building Assets For Windows
[2017.12.03-18.07.48:176][  0]LogDerivedDataCache: Display: Max Cache Size: 512 MB
[2017.12.03-18.07.48:350][  0]LogDerivedDataCache: Loaded boot cache 0.17s 93MB C:/Users/Klafa/AppData/Local/UnrealEngine/4.17/DerivedDataCache/Boot.ddc.
[2017.12.03-18.07.48:351][  0]LogDerivedDataCache: Display: Loaded Boot cache: C:/Users/Klafa/AppData/Local/UnrealEngine/4.17/DerivedDataCache/Boot.ddc
[2017.12.03-18.07.48:351][  0]LogDerivedDataCache: FDerivedDataBackendGraph:  Pak pak cache file K:/O/Programozas/Unreal/03_BuildingEscape/BuildingEscape/DerivedDataCache/DDC.ddp not found, will not use a pak cache.
[2017.12.03-18.07.48:351][  0]LogDerivedDataCache: Unable to find inner node Pak for hierarchical cache Hierarchy.
[2017.12.03-18.07.48:351][  0]LogDerivedDataCache: FDerivedDataBackendGraph:  CompressedPak pak cache file K:/O/Programozas/Unreal/03_BuildingEscape/BuildingEscape/DerivedDataCache/Compressed.ddp not found, will not use a pak cache.
[2017.12.03-18.07.48:351][  0]LogDerivedDataCache: Unable to find inner node CompressedPak for hierarchical cache Hierarchy.
[2017.12.03-18.07.48:375][  0]LogDerivedDataCache: Display: Pak cache opened for reading ../../../Engine/DerivedDataCache/Compressed.ddp.
[2017.12.03-18.07.48:387][  0]LogDerivedDataCache: Using Local data cache path C:/Users/Klafa/AppData/Local/UnrealEngine/Common/DerivedDataCache: Writable
[2017.12.03-18.07.48:404][  0]LogMaterial: Verifying Global Shaders for PCD3D_SM5
[2017.12.03-18.07.48:405][  0]LogSlate: Using Freetype 2.6.0
[2017.12.03-18.07.48:406][  0]LogSlate: SlateFontCache - WITH_FREETYPE: 1, WITH_HARFBUZZ: 1
[2017.12.03-18.07.48:406][  0]LogSlate: SlateFontCache - WITH_FREETYPE: 1, WITH_HARFBUZZ: 1
[2017.12.03-18.07.49:114][  0]LogAssetRegistry: FAssetRegistry took 0.0272 seconds to start up
[2017.12.03-18.07.49:391][  0]LogInit: Selected Device Profile: [Windows]
[2017.12.03-18.07.49:398][  0]LogContentStreaming: Texture pool size is 0.00 MB
[2017.12.03-18.07.50:084][  0]LogSimplygon: Simplygon DLL not present - disabling.
[2017.12.03-18.07.50:158][  0]LogMeshReduction: Using SimplygonSwarm for distributed automatic mesh merging
[2017.12.03-18.07.50:158][  0]LogMeshReduction: Using QuadricMeshReduction for automatic static mesh reduction
[2017.12.03-18.07.50:158][  0]LogMeshReduction: No automatic skeletal mesh reduction module available
[2017.12.03-18.07.50:158][  0]LogMeshReduction: No automatic mesh merging module available
[2017.12.03-18.07.50:158][  0]LogMeshMerging: No automatic mesh merging module available
[2017.12.03-18.07.50:680][  0]LogNetVersion: BuildingEscape , NetCL: 3573198, EngineNetVer: 2, GameNetVer: 0 (Checksum: 3580536536)
[2017.12.03-18.07.50:981][  0]LogPackageLocalizationCache: Processed 5 localized package path(s) for 1 prioritized culture(s) in 0.055461 seconds
[2017.12.03-18.07.50:989][  0]LogUObjectArray: 35825 objects as part of root set at end of initial load.
[2017.12.03-18.07.50:989][  0]LogUObjectAllocator: 7529112 out of 0 bytes used by permanent object pool.
[2017.12.03-18.07.50:989][  0]LogUObjectArray: CloseDisregardForGC: 0/0 objects in disregard for GC pool
[2017.12.03-18.07.51:081][  0]LogInit: WinSock: version 1.1 (2.2), MaxSocks=32767, MaxUdp=65467
[2017.12.03-18.07.55:357][  0]LogTcpMessaging: Initializing TcpMessaging bridge
[2017.12.03-18.07.55:410][  0]LogUdpMessaging: Initializing bridge on interface 0.0.0.0:0 to multicast group 230.0.0.1:6666.
[2017.12.03-18.07.56:580][  0]LogMaterial: Uniform references updated for custom material expression Custom.
[2017.12.03-18.07.57:237][  0]SourceControl: Source control is disabled
[2017.12.03-18.07.57:237][  0]SourceControl: Source control is disabled
[2017.12.03-18.07.57:318][  0]SourceControl: Source control is disabled
[2017.12.03-18.07.57:399][  0]SourceControl: Source control is disabled
[2017.12.03-18.07.58:371][  0]LogAndroidPermission: UAndroidPermissionCallbackProxy::GetInstance
[2017.12.03-18.07.58:787][  0]LogOcInput: OculusInput pre-init called
[2017.12.03-18.07.59:200][  0]LogEngine: Initializing Engine...
[2017.12.03-18.07.59:225][  0]LogHMD: Failed to initialize OpenVR with code 108
[2017.12.03-18.07.59:538][  0]LogStats: UGameplayTagsManager::ConstructGameplayTagTree: Construct from data asset -  0.000 s
[2017.12.03-18.07.59:538][  0]LogStats: UGameplayTagsManager::ConstructGameplayTagTree: GameplayTagTreeChangedEvent.Broadcast -  0.000 s
[2017.12.03-18.07.59:760][  0]LogAIModule: Creating AISystem for world Untitled
[2017.12.03-18.07.59:792][  0]LogInit: XAudio2 using 'Hangszórók (C-Media PCI Audio Device)' : 2 channels at 44.1 kHz using 16 bits per sample (channel mask 0x3)
[2017.12.03-18.07.59:806][  0]LogInit: FAudioDevice initialized.
[2017.12.03-18.07.59:940][  0]LogDerivedDataCache: Saved boot cache 0.13s 93MB C:/Users/Klafa/AppData/Local/UnrealEngine/4.17/DerivedDataCache/Boot.ddc.
[2017.12.03-18.07.59:974][  0]LogInit: Texture streaming: Enabled
[2017.12.03-18.08.00:157][  0]LogEngineSessionManager: EngineSessionManager initialized
[2017.12.03-18.08.00:561][  0]LogInit: Transaction tracking system initialized
[2017.12.03-18.08.01:120][  0]BlueprintLog: New page: Editor Load
[2017.12.03-18.08.02:711][  0]LocalizationService: Localization service is disabled
[2017.12.03-18.08.03:927][  0]LogConsoleResponse: Display: 
[2017.12.03-18.08.04:174][  0]LogCook: Display: Max memory allowance for cook 16384mb min free memory 0mb
[2017.12.03-18.08.04:174][  0]LogCook: Display: Mobile HDR setting 1
[2017.12.03-18.08.04:174][  0]LogGameplayTags: Display: UGameplayTagsManager::DoneAddingNativeTags. DelegateIsBound: 0
[2017.12.03-18.08.04:624][  0]LogFileCache: Scanning file cache for directory 'K:/O/Programozas/Unreal/03_BuildingEscape/BuildingEscape/Content/' took 0.01s
[2017.12.03-18.08.06:105][  0]SourceControl: Source control is disabled
[2017.12.03-18.08.06:105][  0]Cmd: MAP LOAD FILE="K:/O/Programozas/Unreal/03_BuildingEscape/BuildingEscape/Content/NewMap.umap" TEMPLATE=0 SHOWPROGRESS=1 FEATURELEVEL=3
[2017.12.03-18.08.06:109][  0]LightingResults: New page: Lighting Build
[2017.12.03-18.08.06:184][  0]MapCheck: New page: Map Check
[2017.12.03-18.08.06:184][  0]LightingResults: New page: Lighting Build
[2017.12.03-18.08.09:142][  0]LogAIModule: Creating AISystem for world NewMap
[2017.12.03-18.08.09:159][  0]LogEditorServer: Finished looking for orphan Actors (0.000 secs)
[2017.12.03-18.08.09:196][  0]Cmd: MAP CHECKDEP NOCLEARLOG
[2017.12.03-18.08.09:324][  0]MapCheck: Map check complete: 0 Error(s), 0 Warning(s), took 128.082ms to complete.
[2017.12.03-18.08.09:324][  0]LogFileHelpers: Loading map 'NewMap' took 3.219
[2017.12.03-18.08.09:487][  0]LogCollectionManager: Loaded 0 collections in 0.001927 seconds
[2017.12.03-18.08.09:608][  0]LogFileCache: Scanning file cache for directory 'K:/O/Programozas/Unreal/03_BuildingEscape/BuildingEscape/Saved/Collections/' took 0.01s
[2017.12.03-18.08.09:608][  0]LogFileCache: Scanning file cache for directory 'K:/O/Programozas/Unreal/03_BuildingEscape/BuildingEscape/Content/Developers/Klafa/Collections/' took 0.01s
[2017.12.03-18.08.09:608][  0]LogFileCache: Scanning file cache for directory 'K:/O/Programozas/Unreal/03_BuildingEscape/BuildingEscape/Content/Collections/' took 0.01s
[2017.12.03-18.08.09:608][  0]LogCollectionManager: Rebuilt the GUID cache for 0 collections in 0.000000 seconds
[2017.12.03-18.08.09:624][  0]LogContentBrowser: Native class hierarchy populated in 0.0158 seconds. Added 2389 classes and 502 folders.
[2017.12.03-18.08.09:737][  0]LogContentBrowser: Native class hierarchy updated for 'WidgetCarousel' in 0.0019 seconds. Added 0 classes and 0 folders.
[2017.12.03-18.08.10:638][  0]LogContentBrowser: Native class hierarchy updated for 'AddContentDialog' in 0.0020 seconds. Added 0 classes and 0 folders.
[2017.12.03-18.08.10:716][  0]LogContentBrowser: Native class hierarchy updated for 'SceneOutliner' in 0.0019 seconds. Added 1 classes and 2 folders.
[2017.12.03-18.08.10:867][  0]LogSlate: Took 0.000533 seconds to synchronously load lazily loaded font '../../../Engine/Content/Slate/Fonts/Roboto-Regular.ttf' (155K)
[2017.12.03-18.08.10:870][  0]LogSlate: Took 0.000368 seconds to synchronously load lazily loaded font '../../../Engine/Content/Slate/Fonts/Roboto-Bold.ttf' (160K)
[2017.12.03-18.08.10:885][  0]LogSlate: Took 0.008968 seconds to synchronously load lazily loaded font '../../../Engine/Content/Editor/Slate/Fonts/FontAwesome.ttf' (139K)
[2017.12.03-18.08.10:893][  0]LogSlate: Took 0.006730 seconds to synchronously load lazily loaded font '../../../Engine/Content/Editor/Slate/Fonts/DroidSansMono.ttf' (77K)
[2017.12.03-18.08.11:121][  0]LogRenderer: Reallocating scene render targets to support 916x804 Format 10 NumSamples 1 (Frame:1).
[2017.12.03-18.08.11:463][  0]LogContentBrowser: Native class hierarchy updated for 'HierarchicalLODOutliner' in 0.0019 seconds. Added 1 classes and 2 folders.
[2017.12.03-18.08.11:464][  0]LogLoad: (Engine Initialization) Total time: 32.15 seconds
[2017.12.03-18.08.11:464][  0]LogLoad: (Engine Initialization) Total Blueprint compile time: 0.00 seconds
[2017.12.03-18.08.11:464][  0]LogExternalProfiler: No external profilers were discovered.  External profiling features will not be available.
[2017.12.03-18.08.11:824][  0]LogContentStreaming: Texture pool size now 1000 MB
[2017.12.03-18.08.12:150][  1]LogAssetRegistry: Asset discovery search completed in 23.0567 seconds
[2017.12.03-18.08.12:152][  1]LogCollectionManager: Rebuilt the object cache for 0 collections in 0.000011 seconds (found 0 objects)
[2017.12.03-18.08.12:153][  1]LogCollectionManager: Fixed up redirectors for 0 collections in 0.000236 seconds (updated 0 objects)
[2017.12.03-18.15.08:382][ 10]LogTemp: Repeating last play command: Selected Viewport
[2017.12.03-18.15.08:812][ 10]LogPlayLevel: PlayLevel: No blueprints needed recompiling
[2017.12.03-18.15.08:813][ 10]PIE: New page: PIE session: NewMap (Dec 3, 2017, 8:15:08 PM)
[2017.12.03-18.15.08:814][ 10]LogPlayLevel: Creating play world package: /Game/UEDPIE_0_NewMap
[2017.12.03-18.15.08:828][ 10]LogPlayLevel: PIE: StaticDuplicateObject took: (0.013374s)
[2017.12.03-18.15.08:830][ 10]LogAIModule: Creating AISystem for world NewMap
[2017.12.03-18.15.08:831][ 10]LogPlayLevel: PIE: World Init took: (0.002379s)
[2017.12.03-18.15.08:831][ 10]LogPlayLevel: PIE: Created PIE world by copying editor world from /Game/NewMap.NewMap to /Game/UEDPIE_0_NewMap.NewMap (0.017174s)
[2017.12.03-18.15.08:886][ 10]LogInit: XAudio2 using 'Hangszórók (C-Media PCI Audio Device)' : 2 channels at 44.1 kHz using 16 bits per sample (channel mask 0x3)
[2017.12.03-18.15.08:891][ 10]LogInit: FAudioDevice initialized.
[2017.12.03-18.15.08:931][ 10]LogLoad: Game class is 'BuildingEscapeGameModeBase'
[2017.12.03-18.15.08:940][ 10]LogWorld: Bringing World /Game/UEDPIE_0_NewMap.NewMap up for play (max tick rate 0) at 2017.12.03-19.15.08
[2017.12.03-18.15.08:942][ 10]LogWorld: Bringing up level for play took: 0.006248
[2017.12.03-18.15.09:026][ 10]LogContentBrowser: Native class hierarchy updated for 'MovieSceneCapture' in 0.0022 seconds. Added 11 classes and 0 folders.
[2017.12.03-18.15.09:027][ 10]LogTemp: Warning: SM_Chair_2 is at X=-425.540 Y=-249.701 Z=20.526
[2017.12.03-18.15.09:028][ 10]PIE: Play in editor start time for /Game/UEDPIE_0_NewMap -0.448
[2017.12.03-18.15.17:762][987]LogRenderer: Reallocating scene render targets to support 920x804 Format 10 NumSamples 1 (Frame:964).
[2017.12.03-18.15.17:818][987]LogRenderer: Reallocating scene render targets to support 940x804 Format 10 NumSamples 1 (Frame:965).
[2017.12.03-18.15.17:898][989]LogRenderer: Reallocating scene render targets to support 1116x804 Format 10 NumSamples 1 (Frame:966).
[2017.12.03-18.15.17:962][990]LogRenderer: Reallocating scene render targets to support 1164x804 Format 10 NumSamples 1 (Frame:967).
[2017.12.03-18.15.18:027][991]LogRenderer: Reallocating scene render targets to support 1196x804 Format 10 NumSamples 1 (Frame:968).
[2017.12.03-18.15.18:084][992]LogRenderer: Reallocating scene render targets to support 1200x804 Format 10 NumSamples 1 (Frame:969).
[2017.12.03-18.15.18:162][994]LogRenderer: Reallocating scene render targets to support 1208x804 Format 10 NumSamples 1 (Frame:971).
[2017.12.03-18.15.18:208][995]LogRenderer: Reallocating scene render targets to support 1212x804 Format 10 NumSamples 1 (Frame:972).
[2017.12.03-18.15.18:314][996]LogRenderer: Reallocating scene render targets to support 1216x804 Format 10 NumSamples 1 (Frame:973).
[2017.12.03-18.15.18:358][997]LogRenderer: Reallocating scene render targets to support 1220x804 Format 10 NumSamples 1 (Frame:974).
[2017.12.03-18.15.29:093][765]LogEditorViewport: Clicking on Actor (LMB): DefaultPawn (DefaultPawn)
[2017.12.03-18.15.57:082][313]LogTemp: Executing iPhonePackager certificates Engine -bundlename com.YourCompany.BuildingEscape
[2017.12.03-18.15.57:082][313]LogTemp: CWD: H:\Programok\Epic Games\UE_4.17\Engine\Binaries\DotNET\IOS
[2017.12.03-18.15.57:082][313]LogTemp: Initial Dir: H:\Programok\Epic Games\UE_4.17
[2017.12.03-18.15.57:083][313]LogTemp: Env CWD: H:\Programok\Epic Games\UE_4.17\Engine\Binaries\DotNET\IOS
[2017.12.03-18.15.57:113][314]LogTemp: BranchPath = KLAFA-PC/H/Programok/Epic Games/UE_4.17/Engine/Binaries --- GameBranchPath = KLAFA-PC/H/Programok/Epic Games/UE_4.17/Engine/Binaries
[2017.12.03-18.15.57:113][314]LogTemp: IPP ERROR: Could not find provision directory 'C:\Users\Klafa\AppData\Local/Apple Computer/MobileDevice/Provisioning Profiles/'.
[2017.12.03-18.21.27:074][857]LogSlate: Took 0.013151 seconds to synchronously load lazily loaded font '../../../Engine/Content/Editor/Slate/Fonts/Roboto-Italic.ttf' (157K)
[2017.12.03-18.22.42:998][891]LogContentBrowser: Native class hierarchy updated for 'BlueprintGraph' in 0.0031 seconds. Added 113 classes and 0 folders.
[2017.12.03-18.22.44:858][892]LogRenderer: Reallocating scene render targets to support 1220x1020 Format 10 NumSamples 1 (Frame:1).
[2017.12.03-18.23.51:462][ 20]LogEditorViewport: Clicking on Actor (LMB): DefaultPawn_BP_C (DefaultPawn_BP)
[2017.12.03-18.23.51:679][ 24]LogEditorViewport: Clicking on Component (LMB): StaticMeshComponent (MeshComponent0)
[2017.12.03-18.23.52:487][112]LogEditorViewport: Clicking on Component (LMB): StaticMeshComponent (MeshComponent0)
[2017.12.03-18.23.52:633][123]LogEditorViewport: Clicking on Actor (double click): DefaultPawn_BP_C (DefaultPawn_BP)
[2017.12.03-18.24.01:472][397]LogSlate: Took 0.024655 seconds to synchronously load lazily loaded font '../../../Engine/Content/Slate/Fonts/Roboto-Light.ttf' (159K)
[2017.12.03-18.24.38:024][685]LogSlate: Took 0.023008 seconds to synchronously load lazily loaded font '../../../Engine/Content/Editor/Slate/Fonts/Roboto-BoldCondensed.ttf' (158K)
[2017.12.03-18.25.56:883][796]LogSlate: Took 0.000503 seconds to synchronously load lazily loaded font '../../../Engine/Content/Slate/Fonts/Roboto-Light.ttf' (159K)
[2017.12.03-18.26.05:617][822]Cmd: OBJ SAVEPACKAGE PACKAGE="/Game/NewMap" FILE="K:/O/Programozas/Unreal/03_BuildingEscape/BuildingEscape/Saved/Autosaves/Game/NewMap_Auto1.umap" SILENT=true AUTOSAVING=true KEEPDIRTY=false
[2017.12.03-18.26.05:764][822]LogSavePackage: Save=107.94ms
[2017.12.03-18.26.05:765][822]LogSavePackage: Moving 'K:/O/Programozas/Unreal/03_BuildingEscape/BuildingEscape/Saved/NewMap_Auto18AB20C36474A37EE6DF61F89A4EC0FD9.tmp' to 'K:/O/Programozas/Unreal/03_BuildingEscape/BuildingEscape/Saved/Autosaves/Game/NewMap_Auto1.umap'
[2017.12.03-18.26.05:770][822]LogSavePackage: Display: Finished SavePackage K:/O/Programozas/Unreal/03_BuildingEscape/BuildingEscape/Saved/Autosaves/Game/NewMap_Auto1.umap
[2017.12.03-18.26.05:776][822]LogFileHelpers: Editor autosave (incl. sublevels) for '/Game/NewMap' took 0.217
[2017.12.03-18.26.05:776][822]LogFileHelpers: Editor autosave (incl. sublevels) for all levels took 0.217
[2017.12.03-18.26.05:792][822]OBJ SavePackage: Generating thumbnails for [1] asset(s) in package [/Game/DefaultPawn_BP] ([1] browsable assets)...
[2017.12.03-18.26.05:840][822]OBJ SavePackage:     Rendered thumbnail for [Blueprint /Game/DefaultPawn_BP.DefaultPawn_BP]
[2017.12.03-18.26.05:840][822]OBJ SavePackage: Finished generating thumbnails for package [/Game/DefaultPawn_BP]
[2017.12.03-18.26.05:840][822]Cmd: OBJ SAVEPACKAGE PACKAGE="/Game/DefaultPawn_BP" FILE="K:/O/Programozas/Unreal/03_BuildingEscape/BuildingEscape/Saved/Autosaves/Game/DefaultPawn_BP_Auto1.uasset" SILENT=false AUTOSAVING=true
[2017.12.03-18.26.05:886][822]LogSavePackage: Save=40.51ms
[2017.12.03-18.26.05:887][822]LogSavePackage: Moving 'K:/O/Programozas/Unreal/03_BuildingEscape/BuildingEscape/Saved/DefaultPawn_BP_Auto1AF1E1E774A805AA2A4A6178BB5F281FA.tmp' to 'K:/O/Programozas/Unreal/03_BuildingEscape/BuildingEscape/Saved/Autosaves/Game/DefaultPawn_BP_Auto1.uasset'
[2017.12.03-18.26.05:890][822]LogSavePackage: Display: Finished SavePackage K:/O/Programozas/Unreal/03_BuildingEscape/BuildingEscape/Saved/Autosaves/Game/DefaultPawn_BP_Auto1.uasset
[2017.12.03-18.26.05:890][822]LogFileHelpers: Auto-saving content packages took 0.112
[2017.12.03-18.26.42:196][604]Cmd: OBJ SAVEPACKAGE PACKAGE="/Game/DefaultPawn_BP" FILE="K:/O/Programozas/Unreal/03_BuildingEscape/BuildingEscape/Content/DefaultPawn_BP.uasset" SILENT=true
[2017.12.03-18.26.42:240][604]LogSavePackage: Save=39.11ms
[2017.12.03-18.26.42:240][604]LogSavePackage: Moving 'K:/O/Programozas/Unreal/03_BuildingEscape/BuildingEscape/Saved/DefaultPawn_BP39C3B29F407EA91419C197A23F28C901.tmp' to 'K:/O/Programozas/Unreal/03_BuildingEscape/BuildingEscape/Content/DefaultPawn_BP.uasset'
[2017.12.03-18.26.42:249][604]LogSavePackage: Display: Finished SavePackage K:/O/Programozas/Unreal/03_BuildingEscape/BuildingEscape/Content/DefaultPawn_BP.uasset
[2017.12.03-18.27.22:088][715]LogEditorViewport: Clicking on Actor (LMB): DefaultPawn_BP_C (DefaultPawn_BP)
[2017.12.03-18.27.22:339][724]Cmd: DELETE
[2017.12.03-18.27.22:339][724]Cmd: ACTOR DELETE
[2017.12.03-18.27.22:351][724]LogEditorActor: Deleted Actor: DefaultPawn_BP_C
[2017.12.03-18.27.22:406][724]LogEditorActor: Deleted 1 Actors (0.055 secs)
[2017.12.03-18.29.18:064][129]Cmd: OBJ SAVEPACKAGE PACKAGE="/Game/DefaultPawn_BP" FILE="K:/O/Programozas/Unreal/03_BuildingEscape/BuildingEscape/Content/DefaultPawn_BP.uasset" SILENT=true
[2017.12.03-18.29.18:124][129]LogSavePackage: Save=38.61ms
[2017.12.03-18.29.18:124][129]LogSavePackage: Moving 'K:/O/Programozas/Unreal/03_BuildingEscape/BuildingEscape/Saved/DefaultPawn_BP652D91574B1450140281438626E6360E.tmp' to 'K:/O/Programozas/Unreal/03_BuildingEscape/BuildingEscape/Content/DefaultPawn_BP.uasset'
[2017.12.03-18.29.18:135][129]LogSavePackage: Display: Finished SavePackage K:/O/Programozas/Unreal/03_BuildingEscape/BuildingEscape/Content/DefaultPawn_BP.uasset
[2017.12.03-18.30.16:323][133]Running H:/Programok/Epic Games/UE_4.17/Engine/Binaries/DotNET/UnrealBuildTool.exe  -projectfiles -project="K:/O/Programozas/Unreal/03_BuildingEscape/BuildingEscape/BuildingEscape.uproject" -game -rocket -progress
[2017.12.03-18.30.16:630][133]Discovering modules, targets and source code for project...
[2017.12.03-18.30.24:532][133]LogSlate: Took 0.000399 seconds to synchronously load lazily loaded font '../../../Engine/Content/Slate/Fonts/Roboto-Regular.ttf' (155K)
[2017.12.03-18.30.27:045][133]LogVSAccessor: Warning: Couldn't access Visual Studio
[2017.12.03-18.30.27:059][133]Candidate modules for hot reload:
[2017.12.03-18.30.27:059][133]  BuildingEscape
[2017.12.03-18.30.27:060][133]Launching UnrealBuildTool... [H:/Programok/Epic Games/UE_4.17/Engine/Binaries/DotNET/UnrealBuildTool.exe BuildingEscape -ModuleWithSuffix BuildingEscape 2445 Win64 Development -editorrecompile -canskiplink "K:/O/Programozas/Unreal/03_BuildingEscape/BuildingEscape/BuildingEscape.uproject" ]
[2017.12.03-18.31.52:369][133]CompilerResultsLog: New page: Compilation - Dec 3, 2017, 8:31:52 PM
[2017.12.03-18.31.52:370][133]CompilerResultsLog: Compiling game modules for hot reload
[2017.12.03-18.31.52:370][133]CompilerResultsLog: Parsing headers for BuildingEscapeEditor
[2017.12.03-18.31.52:370][133]CompilerResultsLog:   Running UnrealHeaderTool "K:\O\Programozas\Unreal\03_BuildingEscape\BuildingEscape\BuildingEscape.uproject" "K:\O\Programozas\Unreal\03_BuildingEscape\BuildingEscape\Intermediate\Build\Win64\BuildingEscapeEditor\Development\BuildingEscapeEditor.uhtmanifest" -LogCmds="loginit warning, logexit warning, logdatabase error" -Unattended -WarningsAsErrors -installed
[2017.12.03-18.31.52:371][133]CompilerResultsLog: Reflection code generated for BuildingEscapeEditor in 13,034831 seconds
[2017.12.03-18.31.52:371][133]CompilerResultsLog: Performing 5 actions (4 in parallel)
[2017.12.03-18.31.52:371][133]CompilerResultsLog: Grabber.gen.cpp
[2017.12.03-18.31.52:371][133]CompilerResultsLog: Grabber.cpp
[2017.12.03-18.31.52:371][133]CompilerResultsLog: BuildingEscape.init.gen.cpp
[2017.12.03-18.31.52:372][133]CompilerResultsLog: [4/5] Link UE4Editor-BuildingEscape-2445.dll
[2017.12.03-18.31.52:372][133]CompilerResultsLog: [5/5] Link UE4Editor-BuildingEscape-2445.lib
[2017.12.03-18.31.52:372][133]CompilerResultsLog:    Creating library K:\O\Programozas\Unreal\03_BuildingEscape\BuildingEscape\Intermediate\Build\Win64\UE4Editor\Development\UE4Editor-BuildingEscape-2445.lib and object K:\O\Programozas\Unreal\03_BuildingEscape\BuildingEscape\Intermediate\Build\Win64\UE4Editor\Development\UE4Editor-BuildingEscape-2445.exp
[2017.12.03-18.31.52:372][133]CompilerResultsLog:    Creating library K:\O\Programozas\Unreal\03_BuildingEscape\BuildingEscape\Intermediate\Build\Win64\UE4Editor\Development\UE4Editor-BuildingEscape-2445.suppressed.lib and object K:\O\Programozas\Unreal\03_BuildingEscape\BuildingEscape\Intermediate\Build\Win64\UE4Editor\Development\UE4Editor-BuildingEscape-2445.suppressed.exp
[2017.12.03-18.31.52:373][133]CompilerResultsLog: Total build time: 85,04 seconds (Local executor: 53,55 seconds)
[2017.12.03-18.31.52:373][133]LogMainFrame: MainFrame: Module compiling took 85.336 seconds
[2017.12.03-18.31.52:480][133]LogClass: Could not find existing class Grabber in package /Script/BuildingEscape for HotReload, assuming new class
[2017.12.03-18.31.52:487][133]LogContentBrowser: Native class hierarchy updated for 'BuildingEscape' in 0.0022 seconds. Added 4 classes and 2 folders.
[2017.12.03-18.31.52:490][133]Display: HotReload successful (0 functions remapped  0 scriptstructs remapped)
[2017.12.03-18.31.52:972][133]LogContentBrowser: Native class hierarchy populated in 0.0161 seconds. Added 2392 classes and 506 folders.
[2017.12.03-18.31.52:973][133]Display: HotReload took 85.9s.
[2017.12.03-18.31.52:974][133]Warning: HotReload operation took 85.9s.
[2017.12.03-18.31.53:753][133]LogHotReload: New module detected: UE4Editor-BuildingEscape-2445.dll
[2017.12.03-18.31.53:825][134]LogHotReload: Starting Hot-Reload from IDE
[2017.12.03-18.31.54:046][134]LogContentBrowser: Native class hierarchy updated for 'BuildingEscape' in 0.0022 seconds. Added 4 classes and 2 folders.
[2017.12.03-18.31.54:050][134]Display: HotReload successful (0 functions remapped  0 scriptstructs remapped)
[2017.12.03-18.31.54:431][134]LogContentBrowser: Native class hierarchy populated in 0.0165 seconds. Added 2392 classes and 506 folders.
[2017.12.03-18.31.54:444][134]Display: HotReload took  0.6s.
[2017.12.03-18.32.04:651][144]LogVSAccessor: Warning: Visual Studio is open but could not be queried - it may be blocked by a modal operation
[2017.12.03-18.32.06:096][145]LogVSAccessor: Warning: Couldn't goto line number '0' in 'K:/O/Programozas/Unreal/03_BuildingEscape/BuildingEscape/Source/BuildingEscape/Grabber.h'
[2017.12.03-18.32.06:259][145]LogVSAccessor: Warning: Couldn't goto line number '0' in 'K:/O/Programozas/Unreal/03_BuildingEscape/BuildingEscape/Source/BuildingEscape/Grabber.cpp'
[2017.12.03-18.37.45:445][163]Cmd: OBJ SAVEPACKAGE PACKAGE="/Game/NewMap" FILE="K:/O/Programozas/Unreal/03_BuildingEscape/BuildingEscape/Saved/Autosaves/Game/NewMap_Auto2.umap" SILENT=true AUTOSAVING=true KEEPDIRTY=false
[2017.12.03-18.37.45:774][163]LogSavePackage: Save=111.09ms
[2017.12.03-18.37.45:774][163]LogSavePackage: Moving 'K:/O/Programozas/Unreal/03_BuildingEscape/BuildingEscape/Saved/NewMap_Auto231222DC34FF4BB4261F038AA904AD2CD.tmp' to 'K:/O/Programozas/Unreal/03_BuildingEscape/BuildingEscape/Saved/Autosaves/Game/NewMap_Auto2.umap'
[2017.12.03-18.37.45:780][163]LogSavePackage: Display: Finished SavePackage K:/O/Programozas/Unreal/03_BuildingEscape/BuildingEscape/Saved/Autosaves/Game/NewMap_Auto2.umap
[2017.12.03-18.37.45:786][163]LogFileHelpers: Editor autosave (incl. sublevels) for '/Game/NewMap' took 0.457
[2017.12.03-18.37.45:786][163]LogFileHelpers: Editor autosave (incl. sublevels) for all levels took 0.457
[2017.12.03-18.54.44:188][822]LogSlate: Took 0.000788 seconds to synchronously load lazily loaded font '../../../Engine/Content/Slate/Fonts/Roboto-Light.ttf' (159K)
[2017.12.03-18.55.10:346][256]BlueprintLog: New page: Compile DefaultPawn_BP
[2017.12.03-18.55.57:228][169]Cmd: OBJ SAVEPACKAGE PACKAGE="/Game/NewMap" FILE="K:/O/Programozas/Unreal/03_BuildingEscape/BuildingEscape/Saved/Autosaves/Game/NewMap_Auto3.umap" SILENT=true AUTOSAVING=true KEEPDIRTY=false
[2017.12.03-18.55.57:381][169]LogSavePackage: Save=113.90ms
[2017.12.03-18.55.57:381][169]LogSavePackage: Moving 'K:/O/Programozas/Unreal/03_BuildingEscape/BuildingEscape/Saved/NewMap_Auto3F8DF1F6C440C0F393823F688326BBE74.tmp' to 'K:/O/Programozas/Unreal/03_BuildingEscape/BuildingEscape/Saved/Autosaves/Game/NewMap_Auto3.umap'
[2017.12.03-18.55.57:389][169]LogSavePackage: Display: Finished SavePackage K:/O/Programozas/Unreal/03_BuildingEscape/BuildingEscape/Saved/Autosaves/Game/NewMap_Auto3.umap
[2017.12.03-18.55.57:395][169]LogFileHelpers: Editor autosave (incl. sublevels) for '/Game/NewMap' took 0.211
[2017.12.03-18.55.57:395][169]LogFileHelpers: Editor autosave (incl. sublevels) for all levels took 0.211
[2017.12.03-18.55.57:398][169]OBJ SavePackage: Generating thumbnails for [1] asset(s) in package [/Game/DefaultPawn_BP] ([1] browsable assets)...
[2017.12.03-18.55.57:422][169]OBJ SavePackage:     Rendered thumbnail for [Blueprint /Game/DefaultPawn_BP.DefaultPawn_BP]
[2017.12.03-18.55.57:422][169]OBJ SavePackage: Finished generating thumbnails for package [/Game/DefaultPawn_BP]
[2017.12.03-18.55.57:422][169]Cmd: OBJ SAVEPACKAGE PACKAGE="/Game/DefaultPawn_BP" FILE="K:/O/Programozas/Unreal/03_BuildingEscape/BuildingEscape/Saved/Autosaves/Game/DefaultPawn_BP_Auto3.uasset" SILENT=false AUTOSAVING=true
[2017.12.03-18.55.57:485][169]LogSavePackage: Save=41.43ms
[2017.12.03-18.55.57:485][169]LogSavePackage: Moving 'K:/O/Programozas/Unreal/03_BuildingEscape/BuildingEscape/Saved/DefaultPawn_BP_Auto358F8BF6F4037FFF7303C5997301140EF.tmp' to 'K:/O/Programozas/Unreal/03_BuildingEscape/BuildingEscape/Saved/Autosaves/Game/DefaultPawn_BP_Auto3.uasset'
[2017.12.03-18.55.57:489][169]LogSavePackage: Display: Finished SavePackage K:/O/Programozas/Unreal/03_BuildingEscape/BuildingEscape/Saved/Autosaves/Game/DefaultPawn_BP_Auto3.uasset
[2017.12.03-18.55.57:489][169]LogFileHelpers: Auto-saving content packages took 0.092
[2017.12.03-18.56.30:727][ 26]Cmd: OBJ SAVEPACKAGE PACKAGE="/Game/NewMap" FILE="K:/O/Programozas/Unreal/03_BuildingEscape/BuildingEscape/Content/NewMap.umap" SILENT=true AUTOSAVING=false KEEPDIRTY=false
[2017.12.03-18.56.30:936][ 26]LogSavePackage: Save=105.35ms
[2017.12.03-18.56.30:937][ 26]LogSavePackage: Moving 'K:/O/Programozas/Unreal/03_BuildingEscape/BuildingEscape/Saved/NewMap232A15FB40E60B78FD0BC498556A1E3D.tmp' to 'K:/O/Programozas/Unreal/03_BuildingEscape/BuildingEscape/Content/NewMap.umap'
[2017.12.03-18.56.30:948][ 26]LogSavePackage: Display: Finished SavePackage K:/O/Programozas/Unreal/03_BuildingEscape/BuildingEscape/Content/NewMap.umap
[2017.12.03-18.56.30:985][ 26]Cmd: OBJ SAVEPACKAGE PACKAGE="/Game/NewMap_BuiltData" FILE="K:/O/Programozas/Unreal/03_BuildingEscape/BuildingEscape/Content/NewMap_BuiltData.uasset" SILENT=true
[2017.12.03-18.56.31:379][ 26]LogSavePackage: Save=226.76ms
[2017.12.03-18.56.31:379][ 26]LogSavePackage: Moving 'K:/O/Programozas/Unreal/03_BuildingEscape/BuildingEscape/Saved/NewMap_BuiltData5BF2B537464A7DEB0775A78127826A2B.tmp' to 'K:/O/Programozas/Unreal/03_BuildingEscape/BuildingEscape/Content/NewMap_BuiltData.uasset'
[2017.12.03-18.56.31:389][ 26]LogSavePackage: Display: Finished SavePackage K:/O/Programozas/Unreal/03_BuildingEscape/BuildingEscape/Content/NewMap_BuiltData.uasset
[2017.12.03-19.00.03:078][748]LogEditorViewport: Clicking on Actor (LMB): DefaultPawn_BP_C (DefaultPawn_BP)
[2017.12.03-19.00.04:218][806]Cmd: DELETE
[2017.12.03-19.00.04:218][806]Cmd: ACTOR DELETE
[2017.12.03-19.00.04:219][806]LogEditorActor: Deleted Actor: DefaultPawn_BP_C
[2017.12.03-19.00.04:280][806]LogEditorActor: Deleted 1 Actors (0.062 secs)
[2017.12.03-19.00.24:653][ 33]LogTemp: Repeating last play command: Selected Viewport
[2017.12.03-19.00.24:676][ 33]LogPlayLevel: PlayLevel: No blueprints needed recompiling
[2017.12.03-19.00.24:677][ 33]PIE: New page: PIE session: NewMap (Dec 3, 2017, 9:00:24 PM)
[2017.12.03-19.00.24:677][ 33]LogPlayLevel: Creating play world package: /Game/UEDPIE_0_NewMap
[2017.12.03-19.00.24:682][ 33]LogPlayLevel: PIE: StaticDuplicateObject took: (0.005424s)
[2017.12.03-19.00.24:684][ 33]LogAIModule: Creating AISystem for world NewMap
[2017.12.03-19.00.24:684][ 33]LogPlayLevel: PIE: World Init took: (0.001731s)
[2017.12.03-19.00.24:685][ 33]LogPlayLevel: PIE: Created PIE world by copying editor world from /Game/NewMap.NewMap to /Game/UEDPIE_0_NewMap.NewMap (0.007840s)
[2017.12.03-19.00.24:748][ 33]LogInit: XAudio2 using 'Hangszórók (C-Media PCI Audio Device)' : 2 channels at 44.1 kHz using 16 bits per sample (channel mask 0x3)
[2017.12.03-19.00.24:754][ 33]LogInit: FAudioDevice initialized.
[2017.12.03-19.00.24:786][ 33]LogLoad: Game class is 'BuildingEscapeGameModeBase'
[2017.12.03-19.00.24:789][ 33]LogWorld: Bringing World /Game/UEDPIE_0_NewMap.NewMap up for play (max tick rate 0) at 2017.12.03-20.00.24
[2017.12.03-19.00.24:790][ 33]LogWorld: Bringing up level for play took: 0.003239
[2017.12.03-19.00.24:791][ 33]LogTemp: Warning: SM_Chair_2 is at X=-425.540 Y=-249.701 Z=20.526
[2017.12.03-19.00.24:791][ 33]PIE: Play in editor start time for /Game/UEDPIE_0_NewMap -0.464
[2017.12.03-19.00.40:790][871]LogEditorViewport: Clicking on Actor (LMB): DefaultPawn (DefaultPawn)
[2017.12.03-19.00.44:972][ 53]LogEditorViewport: Clicking on Actor (LMB): StaticMeshActor (Floor_400x400)
[2017.12.03-19.00.58:227][620]LogTemp: Executing iPhonePackager certificates Engine -bundlename com.YourCompany.BuildingEscape
[2017.12.03-19.00.58:227][620]LogTemp: CWD: H:\Programok\Epic Games\UE_4.17\Engine\Binaries\DotNET\IOS
[2017.12.03-19.00.58:227][620]LogTemp: Initial Dir: H:\Programok\Epic Games\UE_4.17
[2017.12.03-19.00.58:227][620]LogTemp: Env CWD: H:\Programok\Epic Games\UE_4.17\Engine\Binaries\DotNET\IOS
[2017.12.03-19.00.58:231][620]LogTemp: BranchPath = KLAFA-PC/H/Programok/Epic Games/UE_4.17/Engine/Binaries --- GameBranchPath = KLAFA-PC/H/Programok/Epic Games/UE_4.17/Engine/Binaries
[2017.12.03-19.00.58:245][620]LogTemp: IPP ERROR: Could not find provision directory 'C:\Users\Klafa\AppData\Local/Apple Computer/MobileDevice/Provisioning Profiles/'.
[2017.12.03-19.13.59:374][503]Cmd: OBJ SAVEPACKAGE PACKAGE="/Game/NewMap" FILE="K:/O/Programozas/Unreal/03_BuildingEscape/BuildingEscape/Content/NewMap.umap" SILENT=true AUTOSAVING=false KEEPDIRTY=false
[2017.12.03-19.14.02:698][503]LogSavePackage: Save=110.32ms
[2017.12.03-19.14.02:698][503]LogSavePackage: Moving 'K:/O/Programozas/Unreal/03_BuildingEscape/BuildingEscape/Saved/NewMap8B403A1E43CCF5F8981C57B5FDAA10BD.tmp' to 'K:/O/Programozas/Unreal/03_BuildingEscape/BuildingEscape/Content/NewMap.umap'
[2017.12.03-19.14.02:711][503]LogSavePackage: Display: Finished SavePackage K:/O/Programozas/Unreal/03_BuildingEscape/BuildingEscape/Content/NewMap.umap
[2017.12.03-19.14.02:746][503]Cmd: OBJ SAVEPACKAGE PACKAGE="/Game/NewMap_BuiltData" FILE="K:/O/Programozas/Unreal/03_BuildingEscape/BuildingEscape/Content/NewMap_BuiltData.uasset" SILENT=true
[2017.12.03-19.14.03:055][503]LogSavePackage: Save=227.30ms
[2017.12.03-19.14.03:056][503]LogSavePackage: Moving 'K:/O/Programozas/Unreal/03_BuildingEscape/BuildingEscape/Saved/NewMap_BuiltData1EA8CB3B445190FABACFFA983532B272.tmp' to 'K:/O/Programozas/Unreal/03_BuildingEscape/BuildingEscape/Content/NewMap_BuiltData.uasset'
[2017.12.03-19.14.03:067][503]LogSavePackage: Display: Finished SavePackage K:/O/Programozas/Unreal/03_BuildingEscape/BuildingEscape/Content/NewMap_BuiltData.uasset
[2017.12.03-19.14.11:542][902]LogEditorViewport: Clicking on Actor (LMB): DefaultPawn (DefaultPawn)
[2017.12.03-19.17.53:128][104]LogTemp: Repeating last play command: Selected Viewport
[2017.12.03-19.17.53:151][104]LogPlayLevel: PlayLevel: No blueprints needed recompiling
[2017.12.03-19.17.53:151][104]PIE: New page: PIE session: NewMap (Dec 3, 2017, 9:17:53 PM)
[2017.12.03-19.17.53:151][104]LogPlayLevel: Creating play world package: /Game/UEDPIE_0_NewMap
[2017.12.03-19.17.53:157][104]LogPlayLevel: PIE: StaticDuplicateObject took: (0.005743s)
[2017.12.03-19.17.53:159][104]LogAIModule: Creating AISystem for world NewMap
[2017.12.03-19.17.53:159][104]LogPlayLevel: PIE: World Init took: (0.002092s)
[2017.12.03-19.17.53:160][104]LogPlayLevel: PIE: Created PIE world by copying editor world from /Game/NewMap.NewMap to /Game/UEDPIE_0_NewMap.NewMap (0.008541s)
[2017.12.03-19.17.53:218][104]LogInit: XAudio2 using 'Hangszórók (C-Media PCI Audio Device)' : 2 channels at 44.1 kHz using 16 bits per sample (channel mask 0x3)
[2017.12.03-19.17.53:224][104]LogInit: FAudioDevice initialized.
[2017.12.03-19.17.53:257][104]LogLoad: Game class is 'BuildingEscapeGameModeBase'
[2017.12.03-19.17.53:259][104]LogWorld: Bringing World /Game/UEDPIE_0_NewMap.NewMap up for play (max tick rate 0) at 2017.12.03-20.17.53
[2017.12.03-19.17.53:260][104]LogWorld: Bringing up level for play took: 0.002355
[2017.12.03-19.17.53:261][104]LogTemp: Warning: SM_Chair_2 is at X=-425.540 Y=-249.701 Z=20.526
[2017.12.03-19.17.53:261][104]PIE: Play in editor start time for /Game/UEDPIE_0_NewMap 0.055
[2017.12.03-19.28.24:950][873]Running H:/Programok/Epic Games/UE_4.17/Engine/Binaries/DotNET/UnrealBuildTool.exe BuildingEscape Win64 Development -editorrecompile "K:/O/Programozas/Unreal/03_BuildingEscape/BuildingEscape/BuildingEscape.uproject" -invalidatemakefilesonly
[2017.12.03-19.28.25:354][873]Invalidating makefiles only in this run.
[2017.12.03-19.28.25:685][873]Candidate modules for hot reload:
[2017.12.03-19.28.25:685][873]  BuildingEscape
[2017.12.03-19.28.25:685][873]Launching UnrealBuildTool... [H:/Programok/Epic Games/UE_4.17/Engine/Binaries/DotNET/UnrealBuildTool.exe BuildingEscape -ModuleWithSuffix BuildingEscape 8262 Win64 Development -editorrecompile -canskiplink "K:/O/Programozas/Unreal/03_BuildingEscape/BuildingEscape/BuildingEscape.uproject" ]
[2017.12.03-19.28.56:974][873]CompilerResultsLog: New page: Compilation - Dec 3, 2017, 9:28:56 PM
[2017.12.03-19.28.56:974][873]CompilerResultsLog: Compiling game modules for hot reload
[2017.12.03-19.28.56:975][873]CompilerResultsLog: Parsing headers for BuildingEscapeEditor
[2017.12.03-19.28.56:975][873]CompilerResultsLog:   Running UnrealHeaderTool "K:\O\Programozas\Unreal\03_BuildingEscape\BuildingEscape\BuildingEscape.uproject" "K:\O\Programozas\Unreal\03_BuildingEscape\BuildingEscape\Intermediate\Build\Win64\BuildingEscapeEditor\Development\BuildingEscapeEditor.uhtmanifest" -LogCmds="loginit warning, logexit warning, logdatabase error" -Unattended -WarningsAsErrors -installed
[2017.12.03-19.28.56:975][873]CompilerResultsLog: Reflection code generated for BuildingEscapeEditor in 12,0925781 seconds
[2017.12.03-19.28.56:975][873]CompilerResultsLog: Performing 5 actions (4 in parallel)
[2017.12.03-19.28.56:976][873]CompilerResultsLog: BuildingEscape.init.gen.cpp
[2017.12.03-19.28.56:976][873]CompilerResultsLog: BuildingEscapeGameMode_BP.gen.cpp
[2017.12.03-19.28.56:976][873]CompilerResultsLog: BuildingEscapeGameMode_BP.cpp
[2017.12.03-19.28.56:976][873]CompilerResultsLog: [4/5] Link UE4Editor-BuildingEscape-8262.dll
[2017.12.03-19.28.56:976][873]CompilerResultsLog: [5/5] Link UE4Editor-BuildingEscape-8262.lib
[2017.12.03-19.28.56:976][873]CompilerResultsLog:    Creating library K:\O\Programozas\Unreal\03_BuildingEscape\BuildingEscape\Intermediate\Build\Win64\UE4Editor\Development\UE4Editor-BuildingEscape-8262.lib and object K:\O\Programozas\Unreal\03_BuildingEscape\BuildingEscape\Intermediate\Build\Win64\UE4Editor\Development\UE4Editor-BuildingEscape-8262.exp
[2017.12.03-19.28.56:977][873]CompilerResultsLog:    Creating library K:\O\Programozas\Unreal\03_BuildingEscape\BuildingEscape\Intermediate\Build\Win64\UE4Editor\Development\UE4Editor-BuildingEscape-8262.suppressed.lib and object K:\O\Programozas\Unreal\03_BuildingEscape\BuildingEscape\Intermediate\Build\Win64\UE4Editor\Development\UE4Editor-BuildingEscape-8262.suppressed.exp
[2017.12.03-19.28.56:978][873]CompilerResultsLog: Total build time: 30,96 seconds (Local executor: 7,20 seconds)
[2017.12.03-19.28.56:979][873]LogMainFrame: MainFrame: Module compiling took 31.310 seconds
[2017.12.03-19.28.57:103][873]LogClass: Could not find existing class BuildingEscapeGameMode_BP in package /Script/BuildingEscape for HotReload, assuming new class
[2017.12.03-19.28.57:112][873]LogContentBrowser: Native class hierarchy updated for 'BuildingEscape' in 0.0023 seconds. Added 5 classes and 2 folders.
[2017.12.03-19.28.57:116][873]Display: HotReload successful (0 functions remapped  0 scriptstructs remapped)
[2017.12.03-19.28.57:560][873]LogContentBrowser: Native class hierarchy populated in 0.0169 seconds. Added 2393 classes and 506 folders.
[2017.12.03-19.28.57:560][873]Display: HotReload took 32.1s.
[2017.12.03-19.28.57:561][873]Warning: HotReload operation took 32.1s.
[2017.12.03-19.28.57:704][873]LogVSAccessor: Warning: Couldn't goto line number '0' in 'K:/O/Programozas/Unreal/03_BuildingEscape/BuildingEscape/Source/BuildingEscape/BuildingEscapeGameMode_BP.h'
[2017.12.03-19.28.57:864][873]LogVSAccessor: Warning: Couldn't goto line number '0' in 'K:/O/Programozas/Unreal/03_BuildingEscape/BuildingEscape/Source/BuildingEscape/BuildingEscapeGameMode_BP.cpp'
[2017.12.03-19.28.57:887][873]LogHotReload: New module detected: UE4Editor-BuildingEscape-8262.dll
[2017.12.03-19.28.57:956][874]LogHotReload: Starting Hot-Reload from IDE
[2017.12.03-19.28.58:182][874]LogContentBrowser: Native class hierarchy updated for 'BuildingEscape' in 0.0024 seconds. Added 5 classes and 2 folders.
[2017.12.03-19.28.58:186][874]Display: HotReload successful (0 functions remapped  0 scriptstructs remapped)
[2017.12.03-19.28.58:578][874]LogContentBrowser: Native class hierarchy populated in 0.0170 seconds. Added 2393 classes and 506 folders.
[2017.12.03-19.28.58:595][874]Display: HotReload took  0.6s.
[2017.12.03-19.29.08:254][902]LogFileHelpers: Editor autosave (incl. sublevels) for '/Game/NewMap' took 0.130
[2017.12.03-19.29.08:257][902]OBJ SavePackage: Generating thumbnails for [0] asset(s) in package [/Game/BuildingEscapeGameMode_BP] ([1] browsable assets)...
[2017.12.03-19.29.08:257][902]OBJ SavePackage: Finished generating thumbnails for package [/Game/BuildingEscapeGameMode_BP]
[2017.12.03-19.29.08:572][902]LogSavePackage: Save=162.81ms
[2017.12.03-19.29.08:573][902]LogSavePackage: Moving 'K:/O/Programozas/Unreal/03_BuildingEscape/BuildingEscape/Saved/BuildingEscapeGameMode_BP_Auto4C946196941A36E5639035FBC03CFE9B5.tmp' to 'K:/O/Programozas/Unreal/03_BuildingEscape/BuildingEscape/Saved/Autosaves/Game/BuildingEscapeGameMode_BP_Auto4.uasset'
[2017.12.03-19.29.08:608][902]LogSavePackage: Display: Finished SavePackage K:/O/Programozas/Unreal/03_BuildingEscape/BuildingEscape/Saved/Autosaves/Game/BuildingEscapeGameMode_BP_Auto4.uasset
[2017.12.03-19.29.08:609][902]LogFileHelpers: Auto-saving content packages took 0.354
[2017.12.03-19.30.04:289][729]LogVSAccessor: Warning: Couldn't goto line number '0' in 'K:/O/Programozas/Unreal/03_BuildingEscape/BuildingEscape/Source/BuildingEscape/BuildingEscapeGameMode_BP.h'
[2017.12.03-19.30.04:375][729]LogVSAccessor: Warning: Couldn't goto line number '0' in 'K:/O/Programozas/Unreal/03_BuildingEscape/BuildingEscape/Source/BuildingEscape/BuildingEscapeGameMode_BP.cpp'
[2017.12.03-19.30.53:852][685]Cmd: QUIT_EDITOR
[2017.12.03-19.30.53:913][685]LogExit: Preparing to exit.
[2017.12.03-19.30.54:925][685]LogExit: Editor shut down
[2017.12.03-19.30.54:933][685]LogExit: Transaction tracking system shut down
[2017.12.03-19.30.55:310][685]LogDirectoryWatcher: A directory notification for '../../../Engine/Content/' was aborted.
[2017.12.03-19.30.55:310][685]LogDirectoryWatcher: A directory notification for 'K:/O/Programozas/Unreal/03_BuildingEscape/BuildingEscape/Content/' was aborted.
[2017.12.03-19.30.55:311][685]LogDirectoryWatcher: A directory notification for '../../../Engine/Plugins/2D/Paper2D/Content/' was aborted.
[2017.12.03-19.30.55:311][685]LogDirectoryWatcher: A directory notification for '../../../Engine/Plugins/Runtime/Oculus/OculusVR/Content/' was aborted.
[2017.12.03-19.30.55:311][685]LogDirectoryWatcher: A directory notification for '../../../Engine/Plugins/Runtime/Steam/SteamVR/Content/' was aborted.
[2017.12.03-19.30.55:441][685]LogExit: Object subsystem successfully closed.
[2017.12.03-19.30.55:467][685]LogD3D11RHI: Shutdown
[2017.12.03-19.30.55:467][685]LogD3D11RHI: CleanupD3DDevice
[2017.12.03-19.30.55:594][685]LogD3D11RHI: ~FD3D11DynamicRHI
[2017.12.03-19.30.55:647][685]LogModuleManager: Shutting down and abandoning module BuildingEscape (544)
[2017.12.03-19.30.55:647][685]LogModuleManager: Shutting down and abandoning module BlueprintGraph (540)
[2017.12.03-19.30.55:647][685]LogModuleManager: Shutting down and abandoning module BlueprintProfiler (538)
[2017.12.03-19.30.55:654][685]LogModuleManager: Shutting down and abandoning module ExternalImagePicker (536)
[2017.12.03-19.30.55:654][685]LogModuleManager: Shutting down and abandoning module MovieSceneCapture (534)
[2017.12.03-19.30.55:654][685]LogModuleManager: Shutting down and abandoning module HierarchicalLODOutliner (532)
[2017.12.03-19.30.55:654][685]LogModuleManager: Shutting down and abandoning module SceneOutliner (530)
[2017.12.03-19.30.55:654][685]LogModuleManager: Shutting down and abandoning module AddContentDialog (528)
[2017.12.03-19.30.55:655][685]LogDirectoryWatcher: A directory notification for 'H:/Programok/Epic Games/UE_4.17/FeaturePacks/' was aborted.
[2017.12.03-19.30.55:656][685]LogModuleManager: Shutting down and abandoning module WidgetCarousel (527)
[2017.12.03-19.30.55:656][685]LogModuleManager: Shutting down and abandoning module EditorWidgets (524)
[2017.12.03-19.30.55:656][685]LogModuleManager: Shutting down and abandoning module CollectionManager (522)
[2017.12.03-19.30.55:656][685]LogDirectoryWatcher: A directory notification for 'K:/O/Programozas/Unreal/03_BuildingEscape/BuildingEscape/Content/Collections/' was aborted.
[2017.12.03-19.30.55:656][685]LogDirectoryWatcher: A directory notification for 'K:/O/Programozas/Unreal/03_BuildingEscape/BuildingEscape/Content/Developers/Klafa/Collections/' was aborted.
[2017.12.03-19.30.55:656][685]LogDirectoryWatcher: A directory notification for 'K:/O/Programozas/Unreal/03_BuildingEscape/BuildingEscape/Saved/Collections/' was aborted.
[2017.12.03-19.30.55:657][685]LogModuleManager: Shutting down and abandoning module StatsViewer (520)
[2017.12.03-19.30.55:657][685]LogModuleManager: Shutting down and abandoning module FoliageEdit (518)
[2017.12.03-19.30.55:657][685]LogModuleManager: Shutting down and abandoning module LandscapeEditor (516)
[2017.12.03-19.30.55:657][685]LogModuleManager: Shutting down and abandoning module MeshPaintMode (514)
[2017.12.03-19.30.55:657][685]LogModuleManager: Shutting down and abandoning module SceneDepthPickerMode (512)
[2017.12.03-19.30.55:657][685]LogModuleManager: Shutting down and abandoning module ActorPickerMode (510)
[2017.12.03-19.30.55:657][685]LogModuleManager: Shutting down and abandoning module GeometryMode (508)
[2017.12.03-19.30.55:657][685]LogModuleManager: Shutting down and abandoning module TextureAlignMode (506)
[2017.12.03-19.30.55:657][685]LogModuleManager: Shutting down and abandoning module BspMode (504)
[2017.12.03-19.30.55:657][685]LogModuleManager: Shutting down and abandoning module PIEPreviewDeviceProfileSelector (502)
[2017.12.03-19.30.55:657][685]LogModuleManager: Shutting down and abandoning module HardwareSurvey (500)
[2017.12.03-19.30.55:657][685]LogModuleManager: Shutting down and abandoning module SequenceRecorderSections (498)
[2017.12.03-19.30.55:657][685]LogModuleManager: Shutting down and abandoning module AutomationWorker (496)
[2017.12.03-19.30.55:657][685]LogModuleManager: Shutting down and abandoning module MatineeToLevelSequence (494)
[2017.12.03-19.30.55:657][685]LogModuleManager: Shutting down and abandoning module LevelSequenceEditor (492)
[2017.12.03-19.30.55:657][685]LogModuleManager: Shutting down and abandoning module PlacementMode (491)
[2017.12.03-19.30.55:657][685]LogModuleManager: Shutting down and abandoning module WmfMediaFactory (488)
[2017.12.03-19.30.55:657][685]LogModuleManager: Shutting down and abandoning module WmfMediaEditor (486)
[2017.12.03-19.30.55:657][685]LogModuleManager: Shutting down and abandoning module AvfMediaFactory (484)
[2017.12.03-19.30.55:657][685]LogModuleManager: Shutting down and abandoning module AvfMediaEditor (482)
[2017.12.03-19.30.55:657][685]LogModuleManager: Shutting down and abandoning module AndroidMediaFactory (480)
[2017.12.03-19.30.55:657][685]LogModuleManager: Shutting down and abandoning module Media (479)
[2017.12.03-19.30.55:657][685]LogModuleManager: Shutting down and abandoning module AndroidMediaEditor (476)
[2017.12.03-19.30.55:657][685]LogModuleManager: Shutting down and abandoning module CharacterAI (474)
[2017.12.03-19.30.55:657][685]LogModuleManager: Shutting down and abandoning module AudioCapture (472)
[2017.12.03-19.30.55:657][685]LogModuleManager: Shutting down and abandoning module SequenceRecorder (471)
[2017.12.03-19.30.55:657][685]LogModuleManager: Shutting down and abandoning module SmartSnapping (468)
[2017.12.03-19.30.55:657][685]LogModuleManager: Shutting down and abandoning module SessionServices (466)
[2017.12.03-19.30.55:657][685]LogModuleManager: Shutting down and abandoning module ViewportSnapping (464)
[2017.12.03-19.30.55:657][685]LogModuleManager: Shutting down and abandoning module ViewportInteraction (462)
[2017.12.03-19.30.55:657][685]LogModuleManager: Shutting down and abandoning module ClothPainter (460)
[2017.12.03-19.30.55:658][685]LogModuleManager: Shutting down and abandoning module LogVisualizer (458)
[2017.12.03-19.30.55:658][685]LogModuleManager: Shutting down and abandoning module IntroTutorials (456)
[2017.12.03-19.30.55:658][685]LogModuleManager: Shutting down and abandoning module GameProjectGeneration (455)
[2017.12.03-19.30.55:658][685]LogModuleManager: Shutting down and abandoning module IOSPlatformEditor (452)
[2017.12.03-19.30.55:658][685]LogModuleManager: Shutting down and abandoning module HTML5PlatformEditor (450)
[2017.12.03-19.30.55:658][685]LogModuleManager: Shutting down and abandoning module AndroidPlatformEditor (448)
[2017.12.03-19.30.55:658][685]LogModuleManager: Shutting down and abandoning module AndroidDeviceDetection (447)
[2017.12.03-19.30.55:660][685]LogModuleManager: Shutting down and abandoning module WindowsPlatformEditor (444)
[2017.12.03-19.30.55:660][685]LogModuleManager: Shutting down and abandoning module IOSRuntimeSettings (442)
[2017.12.03-19.30.55:660][685]LogModuleManager: Shutting down and abandoning module AndroidRuntimeSettings (440)
[2017.12.03-19.30.55:660][685]LogModuleManager: Shutting down and abandoning module InputBindingEditor (438)
[2017.12.03-19.30.55:660][685]LogModuleManager: Shutting down and abandoning module MergeActors (436)
[2017.12.03-19.30.55:660][685]LogModuleManager: Shutting down and abandoning module SizeMap (434)
[2017.12.03-19.30.55:660][685]LogModuleManager: Shutting down and abandoning module TreeMap (432)
[2017.12.03-19.30.55:660][685]LogModuleManager: Shutting down and abandoning module ReferenceViewer (430)
[2017.12.03-19.30.55:660][685]LogModuleManager: Shutting down and abandoning module LocalizationDashboard (428)
[2017.12.03-19.30.55:660][685]LogModuleManager: Shutting down and abandoning module LocalizationService (427)
[2017.12.03-19.30.55:661][685]LogModuleManager: Shutting down and abandoning module HardwareTargeting (424)
[2017.12.03-19.30.55:661][685]LogModuleManager: Shutting down and abandoning module DeviceProfileEditor (422)
[2017.12.03-19.30.55:661][685]LogModuleManager: Shutting down and abandoning module UndoHistory (420)
[2017.12.03-19.30.55:661][685]LogModuleManager: Shutting down and abandoning module XmlParser (418)
[2017.12.03-19.30.55:661][685]LogModuleManager: Shutting down and abandoning module Blutility (416)
[2017.12.03-19.30.55:661][685]LogModuleManager: Shutting down and abandoning module ProjectSettingsViewer (414)
[2017.12.03-19.30.55:661][685]LogModuleManager: Shutting down and abandoning module ProjectTargetPlatformEditor (413)
[2017.12.03-19.30.55:661][685]LogModuleManager: Shutting down and abandoning module EditorSettingsViewer (410)
[2017.12.03-19.30.55:661][685]LogModuleManager: Shutting down and abandoning module SettingsEditor (408)
[2017.12.03-19.30.55:661][685]LogModuleManager: Shutting down and abandoning module ProjectLauncher (406)
[2017.12.03-19.30.55:661][685]LogModuleManager: Shutting down and abandoning module SessionFrontend (404)
[2017.12.03-19.30.55:661][685]LogModuleManager: Shutting down and abandoning module ProfilerClient (402)
[2017.12.03-19.30.55:661][685]LogModuleManager: Shutting down and abandoning module DeviceManager (400)
[2017.12.03-19.30.55:661][685]LogModuleManager: Shutting down and abandoning module TargetDeviceServices (399)
[2017.12.03-19.30.55:711][685]LogModuleManager: Shutting down and abandoning module AutomationController (396)
[2017.12.03-19.30.55:711][685]LogModuleManager: Shutting down and abandoning module AutomationWindow (394)
[2017.12.03-19.30.55:711][685]LogModuleManager: Shutting down and abandoning module Layers (392)
[2017.12.03-19.30.55:711][685]LogModuleManager: Shutting down and abandoning module ComponentVisualizers (390)
[2017.12.03-19.30.55:711][685]LogModuleManager: Shutting down and abandoning module DetailCustomizations (388)
[2017.12.03-19.30.55:711][685]LogModuleManager: Shutting down and abandoning module PackagesDialog (386)
[2017.12.03-19.30.55:711][685]LogModuleManager: Shutting down and abandoning module Persona (384)
[2017.12.03-19.30.55:711][685]LogModuleManager: Shutting down and abandoning module AdvancedPreviewScene (383)
[2017.12.03-19.30.55:711][685]LogModuleManager: Shutting down and abandoning module AnimGraph (381)
[2017.12.03-19.30.55:711][685]LogModuleManager: Shutting down and abandoning module Kismet (378)
[2017.12.03-19.30.55:723][685]LogModuleManager: Shutting down and abandoning module ClassViewer (376)
[2017.12.03-19.30.55:725][685]LogModuleManager: Shutting down and abandoning module Toolbox (374)
[2017.12.03-19.30.55:725][685]LogModuleManager: Shutting down and abandoning module ModuleUI (372)
[2017.12.03-19.30.55:725][685]LogModuleManager: Shutting down and abandoning module MovieSceneTools (370)
[2017.12.03-19.30.55:725][685]LogModuleManager: Shutting down and abandoning module OutputLog (368)
[2017.12.03-19.30.55:725][685]LogModuleManager: Shutting down and abandoning module GammaUI (366)
[2017.12.03-19.30.55:725][685]LogModuleManager: Shutting down and abandoning module Documentation (364)
[2017.12.03-19.30.55:725][685]LogModuleManager: Shutting down and abandoning module MovieSceneTracks (362)
[2017.12.03-19.30.55:725][685]LogModuleManager: Shutting down and abandoning module MovieScene (360)
[2017.12.03-19.30.55:725][685]LogModuleManager: Shutting down and abandoning module Niagara (358)
[2017.12.03-19.30.55:725][685]LogModuleManager: Shutting down and abandoning module NiagaraEditor (357)
[2017.12.03-19.30.55:725][685]LogModuleManager: Shutting down and abandoning module StreamingPauseRendering (354)
[2017.12.03-19.30.55:726][685]LogModuleManager: Shutting down and abandoning module LauncherPlatform (352)
[2017.12.03-19.30.55:726][685]LogModuleManager: Shutting down and abandoning module AnalyticsET (350)
[2017.12.03-19.30.55:726][685]LogModuleManager: Shutting down and abandoning module PortalServices (348)
[2017.12.03-19.30.55:726][685]LogModuleManager: Shutting down and abandoning module PortalRpc (346)
[2017.12.03-19.30.55:726][685]LogModuleManager: Shutting down and abandoning module MessagingRpc (344)
[2017.12.03-19.30.55:726][685]LogModuleManager: Shutting down and abandoning module AIModule (342)
[2017.12.03-19.30.55:726][685]LogModuleManager: Shutting down and abandoning module GameplayDebugger (341)
[2017.12.03-19.30.55:726][685]LogModuleManager: Shutting down and abandoning module AITestSuite (339)
[2017.12.03-19.30.55:726][685]LogModuleManager: Shutting down and abandoning module ProfilerService (336)
[2017.12.03-19.30.55:828][685]LogModuleManager: Shutting down and abandoning module TaskGraph (334)
[2017.12.03-19.30.55:828][685]LogModuleManager: Shutting down and abandoning module SteamVRController (332)
[2017.12.03-19.30.55:828][685]LogModuleManager: Shutting down and abandoning module ProceduralMeshComponentEditor (330)
[2017.12.03-19.30.55:828][685]LogModuleManager: Shutting down and abandoning module ProceduralMeshComponent (328)
[2017.12.03-19.30.55:828][685]LogModuleManager: Shutting down and abandoning module OculusInput (326)
[2017.12.03-19.30.55:828][685]LogModuleManager: Shutting down and abandoning module MobilePatchingUtils (324)
[2017.12.03-19.30.55:828][685]LogModuleManager: Shutting down and abandoning module CustomMeshComponent (322)
[2017.12.03-19.30.55:828][685]LogModuleManager: Shutting down and abandoning module CableComponent (320)
[2017.12.03-19.30.55:828][685]LogModuleManager: Shutting down and abandoning module ArchVisCharacter (318)
[2017.12.03-19.30.55:828][685]LogModuleManager: Shutting down and abandoning module AndroidPermission (316)
[2017.12.03-19.30.55:829][685]LogModuleManager: Shutting down and abandoning module MediaPlayerEditor (312)
[2017.12.03-19.30.55:829][685]LogModuleManager: Shutting down and abandoning module HTML5Networking (310)
[2017.12.03-19.30.55:829][685]LogModuleManager: Shutting down and abandoning module AlembicImporter (308)
[2017.12.03-19.30.55:829][685]LogModuleManager: Shutting down and abandoning module AlembicLibrary (307)
[2017.12.03-19.30.55:829][685]LogModuleManager: Shutting down and abandoning module GeometryCache (306)
[2017.12.03-19.30.55:829][685]LogModuleManager: Shutting down and abandoning module GeometryCacheEd (305)
[2017.12.03-19.30.55:829][685]LogModuleManager: Shutting down and abandoning module SpeedTreeImporter (300)
[2017.12.03-19.30.55:829][685]LogModuleManager: Shutting down and abandoning module PluginBrowser (298)
[2017.12.03-19.30.55:829][685]LogModuleManager: Shutting down and abandoning module MobileLauncherProfileWizard (296)
[2017.12.03-19.30.55:829][685]LogModuleManager: Shutting down and abandoning module VisualStudioSourceCodeAccess (294)
[2017.12.03-19.30.55:829][685]LogModuleManager: Shutting down and abandoning module DesktopPlatform (293)
[2017.12.03-19.30.55:830][685]LogModuleManager: Shutting down and abandoning module UObjectPlugin (290)
[2017.12.03-19.30.55:830][685]LogModuleManager: Shutting down and abandoning module SubversionSourceControl (288)
[2017.12.03-19.30.55:830][685]LogModuleManager: Shutting down and abandoning module PerforceSourceControl (286)
[2017.12.03-19.30.55:830][685]LogModuleManager: Shutting down and abandoning module GitSourceControl (284)
[2017.12.03-19.30.55:830][685]LogModuleManager: Shutting down and abandoning module SourceControl (283)
[2017.12.03-19.30.55:830][685]LogModuleManager: Shutting down and abandoning module LightPropagationVolumeEditor (280)
[2017.12.03-19.30.55:830][685]LogModuleManager: Shutting down and abandoning module PaperTiledImporter (278)
[2017.12.03-19.30.55:830][685]LogModuleManager: Shutting down and abandoning module PaperSpriteSheetImporter (276)
[2017.12.03-19.30.55:830][685]LogModuleManager: Shutting down and abandoning module Paper2DEditor (274)
[2017.12.03-19.30.55:830][685]LogModuleManager: Shutting down and abandoning module MeshPaint (273)
[2017.12.03-19.30.55:830][685]LogModuleManager: Shutting down and abandoning module LevelEditor (271)
[2017.12.03-19.30.55:833][685]LogModuleManager: Shutting down and abandoning module PixelInspectorModule (270)
[2017.12.03-19.30.55:833][685]LogModuleManager: Shutting down and abandoning module MainFrame (268)
[2017.12.03-19.30.55:833][685]LogModuleManager: Shutting down and abandoning module HotReload (267)
[2017.12.03-19.30.55:833][685]LogDirectoryWatcher: A directory notification for 'K:/O/Programozas/Unreal/03_BuildingEscape/BuildingEscape/Binaries/Win64' was aborted.
[2017.12.03-19.30.55:834][685]LogModuleManager: Shutting down and abandoning module RuntimePhysXCooking (260)
[2017.12.03-19.30.55:834][685]LogModuleManager: Shutting down and abandoning module PhysXVehiclesEditor (258)
[2017.12.03-19.30.55:835][685]LogModuleManager: Shutting down and abandoning module PhysXVehicles (256)
[2017.12.03-19.30.55:835][685]LogModuleManager: Shutting down and abandoning module OculusEditor (254)
[2017.12.03-19.30.55:835][685]LogModuleManager: Shutting down and abandoning module LocationServicesBPLibrary (252)
[2017.12.03-19.30.55:835][685]LogModuleManager: Shutting down and abandoning module ImmediatePhysicsEditor (250)
[2017.12.03-19.30.55:835][685]LogModuleManager: Shutting down and abandoning module ImmediatePhysics (248)
[2017.12.03-19.30.55:835][685]LogModuleManager: Shutting down and abandoning module UdpMessaging (246)
[2017.12.03-19.30.55:935][685]LogModuleManager: Shutting down and abandoning module TcpMessaging (244)
[2017.12.03-19.30.56:039][685]LogModuleManager: Shutting down and abandoning module GameplayTagsEditor (242)
[2017.12.03-19.30.56:041][685]LogModuleManager: Shutting down and abandoning module FacialAnimationEditor (240)
[2017.12.03-19.30.56:042][685]LogModuleManager: Shutting down and abandoning module FacialAnimation (238)
[2017.12.03-19.30.56:042][685]LogModuleManager: Shutting down and abandoning module AssetManagerEditor (236)
[2017.12.03-19.30.56:042][685]LogModuleManager: Shutting down and abandoning module GraphEditor (235)
[2017.12.03-19.30.56:042][685]LogModuleManager: Shutting down and abandoning module ContentBrowser (233)
[2017.12.03-19.30.56:043][685]LogModuleManager: Shutting down and abandoning module LightPropagationVolumeRuntime (230)
[2017.12.03-19.30.56:043][685]LogModuleManager: Shutting down and abandoning module Paper2D (228)
[2017.12.03-19.30.56:043][685]LogModuleManager: Shutting down and abandoning module WindowsMoviePlayer (226)
[2017.12.03-19.30.56:044][685]LogModuleManager: Shutting down and abandoning module WmfMedia (224)
[2017.12.03-19.30.56:046][685]LogModuleManager: Shutting down and abandoning module PacketHandler (222)
[2017.12.03-19.30.56:046][685]LogModuleManager: Shutting down and abandoning module ClothingSystemEditor (220)
[2017.12.03-19.30.56:046][685]LogModuleManager: Shutting down and abandoning module ClothingSystemRuntime (218)
[2017.12.03-19.30.56:046][685]LogModuleManager: Shutting down and abandoning module Overlay (216)
[2017.12.03-19.30.56:046][685]LogModuleManager: Shutting down and abandoning module OverlayEditor (215)
[2017.12.03-19.30.56:046][685]LogModuleManager: Shutting down and abandoning module MediaAssets (212)
[2017.12.03-19.30.56:046][685]LogModuleManager: Shutting down and abandoning module VREditor (210)
[2017.12.03-19.30.56:046][685]LogModuleManager: Shutting down and abandoning module StringTableEditor (208)
[2017.12.03-19.30.56:046][685]LogModuleManager: Shutting down and abandoning module GameplayTasksEditor (206)
[2017.12.03-19.30.56:046][685]LogModuleManager: Shutting down and abandoning module BehaviorTreeEditor (204)
[2017.12.03-19.30.56:046][685]LogModuleManager: Shutting down and abandoning module FunctionalTesting (202)
[2017.12.03-19.30.56:046][685]LogModuleManager: Shutting down and abandoning module CollisionAnalyzer (200)
[2017.12.03-19.30.56:046][685]LogModuleManager: Shutting down and abandoning module WorkspaceMenuStructure (199)
[2017.12.03-19.30.56:046][685]LogModuleManager: Shutting down and abandoning module UMG (196)
[2017.12.03-19.30.56:046][685]LogModuleManager: Shutting down and abandoning module UMGEditor (195)
[2017.12.03-19.30.56:046][685]LogModuleManager: Shutting down and abandoning module Sequencer (194)
[2017.12.03-19.30.56:047][685]LogModuleManager: Shutting down and abandoning module MessageLog (191)
[2017.12.03-19.30.56:047][685]LogModuleManager: Shutting down and abandoning module SlateReflector (186)
[2017.12.03-19.30.56:047][685]LogModuleManager: Shutting down and abandoning module Slate (184)
[2017.12.03-19.30.56:047][685]LogModuleManager: Shutting down and abandoning module EditorStyle (182)
[2017.12.03-19.30.56:051][685]LogModuleManager: Shutting down and abandoning module MRMesh (180)
[2017.12.03-19.30.56:051][685]LogModuleManager: Shutting down and abandoning module SourceCodeAccess (178)
[2017.12.03-19.30.56:051][685]LogModuleManager: Shutting down and abandoning module HeadMountedDisplay (176)
[2017.12.03-19.30.56:051][685]LogModuleManager: Shutting down and abandoning module XAudio2 (174)
[2017.12.03-19.30.56:051][685]LogModuleManager: Shutting down and abandoning module Networking (172)
[2017.12.03-19.30.56:051][685]LogModuleManager: Shutting down and abandoning module Core (168)
[2017.12.03-19.30.56:052][685]LogModuleManager: Shutting down and abandoning module KismetCompiler (164)
[2017.12.03-19.30.56:052][685]LogModuleManager: Shutting down and abandoning module MeshUtilities (162)
[2017.12.03-19.30.56:052][685]LogModuleManager: Shutting down and abandoning module MeshMergeUtilities (161)
[2017.12.03-19.30.56:052][685]LogModuleManager: Shutting down and abandoning module MeshReductionInterface (160)
[2017.12.03-19.30.56:052][685]LogModuleManager: Shutting down and abandoning module SimplygonSwarm (159)
[2017.12.03-19.30.56:052][685]LogModuleManager: Shutting down and abandoning module SimplygonMeshReduction (157)
[2017.12.03-19.30.56:052][685]LogModuleManager: Shutting down and abandoning module QuadricMeshReduction (155)
[2017.12.03-19.30.56:052][685]LogModuleManager: Shutting down and abandoning module MaterialBaking (151)
[2017.12.03-19.30.56:052][685]LogModuleManager: Shutting down and abandoning module LevelSequence (148)
[2017.12.03-19.30.56:052][685]LogModuleManager: Shutting down and abandoning module DirectoryWatcher (146)
[2017.12.03-19.30.56:053][685]LogModuleManager: Shutting down and abandoning module DerivedDataCache (144)
[2017.12.03-19.30.56:126][685]LogDerivedDataCache: Shutdown
[2017.12.03-19.30.56:126][685]LogModuleManager: Shutting down and abandoning module TargetPlatform (142)
[2017.12.03-19.30.56:126][685]LogModuleManager: Shutting down and abandoning module VulkanShaderFormat (141)
[2017.12.03-19.30.56:126][685]LogModuleManager: Shutting down and abandoning module ShaderFormatVectorVM (139)
[2017.12.03-19.30.56:126][685]LogModuleManager: Shutting down and abandoning module ShaderFormatOpenGL (137)
[2017.12.03-19.30.56:126][685]LogModuleManager: Shutting down and abandoning module ShaderFormatD3D (135)
[2017.12.03-19.30.56:126][685]LogModuleManager: Shutting down and abandoning module MetalShaderFormat (133)
[2017.12.03-19.30.56:126][685]LogModuleManager: Shutting down and abandoning module TextureFormatUncompressed (131)
[2017.12.03-19.30.56:126][685]LogModuleManager: Shutting down and abandoning module TextureFormatPVR (129)
[2017.12.03-19.30.56:126][685]LogModuleManager: Shutting down and abandoning module TextureFormatDXT (127)
[2017.12.03-19.30.56:126][685]LogModuleManager: Shutting down and abandoning module TextureFormatIntelISPCTexComp (125)
[2017.12.03-19.30.56:127][685]LogModuleManager: Shutting down and abandoning module TextureFormatASTC (123)
[2017.12.03-19.30.56:127][685]LogModuleManager: Shutting down and abandoning module ImageWrapper (122)
[2017.12.03-19.30.56:127][685]LogModuleManager: Shutting down and abandoning module TextureFormatAndroid (119)
[2017.12.03-19.30.56:127][685]LogModuleManager: Shutting down and abandoning module AudioFormatOpus (117)
[2017.12.03-19.30.56:127][685]LogModuleManager: Shutting down and abandoning module AudioFormatOgg (115)
[2017.12.03-19.30.56:127][685]LogModuleManager: Shutting down and abandoning module AudioFormatADPCM (113)
[2017.12.03-19.30.56:127][685]LogModuleManager: Shutting down and abandoning module LinuxTargetPlatform (111)
[2017.12.03-19.30.56:127][685]LogModuleManager: Shutting down and abandoning module LinuxServerTargetPlatform (109)
[2017.12.03-19.30.56:127][685]LogModuleManager: Shutting down and abandoning module LinuxNoEditorTargetPlatform (107)
[2017.12.03-19.30.56:127][685]LogModuleManager: Shutting down and abandoning module LinuxClientTargetPlatform (105)
[2017.12.03-19.30.56:127][685]LogModuleManager: Shutting down and abandoning module TVOSTargetPlatform (103)
[2017.12.03-19.30.56:127][685]LogModuleManager: Shutting down and abandoning module Messaging (101)
[2017.12.03-19.30.56:127][685]LogModuleManager: Shutting down and abandoning module IOSTargetPlatform (99)
[2017.12.03-19.30.56:127][685]LogModuleManager: Shutting down and abandoning module HTML5TargetPlatform (97)
[2017.12.03-19.30.56:127][685]LogModuleManager: Shutting down and abandoning module Android_PVRTCTargetPlatform (95)
[2017.12.03-19.30.56:127][685]LogModuleManager: Shutting down and abandoning module Android_MultiTargetPlatform (93)
[2017.12.03-19.30.56:127][685]LogModuleManager: Shutting down and abandoning module Android_ETC2TargetPlatform (91)
[2017.12.03-19.30.56:127][685]LogModuleManager: Shutting down and abandoning module Android_ETC1TargetPlatform (89)
[2017.12.03-19.30.56:127][685]LogModuleManager: Shutting down and abandoning module Android_DXTTargetPlatform (87)
[2017.12.03-19.30.56:127][685]LogModuleManager: Shutting down and abandoning module Android_ATCTargetPlatform (85)
[2017.12.03-19.30.56:127][685]LogModuleManager: Shutting down and abandoning module Android_ASTCTargetPlatform (83)
[2017.12.03-19.30.56:127][685]LogModuleManager: Shutting down and abandoning module AndroidTargetPlatform (81)
[2017.12.03-19.30.56:127][685]LogModuleManager: Shutting down and abandoning module WindowsTargetPlatform (79)
[2017.12.03-19.30.56:127][685]LogModuleManager: Shutting down and abandoning module WindowsServerTargetPlatform (77)
[2017.12.03-19.30.56:127][685]LogModuleManager: Shutting down and abandoning module WindowsNoEditorTargetPlatform (75)
[2017.12.03-19.30.56:127][685]LogModuleManager: Shutting down and abandoning module WindowsClientTargetPlatform (73)
[2017.12.03-19.30.56:127][685]LogModuleManager: Shutting down and abandoning module MacTargetPlatform (71)
[2017.12.03-19.30.56:127][685]LogModuleManager: Shutting down and abandoning module MacServerTargetPlatform (69)
[2017.12.03-19.30.56:127][685]LogModuleManager: Shutting down and abandoning module MacNoEditorTargetPlatform (67)
[2017.12.03-19.30.56:127][685]LogModuleManager: Shutting down and abandoning module MacClientTargetPlatform (65)
[2017.12.03-19.30.56:127][685]LogModuleManager: Shutting down and abandoning module AllDesktopTargetPlatform (63)
[2017.12.03-19.30.56:127][685]LogModuleManager: Shutting down and abandoning module InputCore (60)
[2017.12.03-19.30.56:127][685]LogModuleManager: Shutting down and abandoning module Settings (58)
[2017.12.03-19.30.56:127][685]LogModuleManager: Shutting down and abandoning module PhysXCooking (56)
[2017.12.03-19.30.56:127][685]LogModuleManager: Shutting down and abandoning module SteamVR (54)
[2017.12.03-19.30.56:127][685]LogModuleManager: Shutting down and abandoning module OculusHMD (52)
[2017.12.03-19.30.56:127][685]LogModuleManager: Shutting down and abandoning module ExampleDeviceProfileSelector (50)
[2017.12.03-19.30.56:128][685]LogModuleManager: Shutting down and abandoning module OnlineBlueprintSupport (48)
[2017.12.03-19.30.56:128][685]LogModuleManager: Shutting down and abandoning module OnlineSubsystem (44)
[2017.12.03-19.30.56:128][685]LogOnline: Display: Unloading online subsystem: NULL
[2017.12.03-19.30.56:128][685]LogModuleManager: Shutting down and abandoning module XMPP (43)
[2017.12.03-19.30.56:128][685]LogModuleManager: Shutting down and abandoning module HTTP (41)
[2017.12.03-19.30.56:128][685]LogHttp: Display: Http module shutting down, but needs to wait on 1 outstanding Http requests:
[2017.12.03-19.30.56:128][685]LogHttp: Display: 	verb=[POST] url=[https://datarouter.ol.epicgames.com/datarouter/api/v1/public/data?SessionID=%7BFF51DBDB-4A54-B76B-7613-65BFCC73FDE6%7D&AppID=UEEditor.Rocket.Release&AppVersion=4.17.2-3658906%2B%2B%2BUE4%2BRelease-4.17&UserID=b0337dc246ebee5fdf02d7b1f3485944%7C7ab69ac5756e400f93617a6997e3fb17%7Ccf581f3e-b22c-4291-92f3-8811c332e20d&AppEnvironment=datacollector-binary&UploadType=eteventstream] status=Processing
[2017.12.03-19.30.56:134][685]LogModuleManager: Shutting down and abandoning module SSL (40)
[2017.12.03-19.30.56:135][685]LogModuleManager: Shutting down and abandoning module AnimationModifiers (36)
[2017.12.03-19.30.56:135][685]LogModuleManager: Shutting down and abandoning module PropertyEditor (35)
[2017.12.03-19.30.56:135][685]LogModuleManager: Shutting down and abandoning module AudioEditor (32)
[2017.12.03-19.30.56:135][685]LogModuleManager: Shutting down and abandoning module TextureCompressor (30)
[2017.12.03-19.30.56:135][685]LogModuleManager: Shutting down and abandoning module ShaderCore (28)
[2017.12.03-19.30.56:135][685]LogModuleManager: Shutting down and abandoning module Landscape (26)
[2017.12.03-19.30.56:135][685]LogModuleManager: Shutting down and abandoning module SlateRHIRenderer (24)
[2017.12.03-19.30.56:138][685]LogModuleManager: Shutting down and abandoning module OpenGLDrv (22)
[2017.12.03-19.30.56:138][685]LogModuleManager: Shutting down and abandoning module D3D11RHI (20)
[2017.12.03-19.30.56:138][685]LogModuleManager: Shutting down and abandoning module AnimGraphRuntime (18)
[2017.12.03-19.30.56:138][685]LogModuleManager: Shutting down and abandoning module Renderer (16)
[2017.12.03-19.30.56:138][685]LogModuleManager: Shutting down and abandoning module Engine (14)
[2017.12.03-19.30.56:138][685]LogModuleManager: Shutting down and abandoning module CoreUObject (12)
[2017.12.03-19.30.56:138][685]LogModuleManager: Shutting down and abandoning module NetworkFile (10)
[2017.12.03-19.30.56:138][685]LogModuleManager: Shutting down and abandoning module CookedIterativeFile (8)
[2017.12.03-19.30.56:138][685]LogModuleManager: Shutting down and abandoning module StreamingFile (6)
[2017.12.03-19.30.56:138][685]LogModuleManager: Shutting down and abandoning module SandboxFile (4)
[2017.12.03-19.30.56:138][685]LogModuleManager: Shutting down and abandoning module PakFile (2)
[2017.12.03-19.30.56:141][685]LogExit: Exiting.
[2017.12.03-19.30.56:159][685]Log file closed, 12/03/17 20:30:56
