Log file open, 11/26/17 16:58:27
LogWindows: Failed to load 'aqProf.dll' (GetLastError=126)
LogWindows: File 'aqProf.dll' does not exist
LogWindows: Failed to load 'VSPerf140.dll' (GetLastError=126)
LogWindows: File 'VSPerf140.dll' does not exist
LogWindows: Failed to load 'VtuneApi.dll' (GetLastError=126)
LogWindows: File 'VtuneApi.dll' does not exist
LogWindows: Failed to load 'VtuneApi32e.dll' (GetLastError=126)
LogWindows: File 'VtuneApi32e.dll' does not exist
LogInit: Display: Running engine for game: BuildingEscape
LogPlatformFile: Not using cached read wrapper
LogInit: Display: RandInit(-1115537139) SRandInit(-1115537139).
LogTaskGraph: Started task graph with 5 named threads and 14 total threads with 3 sets of task threads.
LogStats: Stats thread started at 0.193403
LogD3D11RHI: Aftermath initialized
LogPluginManager: Mounting plugin Paper2D
LogPluginManager: Mounting plugin LightPropagationVolume
LogPluginManager: Mounting plugin CodeLiteSourceCodeAccess
LogPluginManager: Mounting plugin GitSourceControl
LogPluginManager: Mounting plugin KDevelopSourceCodeAccess
LogPluginManager: Mounting plugin NullSourceCodeAccess
LogPluginManager: Mounting plugin PerforceSourceControl
LogPluginManager: Mounting plugin SubversionSourceControl
LogPluginManager: Mounting plugin UObjectPlugin
LogPluginManager: Mounting plugin VisualStudioSourceCodeAccess
LogPluginManager: Mounting plugin XCodeSourceCodeAccess
LogPluginManager: Mounting plugin AssetManagerEditor
LogPluginManager: Mounting plugin AudioCapture
LogPluginManager: Mounting plugin FacialAnimation
LogPluginManager: Mounting plugin GameplayTagsEditor
LogPluginManager: Mounting plugin MobileLauncherProfileWizard
LogPluginManager: Mounting plugin PluginBrowser
LogPluginManager: Mounting plugin SpeedTreeImporter
LogPluginManager: Mounting plugin AlembicImporter
LogPluginManager: Mounting plugin CharacterAI
LogPluginManager: Mounting plugin HTML5Networking
LogPluginManager: Mounting plugin AndroidMedia
LogPluginManager: Mounting plugin AvfMedia
LogPluginManager: Mounting plugin MediaPlayerEditor
LogPluginManager: Mounting plugin WmfMedia
LogPluginManager: Mounting plugin TcpMessaging
LogPluginManager: Mounting plugin UdpMessaging
LogPluginManager: Mounting plugin LevelSequenceEditor
LogPluginManager: Mounting plugin MatineeToLevelSequence
LogPluginManager: Mounting plugin OnlineSubsystemGooglePlay
LogPluginManager: Mounting plugin OnlineSubsystemIOS
LogPluginManager: Mounting plugin OnlineSubsystem
LogPluginManager: Mounting plugin OnlineSubsystemNull
LogPluginManager: Mounting plugin OnlineSubsystemUtils
LogPluginManager: Mounting plugin AndroidDeviceProfileSelector
LogPluginManager: Mounting plugin AndroidMoviePlayer
LogPluginManager: Mounting plugin AndroidPermission
LogPluginManager: Mounting plugin AppleMoviePlayer
LogPluginManager: Mounting plugin ArchVisCharacter
LogPluginManager: Mounting plugin CableComponent
LogPluginManager: Mounting plugin CustomMeshComponent
LogPluginManager: Mounting plugin ExampleDeviceProfileSelector
LogPluginManager: Mounting plugin GoogleCloudMessaging
LogPluginManager: Mounting plugin ImmediatePhysics
LogPluginManager: Mounting plugin IOSDeviceProfileSelector
LogPluginManager: Mounting plugin LinuxDeviceProfileSelector
LogPluginManager: Mounting plugin LocationServicesBPLibrary
LogPluginManager: Mounting plugin MobilePatchingUtils
LogPluginManager: Mounting plugin OculusVR
LogPluginManager: Mounting plugin PhysXVehicles
LogPluginManager: Mounting plugin ProceduralMeshComponent
LogPluginManager: Mounting plugin RuntimePhysXCooking
LogPluginManager: Mounting plugin SteamVR
LogPluginManager: Mounting plugin WindowsMoviePlayer
LogInit: Using libcurl 7.47.1
LogInit:  - built for x86_64-pc-win32
LogInit:  - supports SSL with OpenSSL/1.0.2g
LogInit:  - supports HTTP deflate (compression) using libz 1.2.8
LogInit:  - other features:
LogInit:      CURL_VERSION_SSL
LogInit:      CURL_VERSION_LIBZ
LogInit:      CURL_VERSION_IPV6
LogInit:      CURL_VERSION_ASYNCHDNS
LogInit:      CURL_VERSION_LARGEFILE
LogInit:      CURL_VERSION_IDN
LogInit:  CurlRequestOptions (configurable via config and command line):
LogInit:  - bVerifyPeer = false  - Libcurl will NOT verify peer certificate
LogInit:  - bUseHttpProxy = false  - Libcurl will NOT use HTTP proxy
LogInit:  - bDontReuseConnections = false  - Libcurl will reuse connections
LogInit:  - CertBundlePath = nullptr  - Libcurl will use whatever was configured at build time.
LogInit: Build: ++UE4+Release-4.17-CL-3658906
LogInit: Engine Version: 4.17.2-3658906+++UE4+Release-4.17
LogInit: Compatible Engine Version: 4.17.0-3573198+++UE4+Release-4.17
LogInit: Net CL: 3573198
LogDevObjectVersion: Number of dev versions registered: 16
LogDevObjectVersion:   Dev-Blueprints (B0D832E4-1F89-4F0D-ACCF-7EB736FD4AA2): 10
LogDevObjectVersion:   Dev-Build (E1C64328-A22C-4D53-A36C-8E866417BD8C): 0
LogDevObjectVersion:   Dev-Core (375EC13C-06E4-48FB-B500-84F0262A717E): 2
LogDevObjectVersion:   Dev-Editor (E4B068ED-F494-42E9-A231-DA0B2E46BB41): 20
LogDevObjectVersion:   Dev-Framework (CFFC743F-43B0-4480-9391-14DF171D2073): 28
LogDevObjectVersion:   Dev-Mobile (B02B49B5-BB20-44E9-A304-32B752E40360): 0
LogDevObjectVersion:   Dev-Networking (A4E4105C-59A1-49B5-A7C5-40C4547EDFEE): 0
LogDevObjectVersion:   Dev-Online (39C831C9-5AE6-47DC-9A44-9C173E1C8E7C): 0
LogDevObjectVersion:   Dev-Physics (78F01B33-EBEA-4F98-B9B4-84EACCB95AA2): 0
LogDevObjectVersion:   Dev-Platform (6631380F-2D4D-43E0-8009-CF276956A95A): 0
LogDevObjectVersion:   Dev-Rendering (12F88B9F-8875-4AFC-A67C-D90C383ABD29): 19
LogDevObjectVersion:   Dev-Sequencer (7B5AE74C-D270-4C10-A958-57980B212A5A): 4
LogDevObjectVersion:   Dev-VR (D7296918-1DD6-4BDD-9DE2-64A83CC13884): 0
LogDevObjectVersion:   Dev-LoadTimes (C2A15278-BFE7-4AFE-6C17-90FF531DF755): 1
LogDevObjectVersion:   Private-Geometry (6EACA3D4-40EC-4CC1-B786-8BED09428FC5): 1
LogDevObjectVersion:   Dev-AnimPhys (29E575DD-E0A3-4627-9D10-D276232CDCEA): 7
LogInit: Compiled (64-bit): Sep 22 2017 13:47:16
LogInit: Compiled with Visual C++: 19.00.24215.01
LogInit: Build Configuration: Development
LogInit: Branch Name: ++UE4+Release-4.17
LogInit: Command line: -EpicPortal 
LogInit: Base directory: H:/Programok/Epic Games/UE_4.17/Engine/Binaries/Win64/
LogInit: Installed Engine Build: 1
LogInit: Presizing for max 8388607 objects, including 0 objects not considered by GC, pre-allocating 0 bytes for permanent pool.
LogInit: Object subsystem initialized
[2017.11.26-15.58.29:539][  0]LogInit: Selected Device Profile: [Windows]
[2017.11.26-15.58.29:539][  0]LogInit: Applying CVar settings loaded from the selected device profile: [Windows]
[2017.11.26-15.58.29:558][  0]LogInit: Computer: KLAFA-PC
[2017.11.26-15.58.29:558][  0]LogInit: User: Klafa
[2017.11.26-15.58.29:558][  0]LogInit: CPU Page size=4096, Cores=4
[2017.11.26-15.58.29:558][  0]LogInit: High frequency timer resolution =3.429501 MHz
[2017.11.26-15.58.29:559][  0]LogMemory: Memory total: Physical=15.9GB (16GB approx)
[2017.11.26-15.58.29:559][  0]LogMemory: Platform Memory Stats for Windows
[2017.11.26-15.58.29:559][  0]LogMemory: Process Physical Memory: 280.45 MB used, 280.45 MB peak
[2017.11.26-15.58.29:559][  0]LogMemory: Process Virtual Memory: 285.64 MB used, 285.64 MB peak
[2017.11.26-15.58.29:559][  0]LogMemory: Physical Memory: 13322.81 MB used,  2962.15 MB free, 16284.96 MB total
[2017.11.26-15.58.29:559][  0]LogMemory: Virtual Memory: 662.15 MB used,  2962.15 MB free, 8388608.00 MB total
[2017.11.26-15.58.29:891][  0]LogInit: Using OS detected language (hu-HU).
[2017.11.26-15.58.29:891][  0]LogInit: Using OS detected locale (hu-HU).
[2017.11.26-15.58.29:896][  0]LogTextLocalizationManager: No localization for 'hu-HU' exists, so 'en' will be used for the language.
[2017.11.26-15.58.29:897][  0]LogTextLocalizationManager: No localization for 'hu-HU' exists, so 'en' will be used for the locale.
[2017.11.26-15.58.30:951][  0]LogD3D11RHI: D3D11 adapters:
[2017.11.26-15.58.30:981][  0]LogD3D11RHI:    0. 'NVIDIA GeForce GTX 760' (Feature Level 11_0)
[2017.11.26-15.58.30:981][  0]LogD3D11RHI:       1990/0/7886 MB DedicatedVideo/DedicatedSystem/SharedSystem, Outputs:2, VendorId:0x10de
[2017.11.26-15.58.30:981][  0]LogD3D11RHI: Chosen D3D11 Adapter: 0
[2017.11.26-15.58.30:999][  0]LogD3D11RHI: Creating new Direct3DDevice
[2017.11.26-15.58.30:999][  0]LogD3D11RHI:     GPU DeviceId: 0x1187 (for the marketing name, search the web for "GPU Device Id")
[2017.11.26-15.58.30:999][  0]LogWindows: EnumDisplayDevices:
[2017.11.26-15.58.30:999][  0]LogWindows:    0. 'NVIDIA GeForce GTX 760' (P:1 D:1)
[2017.11.26-15.58.30:999][  0]LogWindows:    1. 'NVIDIA GeForce GTX 760' (P:0 D:1)
[2017.11.26-15.58.31:000][  0]LogWindows:    2. 'NVIDIA GeForce GTX 760' (P:0 D:0)
[2017.11.26-15.58.31:000][  0]LogWindows:    3. 'NVIDIA GeForce GTX 760' (P:0 D:0)
[2017.11.26-15.58.31:000][  0]LogWindows:    4. 'RDPDD Chained DD' (P:0 D:0)
[2017.11.26-15.58.31:000][  0]LogWindows:    5. 'RDP Encoder Mirror Driver' (P:0 D:0)
[2017.11.26-15.58.31:000][  0]LogWindows:    6. 'RDP Reflector Display Driver' (P:0 D:0)
[2017.11.26-15.58.31:001][  0]LogWindows: DebugString: GetVideoDriverDetailsInvalid PrimaryIsNotTheChoosenAdapter GetVideoDriverDetailsInvalid PrimaryIsNotTheChoosenAdapter GetVideoDriverDetailsInvalid PrimaryIsNotTheChoosenAdapter FoundDriverCount:4 
[2017.11.26-15.58.31:001][  0]LogD3D11RHI:     Adapter Name: NVIDIA GeForce GTX 760
[2017.11.26-15.58.31:001][  0]LogD3D11RHI:   Driver Version: 385.69 (internal:22.21.13.8569, unified:385.69)
[2017.11.26-15.58.31:001][  0]LogD3D11RHI:      Driver Date: 9-16-2017
[2017.11.26-15.58.31:001][  0]LogRHI: Texture pool is 1361 MB (70% of 1945 MB)
[2017.11.26-15.58.31:013][  0]LogD3D11RHI: Async texture creation enabled
[2017.11.26-15.58.31:030][  0]LogD3D11RHI: GPU Timing Frequency: 1000.000000 (Debug: 2 2)
[2017.11.26-15.58.31:034][  0]LogShaderCompilers: Guid format shader working directory is -10 characters bigger than the processId version (K:/O/Programozas/Unreal/03_BuildingEscape/BuildingEscape/Intermediate/Shaders/WorkingDirectory/8236/).
[2017.11.26-15.58.31:034][  0]LogShaderCompilers: Cleaned the shader compiler working directory 'C:/Users/Klafa/AppData/Local/Temp/UnrealShaderWorkingDir/A73BF3404B3C370615CA019EAFCA61AF/'.
[2017.11.26-15.58.31:034][  0]LogShaderCompilers: Display: Using Local Shader Compiler.
[2017.11.26-15.58.32:446][  0]LogTemp: Display: Loaded TP AllDesktopTargetPlatform
[2017.11.26-15.58.32:538][  0]LogTemp: Display: Loaded TP MacClientTargetPlatform
[2017.11.26-15.58.32:628][  0]LogTemp: Display: Loaded TP MacNoEditorTargetPlatform
[2017.11.26-15.58.32:718][  0]LogTemp: Display: Loaded TP MacServerTargetPlatform
[2017.11.26-15.58.32:810][  0]LogTemp: Display: Loaded TP MacTargetPlatform
[2017.11.26-15.58.32:900][  0]LogTemp: Display: Loaded TP WindowsClientTargetPlatform
[2017.11.26-15.58.32:994][  0]LogTemp: Display: Loaded TP WindowsNoEditorTargetPlatform
[2017.11.26-15.58.33:085][  0]LogTemp: Display: Loaded TP WindowsServerTargetPlatform
[2017.11.26-15.58.33:167][  0]LogTemp: Display: Loaded TP WindowsTargetPlatform
[2017.11.26-15.58.33:258][  0]LogTemp: Display: Loaded TP AndroidTargetPlatform
[2017.11.26-15.58.33:346][  0]LogTemp: Display: Loaded TP Android_ASTCTargetPlatform
[2017.11.26-15.58.33:434][  0]LogTemp: Display: Loaded TP Android_ATCTargetPlatform
[2017.11.26-15.58.33:521][  0]LogTemp: Display: Loaded TP Android_DXTTargetPlatform
[2017.11.26-15.58.33:610][  0]LogTemp: Display: Loaded TP Android_ETC1TargetPlatform
[2017.11.26-15.58.33:698][  0]LogTemp: Display: Loaded TP Android_ETC2TargetPlatform
[2017.11.26-15.58.33:873][  0]LogTemp: Display: Loaded TP Android_MultiTargetPlatform
[2017.11.26-15.58.33:873][  0]LogTemp: Display: Loaded TP Android_PVRTCTargetPlatform
[2017.11.26-15.58.33:945][  0]LogTemp: Display: Loaded TP HTML5TargetPlatform
[2017.11.26-15.58.34:086][  0]LogTemp: Display: Loaded TP IOSTargetPlatform
[2017.11.26-15.58.34:132][  0]LogTemp: Display: Loaded TP TVOSTargetPlatform
[2017.11.26-15.58.34:219][  0]LogTemp: Display: Loaded TP LinuxClientTargetPlatform
[2017.11.26-15.58.34:308][  0]LogTemp: Display: Loaded TP LinuxNoEditorTargetPlatform
[2017.11.26-15.58.34:396][  0]LogTemp: Display: Loaded TP LinuxServerTargetPlatform
[2017.11.26-15.58.34:485][  0]LogTemp: Display: Loaded TP LinuxTargetPlatform
[2017.11.26-15.58.34:485][  0]LogTargetPlatformManager: Display: Building Assets For Windows
[2017.11.26-15.58.35:252][  0]LogDerivedDataCache: Display: Max Cache Size: 512 MB
[2017.11.26-15.58.35:432][  0]LogDerivedDataCache: Loaded boot cache 0.18s 93MB C:/Users/Klafa/AppData/Local/UnrealEngine/4.17/DerivedDataCache/Boot.ddc.
[2017.11.26-15.58.35:432][  0]LogDerivedDataCache: Display: Loaded Boot cache: C:/Users/Klafa/AppData/Local/UnrealEngine/4.17/DerivedDataCache/Boot.ddc
[2017.11.26-15.58.35:432][  0]LogDerivedDataCache: FDerivedDataBackendGraph:  Pak pak cache file K:/O/Programozas/Unreal/03_BuildingEscape/BuildingEscape/DerivedDataCache/DDC.ddp not found, will not use a pak cache.
[2017.11.26-15.58.35:432][  0]LogDerivedDataCache: Unable to find inner node Pak for hierarchical cache Hierarchy.
[2017.11.26-15.58.35:432][  0]LogDerivedDataCache: FDerivedDataBackendGraph:  CompressedPak pak cache file K:/O/Programozas/Unreal/03_BuildingEscape/BuildingEscape/DerivedDataCache/Compressed.ddp not found, will not use a pak cache.
[2017.11.26-15.58.35:432][  0]LogDerivedDataCache: Unable to find inner node CompressedPak for hierarchical cache Hierarchy.
[2017.11.26-15.58.35:457][  0]LogDerivedDataCache: Display: Pak cache opened for reading ../../../Engine/DerivedDataCache/Compressed.ddp.
[2017.11.26-15.58.35:469][  0]LogDerivedDataCache: Using Local data cache path C:/Users/Klafa/AppData/Local/UnrealEngine/Common/DerivedDataCache: Writable
[2017.11.26-15.58.35:486][  0]LogMaterial: Verifying Global Shaders for PCD3D_SM5
[2017.11.26-15.58.35:486][  0]LogSlate: Using Freetype 2.6.0
[2017.11.26-15.58.35:488][  0]LogSlate: SlateFontCache - WITH_FREETYPE: 1, WITH_HARFBUZZ: 1
[2017.11.26-15.58.35:488][  0]LogSlate: SlateFontCache - WITH_FREETYPE: 1, WITH_HARFBUZZ: 1
[2017.11.26-15.58.35:916][  0]LogAssetRegistry: FAssetRegistry took 0.0263 seconds to start up
[2017.11.26-15.58.36:215][  0]LogInit: Selected Device Profile: [Windows]
[2017.11.26-15.58.36:221][  0]LogContentStreaming: Texture pool size is 0.00 MB
[2017.11.26-15.58.36:828][  0]LogSimplygon: Simplygon DLL not present - disabling.
[2017.11.26-15.58.36:901][  0]LogMeshReduction: Using SimplygonSwarm for distributed automatic mesh merging
[2017.11.26-15.58.36:901][  0]LogMeshReduction: Using QuadricMeshReduction for automatic static mesh reduction
[2017.11.26-15.58.36:901][  0]LogMeshReduction: No automatic skeletal mesh reduction module available
[2017.11.26-15.58.36:901][  0]LogMeshReduction: No automatic mesh merging module available
[2017.11.26-15.58.36:901][  0]LogMeshMerging: No automatic mesh merging module available
[2017.11.26-15.58.37:436][  0]LogNetVersion: BuildingEscape , NetCL: 3573198, EngineNetVer: 2, GameNetVer: 0 (Checksum: 3580536536)
[2017.11.26-15.58.37:744][  0]LogPackageLocalizationCache: Processed 5 localized package path(s) for 1 prioritized culture(s) in 0.058913 seconds
[2017.11.26-15.58.37:752][  0]LogUObjectArray: 35825 objects as part of root set at end of initial load.
[2017.11.26-15.58.37:752][  0]LogUObjectAllocator: 7529104 out of 0 bytes used by permanent object pool.
[2017.11.26-15.58.37:752][  0]LogUObjectArray: CloseDisregardForGC: 0/0 objects in disregard for GC pool
[2017.11.26-15.58.37:843][  0]LogInit: WinSock: version 1.1 (2.2), MaxSocks=32767, MaxUdp=65467
[2017.11.26-15.58.42:073][  0]LogTcpMessaging: Initializing TcpMessaging bridge
[2017.11.26-15.58.42:123][  0]LogUdpMessaging: Initializing bridge on interface 0.0.0.0:0 to multicast group 230.0.0.1:6666.
[2017.11.26-15.58.43:238][  0]LogMaterial: Uniform references updated for custom material expression Custom.
[2017.11.26-15.58.43:895][  0]SourceControl: Source control is disabled
[2017.11.26-15.58.43:895][  0]SourceControl: Source control is disabled
[2017.11.26-15.58.43:975][  0]SourceControl: Source control is disabled
[2017.11.26-15.58.44:053][  0]SourceControl: Source control is disabled
[2017.11.26-15.58.45:020][  0]LogAndroidPermission: UAndroidPermissionCallbackProxy::GetInstance
[2017.11.26-15.58.45:432][  0]LogOcInput: OculusInput pre-init called
[2017.11.26-15.58.45:847][  0]LogEngine: Initializing Engine...
[2017.11.26-15.58.45:874][  0]LogHMD: Failed to initialize OpenVR with code 108
[2017.11.26-15.58.46:214][  0]LogStats: UGameplayTagsManager::ConstructGameplayTagTree: Construct from data asset -  0.000 s
[2017.11.26-15.58.46:214][  0]LogStats: UGameplayTagsManager::ConstructGameplayTagTree: GameplayTagTreeChangedEvent.Broadcast -  0.000 s
[2017.11.26-15.58.46:441][  0]LogAIModule: Creating AISystem for world Untitled
[2017.11.26-15.58.46:474][  0]LogInit: XAudio2 using 'Hangszórók (C-Media PCI Audio Device)' : 2 channels at 44.1 kHz using 16 bits per sample (channel mask 0x3)
[2017.11.26-15.58.46:482][  0]LogInit: FAudioDevice initialized.
[2017.11.26-15.58.46:627][  0]LogDerivedDataCache: Saved boot cache 0.15s 93MB C:/Users/Klafa/AppData/Local/UnrealEngine/4.17/DerivedDataCache/Boot.ddc.
[2017.11.26-15.58.46:663][  0]LogInit: Texture streaming: Enabled
[2017.11.26-15.58.46:838][  0]LogEngineSessionManager: EngineSessionManager initialized
[2017.11.26-15.58.47:230][  0]LogInit: Transaction tracking system initialized
[2017.11.26-15.58.47:781][  0]BlueprintLog: New page: Editor Load
[2017.11.26-15.58.49:322][  0]LocalizationService: Localization service is disabled
[2017.11.26-15.58.50:513][  0]LogConsoleResponse: Display: 
[2017.11.26-15.58.50:761][  0]LogCook: Display: Max memory allowance for cook 16384mb min free memory 0mb
[2017.11.26-15.58.50:761][  0]LogCook: Display: Mobile HDR setting 1
[2017.11.26-15.58.50:761][  0]LogGameplayTags: Display: UGameplayTagsManager::DoneAddingNativeTags. DelegateIsBound: 0
[2017.11.26-15.58.51:878][  0]LogFileCache: Scanning file cache for directory 'K:/O/Programozas/Unreal/03_BuildingEscape/BuildingEscape/Content/' took 0.01s
[2017.11.26-15.58.52:535][  0]SourceControl: Source control is disabled
[2017.11.26-15.58.52:535][  0]Cmd: MAP LOAD FILE="K:/O/Programozas/Unreal/03_BuildingEscape/BuildingEscape/Content/NewMap.umap" TEMPLATE=0 SHOWPROGRESS=1 FEATURELEVEL=3
[2017.11.26-15.58.52:536][  0]LightingResults: New page: Lighting Build
[2017.11.26-15.58.52:609][  0]MapCheck: New page: Map Check
[2017.11.26-15.58.52:610][  0]LightingResults: New page: Lighting Build
[2017.11.26-15.58.52:911][  0]LogAIModule: Creating AISystem for world NewMap
[2017.11.26-15.58.52:917][  0]LogEditorServer: Finished looking for orphan Actors (0.000 secs)
[2017.11.26-15.58.52:952][  0]Cmd: MAP CHECKDEP NOCLEARLOG
[2017.11.26-15.58.53:066][  0]MapCheck: Map check complete: 0 Error(s), 0 Warning(s), took 113.342ms to complete.
[2017.11.26-15.58.53:066][  0]LogFileHelpers: Loading map 'NewMap' took 0.531
[2017.11.26-15.58.53:273][  0]LogCollectionManager: Loaded 0 collections in 0.001928 seconds
[2017.11.26-15.58.53:433][  0]LogFileCache: Scanning file cache for directory 'K:/O/Programozas/Unreal/03_BuildingEscape/BuildingEscape/Saved/Collections/' took 0.01s
[2017.11.26-15.58.53:433][  0]LogFileCache: Scanning file cache for directory 'K:/O/Programozas/Unreal/03_BuildingEscape/BuildingEscape/Content/Developers/Klafa/Collections/' took 0.01s
[2017.11.26-15.58.53:433][  0]LogFileCache: Scanning file cache for directory 'K:/O/Programozas/Unreal/03_BuildingEscape/BuildingEscape/Content/Collections/' took 0.01s
[2017.11.26-15.58.53:433][  0]LogCollectionManager: Rebuilt the GUID cache for 0 collections in 0.000000 seconds
[2017.11.26-15.58.53:449][  0]LogContentBrowser: Native class hierarchy populated in 0.0160 seconds. Added 2387 classes and 502 folders.
[2017.11.26-15.58.53:559][  0]LogContentBrowser: Native class hierarchy updated for 'WidgetCarousel' in 0.0021 seconds. Added 0 classes and 0 folders.
[2017.11.26-15.58.53:625][  0]LogContentBrowser: Native class hierarchy updated for 'AddContentDialog' in 0.0024 seconds. Added 0 classes and 0 folders.
[2017.11.26-15.58.53:701][  0]LogContentBrowser: Native class hierarchy updated for 'SceneOutliner' in 0.0024 seconds. Added 1 classes and 2 folders.
[2017.11.26-15.58.53:729][  0]LogSlate: Took 0.000600 seconds to synchronously load lazily loaded font '../../../Engine/Content/Slate/Fonts/Roboto-Regular.ttf' (155K)
[2017.11.26-15.58.53:733][  0]LogSlate: Took 0.000470 seconds to synchronously load lazily loaded font '../../../Engine/Content/Slate/Fonts/Roboto-Bold.ttf' (160K)
[2017.11.26-15.58.53:740][  0]LogSlate: Took 0.000460 seconds to synchronously load lazily loaded font '../../../Engine/Content/Editor/Slate/Fonts/FontAwesome.ttf' (139K)
[2017.11.26-15.58.53:922][  0]LogRenderer: Reallocating scene render targets to support 1208x652 Format 10 NumSamples 1 (Frame:1).
[2017.11.26-15.58.53:992][  0]LogSlate: Took 0.000509 seconds to synchronously load lazily loaded font '../../../Engine/Content/Slate/Fonts/Roboto-Light.ttf' (159K)
[2017.11.26-15.58.54:269][  0]LogContentBrowser: Native class hierarchy updated for 'HierarchicalLODOutliner' in 0.0025 seconds. Added 1 classes and 2 folders.
[2017.11.26-15.58.54:270][  0]LogLoad: (Engine Initialization) Total time: 27.71 seconds
[2017.11.26-15.58.54:270][  0]LogLoad: (Engine Initialization) Total Blueprint compile time: 0.00 seconds
[2017.11.26-15.58.54:270][  0]LogExternalProfiler: No external profilers were discovered.  External profiling features will not be available.
[2017.11.26-15.58.54:304][  0]LogContentStreaming: Texture pool size now 1000 MB
[2017.11.26-15.58.54:398][  2]LogAssetRegistry: Asset discovery search completed in 18.5017 seconds
[2017.11.26-15.58.54:400][  2]LogCollectionManager: Rebuilt the object cache for 0 collections in 0.000001 seconds (found 0 objects)
[2017.11.26-15.58.54:400][  2]LogCollectionManager: Fixed up redirectors for 0 collections in 0.000047 seconds (updated 0 objects)
[2017.11.26-15.59.54:174][ 90]LogWindows: LaunchURL http://docs.unrealengine.com/latest/INT/Engine/UI/LevelEditor/Viewports/ViewportControls/index.html
[2017.11.26-16.03.22:561][489]LogRenderer: Reallocating scene render targets to support 1208x1044 Format 10 NumSamples 1 (Frame:5996).
[2017.11.26-16.04.11:264][701]LogActorFactory: Actor Factory created SM_Chair
[2017.11.26-16.04.17:444][ 12]LogActorFactory: Actor Factory created SM_Chair
[2017.11.26-16.04.20:414][172]Cmd: CAMERA ALIGN ACTIVEVIEWPORTONLY
[2017.11.26-16.04.44:192][357]LogEditorViewport: Clicking on Actor (LMB): StaticMeshActor (Floor)
[2017.11.26-16.04.45:991][447]Cmd: CAMERA ALIGN ACTIVEVIEWPORTONLY
[2017.11.26-16.06.26:596][417]LogActorFactory: Actor Factory created SM_Rock
[2017.11.26-16.06.29:929][546]LogActorFactory: Actor Factory created SM_Rock
[2017.11.26-16.06.56:270][960]LogEditorViewport: Clicking on Actor (LMB): StaticMeshActor (Floor)
[2017.11.26-16.06.57:512][ 24]LogEditorViewport: Clicking on Actor (LMB): StaticMeshActor (SM_Rock)
[2017.11.26-16.06.59:684][129]LogActorFactory: Actor Factory created SM_Rock
[2017.11.26-16.07.01:904][225]LogActorFactory: Actor Factory created SM_Rock
[2017.11.26-16.07.14:689][874]LogActorFactory: Actor Factory created SM_Rock
[2017.11.26-16.07.19:088][ 66]LogActorFactory: Actor Factory created SM_Rock
[2017.11.26-16.07.20:545][125]LogActorFactory: Actor Factory created SM_Rock
[2017.11.26-16.07.22:155][192]LogActorFactory: Actor Factory created SM_Rock
[2017.11.26-16.07.23:461][237]LogActorFactory: Actor Factory created SM_Rock
[2017.11.26-16.07.25:692][328]LogActorFactory: Actor Factory created SM_Rock
[2017.11.26-16.07.27:049][378]LogActorFactory: Actor Factory created SM_Rock
[2017.11.26-16.07.29:195][475]LogActorFactory: Actor Factory created SM_Rock
[2017.11.26-16.07.33:527][672]LogActorFactory: Actor Factory created SM_Lamp_Ceiling
[2017.11.26-16.07.35:546][752]LogActorFactory: Actor Factory created SM_Lamp_Ceiling
[2017.11.26-16.07.44:020][197]LogEditorViewport: Clicking on Actor (LMB): StaticMeshActor (Floor)
[2017.11.26-16.07.45:491][273]LogEditorViewport: Clicking on Actor (LMB): StaticMeshActor (SM_Lamp_Ceiling)
[2017.11.26-16.08.09:768][162]LogSlate: Took 0.000397 seconds to synchronously load lazily loaded font '../../../Engine/Content/Slate/Fonts/Roboto-Light.ttf' (159K)
[2017.11.26-16.08.22:720][875]LogEditorViewport: Clicking on Actor (LMB): StaticMeshActor (Floor)
[2017.11.26-16.08.22:937][881]Cmd: SELECT NONE
[2017.11.26-16.08.23:169][885]Cmd: SELECT NONE
[2017.11.26-16.08.24:048][929]LogEditorViewport: Clicking on Actor (LMB): StaticMeshActor (SM_Lamp_Ceiling)
[2017.11.26-16.08.24:768][963]LogEditorViewport: Clicking on Actor (context menu): StaticMeshActor (SM_Lamp_Ceiling)
[2017.11.26-16.08.45:194][953]LogEditorActor: Deleted Actor: StaticMeshActor
[2017.11.26-16.08.45:229][953]LogEditorActor: Deleted 1 Actors (0.037 secs)
[2017.11.26-16.08.47:887][ 89]LogEditorActor: Deleted Actor: StaticMeshActor
[2017.11.26-16.08.47:908][ 89]LogEditorActor: Deleted 1 Actors (0.021 secs)
[2017.11.26-16.08.48:869][138]LogEditorActor: Deleted Actor: StaticMeshActor
[2017.11.26-16.08.48:891][138]LogEditorActor: Deleted 1 Actors (0.022 secs)
[2017.11.26-16.08.49:940][195]LogEditorActor: Deleted Actor: StaticMeshActor
[2017.11.26-16.08.49:962][195]LogEditorActor: Deleted 1 Actors (0.022 secs)
[2017.11.26-16.08.50:946][248]LogEditorActor: Deleted Actor: StaticMeshActor
[2017.11.26-16.08.50:972][248]LogEditorActor: Deleted 1 Actors (0.027 secs)
[2017.11.26-16.08.51:744][292]LogEditorActor: Deleted Actor: StaticMeshActor
[2017.11.26-16.08.51:767][292]LogEditorActor: Deleted 1 Actors (0.023 secs)
[2017.11.26-16.08.59:892][752]LogEditorViewport: Clicking on Actor (LMB): DirectionalLight (Light Source)
[2017.11.26-16.09.17:676][970]LogEditorViewport: Clicking on Actor (LMB): StaticMeshActor (Floor)
[2017.11.26-16.09.31:024][655]LogEditorViewport: Clicking on Actor (LMB): StaticMeshActor (SM_Chair)
[2017.11.26-16.10.07:542][478]LogActorFactory: Actor Factory created SM_Rock
[2017.11.26-16.10.11:706][675]LogActorFactory: Actor Factory created SM_Rock
[2017.11.26-16.10.26:423][437]LogActorFactory: Actor Factory created SM_Rock
[2017.11.26-16.10.29:875][596]LogActorFactory: Actor Factory created SM_Rock
[2017.11.26-16.10.31:979][699]LogActorFactory: Actor Factory created SM_Rock
[2017.11.26-16.10.34:597][814]LogActorFactory: Actor Factory created SM_Rock
[2017.11.26-16.11.29:849][648]LogActorFactory: Actor Factory created SM_TableRound
[2017.11.26-16.11.32:196][750]LogActorFactory: Actor Factory created SM_TableRound
[2017.11.26-16.11.39:633][ 23]LogActorFactory: Actor Factory created SM_Lamp_Wall
[2017.11.26-16.11.42:750][158]LogActorFactory: Actor Factory created SM_Lamp_Wall
[2017.11.26-16.12.17:230][911]LogEditorViewport: Clicking on Actor (LMB): StaticMeshActor (Floor)
[2017.11.26-16.12.18:995][  4]LogEditorViewport: Clicking on Actor (LMB): StaticMeshActor (SM_Lamp_Wall)
[2017.11.26-16.12.32:945][720]LogEditorViewport: Clicking on Actor (LMB): StaticMeshActor (Floor)
[2017.11.26-16.14.44:670][710]LogEditorViewport: Clicking on Actor (LMB): StaticMeshActor (Floor)
[2017.11.26-16.14.56:158][348]LogEditorViewport: Clicking on Actor (LMB): StaticMeshActor (SM_TableRound)
[2017.11.26-16.15.24:683][927]LogEditorViewport: Clicking on Actor (LMB): StaticMeshActor (SM_Rock)
[2017.11.26-16.15.32:882][388]LogEditorViewport: Clicking on Actor (LMB): StaticMeshActor (Floor)
[2017.11.26-16.15.46:061][ 30]LogEditorViewport: Clicking on Actor (LMB): StaticMeshActor (SM_Chair)
[2017.11.26-16.15.50:394][267]LogEditorViewport: Clicking on Actor (LMB): StaticMeshActor (Floor)
[2017.11.26-16.15.58:339][655]LogEditorViewport: Clicking on Actor (LMB): StaticMeshActor (SM_Chair)
[2017.11.26-16.16.01:909][843]LogEditorViewport: Clicking on Actor (LMB): StaticMeshActor (Floor)
[2017.11.26-16.16.06:682][ 86]LogEditorViewport: Clicking on Actor (LMB): StaticMeshActor (SM_Chair)
[2017.11.26-16.16.09:691][257]Cmd: TRANSACTION UNDO
[2017.11.26-16.16.09:691][257]LogEditorTransaction: Undo Clicking on Actors
[2017.11.26-16.16.09:798][257]LogSlate: Took 0.000581 seconds to synchronously load lazily loaded font '../../../Engine/Content/Slate/Fonts/Roboto-Light.ttf' (159K)
[2017.11.26-16.16.10:171][270]Cmd: TRANSACTION UNDO
[2017.11.26-16.16.10:171][270]LogEditorTransaction: Undo Clicking on Actors
[2017.11.26-16.16.10:731][295]Cmd: TRANSACTION UNDO
[2017.11.26-16.16.10:731][295]LogEditorTransaction: Undo Scale Actors
[2017.11.26-16.16.11:167][313]Cmd: TRANSACTION UNDO
[2017.11.26-16.16.11:167][313]LogEditorTransaction: Undo Clicking on Actors
[2017.11.26-16.16.11:697][335]Cmd: TRANSACTION UNDO
[2017.11.26-16.16.11:697][335]LogEditorTransaction: Undo Clicking on Actors
[2017.11.26-16.16.12:176][357]Cmd: TRANSACTION UNDO
[2017.11.26-16.16.12:176][357]LogEditorTransaction: Undo Scale Actors
[2017.11.26-16.17.04:422][942]LogEditorViewport: Clicking Background
[2017.11.26-16.17.06:790][ 43]Cmd: OBJ SAVEPACKAGE PACKAGE="/Game/NewMap" FILE="K:/O/Programozas/Unreal/03_BuildingEscape/BuildingEscape/Saved/Autosaves/Game/NewMap_Auto1.umap" SILENT=true AUTOSAVING=true KEEPDIRTY=false
[2017.11.26-16.17.06:884][ 43]LogSavePackage: Save=64.30ms
[2017.11.26-16.17.06:884][ 43]LogSavePackage: Moving 'K:/O/Programozas/Unreal/03_BuildingEscape/BuildingEscape/Saved/NewMap_Auto15C0A869D4DC7EB2FFC8108ABE922A717.tmp' to 'K:/O/Programozas/Unreal/03_BuildingEscape/BuildingEscape/Saved/Autosaves/Game/NewMap_Auto1.umap'
[2017.11.26-16.17.06:887][ 43]LogSavePackage: Display: Finished SavePackage K:/O/Programozas/Unreal/03_BuildingEscape/BuildingEscape/Saved/Autosaves/Game/NewMap_Auto1.umap
[2017.11.26-16.17.06:893][ 43]LogFileHelpers: Editor autosave (incl. sublevels) for '/Game/NewMap' took 0.146
[2017.11.26-16.17.06:893][ 43]LogFileHelpers: Editor autosave (incl. sublevels) for all levels took 0.146
[2017.11.26-16.18.21:843][808]Cmd: OBJ SAVEPACKAGE PACKAGE="/Game/NewMap" FILE="K:/O/Programozas/Unreal/03_BuildingEscape/BuildingEscape/Content/NewMap.umap" SILENT=true AUTOSAVING=false KEEPDIRTY=false
[2017.11.26-16.18.21:937][808]LogSavePackage: Save=64.03ms
[2017.11.26-16.18.21:937][808]LogSavePackage: Moving 'K:/O/Programozas/Unreal/03_BuildingEscape/BuildingEscape/Saved/NewMapD6400D2E424FAAF319A7D4970A191D5A.tmp' to 'K:/O/Programozas/Unreal/03_BuildingEscape/BuildingEscape/Content/NewMap.umap'
[2017.11.26-16.18.21:956][808]LogSavePackage: Display: Finished SavePackage K:/O/Programozas/Unreal/03_BuildingEscape/BuildingEscape/Content/NewMap.umap
[2017.11.26-16.18.21:992][808]LogFileHelpers: Saving map 'NewMap' took 0.287
[2017.11.26-16.18.28:530][187]LogEditorViewport: Clicking on Actor (LMB): BP_Sky_Sphere_C (Sky Sphere)
[2017.11.26-16.18.36:799][608]LogSlate: Took 0.013846 seconds to synchronously load lazily loaded font '../../../Engine/Content/Editor/Slate/Fonts/Roboto-Italic.ttf' (157K)
[2017.11.26-16.28.25:376][302]Cmd: OBJ SAVEPACKAGE PACKAGE="/Game/NewMap" FILE="K:/O/Programozas/Unreal/03_BuildingEscape/BuildingEscape/Saved/Autosaves/Game/NewMap_Auto2.umap" SILENT=true AUTOSAVING=true KEEPDIRTY=false
[2017.11.26-16.28.25:548][302]LogSavePackage: Save=72.35ms
[2017.11.26-16.28.25:548][302]LogSavePackage: Moving 'K:/O/Programozas/Unreal/03_BuildingEscape/BuildingEscape/Saved/NewMap_Auto20F22C7B54E3BC36B74E2BB8E74820588.tmp' to 'K:/O/Programozas/Unreal/03_BuildingEscape/BuildingEscape/Saved/Autosaves/Game/NewMap_Auto2.umap'
[2017.11.26-16.28.25:551][302]LogSavePackage: Display: Finished SavePackage K:/O/Programozas/Unreal/03_BuildingEscape/BuildingEscape/Saved/Autosaves/Game/NewMap_Auto2.umap
[2017.11.26-16.28.25:555][302]LogFileHelpers: Editor autosave (incl. sublevels) for '/Game/NewMap' took 0.237
[2017.11.26-16.28.25:555][302]LogFileHelpers: Editor autosave (incl. sublevels) for all levels took 0.237
[2017.11.26-19.43.04:734][192]LogEditorViewport: Clicking on Actor (LMB): StaticMeshActor (SM_Chair)
[2017.11.26-19.44.05:481][556]LogSlate: Took 0.042662 seconds to synchronously load lazily loaded font '../../../Engine/Content/Editor/Slate/Fonts/Roboto-BoldCondensed.ttf' (158K)
[2017.11.26-19.45.00:293][556]Running H:/Programok/Epic Games/UE_4.17/Engine/Binaries/DotNET/UnrealBuildTool.exe BuildingEscape Win64 Development -editorrecompile "K:/O/Programozas/Unreal/03_BuildingEscape/BuildingEscape/BuildingEscape.uproject" -invalidatemakefilesonly
[2017.11.26-19.45.01:238][556]Invalidating makefiles only in this run.
[2017.11.26-19.45.01:558][556]LogSlate: Took 0.052647 seconds to synchronously load lazily loaded font '../../../Engine/Content/Slate/Fonts/Roboto-Regular.ttf' (155K)
[2017.11.26-19.45.02:108][556]Candidate modules for hot reload:
[2017.11.26-19.45.02:108][556]  BuildingEscape
[2017.11.26-19.45.02:109][556]Launching UnrealBuildTool... [H:/Programok/Epic Games/UE_4.17/Engine/Binaries/DotNET/UnrealBuildTool.exe BuildingEscape -ModuleWithSuffix BuildingEscape 1651 Win64 Development -editorrecompile -canskiplink "K:/O/Programozas/Unreal/03_BuildingEscape/BuildingEscape/BuildingEscape.uproject" ]
[2017.11.26-19.46.39:629][556]CompilerResultsLog: New page: Compilation - Nov 26, 2017, 9:46:39 PM
[2017.11.26-19.46.39:629][556]CompilerResultsLog: Compiling game modules for hot reload
[2017.11.26-19.46.39:629][556]CompilerResultsLog: Parsing headers for BuildingEscapeEditor
[2017.11.26-19.46.39:629][556]CompilerResultsLog:   Running UnrealHeaderTool "K:\O\Programozas\Unreal\03_BuildingEscape\BuildingEscape\BuildingEscape.uproject" "K:\O\Programozas\Unreal\03_BuildingEscape\BuildingEscape\Intermediate\Build\Win64\BuildingEscapeEditor\Development\BuildingEscapeEditor.uhtmanifest" -LogCmds="loginit warning, logexit warning, logdatabase error" -Unattended -WarningsAsErrors -installed
[2017.11.26-19.46.39:629][556]CompilerResultsLog: Reflection code generated for BuildingEscapeEditor in 13,373319 seconds
[2017.11.26-19.46.39:629][556]CompilerResultsLog: Performing 5 actions (4 in parallel)
[2017.11.26-19.46.39:629][556]CompilerResultsLog: PositionReporter.gen.cpp
[2017.11.26-19.46.39:629][556]CompilerResultsLog: PositionReporter.cpp
[2017.11.26-19.46.39:629][556]CompilerResultsLog: BuildingEscape.init.gen.cpp
[2017.11.26-19.46.39:629][556]CompilerResultsLog: [4/5] Link UE4Editor-BuildingEscape-1651.dll
[2017.11.26-19.46.39:629][556]CompilerResultsLog: [5/5] Link UE4Editor-BuildingEscape-1651.lib
[2017.11.26-19.46.39:629][556]CompilerResultsLog:    Creating library K:\O\Programozas\Unreal\03_BuildingEscape\BuildingEscape\Intermediate\Build\Win64\UE4Editor\Development\UE4Editor-BuildingEscape-1651.lib and object K:\O\Programozas\Unreal\03_BuildingEscape\BuildingEscape\Intermediate\Build\Win64\UE4Editor\Development\UE4Editor-BuildingEscape-1651.exp
[2017.11.26-19.46.39:629][556]CompilerResultsLog:    Creating library K:\O\Programozas\Unreal\03_BuildingEscape\BuildingEscape\Intermediate\Build\Win64\UE4Editor\Development\UE4Editor-BuildingEscape-1651.suppressed.lib and object K:\O\Programozas\Unreal\03_BuildingEscape\BuildingEscape\Intermediate\Build\Win64\UE4Editor\Development\UE4Editor-BuildingEscape-1651.suppressed.exp
[2017.11.26-19.46.39:629][556]CompilerResultsLog: Total build time: 96,94 seconds (Local executor: 54,95 seconds)
[2017.11.26-19.46.39:646][556]LogMainFrame: MainFrame: Module compiling took 97.986 seconds
[2017.11.26-19.46.40:910][556]LogClass: Could not find existing class PositionReporter in package /Script/BuildingEscape for HotReload, assuming new class
[2017.11.26-19.46.40:921][556]LogContentBrowser: Native class hierarchy updated for 'BuildingEscape' in 0.0033 seconds. Added 2 classes and 2 folders.
[2017.11.26-19.46.40:923][556]Display: HotReload successful (0 functions remapped  0 scriptstructs remapped)
[2017.11.26-19.46.41:227][556]LogContentBrowser: Native class hierarchy populated in 0.0252 seconds. Added 2390 classes and 506 folders.
[2017.11.26-19.46.41:243][556]Display: HotReload took 99.7s.
[2017.11.26-19.46.41:246][556]Warning: HotReload operation took 99.7s.
[2017.11.26-19.46.42:089][556]LogVSAccessor: Warning: Couldn't goto line number '0' in 'K:/O/Programozas/Unreal/03_BuildingEscape/BuildingEscape/Source/BuildingEscape/PositionReporter.h'
[2017.11.26-19.46.42:395][556]LogVSAccessor: Warning: Couldn't goto line number '0' in 'K:/O/Programozas/Unreal/03_BuildingEscape/BuildingEscape/Source/BuildingEscape/PositionReporter.cpp'
[2017.11.26-19.46.42:547][556]LogHotReload: New module detected: UE4Editor-BuildingEscape-1651.dll
[2017.11.26-19.46.42:932][557]LogHotReload: Starting Hot-Reload from IDE
[2017.11.26-19.46.43:111][557]LogContentBrowser: Native class hierarchy updated for 'BuildingEscape' in 0.0023 seconds. Added 2 classes and 2 folders.
[2017.11.26-19.46.43:113][557]Display: HotReload successful (0 functions remapped  0 scriptstructs remapped)
[2017.11.26-19.46.43:135][557]LogContentBrowser: Native class hierarchy populated in 0.0182 seconds. Added 2390 classes and 506 folders.
[2017.11.26-19.46.43:153][557]Display: HotReload took  0.2s.
[2017.11.26-19.46.53:280][587]Cmd: OBJ SAVEPACKAGE PACKAGE="/Game/NewMap" FILE="K:/O/Programozas/Unreal/03_BuildingEscape/BuildingEscape/Saved/Autosaves/Game/NewMap_Auto3.umap" SILENT=true AUTOSAVING=true KEEPDIRTY=false
[2017.11.26-19.46.53:480][587]LogSavePackage: Save=91.55ms
[2017.11.26-19.46.53:481][587]LogSavePackage: Moving 'K:/O/Programozas/Unreal/03_BuildingEscape/BuildingEscape/Saved/NewMap_Auto3AA6496D14D06F4638FF2F1BB5323AB65.tmp' to 'K:/O/Programozas/Unreal/03_BuildingEscape/BuildingEscape/Saved/Autosaves/Game/NewMap_Auto3.umap'
[2017.11.26-19.46.53:484][587]LogSavePackage: Display: Finished SavePackage K:/O/Programozas/Unreal/03_BuildingEscape/BuildingEscape/Saved/Autosaves/Game/NewMap_Auto3.umap
[2017.11.26-19.46.53:489][587]LogFileHelpers: Editor autosave (incl. sublevels) for '/Game/NewMap' took 0.234
[2017.11.26-19.46.53:489][587]LogFileHelpers: Editor autosave (incl. sublevels) for all levels took 0.234
[2017.11.26-19.49.39:278][510]LogTemp: Executing iPhonePackager certificates Engine -bundlename com.YourCompany.BuildingEscape
[2017.11.26-19.49.39:278][510]LogTemp: CWD: H:\Programok\Epic Games\UE_4.17\Engine\Binaries\DotNET\IOS
[2017.11.26-19.49.39:278][510]LogTemp: Initial Dir: H:\Programok\Epic Games\UE_4.17
[2017.11.26-19.49.39:278][510]LogTemp: Env CWD: H:\Programok\Epic Games\UE_4.17\Engine\Binaries\DotNET\IOS
[2017.11.26-19.49.39:278][510]LogTemp: BranchPath = KLAFA-PC/H/Programok/Epic Games/UE_4.17/Engine/Binaries --- GameBranchPath = KLAFA-PC/H/Programok/Epic Games/UE_4.17/Engine/Binaries
[2017.11.26-19.49.39:298][512]LogTemp: IPP ERROR: Could not find provision directory 'C:\Users\Klafa\AppData\Local/Apple Computer/MobileDevice/Provisioning Profiles/'.
[2017.11.26-19.49.39:320][514]LogEditorViewport: Clicking on Actor (LMB): BP_Sky_Sphere_C (Sky Sphere)
[2017.11.26-20.06.29:107][600]Cmd: OBJ SAVEPACKAGE PACKAGE="/Game/NewMap" FILE="K:/O/Programozas/Unreal/03_BuildingEscape/BuildingEscape/Content/NewMap.umap" SILENT=true AUTOSAVING=false KEEPDIRTY=false
[2017.11.26-20.06.29:231][600]LogSavePackage: Save=64.29ms
[2017.11.26-20.06.29:231][600]LogSavePackage: Moving 'K:/O/Programozas/Unreal/03_BuildingEscape/BuildingEscape/Saved/NewMap878E1C5B4813EAAAAF4958AC88B09B79.tmp' to 'K:/O/Programozas/Unreal/03_BuildingEscape/BuildingEscape/Content/NewMap.umap'
[2017.11.26-20.06.29:243][600]LogSavePackage: Display: Finished SavePackage K:/O/Programozas/Unreal/03_BuildingEscape/BuildingEscape/Content/NewMap.umap
[2017.11.26-20.06.29:273][600]LogFileHelpers: Saving map 'NewMap' took 0.322
[2017.11.26-20.06.32:818][930]Cmd: QUIT_EDITOR
[2017.11.26-20.06.33:124][930]LogExit: Preparing to exit.
[2017.11.26-20.06.34:576][930]LogExit: Editor shut down
[2017.11.26-20.06.34:583][930]LogExit: Transaction tracking system shut down
[2017.11.26-20.06.35:015][930]LogDirectoryWatcher: A directory notification for '../../../Engine/Content/' was aborted.
[2017.11.26-20.06.35:015][930]LogDirectoryWatcher: A directory notification for 'K:/O/Programozas/Unreal/03_BuildingEscape/BuildingEscape/Content/' was aborted.
[2017.11.26-20.06.35:015][930]LogDirectoryWatcher: A directory notification for '../../../Engine/Plugins/2D/Paper2D/Content/' was aborted.
[2017.11.26-20.06.35:015][930]LogDirectoryWatcher: A directory notification for '../../../Engine/Plugins/Runtime/Oculus/OculusVR/Content/' was aborted.
[2017.11.26-20.06.35:015][930]LogDirectoryWatcher: A directory notification for '../../../Engine/Plugins/Runtime/Steam/SteamVR/Content/' was aborted.
[2017.11.26-20.06.36:113][930]LogExit: Object subsystem successfully closed.
[2017.11.26-20.06.36:446][930]LogD3D11RHI: Shutdown
[2017.11.26-20.06.36:451][930]LogD3D11RHI: CleanupD3DDevice
[2017.11.26-20.06.36:607][930]LogD3D11RHI: ~FD3D11DynamicRHI
[2017.11.26-20.06.37:265][930]LogModuleManager: Shutting down and abandoning module ExternalImagePicker (536)
[2017.11.26-20.06.37:265][930]LogModuleManager: Shutting down and abandoning module BuildingEscape (534)
[2017.11.26-20.06.37:265][930]LogModuleManager: Shutting down and abandoning module HierarchicalLODOutliner (532)
[2017.11.26-20.06.37:265][930]LogModuleManager: Shutting down and abandoning module SceneOutliner (530)
[2017.11.26-20.06.37:270][930]LogModuleManager: Shutting down and abandoning module AddContentDialog (528)
[2017.11.26-20.06.37:278][930]LogDirectoryWatcher: A directory notification for 'H:/Programok/Epic Games/UE_4.17/FeaturePacks/' was aborted.
[2017.11.26-20.06.37:305][930]LogModuleManager: Shutting down and abandoning module WidgetCarousel (527)
[2017.11.26-20.06.37:305][930]LogModuleManager: Shutting down and abandoning module EditorWidgets (524)
[2017.11.26-20.06.37:305][930]LogModuleManager: Shutting down and abandoning module CollectionManager (522)
[2017.11.26-20.06.37:311][930]LogDirectoryWatcher: A directory notification for 'K:/O/Programozas/Unreal/03_BuildingEscape/BuildingEscape/Content/Collections/' was aborted.
[2017.11.26-20.06.37:311][930]LogDirectoryWatcher: A directory notification for 'K:/O/Programozas/Unreal/03_BuildingEscape/BuildingEscape/Content/Developers/Klafa/Collections/' was aborted.
[2017.11.26-20.06.37:311][930]LogDirectoryWatcher: A directory notification for 'K:/O/Programozas/Unreal/03_BuildingEscape/BuildingEscape/Saved/Collections/' was aborted.
[2017.11.26-20.06.37:311][930]LogModuleManager: Shutting down and abandoning module StatsViewer (520)
[2017.11.26-20.06.37:327][930]LogModuleManager: Shutting down and abandoning module FoliageEdit (518)
[2017.11.26-20.06.37:327][930]LogModuleManager: Shutting down and abandoning module LandscapeEditor (516)
[2017.11.26-20.06.37:333][930]LogModuleManager: Shutting down and abandoning module MeshPaintMode (514)
[2017.11.26-20.06.37:333][930]LogModuleManager: Shutting down and abandoning module SceneDepthPickerMode (512)
[2017.11.26-20.06.37:333][930]LogModuleManager: Shutting down and abandoning module ActorPickerMode (510)
[2017.11.26-20.06.37:333][930]LogModuleManager: Shutting down and abandoning module GeometryMode (508)
[2017.11.26-20.06.37:333][930]LogModuleManager: Shutting down and abandoning module TextureAlignMode (506)
[2017.11.26-20.06.37:333][930]LogModuleManager: Shutting down and abandoning module BspMode (504)
[2017.11.26-20.06.37:343][930]LogModuleManager: Shutting down and abandoning module PIEPreviewDeviceProfileSelector (502)
[2017.11.26-20.06.37:343][930]LogModuleManager: Shutting down and abandoning module HardwareSurvey (500)
[2017.11.26-20.06.37:343][930]LogModuleManager: Shutting down and abandoning module SequenceRecorderSections (498)
[2017.11.26-20.06.37:346][930]LogModuleManager: Shutting down and abandoning module AutomationWorker (496)
[2017.11.26-20.06.37:355][930]LogModuleManager: Shutting down and abandoning module MatineeToLevelSequence (494)
[2017.11.26-20.06.37:355][930]LogModuleManager: Shutting down and abandoning module LevelSequenceEditor (492)
[2017.11.26-20.06.37:421][930]LogModuleManager: Shutting down and abandoning module PlacementMode (491)
[2017.11.26-20.06.37:421][930]LogModuleManager: Shutting down and abandoning module WmfMediaFactory (488)
[2017.11.26-20.06.37:421][930]LogModuleManager: Shutting down and abandoning module WmfMediaEditor (486)
[2017.11.26-20.06.37:421][930]LogModuleManager: Shutting down and abandoning module AvfMediaFactory (484)
[2017.11.26-20.06.37:421][930]LogModuleManager: Shutting down and abandoning module AvfMediaEditor (482)
[2017.11.26-20.06.37:421][930]LogModuleManager: Shutting down and abandoning module AndroidMediaFactory (480)
[2017.11.26-20.06.37:421][930]LogModuleManager: Shutting down and abandoning module Media (479)
[2017.11.26-20.06.37:422][930]LogModuleManager: Shutting down and abandoning module AndroidMediaEditor (476)
[2017.11.26-20.06.37:422][930]LogModuleManager: Shutting down and abandoning module CharacterAI (474)
[2017.11.26-20.06.37:422][930]LogModuleManager: Shutting down and abandoning module AudioCapture (472)
[2017.11.26-20.06.37:422][930]LogModuleManager: Shutting down and abandoning module SequenceRecorder (471)
[2017.11.26-20.06.37:436][930]LogModuleManager: Shutting down and abandoning module SmartSnapping (468)
[2017.11.26-20.06.37:436][930]LogModuleManager: Shutting down and abandoning module SessionServices (466)
[2017.11.26-20.06.37:436][930]LogModuleManager: Shutting down and abandoning module ViewportSnapping (464)
[2017.11.26-20.06.37:436][930]LogModuleManager: Shutting down and abandoning module ViewportInteraction (462)
[2017.11.26-20.06.37:436][930]LogModuleManager: Shutting down and abandoning module ClothPainter (460)
[2017.11.26-20.06.37:444][930]LogModuleManager: Shutting down and abandoning module LogVisualizer (458)
[2017.11.26-20.06.37:445][930]LogModuleManager: Shutting down and abandoning module IntroTutorials (456)
[2017.11.26-20.06.37:473][930]LogModuleManager: Shutting down and abandoning module GameProjectGeneration (455)
[2017.11.26-20.06.37:473][930]LogModuleManager: Shutting down and abandoning module IOSPlatformEditor (452)
[2017.11.26-20.06.37:473][930]LogModuleManager: Shutting down and abandoning module HTML5PlatformEditor (450)
[2017.11.26-20.06.37:474][930]LogModuleManager: Shutting down and abandoning module AndroidPlatformEditor (448)
[2017.11.26-20.06.37:474][930]LogModuleManager: Shutting down and abandoning module AndroidDeviceDetection (447)
[2017.11.26-20.06.37:936][930]LogModuleManager: Shutting down and abandoning module WindowsPlatformEditor (444)
[2017.11.26-20.06.37:936][930]LogModuleManager: Shutting down and abandoning module IOSRuntimeSettings (442)
[2017.11.26-20.06.37:936][930]LogModuleManager: Shutting down and abandoning module AndroidRuntimeSettings (440)
[2017.11.26-20.06.37:936][930]LogModuleManager: Shutting down and abandoning module InputBindingEditor (438)
[2017.11.26-20.06.37:952][930]LogModuleManager: Shutting down and abandoning module MergeActors (436)
[2017.11.26-20.06.37:953][930]LogModuleManager: Shutting down and abandoning module SizeMap (434)
[2017.11.26-20.06.37:953][930]LogModuleManager: Shutting down and abandoning module TreeMap (432)
[2017.11.26-20.06.37:969][930]LogModuleManager: Shutting down and abandoning module ReferenceViewer (430)
[2017.11.26-20.06.37:969][930]LogModuleManager: Shutting down and abandoning module LocalizationDashboard (428)
[2017.11.26-20.06.37:979][930]LogModuleManager: Shutting down and abandoning module LocalizationService (427)
[2017.11.26-20.06.37:986][930]LogModuleManager: Shutting down and abandoning module HardwareTargeting (424)
[2017.11.26-20.06.37:986][930]LogModuleManager: Shutting down and abandoning module DeviceProfileEditor (422)
[2017.11.26-20.06.37:992][930]LogModuleManager: Shutting down and abandoning module UndoHistory (420)
[2017.11.26-20.06.37:992][930]LogModuleManager: Shutting down and abandoning module XmlParser (418)
[2017.11.26-20.06.38:008][930]LogModuleManager: Shutting down and abandoning module Blutility (416)
[2017.11.26-20.06.38:008][930]LogModuleManager: Shutting down and abandoning module ProjectSettingsViewer (414)
[2017.11.26-20.06.38:008][930]LogModuleManager: Shutting down and abandoning module ProjectTargetPlatformEditor (413)
[2017.11.26-20.06.38:008][930]LogModuleManager: Shutting down and abandoning module EditorSettingsViewer (410)
[2017.11.26-20.06.38:008][930]LogModuleManager: Shutting down and abandoning module SettingsEditor (408)
[2017.11.26-20.06.38:016][930]LogModuleManager: Shutting down and abandoning module ProjectLauncher (406)
[2017.11.26-20.06.38:021][930]LogModuleManager: Shutting down and abandoning module SessionFrontend (404)
[2017.11.26-20.06.38:029][930]LogModuleManager: Shutting down and abandoning module ProfilerClient (402)
[2017.11.26-20.06.38:037][930]LogModuleManager: Shutting down and abandoning module DeviceManager (400)
[2017.11.26-20.06.38:047][930]LogModuleManager: Shutting down and abandoning module TargetDeviceServices (399)
[2017.11.26-20.06.38:098][930]LogModuleManager: Shutting down and abandoning module AutomationController (396)
[2017.11.26-20.06.38:103][930]LogModuleManager: Shutting down and abandoning module AutomationWindow (394)
[2017.11.26-20.06.38:104][930]LogModuleManager: Shutting down and abandoning module Layers (392)
[2017.11.26-20.06.38:121][930]LogModuleManager: Shutting down and abandoning module ComponentVisualizers (390)
[2017.11.26-20.06.38:121][930]LogModuleManager: Shutting down and abandoning module DetailCustomizations (388)
[2017.11.26-20.06.38:121][930]LogModuleManager: Shutting down and abandoning module PackagesDialog (386)
[2017.11.26-20.06.38:121][930]LogModuleManager: Shutting down and abandoning module Persona (384)
[2017.11.26-20.06.38:136][930]LogModuleManager: Shutting down and abandoning module AdvancedPreviewScene (383)
[2017.11.26-20.06.38:136][930]LogModuleManager: Shutting down and abandoning module AnimGraph (381)
[2017.11.26-20.06.38:136][930]LogModuleManager: Shutting down and abandoning module Kismet (378)
[2017.11.26-20.06.38:144][930]LogModuleManager: Shutting down and abandoning module ClassViewer (376)
[2017.11.26-20.06.38:146][930]LogModuleManager: Shutting down and abandoning module Toolbox (374)
[2017.11.26-20.06.38:146][930]LogModuleManager: Shutting down and abandoning module ModuleUI (372)
[2017.11.26-20.06.38:154][930]LogModuleManager: Shutting down and abandoning module MovieSceneTools (370)
[2017.11.26-20.06.38:170][930]LogModuleManager: Shutting down and abandoning module OutputLog (368)
[2017.11.26-20.06.38:175][930]LogModuleManager: Shutting down and abandoning module GammaUI (366)
[2017.11.26-20.06.38:181][930]LogModuleManager: Shutting down and abandoning module Documentation (364)
[2017.11.26-20.06.38:182][930]LogModuleManager: Shutting down and abandoning module MovieSceneTracks (362)
[2017.11.26-20.06.38:182][930]LogModuleManager: Shutting down and abandoning module MovieScene (360)
[2017.11.26-20.06.38:182][930]LogModuleManager: Shutting down and abandoning module Niagara (358)
[2017.11.26-20.06.38:182][930]LogModuleManager: Shutting down and abandoning module NiagaraEditor (357)
[2017.11.26-20.06.38:203][930]LogModuleManager: Shutting down and abandoning module StreamingPauseRendering (354)
[2017.11.26-20.06.38:203][930]LogModuleManager: Shutting down and abandoning module LauncherPlatform (352)
[2017.11.26-20.06.38:203][930]LogModuleManager: Shutting down and abandoning module AnalyticsET (350)
[2017.11.26-20.06.38:203][930]LogModuleManager: Shutting down and abandoning module PortalServices (348)
[2017.11.26-20.06.38:203][930]LogModuleManager: Shutting down and abandoning module PortalRpc (346)
[2017.11.26-20.06.38:203][930]LogModuleManager: Shutting down and abandoning module MessagingRpc (344)
[2017.11.26-20.06.38:204][930]LogModuleManager: Shutting down and abandoning module AIModule (342)
[2017.11.26-20.06.38:204][930]LogModuleManager: Shutting down and abandoning module GameplayDebugger (341)
[2017.11.26-20.06.38:214][930]LogModuleManager: Shutting down and abandoning module AITestSuite (339)
[2017.11.26-20.06.38:217][930]LogModuleManager: Shutting down and abandoning module ProfilerService (336)
[2017.11.26-20.06.38:442][930]LogModuleManager: Shutting down and abandoning module TaskGraph (334)
[2017.11.26-20.06.38:448][930]LogModuleManager: Shutting down and abandoning module SteamVRController (332)
[2017.11.26-20.06.38:448][930]LogModuleManager: Shutting down and abandoning module ProceduralMeshComponentEditor (330)
[2017.11.26-20.06.38:448][930]LogModuleManager: Shutting down and abandoning module ProceduralMeshComponent (328)
[2017.11.26-20.06.38:448][930]LogModuleManager: Shutting down and abandoning module OculusInput (326)
[2017.11.26-20.06.38:460][930]LogModuleManager: Shutting down and abandoning module MobilePatchingUtils (324)
[2017.11.26-20.06.38:460][930]LogModuleManager: Shutting down and abandoning module CustomMeshComponent (322)
[2017.11.26-20.06.38:460][930]LogModuleManager: Shutting down and abandoning module CableComponent (320)
[2017.11.26-20.06.38:484][930]LogModuleManager: Shutting down and abandoning module ArchVisCharacter (318)
[2017.11.26-20.06.38:484][930]LogModuleManager: Shutting down and abandoning module AndroidPermission (316)
[2017.11.26-20.06.38:484][930]LogModuleManager: Shutting down and abandoning module MediaPlayerEditor (312)
[2017.11.26-20.06.38:521][930]LogModuleManager: Shutting down and abandoning module HTML5Networking (310)
[2017.11.26-20.06.38:521][930]LogModuleManager: Shutting down and abandoning module AlembicImporter (308)
[2017.11.26-20.06.38:524][930]LogModuleManager: Shutting down and abandoning module AlembicLibrary (307)
[2017.11.26-20.06.38:524][930]LogModuleManager: Shutting down and abandoning module GeometryCache (306)
[2017.11.26-20.06.38:524][930]LogModuleManager: Shutting down and abandoning module GeometryCacheEd (305)
[2017.11.26-20.06.38:524][930]LogModuleManager: Shutting down and abandoning module SpeedTreeImporter (300)
[2017.11.26-20.06.38:524][930]LogModuleManager: Shutting down and abandoning module PluginBrowser (298)
[2017.11.26-20.06.38:533][930]LogModuleManager: Shutting down and abandoning module MobileLauncherProfileWizard (296)
[2017.11.26-20.06.38:540][930]LogModuleManager: Shutting down and abandoning module VisualStudioSourceCodeAccess (294)
[2017.11.26-20.06.38:540][930]LogModuleManager: Shutting down and abandoning module DesktopPlatform (293)
[2017.11.26-20.06.38:540][930]LogModuleManager: Shutting down and abandoning module UObjectPlugin (290)
[2017.11.26-20.06.38:540][930]LogModuleManager: Shutting down and abandoning module SubversionSourceControl (288)
[2017.11.26-20.06.38:546][930]LogModuleManager: Shutting down and abandoning module PerforceSourceControl (286)
[2017.11.26-20.06.38:550][930]LogModuleManager: Shutting down and abandoning module GitSourceControl (284)
[2017.11.26-20.06.38:552][930]LogModuleManager: Shutting down and abandoning module SourceControl (283)
[2017.11.26-20.06.38:580][930]LogModuleManager: Shutting down and abandoning module LightPropagationVolumeEditor (280)
[2017.11.26-20.06.38:580][930]LogModuleManager: Shutting down and abandoning module PaperTiledImporter (278)
[2017.11.26-20.06.38:581][930]LogModuleManager: Shutting down and abandoning module PaperSpriteSheetImporter (276)
[2017.11.26-20.06.38:581][930]LogModuleManager: Shutting down and abandoning module Paper2DEditor (274)
[2017.11.26-20.06.38:588][930]LogModuleManager: Shutting down and abandoning module MeshPaint (273)
[2017.11.26-20.06.38:602][930]LogModuleManager: Shutting down and abandoning module LevelEditor (271)
[2017.11.26-20.06.38:614][930]LogModuleManager: Shutting down and abandoning module PixelInspectorModule (270)
[2017.11.26-20.06.38:632][930]LogModuleManager: Shutting down and abandoning module MainFrame (268)
[2017.11.26-20.06.38:632][930]LogModuleManager: Shutting down and abandoning module HotReload (267)
[2017.11.26-20.06.38:632][930]LogDirectoryWatcher: A directory notification for 'K:/O/Programozas/Unreal/03_BuildingEscape/BuildingEscape/Binaries/Win64' was aborted.
[2017.11.26-20.06.38:634][930]LogModuleManager: Shutting down and abandoning module RuntimePhysXCooking (260)
[2017.11.26-20.06.38:634][930]LogModuleManager: Shutting down and abandoning module PhysXVehiclesEditor (258)
[2017.11.26-20.06.38:634][930]LogModuleManager: Shutting down and abandoning module PhysXVehicles (256)
[2017.11.26-20.06.38:634][930]LogModuleManager: Shutting down and abandoning module OculusEditor (254)
[2017.11.26-20.06.38:634][930]LogModuleManager: Shutting down and abandoning module LocationServicesBPLibrary (252)
[2017.11.26-20.06.38:634][930]LogModuleManager: Shutting down and abandoning module ImmediatePhysicsEditor (250)
[2017.11.26-20.06.38:634][930]LogModuleManager: Shutting down and abandoning module ImmediatePhysics (248)
[2017.11.26-20.06.38:641][930]LogModuleManager: Shutting down and abandoning module UdpMessaging (246)
[2017.11.26-20.06.38:741][930]LogModuleManager: Shutting down and abandoning module TcpMessaging (244)
[2017.11.26-20.06.38:847][930]LogModuleManager: Shutting down and abandoning module GameplayTagsEditor (242)
[2017.11.26-20.06.38:847][930]LogModuleManager: Shutting down and abandoning module FacialAnimationEditor (240)
[2017.11.26-20.06.38:847][930]LogModuleManager: Shutting down and abandoning module FacialAnimation (238)
[2017.11.26-20.06.38:847][930]LogModuleManager: Shutting down and abandoning module AssetManagerEditor (236)
[2017.11.26-20.06.38:852][930]LogModuleManager: Shutting down and abandoning module GraphEditor (235)
[2017.11.26-20.06.38:911][930]LogModuleManager: Shutting down and abandoning module ContentBrowser (233)
[2017.11.26-20.06.38:913][930]LogModuleManager: Shutting down and abandoning module LightPropagationVolumeRuntime (230)
[2017.11.26-20.06.38:913][930]LogModuleManager: Shutting down and abandoning module Paper2D (228)
[2017.11.26-20.06.38:922][930]LogModuleManager: Shutting down and abandoning module WindowsMoviePlayer (226)
[2017.11.26-20.06.38:937][930]LogModuleManager: Shutting down and abandoning module WmfMedia (224)
[2017.11.26-20.06.38:951][930]LogModuleManager: Shutting down and abandoning module PacketHandler (222)
[2017.11.26-20.06.38:951][930]LogModuleManager: Shutting down and abandoning module ClothingSystemEditor (220)
[2017.11.26-20.06.38:951][930]LogModuleManager: Shutting down and abandoning module ClothingSystemRuntime (218)
[2017.11.26-20.06.38:973][930]LogModuleManager: Shutting down and abandoning module Overlay (216)
[2017.11.26-20.06.38:973][930]LogModuleManager: Shutting down and abandoning module OverlayEditor (215)
[2017.11.26-20.06.38:973][930]LogModuleManager: Shutting down and abandoning module MediaAssets (212)
[2017.11.26-20.06.38:973][930]LogModuleManager: Shutting down and abandoning module VREditor (210)
[2017.11.26-20.06.38:996][930]LogModuleManager: Shutting down and abandoning module StringTableEditor (208)
[2017.11.26-20.06.38:999][930]LogModuleManager: Shutting down and abandoning module GameplayTasksEditor (206)
[2017.11.26-20.06.38:999][930]LogModuleManager: Shutting down and abandoning module BehaviorTreeEditor (204)
[2017.11.26-20.06.39:015][930]LogModuleManager: Shutting down and abandoning module FunctionalTesting (202)
[2017.11.26-20.06.39:015][930]LogModuleManager: Shutting down and abandoning module CollisionAnalyzer (200)
[2017.11.26-20.06.39:024][930]LogModuleManager: Shutting down and abandoning module WorkspaceMenuStructure (199)
[2017.11.26-20.06.39:024][930]LogModuleManager: Shutting down and abandoning module UMG (196)
[2017.11.26-20.06.39:055][930]LogModuleManager: Shutting down and abandoning module UMGEditor (195)
[2017.11.26-20.06.39:070][930]LogModuleManager: Shutting down and abandoning module Sequencer (194)
[2017.11.26-20.06.39:084][930]LogModuleManager: Shutting down and abandoning module MessageLog (191)
[2017.11.26-20.06.39:084][930]LogModuleManager: Shutting down and abandoning module SlateReflector (186)
[2017.11.26-20.06.39:106][930]LogModuleManager: Shutting down and abandoning module Slate (184)
[2017.11.26-20.06.39:106][930]LogModuleManager: Shutting down and abandoning module EditorStyle (182)
[2017.11.26-20.06.39:116][930]LogModuleManager: Shutting down and abandoning module MRMesh (180)
[2017.11.26-20.06.39:116][930]LogModuleManager: Shutting down and abandoning module SourceCodeAccess (178)
[2017.11.26-20.06.39:116][930]LogModuleManager: Shutting down and abandoning module HeadMountedDisplay (176)
[2017.11.26-20.06.39:116][930]LogModuleManager: Shutting down and abandoning module XAudio2 (174)
[2017.11.26-20.06.39:116][930]LogModuleManager: Shutting down and abandoning module Networking (172)
[2017.11.26-20.06.39:116][930]LogModuleManager: Shutting down and abandoning module Core (168)
[2017.11.26-20.06.39:116][930]LogModuleManager: Shutting down and abandoning module KismetCompiler (164)
[2017.11.26-20.06.39:116][930]LogModuleManager: Shutting down and abandoning module MeshUtilities (162)
[2017.11.26-20.06.39:123][930]LogModuleManager: Shutting down and abandoning module MeshMergeUtilities (161)
[2017.11.26-20.06.39:132][930]LogModuleManager: Shutting down and abandoning module MeshReductionInterface (160)
[2017.11.26-20.06.39:132][930]LogModuleManager: Shutting down and abandoning module SimplygonSwarm (159)
[2017.11.26-20.06.39:139][930]LogModuleManager: Shutting down and abandoning module SimplygonMeshReduction (157)
[2017.11.26-20.06.39:139][930]LogModuleManager: Shutting down and abandoning module QuadricMeshReduction (155)
[2017.11.26-20.06.39:148][930]LogModuleManager: Shutting down and abandoning module MaterialBaking (151)
[2017.11.26-20.06.39:159][930]LogModuleManager: Shutting down and abandoning module LevelSequence (148)
[2017.11.26-20.06.39:159][930]LogModuleManager: Shutting down and abandoning module DirectoryWatcher (146)
[2017.11.26-20.06.39:161][930]LogModuleManager: Shutting down and abandoning module DerivedDataCache (144)
[2017.11.26-20.06.39:172][930]LogDerivedDataCache: Shutdown
[2017.11.26-20.06.39:182][930]LogModuleManager: Shutting down and abandoning module TargetPlatform (142)
[2017.11.26-20.06.39:182][930]LogModuleManager: Shutting down and abandoning module VulkanShaderFormat (141)
[2017.11.26-20.06.39:191][930]LogModuleManager: Shutting down and abandoning module ShaderFormatVectorVM (139)
[2017.11.26-20.06.39:198][930]LogModuleManager: Shutting down and abandoning module ShaderFormatOpenGL (137)
[2017.11.26-20.06.39:204][930]LogModuleManager: Shutting down and abandoning module ShaderFormatD3D (135)
[2017.11.26-20.06.39:205][930]LogModuleManager: Shutting down and abandoning module MetalShaderFormat (133)
[2017.11.26-20.06.39:209][930]LogModuleManager: Shutting down and abandoning module TextureFormatUncompressed (131)
[2017.11.26-20.06.39:209][930]LogModuleManager: Shutting down and abandoning module TextureFormatPVR (129)
[2017.11.26-20.06.39:209][930]LogModuleManager: Shutting down and abandoning module TextureFormatDXT (127)
[2017.11.26-20.06.39:213][930]LogModuleManager: Shutting down and abandoning module TextureFormatIntelISPCTexComp (125)
[2017.11.26-20.06.39:224][930]LogModuleManager: Shutting down and abandoning module TextureFormatASTC (123)
[2017.11.26-20.06.39:224][930]LogModuleManager: Shutting down and abandoning module ImageWrapper (122)
[2017.11.26-20.06.39:225][930]LogModuleManager: Shutting down and abandoning module TextureFormatAndroid (119)
[2017.11.26-20.06.39:225][930]LogModuleManager: Shutting down and abandoning module AudioFormatOpus (117)
[2017.11.26-20.06.39:225][930]LogModuleManager: Shutting down and abandoning module AudioFormatOgg (115)
[2017.11.26-20.06.39:225][930]LogModuleManager: Shutting down and abandoning module AudioFormatADPCM (113)
[2017.11.26-20.06.39:225][930]LogModuleManager: Shutting down and abandoning module LinuxTargetPlatform (111)
[2017.11.26-20.06.39:225][930]LogModuleManager: Shutting down and abandoning module LinuxServerTargetPlatform (109)
[2017.11.26-20.06.39:225][930]LogModuleManager: Shutting down and abandoning module LinuxNoEditorTargetPlatform (107)
[2017.11.26-20.06.39:225][930]LogModuleManager: Shutting down and abandoning module LinuxClientTargetPlatform (105)
[2017.11.26-20.06.39:225][930]LogModuleManager: Shutting down and abandoning module TVOSTargetPlatform (103)
[2017.11.26-20.06.39:225][930]LogModuleManager: Shutting down and abandoning module Messaging (101)
[2017.11.26-20.06.39:225][930]LogModuleManager: Shutting down and abandoning module IOSTargetPlatform (99)
[2017.11.26-20.06.39:225][930]LogModuleManager: Shutting down and abandoning module HTML5TargetPlatform (97)
[2017.11.26-20.06.39:225][930]LogModuleManager: Shutting down and abandoning module Android_PVRTCTargetPlatform (95)
[2017.11.26-20.06.39:225][930]LogModuleManager: Shutting down and abandoning module Android_MultiTargetPlatform (93)
[2017.11.26-20.06.39:225][930]LogModuleManager: Shutting down and abandoning module Android_ETC2TargetPlatform (91)
[2017.11.26-20.06.39:225][930]LogModuleManager: Shutting down and abandoning module Android_ETC1TargetPlatform (89)
[2017.11.26-20.06.39:226][930]LogModuleManager: Shutting down and abandoning module Android_DXTTargetPlatform (87)
[2017.11.26-20.06.39:226][930]LogModuleManager: Shutting down and abandoning module Android_ATCTargetPlatform (85)
[2017.11.26-20.06.39:226][930]LogModuleManager: Shutting down and abandoning module Android_ASTCTargetPlatform (83)
[2017.11.26-20.06.39:226][930]LogModuleManager: Shutting down and abandoning module AndroidTargetPlatform (81)
[2017.11.26-20.06.39:226][930]LogModuleManager: Shutting down and abandoning module WindowsTargetPlatform (79)
[2017.11.26-20.06.39:226][930]LogModuleManager: Shutting down and abandoning module WindowsServerTargetPlatform (77)
[2017.11.26-20.06.39:226][930]LogModuleManager: Shutting down and abandoning module WindowsNoEditorTargetPlatform (75)
[2017.11.26-20.06.39:226][930]LogModuleManager: Shutting down and abandoning module WindowsClientTargetPlatform (73)
[2017.11.26-20.06.39:226][930]LogModuleManager: Shutting down and abandoning module MacTargetPlatform (71)
[2017.11.26-20.06.39:226][930]LogModuleManager: Shutting down and abandoning module MacServerTargetPlatform (69)
[2017.11.26-20.06.39:226][930]LogModuleManager: Shutting down and abandoning module MacNoEditorTargetPlatform (67)
[2017.11.26-20.06.39:226][930]LogModuleManager: Shutting down and abandoning module MacClientTargetPlatform (65)
[2017.11.26-20.06.39:226][930]LogModuleManager: Shutting down and abandoning module AllDesktopTargetPlatform (63)
[2017.11.26-20.06.39:226][930]LogModuleManager: Shutting down and abandoning module InputCore (60)
[2017.11.26-20.06.39:227][930]LogModuleManager: Shutting down and abandoning module Settings (58)
[2017.11.26-20.06.39:227][930]LogModuleManager: Shutting down and abandoning module PhysXCooking (56)
[2017.11.26-20.06.39:227][930]LogModuleManager: Shutting down and abandoning module SteamVR (54)
[2017.11.26-20.06.39:227][930]LogModuleManager: Shutting down and abandoning module OculusHMD (52)
[2017.11.26-20.06.39:237][930]LogModuleManager: Shutting down and abandoning module ExampleDeviceProfileSelector (50)
[2017.11.26-20.06.39:237][930]LogModuleManager: Shutting down and abandoning module OnlineBlueprintSupport (48)
[2017.11.26-20.06.39:237][930]LogModuleManager: Shutting down and abandoning module OnlineSubsystem (44)
[2017.11.26-20.06.39:237][930]LogOnline: Display: Unloading online subsystem: NULL
[2017.11.26-20.06.39:279][930]LogModuleManager: Shutting down and abandoning module XMPP (43)
[2017.11.26-20.06.39:293][930]LogModuleManager: Shutting down and abandoning module HTTP (41)
[2017.11.26-20.06.39:293][930]LogHttp: Display: Http module shutting down, but needs to wait on 1 outstanding Http requests:
[2017.11.26-20.06.39:297][930]LogHttp: Display: 	verb=[POST] url=[https://datarouter.ol.epicgames.com/datarouter/api/v1/public/data?SessionID=%7B7E942B9C-40AF-556C-26B7-C292DF5D1C91%7D&AppID=UEEditor.Rocket.Release&AppVersion=4.17.2-3658906%2B%2B%2BUE4%2BRelease-4.17&UserID=b0337dc246ebee5fdf02d7b1f3485944%7C7ab69ac5756e400f93617a6997e3fb17%7Ccf581f3e-b22c-4291-92f3-8811c332e20d&AppEnvironment=datacollector-binary&UploadType=eteventstream] status=Processing
[2017.11.26-20.06.39:322][930]LogModuleManager: Shutting down and abandoning module SSL (40)
[2017.11.26-20.06.39:331][930]LogModuleManager: Shutting down and abandoning module AnimationModifiers (36)
[2017.11.26-20.06.39:341][930]LogModuleManager: Shutting down and abandoning module PropertyEditor (35)
[2017.11.26-20.06.39:341][930]LogModuleManager: Shutting down and abandoning module AudioEditor (32)
[2017.11.26-20.06.39:353][930]LogModuleManager: Shutting down and abandoning module TextureCompressor (30)
[2017.11.26-20.06.39:362][930]LogModuleManager: Shutting down and abandoning module ShaderCore (28)
[2017.11.26-20.06.39:363][930]LogModuleManager: Shutting down and abandoning module Landscape (26)
[2017.11.26-20.06.39:363][930]LogModuleManager: Shutting down and abandoning module SlateRHIRenderer (24)
[2017.11.26-20.06.39:377][930]LogModuleManager: Shutting down and abandoning module OpenGLDrv (22)
[2017.11.26-20.06.39:382][930]LogModuleManager: Shutting down and abandoning module D3D11RHI (20)
[2017.11.26-20.06.39:382][930]LogModuleManager: Shutting down and abandoning module AnimGraphRuntime (18)
[2017.11.26-20.06.39:382][930]LogModuleManager: Shutting down and abandoning module Renderer (16)
[2017.11.26-20.06.39:382][930]LogModuleManager: Shutting down and abandoning module Engine (14)
[2017.11.26-20.06.39:382][930]LogModuleManager: Shutting down and abandoning module CoreUObject (12)
[2017.11.26-20.06.39:382][930]LogModuleManager: Shutting down and abandoning module NetworkFile (10)
[2017.11.26-20.06.39:389][930]LogModuleManager: Shutting down and abandoning module CookedIterativeFile (8)
[2017.11.26-20.06.39:389][930]LogModuleManager: Shutting down and abandoning module StreamingFile (6)
[2017.11.26-20.06.39:397][930]LogModuleManager: Shutting down and abandoning module SandboxFile (4)
[2017.11.26-20.06.39:397][930]LogModuleManager: Shutting down and abandoning module PakFile (2)
[2017.11.26-20.06.39:415][930]LogExit: Exiting.
[2017.11.26-20.06.39:464][930]Log file closed, 11/26/17 21:06:39
