Log file open, 12/12/17 19:23:17
LogWindows: Failed to load 'aqProf.dll' (GetLastError=126)
LogWindows: File 'aqProf.dll' does not exist
LogWindows: Failed to load 'VSPerf140.dll' (GetLastError=126)
LogWindows: File 'VSPerf140.dll' does not exist
LogWindows: Failed to load 'VtuneApi.dll' (GetLastError=126)
LogWindows: File 'VtuneApi.dll' does not exist
LogWindows: Failed to load 'VtuneApi32e.dll' (GetLastError=126)
LogWindows: File 'VtuneApi32e.dll' does not exist
LogInit: Display: Running engine for game: BuildingEscape
LogPlatformFile: Not using cached read wrapper
LogInit: Display: RandInit(-1932601874) SRandInit(-1932601874).
LogTaskGraph: Started task graph with 5 named threads and 14 total threads with 3 sets of task threads.
LogStats: Stats thread started at 0.197083
LogD3D11RHI: Aftermath initialized
LogPluginManager: Mounting plugin Paper2D
LogPluginManager: Mounting plugin LightPropagationVolume
LogPluginManager: Mounting plugin CodeLiteSourceCodeAccess
LogPluginManager: Mounting plugin GitSourceControl
LogPluginManager: Mounting plugin KDevelopSourceCodeAccess
LogPluginManager: Mounting plugin NullSourceCodeAccess
LogPluginManager: Mounting plugin PerforceSourceControl
LogPluginManager: Mounting plugin SubversionSourceControl
LogPluginManager: Mounting plugin UObjectPlugin
LogPluginManager: Mounting plugin VisualStudioSourceCodeAccess
LogPluginManager: Mounting plugin XCodeSourceCodeAccess
LogPluginManager: Mounting plugin AssetManagerEditor
LogPluginManager: Mounting plugin AudioCapture
LogPluginManager: Mounting plugin FacialAnimation
LogPluginManager: Mounting plugin GameplayTagsEditor
LogPluginManager: Mounting plugin MobileLauncherProfileWizard
LogPluginManager: Mounting plugin PluginBrowser
LogPluginManager: Mounting plugin SpeedTreeImporter
LogPluginManager: Mounting plugin AlembicImporter
LogPluginManager: Mounting plugin CharacterAI
LogPluginManager: Mounting plugin HTML5Networking
LogPluginManager: Mounting plugin AndroidMedia
LogPluginManager: Mounting plugin AvfMedia
LogPluginManager: Mounting plugin MediaPlayerEditor
LogPluginManager: Mounting plugin WmfMedia
LogPluginManager: Mounting plugin TcpMessaging
LogPluginManager: Mounting plugin UdpMessaging
LogPluginManager: Mounting plugin LevelSequenceEditor
LogPluginManager: Mounting plugin MatineeToLevelSequence
LogPluginManager: Mounting plugin OnlineSubsystemGooglePlay
LogPluginManager: Mounting plugin OnlineSubsystemIOS
LogPluginManager: Mounting plugin OnlineSubsystem
LogPluginManager: Mounting plugin OnlineSubsystemNull
LogPluginManager: Mounting plugin OnlineSubsystemUtils
LogPluginManager: Mounting plugin AndroidDeviceProfileSelector
LogPluginManager: Mounting plugin AndroidMoviePlayer
LogPluginManager: Mounting plugin AndroidPermission
LogPluginManager: Mounting plugin AppleMoviePlayer
LogPluginManager: Mounting plugin ArchVisCharacter
LogPluginManager: Mounting plugin CableComponent
LogPluginManager: Mounting plugin CustomMeshComponent
LogPluginManager: Mounting plugin ExampleDeviceProfileSelector
LogPluginManager: Mounting plugin GoogleCloudMessaging
LogPluginManager: Mounting plugin ImmediatePhysics
LogPluginManager: Mounting plugin IOSDeviceProfileSelector
LogPluginManager: Mounting plugin LinuxDeviceProfileSelector
LogPluginManager: Mounting plugin LocationServicesBPLibrary
LogPluginManager: Mounting plugin MobilePatchingUtils
LogPluginManager: Mounting plugin OculusVR
LogPluginManager: Mounting plugin PhysXVehicles
LogPluginManager: Mounting plugin ProceduralMeshComponent
LogPluginManager: Mounting plugin RuntimePhysXCooking
LogPluginManager: Mounting plugin SteamVR
LogPluginManager: Mounting plugin WindowsMoviePlayer
LogInit: Using libcurl 7.47.1
LogInit:  - built for x86_64-pc-win32
LogInit:  - supports SSL with OpenSSL/1.0.2g
LogInit:  - supports HTTP deflate (compression) using libz 1.2.8
LogInit:  - other features:
LogInit:      CURL_VERSION_SSL
LogInit:      CURL_VERSION_LIBZ
LogInit:      CURL_VERSION_IPV6
LogInit:      CURL_VERSION_ASYNCHDNS
LogInit:      CURL_VERSION_LARGEFILE
LogInit:      CURL_VERSION_IDN
LogInit:  CurlRequestOptions (configurable via config and command line):
LogInit:  - bVerifyPeer = false  - Libcurl will NOT verify peer certificate
LogInit:  - bUseHttpProxy = false  - Libcurl will NOT use HTTP proxy
LogInit:  - bDontReuseConnections = false  - Libcurl will reuse connections
LogInit:  - CertBundlePath = nullptr  - Libcurl will use whatever was configured at build time.
LogInit: Build: ++UE4+Release-4.17-CL-3658906
LogInit: Engine Version: 4.17.2-3658906+++UE4+Release-4.17
LogInit: Compatible Engine Version: 4.17.0-3573198+++UE4+Release-4.17
LogInit: Net CL: 3573198
LogDevObjectVersion: Number of dev versions registered: 16
LogDevObjectVersion:   Dev-Blueprints (B0D832E4-1F89-4F0D-ACCF-7EB736FD4AA2): 10
LogDevObjectVersion:   Dev-Build (E1C64328-A22C-4D53-A36C-8E866417BD8C): 0
LogDevObjectVersion:   Dev-Core (375EC13C-06E4-48FB-B500-84F0262A717E): 2
LogDevObjectVersion:   Dev-Editor (E4B068ED-F494-42E9-A231-DA0B2E46BB41): 20
LogDevObjectVersion:   Dev-Framework (CFFC743F-43B0-4480-9391-14DF171D2073): 28
LogDevObjectVersion:   Dev-Mobile (B02B49B5-BB20-44E9-A304-32B752E40360): 0
LogDevObjectVersion:   Dev-Networking (A4E4105C-59A1-49B5-A7C5-40C4547EDFEE): 0
LogDevObjectVersion:   Dev-Online (39C831C9-5AE6-47DC-9A44-9C173E1C8E7C): 0
LogDevObjectVersion:   Dev-Physics (78F01B33-EBEA-4F98-B9B4-84EACCB95AA2): 0
LogDevObjectVersion:   Dev-Platform (6631380F-2D4D-43E0-8009-CF276956A95A): 0
LogDevObjectVersion:   Dev-Rendering (12F88B9F-8875-4AFC-A67C-D90C383ABD29): 19
LogDevObjectVersion:   Dev-Sequencer (7B5AE74C-D270-4C10-A958-57980B212A5A): 4
LogDevObjectVersion:   Dev-VR (D7296918-1DD6-4BDD-9DE2-64A83CC13884): 0
LogDevObjectVersion:   Dev-LoadTimes (C2A15278-BFE7-4AFE-6C17-90FF531DF755): 1
LogDevObjectVersion:   Private-Geometry (6EACA3D4-40EC-4CC1-B786-8BED09428FC5): 1
LogDevObjectVersion:   Dev-AnimPhys (29E575DD-E0A3-4627-9D10-D276232CDCEA): 7
LogInit: Compiled (64-bit): Sep 22 2017 13:47:16
LogInit: Compiled with Visual C++: 19.00.24215.01
LogInit: Build Configuration: Development
LogInit: Branch Name: ++UE4+Release-4.17
LogInit: Command line:  
LogInit: Base directory: H:/Programok/Epic Games/UE_4.17/Engine/Binaries/Win64/
LogInit: Installed Engine Build: 1
LogInit: Presizing for max 8388607 objects, including 0 objects not considered by GC, pre-allocating 0 bytes for permanent pool.
LogInit: Object subsystem initialized
[2017.12.12-18.23.19:167][  0]LogInit: Selected Device Profile: [Windows]
[2017.12.12-18.23.19:167][  0]LogInit: Applying CVar settings loaded from the selected device profile: [Windows]
[2017.12.12-18.23.19:229][  0]LogInit: Computer: KLAFA-PC
[2017.12.12-18.23.19:230][  0]LogInit: User: Klafa
[2017.12.12-18.23.19:230][  0]LogInit: CPU Page size=4096, Cores=4
[2017.12.12-18.23.19:230][  0]LogInit: High frequency timer resolution =3.429501 MHz
[2017.12.12-18.23.19:230][  0]LogMemory: Memory total: Physical=15.9GB (16GB approx)
[2017.12.12-18.23.19:230][  0]LogMemory: Platform Memory Stats for Windows
[2017.12.12-18.23.19:230][  0]LogMemory: Process Physical Memory: 279.12 MB used, 279.12 MB peak
[2017.12.12-18.23.19:230][  0]LogMemory: Process Virtual Memory: 277.55 MB used, 277.55 MB peak
[2017.12.12-18.23.19:230][  0]LogMemory: Physical Memory: 4758.54 MB used,  11526.42 MB free, 16284.96 MB total
[2017.12.12-18.23.19:231][  0]LogMemory: Virtual Memory: 654.15 MB used,  11526.42 MB free, 8388608.00 MB total
[2017.12.12-18.23.19:539][  0]LogInit: Using OS detected language (hu-HU).
[2017.12.12-18.23.19:539][  0]LogInit: Using OS detected locale (hu-HU).
[2017.12.12-18.23.19:681][  0]LogTextLocalizationManager: No localization for 'hu-HU' exists, so 'en' will be used for the language.
[2017.12.12-18.23.19:682][  0]LogTextLocalizationManager: No localization for 'hu-HU' exists, so 'en' will be used for the locale.
[2017.12.12-18.23.22:515][  0]LogD3D11RHI: D3D11 adapters:
[2017.12.12-18.23.22:543][  0]LogD3D11RHI:    0. 'NVIDIA GeForce GTX 760' (Feature Level 11_0)
[2017.12.12-18.23.22:543][  0]LogD3D11RHI:       1990/0/7886 MB DedicatedVideo/DedicatedSystem/SharedSystem, Outputs:2, VendorId:0x10de
[2017.12.12-18.23.22:543][  0]LogD3D11RHI: Chosen D3D11 Adapter: 0
[2017.12.12-18.23.22:554][  0]LogD3D11RHI: Creating new Direct3DDevice
[2017.12.12-18.23.22:554][  0]LogD3D11RHI:     GPU DeviceId: 0x1187 (for the marketing name, search the web for "GPU Device Id")
[2017.12.12-18.23.22:554][  0]LogWindows: EnumDisplayDevices:
[2017.12.12-18.23.22:555][  0]LogWindows:    0. 'NVIDIA GeForce GTX 760' (P:1 D:1)
[2017.12.12-18.23.22:555][  0]LogWindows:    1. 'NVIDIA GeForce GTX 760' (P:0 D:1)
[2017.12.12-18.23.22:555][  0]LogWindows:    2. 'NVIDIA GeForce GTX 760' (P:0 D:0)
[2017.12.12-18.23.22:557][  0]LogWindows:    3. 'NVIDIA GeForce GTX 760' (P:0 D:0)
[2017.12.12-18.23.22:560][  0]LogWindows:    4. 'RDPDD Chained DD' (P:0 D:0)
[2017.12.12-18.23.22:560][  0]LogWindows:    5. 'RDP Encoder Mirror Driver' (P:0 D:0)
[2017.12.12-18.23.22:560][  0]LogWindows:    6. 'RDP Reflector Display Driver' (P:0 D:0)
[2017.12.12-18.23.22:560][  0]LogWindows: DebugString: GetVideoDriverDetailsInvalid PrimaryIsNotTheChoosenAdapter GetVideoDriverDetailsInvalid PrimaryIsNotTheChoosenAdapter GetVideoDriverDetailsInvalid PrimaryIsNotTheChoosenAdapter FoundDriverCount:4 
[2017.12.12-18.23.22:560][  0]LogD3D11RHI:     Adapter Name: NVIDIA GeForce GTX 760
[2017.12.12-18.23.22:560][  0]LogD3D11RHI:   Driver Version: 385.69 (internal:22.21.13.8569, unified:385.69)
[2017.12.12-18.23.22:560][  0]LogD3D11RHI:      Driver Date: 9-16-2017
[2017.12.12-18.23.22:560][  0]LogRHI: Texture pool is 1361 MB (70% of 1945 MB)
[2017.12.12-18.23.22:573][  0]LogD3D11RHI: Async texture creation enabled
[2017.12.12-18.23.22:588][  0]LogD3D11RHI: GPU Timing Frequency: 1000.000000 (Debug: 2 1)
[2017.12.12-18.23.22:595][  0]LogShaderCompilers: Guid format shader working directory is -10 characters bigger than the processId version (K:/O/Programozas/Unreal/03_BuildingEscape/BuildingEscape/Intermediate/Shaders/WorkingDirectory/2280/).
[2017.12.12-18.23.22:595][  0]LogShaderCompilers: Cleaned the shader compiler working directory 'C:/Users/Klafa/AppData/Local/Temp/UnrealShaderWorkingDir/092B1F06420A55145C487AB1260E5821/'.
[2017.12.12-18.23.22:595][  0]LogShaderCompilers: Display: Using Local Shader Compiler.
[2017.12.12-18.23.24:496][  0]LogTemp: Display: Loaded TP AllDesktopTargetPlatform
[2017.12.12-18.23.24:593][  0]LogTemp: Display: Loaded TP MacClientTargetPlatform
[2017.12.12-18.23.24:687][  0]LogTemp: Display: Loaded TP MacNoEditorTargetPlatform
[2017.12.12-18.23.24:781][  0]LogTemp: Display: Loaded TP MacServerTargetPlatform
[2017.12.12-18.23.24:873][  0]LogTemp: Display: Loaded TP MacTargetPlatform
[2017.12.12-18.23.24:970][  0]LogTemp: Display: Loaded TP WindowsClientTargetPlatform
[2017.12.12-18.23.25:072][  0]LogTemp: Display: Loaded TP WindowsNoEditorTargetPlatform
[2017.12.12-18.23.25:176][  0]LogTemp: Display: Loaded TP WindowsServerTargetPlatform
[2017.12.12-18.23.25:267][  0]LogTemp: Display: Loaded TP WindowsTargetPlatform
[2017.12.12-18.23.25:371][  0]LogTemp: Display: Loaded TP AndroidTargetPlatform
[2017.12.12-18.23.25:465][  0]LogTemp: Display: Loaded TP Android_ASTCTargetPlatform
[2017.12.12-18.23.25:554][  0]LogTemp: Display: Loaded TP Android_ATCTargetPlatform
[2017.12.12-18.23.25:651][  0]LogTemp: Display: Loaded TP Android_DXTTargetPlatform
[2017.12.12-18.23.25:746][  0]LogTemp: Display: Loaded TP Android_ETC1TargetPlatform
[2017.12.12-18.23.25:846][  0]LogTemp: Display: Loaded TP Android_ETC2TargetPlatform
[2017.12.12-18.23.26:070][  0]LogTemp: Display: Loaded TP Android_MultiTargetPlatform
[2017.12.12-18.23.26:071][  0]LogTemp: Display: Loaded TP Android_PVRTCTargetPlatform
[2017.12.12-18.23.26:155][  0]LogTemp: Display: Loaded TP HTML5TargetPlatform
[2017.12.12-18.23.26:332][  0]LogTemp: Display: Loaded TP IOSTargetPlatform
[2017.12.12-18.23.26:390][  0]LogTemp: Display: Loaded TP TVOSTargetPlatform
[2017.12.12-18.23.26:485][  0]LogTemp: Display: Loaded TP LinuxClientTargetPlatform
[2017.12.12-18.23.26:578][  0]LogTemp: Display: Loaded TP LinuxNoEditorTargetPlatform
[2017.12.12-18.23.26:674][  0]LogTemp: Display: Loaded TP LinuxServerTargetPlatform
[2017.12.12-18.23.26:773][  0]LogTemp: Display: Loaded TP LinuxTargetPlatform
[2017.12.12-18.23.26:773][  0]LogTargetPlatformManager: Display: Building Assets For Windows
[2017.12.12-18.23.27:661][  0]LogDerivedDataCache: Display: Max Cache Size: 512 MB
[2017.12.12-18.23.28:120][  0]LogDerivedDataCache: Loaded boot cache 0.46s 93MB C:/Users/Klafa/AppData/Local/UnrealEngine/4.17/DerivedDataCache/Boot.ddc.
[2017.12.12-18.23.28:120][  0]LogDerivedDataCache: Display: Loaded Boot cache: C:/Users/Klafa/AppData/Local/UnrealEngine/4.17/DerivedDataCache/Boot.ddc
[2017.12.12-18.23.28:120][  0]LogDerivedDataCache: FDerivedDataBackendGraph:  Pak pak cache file K:/O/Programozas/Unreal/03_BuildingEscape/BuildingEscape/DerivedDataCache/DDC.ddp not found, will not use a pak cache.
[2017.12.12-18.23.28:120][  0]LogDerivedDataCache: Unable to find inner node Pak for hierarchical cache Hierarchy.
[2017.12.12-18.23.28:120][  0]LogDerivedDataCache: FDerivedDataBackendGraph:  CompressedPak pak cache file K:/O/Programozas/Unreal/03_BuildingEscape/BuildingEscape/DerivedDataCache/Compressed.ddp not found, will not use a pak cache.
[2017.12.12-18.23.28:120][  0]LogDerivedDataCache: Unable to find inner node CompressedPak for hierarchical cache Hierarchy.
[2017.12.12-18.23.28:168][  0]LogDerivedDataCache: Display: Pak cache opened for reading ../../../Engine/DerivedDataCache/Compressed.ddp.
[2017.12.12-18.23.28:181][  0]LogDerivedDataCache: Using Local data cache path C:/Users/Klafa/AppData/Local/UnrealEngine/Common/DerivedDataCache: Writable
[2017.12.12-18.23.28:205][  0]LogMaterial: Verifying Global Shaders for PCD3D_SM5
[2017.12.12-18.23.28:205][  0]LogSlate: Using Freetype 2.6.0
[2017.12.12-18.23.28:228][  0]LogSlate: SlateFontCache - WITH_FREETYPE: 1, WITH_HARFBUZZ: 1
[2017.12.12-18.23.28:228][  0]LogSlate: SlateFontCache - WITH_FREETYPE: 1, WITH_HARFBUZZ: 1
[2017.12.12-18.23.31:443][  0]LogAssetRegistry: FAssetRegistry took 0.0271 seconds to start up
[2017.12.12-18.23.32:236][  0]LogInit: Selected Device Profile: [Windows]
[2017.12.12-18.23.32:243][  0]LogContentStreaming: Texture pool size is 0.00 MB
[2017.12.12-18.23.33:190][  0]LogSimplygon: Simplygon DLL not present - disabling.
[2017.12.12-18.23.33:290][  0]LogMeshReduction: Using SimplygonSwarm for distributed automatic mesh merging
[2017.12.12-18.23.33:290][  0]LogMeshReduction: Using QuadricMeshReduction for automatic static mesh reduction
[2017.12.12-18.23.33:290][  0]LogMeshReduction: No automatic skeletal mesh reduction module available
[2017.12.12-18.23.33:290][  0]LogMeshReduction: No automatic mesh merging module available
[2017.12.12-18.23.33:290][  0]LogMeshMerging: No automatic mesh merging module available
[2017.12.12-18.23.34:445][  0]LogNetVersion: BuildingEscape , NetCL: 3573198, EngineNetVer: 2, GameNetVer: 0 (Checksum: 3580536536)
[2017.12.12-18.23.35:687][  0]LogPackageLocalizationCache: Processed 5 localized package path(s) for 1 prioritized culture(s) in 0.806740 seconds
[2017.12.12-18.23.35:696][  0]LogUObjectArray: 35825 objects as part of root set at end of initial load.
[2017.12.12-18.23.35:696][  0]LogUObjectAllocator: 7529104 out of 0 bytes used by permanent object pool.
[2017.12.12-18.23.35:696][  0]LogUObjectArray: CloseDisregardForGC: 0/0 objects in disregard for GC pool
[2017.12.12-18.23.35:815][  0]LogInit: WinSock: version 1.1 (2.2), MaxSocks=32767, MaxUdp=65467
[2017.12.12-18.23.46:426][  0]LogTcpMessaging: Initializing TcpMessaging bridge
[2017.12.12-18.23.46:491][  0]LogUdpMessaging: Initializing bridge on interface 0.0.0.0:0 to multicast group 230.0.0.1:6666.
[2017.12.12-18.23.48:167][  0]LogMaterial: Uniform references updated for custom material expression Custom.
[2017.12.12-18.23.49:097][  0]SourceControl: Source control is disabled
[2017.12.12-18.23.49:097][  0]SourceControl: Source control is disabled
[2017.12.12-18.23.49:227][  0]SourceControl: Source control is disabled
[2017.12.12-18.23.49:329][  0]SourceControl: Source control is disabled
[2017.12.12-18.23.50:514][  0]LogAndroidPermission: UAndroidPermissionCallbackProxy::GetInstance
[2017.12.12-18.23.50:995][  0]LogOcInput: OculusInput pre-init called
[2017.12.12-18.23.51:481][  0]LogEngine: Initializing Engine...
[2017.12.12-18.23.51:626][  0]LogHMD: Failed to initialize OpenVR with code 108
[2017.12.12-18.23.52:109][  0]LogStats: UGameplayTagsManager::ConstructGameplayTagTree: Construct from data asset -  0.000 s
[2017.12.12-18.23.52:109][  0]LogStats: UGameplayTagsManager::ConstructGameplayTagTree: GameplayTagTreeChangedEvent.Broadcast -  0.000 s
[2017.12.12-18.23.52:337][  0]LogAIModule: Creating AISystem for world Untitled
[2017.12.12-18.23.52:371][  0]LogInit: XAudio2 using 'Hangszórók (C-Media PCI Audio Device)' : 2 channels at 44.1 kHz using 16 bits per sample (channel mask 0x3)
[2017.12.12-18.23.52:384][  0]LogInit: FAudioDevice initialized.
[2017.12.12-18.23.52:520][  0]LogDerivedDataCache: Saved boot cache 0.14s 93MB C:/Users/Klafa/AppData/Local/UnrealEngine/4.17/DerivedDataCache/Boot.ddc.
[2017.12.12-18.23.52:555][  0]LogInit: Texture streaming: Enabled
[2017.12.12-18.23.52:728][  0]LogEngineSessionManager: EngineSessionManager initialized
[2017.12.12-18.23.53:172][  0]LogInit: Transaction tracking system initialized
[2017.12.12-18.23.53:762][  0]BlueprintLog: New page: Editor Load
[2017.12.12-18.23.55:519][  0]LocalizationService: Localization service is disabled
[2017.12.12-18.23.56:956][  0]LogConsoleResponse: Display: 
[2017.12.12-18.23.58:403][  0]LogCook: Display: Max memory allowance for cook 16384mb min free memory 0mb
[2017.12.12-18.23.58:403][  0]LogCook: Display: Mobile HDR setting 1
[2017.12.12-18.23.58:403][  0]LogGameplayTags: Display: UGameplayTagsManager::DoneAddingNativeTags. DelegateIsBound: 0
[2017.12.12-18.23.59:207][  0]LogFileCache: Scanning file cache for directory 'K:/O/Programozas/Unreal/03_BuildingEscape/BuildingEscape/Content/' took 0.01s
[2017.12.12-18.24.00:802][  0]SourceControl: Source control is disabled
[2017.12.12-18.24.00:803][  0]Cmd: MAP LOAD FILE="K:/O/Programozas/Unreal/03_BuildingEscape/BuildingEscape/Content/NewMap.umap" TEMPLATE=0 SHOWPROGRESS=1 FEATURELEVEL=3
[2017.12.12-18.24.00:804][  0]LightingResults: New page: Lighting Build
[2017.12.12-18.24.00:892][  0]MapCheck: New page: Map Check
[2017.12.12-18.24.00:892][  0]LightingResults: New page: Lighting Build
[2017.12.12-18.24.04:917][  0]LogAIModule: Creating AISystem for world NewMap
[2017.12.12-18.24.05:019][  0]LogEditorServer: Finished looking for orphan Actors (0.000 secs)
[2017.12.12-18.24.05:056][  0]Cmd: MAP CHECKDEP NOCLEARLOG
[2017.12.12-18.24.05:225][  0]MapCheck: Map check complete: 0 Error(s), 0 Warning(s), took 168.827ms to complete.
[2017.12.12-18.24.05:225][  0]LogFileHelpers: Loading map 'NewMap' took 4.423
[2017.12.12-18.24.05:420][  0]LogCollectionManager: Loaded 0 collections in 0.002257 seconds
[2017.12.12-18.24.05:559][  0]LogFileCache: Scanning file cache for directory 'K:/O/Programozas/Unreal/03_BuildingEscape/BuildingEscape/Saved/Collections/' took 0.01s
[2017.12.12-18.24.05:559][  0]LogFileCache: Scanning file cache for directory 'K:/O/Programozas/Unreal/03_BuildingEscape/BuildingEscape/Content/Developers/Klafa/Collections/' took 0.01s
[2017.12.12-18.24.05:559][  0]LogFileCache: Scanning file cache for directory 'K:/O/Programozas/Unreal/03_BuildingEscape/BuildingEscape/Content/Collections/' took 0.01s
[2017.12.12-18.24.05:559][  0]LogCollectionManager: Rebuilt the GUID cache for 0 collections in 0.000000 seconds
[2017.12.12-18.24.05:576][  0]LogContentBrowser: Native class hierarchy populated in 0.0172 seconds. Added 2391 classes and 502 folders.
[2017.12.12-18.24.05:705][  0]LogContentBrowser: Native class hierarchy updated for 'WidgetCarousel' in 0.0023 seconds. Added 0 classes and 0 folders.
[2017.12.12-18.24.07:435][  0]LogContentBrowser: Native class hierarchy updated for 'AddContentDialog' in 0.0021 seconds. Added 0 classes and 0 folders.
[2017.12.12-18.24.07:524][  0]LogContentBrowser: Native class hierarchy updated for 'SceneOutliner' in 0.0023 seconds. Added 1 classes and 2 folders.
[2017.12.12-18.24.07:739][  0]LogSlate: Took 0.013860 seconds to synchronously load lazily loaded font '../../../Engine/Content/Slate/Fonts/Roboto-Regular.ttf' (155K)
[2017.12.12-18.24.07:754][  0]LogSlate: Took 0.009704 seconds to synchronously load lazily loaded font '../../../Engine/Content/Slate/Fonts/Roboto-Bold.ttf' (160K)
[2017.12.12-18.24.07:766][  0]LogSlate: Took 0.008086 seconds to synchronously load lazily loaded font '../../../Engine/Content/Editor/Slate/Fonts/FontAwesome.ttf' (139K)
[2017.12.12-18.24.07:773][  0]LogSlate: Took 0.006441 seconds to synchronously load lazily loaded font '../../../Engine/Content/Editor/Slate/Fonts/DroidSansMono.ttf' (77K)
[2017.12.12-18.24.07:985][  0]LogRenderer: Reallocating scene render targets to support 1072x804 Format 10 NumSamples 1 (Frame:1).
[2017.12.12-18.24.08:320][  0]LogContentBrowser: Native class hierarchy updated for 'HierarchicalLODOutliner' in 0.0023 seconds. Added 1 classes and 2 folders.
[2017.12.12-18.24.08:320][  0]LogLoad: (Engine Initialization) Total time: 53.83 seconds
[2017.12.12-18.24.08:320][  0]LogLoad: (Engine Initialization) Total Blueprint compile time: 0.00 seconds
[2017.12.12-18.24.08:321][  0]LogExternalProfiler: No external profilers were discovered.  External profiling features will not be available.
[2017.12.12-18.24.08:681][  0]LogContentStreaming: Texture pool size now 1000 MB
[2017.12.12-18.24.09:008][  1]LogAssetRegistry: Asset discovery search completed in 37.5859 seconds
[2017.12.12-18.24.09:011][  1]LogCollectionManager: Rebuilt the object cache for 0 collections in 0.000001 seconds (found 0 objects)
[2017.12.12-18.24.09:012][  1]LogCollectionManager: Fixed up redirectors for 0 collections in 0.000257 seconds (updated 0 objects)
[2017.12.12-18.44.06:190][442]LogSlate: Took 0.022312 seconds to synchronously load lazily loaded font '../../../Engine/Content/Slate/Fonts/Roboto-Light.ttf' (159K)
[2017.12.12-18.44.06:667][442]LogSlate: Took 0.000316 seconds to synchronously load lazily loaded font '../../../Engine/Content/Slate/Fonts/Roboto-Regular.ttf' (155K)
[2017.12.12-18.44.06:837][442]LogContentBrowser: Native class hierarchy updated for 'BlueprintGraph' in 0.0028 seconds. Added 113 classes and 0 folders.
[2017.12.12-18.44.08:005][442]LogSlate: Took 0.011882 seconds to synchronously load lazily loaded font '../../../Engine/Content/Editor/Slate/Fonts/Roboto-BoldCondensed.ttf' (158K)
[2017.12.12-18.44.09:256][537]LogSlate: Took 0.001273 seconds to synchronously load lazily loaded font '../../../Engine/Content/Editor/Slate/Fonts/Roboto-Italic.ttf' (157K)
[2017.12.12-18.45.09:301][561]LogEditorViewport: Clicking on Actor (LMB): StaticMeshActor (SM_TableRound)
[2017.12.12-18.45.38:059][ 65]LogEditorViewport: Clicking on Actor (LMB): StaticMeshActor (Floor_400x400)
[2017.12.12-18.45.41:051][330]Cmd: OBJ SAVEPACKAGE PACKAGE="/Game/NewMap" FILE="K:/O/Programozas/Unreal/03_BuildingEscape/BuildingEscape/Content/NewMap.umap" SILENT=true AUTOSAVING=false KEEPDIRTY=false
[2017.12.12-18.45.41:257][330]LogSavePackage: Save=102.45ms
[2017.12.12-18.45.41:258][330]LogSavePackage: Moving 'K:/O/Programozas/Unreal/03_BuildingEscape/BuildingEscape/Saved/NewMap063ADF584F085DC3A6A4D7A9C060E93F.tmp' to 'K:/O/Programozas/Unreal/03_BuildingEscape/BuildingEscape/Content/NewMap.umap'
[2017.12.12-18.45.41:287][330]LogSavePackage: Display: Finished SavePackage K:/O/Programozas/Unreal/03_BuildingEscape/BuildingEscape/Content/NewMap.umap
[2017.12.12-18.45.41:324][330]Cmd: OBJ SAVEPACKAGE PACKAGE="/Game/NewMap_BuiltData" FILE="K:/O/Programozas/Unreal/03_BuildingEscape/BuildingEscape/Content/NewMap_BuiltData.uasset" SILENT=true
[2017.12.12-18.45.41:721][330]LogSavePackage: Save=224.84ms
[2017.12.12-18.45.41:721][330]LogSavePackage: Moving 'K:/O/Programozas/Unreal/03_BuildingEscape/BuildingEscape/Saved/NewMap_BuiltData1520B79F4A7C09E2C1DE7480A791DAFD.tmp' to 'K:/O/Programozas/Unreal/03_BuildingEscape/BuildingEscape/Content/NewMap_BuiltData.uasset'
[2017.12.12-18.45.41:731][330]LogSavePackage: Display: Finished SavePackage K:/O/Programozas/Unreal/03_BuildingEscape/BuildingEscape/Content/NewMap_BuiltData.uasset
[2017.12.12-18.45.43:812][451]Candidate modules for hot reload:
[2017.12.12-18.45.43:813][451]  BuildingEscape
[2017.12.12-18.45.43:813][451]Launching UnrealBuildTool... [H:/Programok/Epic Games/UE_4.17/Engine/Binaries/DotNET/UnrealBuildTool.exe BuildingEscape -ModuleWithSuffix BuildingEscape 5434 Win64 Development -editorrecompile -canskiplink "K:/O/Programozas/Unreal/03_BuildingEscape/BuildingEscape/BuildingEscape.uproject" ]
[2017.12.12-18.45.43:816][451]Warning: Starting HotReload took  0.1s.
[2017.12.12-18.46.56:823][900]CompilerResultsLog: New page: Compilation - Dec 12, 2017, 8:46:56 PM
[2017.12.12-18.46.56:823][900]CompilerResultsLog: Compiling game modules for hot reload
[2017.12.12-18.46.56:824][900]CompilerResultsLog: Parsing headers for BuildingEscapeEditor
[2017.12.12-18.46.56:824][900]CompilerResultsLog:   Running UnrealHeaderTool "K:\O\Programozas\Unreal\03_BuildingEscape\BuildingEscape\BuildingEscape.uproject" "K:\O\Programozas\Unreal\03_BuildingEscape\BuildingEscape\Intermediate\Build\Win64\BuildingEscapeEditor\Development\BuildingEscapeEditor.uhtmanifest" -LogCmds="loginit warning, logexit warning, logdatabase error" -Unattended -WarningsAsErrors -installed
[2017.12.12-18.46.56:824][900]CompilerResultsLog: Reflection code generated for BuildingEscapeEditor in 11,9670841 seconds
[2017.12.12-18.46.56:824][900]CompilerResultsLog: Performing 3 actions (4 in parallel)
[2017.12.12-18.46.56:825][900]CompilerResultsLog: OpenDoor.cpp
[2017.12.12-18.46.56:825][900]CompilerResultsLog: K:\O\Programozas\Unreal\03_BuildingEscape\BuildingEscape\Source\BuildingEscape\OpenDoor.cpp: warning C4828: The file contains a character starting at offset 0x6f7 that is illegal in the current source character set (codepage 65001).
[2017.12.12-18.46.56:825][900]CompilerResultsLog: Error: K:\O\Programozas\Unreal\03_BuildingEscape\BuildingEscape\Source\BuildingEscape\OpenDoor.cpp(74) : error C2276: '*': illegal operation on bound member function expression
[2017.12.12-18.46.56:825][900]CompilerResultsLog: ERROR: UBT ERROR: Failed to produce item: K:\O\Programozas\Unreal\03_BuildingEscape\BuildingEscape\Binaries\Win64\UE4Editor-BuildingEscape-5434.dll
[2017.12.12-18.46.56:826][900]CompilerResultsLog: Total build time: 72,39 seconds (Local executor: 0,00 seconds)
[2017.12.12-18.46.56:826][900]LogMainFrame: MainFrame: Module compiling took 73.032 seconds
[2017.12.12-18.46.56:826][900]Warning: HotReload failed, recompile failed
[2017.12.12-19.11.53:714][391]Candidate modules for hot reload:
[2017.12.12-19.11.53:714][391]  BuildingEscape
[2017.12.12-19.11.53:714][391]Launching UnrealBuildTool... [H:/Programok/Epic Games/UE_4.17/Engine/Binaries/DotNET/UnrealBuildTool.exe BuildingEscape -ModuleWithSuffix BuildingEscape 6753 Win64 Development -editorrecompile -canskiplink "K:/O/Programozas/Unreal/03_BuildingEscape/BuildingEscape/BuildingEscape.uproject" ]
[2017.12.12-19.11.53:718][391]Warning: Starting HotReload took  0.0s.
[2017.12.12-19.12.20:675][556]CompilerResultsLog: New page: Compilation - Dec 12, 2017, 9:12:20 PM
[2017.12.12-19.12.20:675][556]CompilerResultsLog: Compiling game modules for hot reload
[2017.12.12-19.12.20:675][556]CompilerResultsLog: Parsing headers for BuildingEscapeEditor
[2017.12.12-19.12.20:675][556]CompilerResultsLog:   Running UnrealHeaderTool "K:\O\Programozas\Unreal\03_BuildingEscape\BuildingEscape\BuildingEscape.uproject" "K:\O\Programozas\Unreal\03_BuildingEscape\BuildingEscape\Intermediate\Build\Win64\BuildingEscapeEditor\Development\BuildingEscapeEditor.uhtmanifest" -LogCmds="loginit warning, logexit warning, logdatabase error" -Unattended -WarningsAsErrors -installed
[2017.12.12-19.12.20:676][556]CompilerResultsLog: Reflection code generated for BuildingEscapeEditor in 12,0443105 seconds
[2017.12.12-19.12.20:676][556]CompilerResultsLog: Performing 3 actions (4 in parallel)
[2017.12.12-19.12.20:676][556]CompilerResultsLog: OpenDoor.cpp
[2017.12.12-19.12.20:676][556]CompilerResultsLog: K:\O\Programozas\Unreal\03_BuildingEscape\BuildingEscape\Source\BuildingEscape\OpenDoor.cpp: warning C4828: The file contains a character starting at offset 0x729 that is illegal in the current source character set (codepage 65001).
[2017.12.12-19.12.20:677][556]CompilerResultsLog: Error: K:\O\Programozas\Unreal\03_BuildingEscape\BuildingEscape\Source\BuildingEscape\OpenDoor.cpp(75) : error C2276: '*': illegal operation on bound member function expression
[2017.12.12-19.12.20:677][556]CompilerResultsLog: ERROR: UBT ERROR: Failed to produce item: K:\O\Programozas\Unreal\03_BuildingEscape\BuildingEscape\Binaries\Win64\UE4Editor-BuildingEscape-6753.dll
[2017.12.12-19.12.20:677][556]CompilerResultsLog: Total build time: 26,51 seconds (Local executor: 0,00 seconds)
[2017.12.12-19.12.20:677][556]LogMainFrame: MainFrame: Module compiling took 26.993 seconds
[2017.12.12-19.12.20:678][556]Warning: HotReload failed, recompile failed
[2017.12.12-19.14.56:846][386]LogEditorViewport: Clicking on Actor (LMB): StaticMeshActor (Floor_400x400)
[2017.12.12-19.15.01:334][782]LogTemp: Repeating last play command: Selected Viewport
[2017.12.12-19.15.01:502][782]LogPlayLevel: PlayLevel: No blueprints needed recompiling
[2017.12.12-19.15.01:502][782]PIE: New page: PIE session: NewMap (Dec 12, 2017, 9:15:01 PM)
[2017.12.12-19.15.01:502][782]LogPlayLevel: Creating play world package: /Game/UEDPIE_0_NewMap
[2017.12.12-19.15.01:510][782]LogPlayLevel: PIE: StaticDuplicateObject took: (0.007374s)
[2017.12.12-19.15.01:511][782]LogAIModule: Creating AISystem for world NewMap
[2017.12.12-19.15.01:511][782]LogPlayLevel: PIE: World Init took: (0.001138s)
[2017.12.12-19.15.01:511][782]LogPlayLevel: PIE: Created PIE world by copying editor world from /Game/NewMap.NewMap to /Game/UEDPIE_0_NewMap.NewMap (0.009193s)
[2017.12.12-19.15.01:571][782]LogInit: XAudio2 using 'Hangszórók (C-Media PCI Audio Device)' : 2 channels at 44.1 kHz using 16 bits per sample (channel mask 0x3)
[2017.12.12-19.15.01:577][782]LogInit: FAudioDevice initialized.
[2017.12.12-19.15.01:629][782]LogLoad: Game class is 'BuildingEscapeGameMode_BP_C'
[2017.12.12-19.15.01:634][782]LogWorld: Bringing World /Game/UEDPIE_0_NewMap.NewMap up for play (max tick rate 0) at 2017.12.12-20.15.01
[2017.12.12-19.15.01:634][782]LogWorld: Bringing up level for play took: 0.002660
[2017.12.12-19.15.01:730][782]LogContentBrowser: Native class hierarchy updated for 'MovieSceneCapture' in 0.0023 seconds. Added 11 classes and 0 folders.
[2017.12.12-19.15.01:759][782]LogTemp: Warning: SM_Chair_2 is at X=-425.540 Y=-249.701 Z=20.526
[2017.12.12-19.15.01:760][782]PIE: Play in editor start time for /Game/UEDPIE_0_NewMap 0.637
[2017.12.12-19.15.08:323][533]LogEditorViewport: Clicking on Actor (LMB): StaticMeshActor (SM_TableRound)
[2017.12.12-19.15.15:509][ 82]LogEditorViewport: Clicking on Actor (LMB): StaticMeshActor (Floor_400x400)
[2017.12.12-19.15.17:074][258]LogEditorViewport: Clicking on Actor (LMB): StaticMeshActor (SM_Statue)
[2017.12.12-19.15.18:784][452]LogEditorViewport: Clicking on Actor (LMB): StaticMeshActor (SM_Chair)
[2017.12.12-19.15.20:482][643]Cmd: SELECT NONE
[2017.12.12-19.15.21:598][752]LogEditorViewport: Clicking on Actor (LMB): StaticMeshActor (SM_TableRound)
[2017.12.12-19.15.22:464][845]Cmd: SELECT NONE
[2017.12.12-19.15.24:218][ 10]LogTemp: Repeating last play command: Selected Viewport
[2017.12.12-19.15.24:243][ 10]LogPlayLevel: PlayLevel: No blueprints needed recompiling
[2017.12.12-19.15.24:243][ 10]PIE: New page: PIE session: NewMap (Dec 12, 2017, 9:15:24 PM)
[2017.12.12-19.15.24:244][ 10]LogPlayLevel: Creating play world package: /Game/UEDPIE_0_NewMap
[2017.12.12-19.15.24:251][ 10]LogPlayLevel: PIE: StaticDuplicateObject took: (0.006785s)
[2017.12.12-19.15.24:252][ 10]LogAIModule: Creating AISystem for world NewMap
[2017.12.12-19.15.24:252][ 10]LogPlayLevel: PIE: World Init took: (0.001230s)
[2017.12.12-19.15.24:252][ 10]LogPlayLevel: PIE: Created PIE world by copying editor world from /Game/NewMap.NewMap to /Game/UEDPIE_0_NewMap.NewMap (0.008818s)
[2017.12.12-19.15.24:306][ 10]LogInit: XAudio2 using 'Hangszórók (C-Media PCI Audio Device)' : 2 channels at 44.1 kHz using 16 bits per sample (channel mask 0x3)
[2017.12.12-19.15.24:310][ 10]LogInit: FAudioDevice initialized.
[2017.12.12-19.15.24:340][ 10]LogLoad: Game class is 'BuildingEscapeGameMode_BP_C'
[2017.12.12-19.15.24:343][ 10]LogWorld: Bringing World /Game/UEDPIE_0_NewMap.NewMap up for play (max tick rate 0) at 2017.12.12-20.15.24
[2017.12.12-19.15.24:343][ 10]LogWorld: Bringing up level for play took: 0.002577
[2017.12.12-19.15.24:344][ 10]LogTemp: Warning: SM_Chair_2 is at X=-425.540 Y=-249.701 Z=20.526
[2017.12.12-19.15.24:345][ 10]PIE: Play in editor start time for /Game/UEDPIE_0_NewMap -0.778
[2017.12.12-19.15.57:191][864]LogTemp: Repeating last play command: Selected Viewport
[2017.12.12-19.15.57:213][864]LogPlayLevel: PlayLevel: No blueprints needed recompiling
[2017.12.12-19.15.57:213][864]PIE: New page: PIE session: NewMap (Dec 12, 2017, 9:15:57 PM)
[2017.12.12-19.15.57:214][864]LogPlayLevel: Creating play world package: /Game/UEDPIE_0_NewMap
[2017.12.12-19.15.57:219][864]LogPlayLevel: PIE: StaticDuplicateObject took: (0.004931s)
[2017.12.12-19.15.57:220][864]LogAIModule: Creating AISystem for world NewMap
[2017.12.12-19.15.57:221][864]LogPlayLevel: PIE: World Init took: (0.001819s)
[2017.12.12-19.15.57:221][864]LogPlayLevel: PIE: Created PIE world by copying editor world from /Game/NewMap.NewMap to /Game/UEDPIE_0_NewMap.NewMap (0.007401s)
[2017.12.12-19.15.57:294][864]LogInit: XAudio2 using 'Hangszórók (C-Media PCI Audio Device)' : 2 channels at 44.1 kHz using 16 bits per sample (channel mask 0x3)
[2017.12.12-19.15.57:299][864]LogInit: FAudioDevice initialized.
[2017.12.12-19.15.57:330][864]LogLoad: Game class is 'BuildingEscapeGameMode_BP_C'
[2017.12.12-19.15.57:333][864]LogWorld: Bringing World /Game/UEDPIE_0_NewMap.NewMap up for play (max tick rate 0) at 2017.12.12-20.15.57
[2017.12.12-19.15.57:334][864]LogWorld: Bringing up level for play took: 0.002397
[2017.12.12-19.15.57:335][864]LogTemp: Warning: SM_Chair_2 is at X=-425.540 Y=-249.701 Z=20.526
[2017.12.12-19.15.57:335][864]PIE: Play in editor start time for /Game/UEDPIE_0_NewMap 0.212
[2017.12.12-19.16.33:424][177]LogSlate: Took 0.000514 seconds to synchronously load lazily loaded font '../../../Engine/Content/Slate/Fonts/Roboto-Light.ttf' (159K)
[2017.12.12-19.16.42:739][290]Cmd: OBJ SAVEPACKAGE PACKAGE="/Game/NewMap" FILE="K:/O/Programozas/Unreal/03_BuildingEscape/BuildingEscape/Saved/Autosaves/Game/NewMap_Auto1.umap" SILENT=true AUTOSAVING=true KEEPDIRTY=false
[2017.12.12-19.16.42:892][290]LogSavePackage: Save=103.07ms
[2017.12.12-19.16.42:892][290]LogSavePackage: Moving 'K:/O/Programozas/Unreal/03_BuildingEscape/BuildingEscape/Saved/NewMap_Auto14F5875BC48F9BAA6ADFBBDAF6F7C708D.tmp' to 'K:/O/Programozas/Unreal/03_BuildingEscape/BuildingEscape/Saved/Autosaves/Game/NewMap_Auto1.umap'
[2017.12.12-19.16.42:899][290]LogSavePackage: Display: Finished SavePackage K:/O/Programozas/Unreal/03_BuildingEscape/BuildingEscape/Saved/Autosaves/Game/NewMap_Auto1.umap
[2017.12.12-19.16.42:906][290]LogFileHelpers: Editor autosave (incl. sublevels) for '/Game/NewMap' took 0.212
[2017.12.12-19.16.42:906][290]LogFileHelpers: Editor autosave (incl. sublevels) for all levels took 0.212
[2017.12.12-19.19.41:016][829]LogEditorViewport: Clicking on Actor (LMB): StaticMeshActor (Wall_400x308)
[2017.12.12-19.19.42:215][956]LogEditorViewport: Clicking on Actor (LMB): StaticMeshActor (Floor_400x400)
[2017.12.12-19.19.43:362][ 83]LogEditorViewport: Clicking on Actor (LMB): StaticMeshActor (Floor_400x400)
[2017.12.12-19.25.17:569][199]LogEditorViewport: Clicking on Actor (LMB): StaticMeshActor (SM_Statue)
[2017.12.12-19.25.31:416][ 32]LogEditorViewport: Clicking on Actor (LMB): StaticMeshActor (Wall_400x312)
[2017.12.12-19.25.32:273][124]LogEditorViewport: Clicking on Actor (LMB): StaticMeshActor (SM_Chair)
[2017.12.12-19.25.36:962][528]Cmd: OBJ SAVEPACKAGE PACKAGE="/Game/NewMap" FILE="K:/O/Programozas/Unreal/03_BuildingEscape/BuildingEscape/Content/NewMap.umap" SILENT=true AUTOSAVING=false KEEPDIRTY=false
[2017.12.12-19.25.37:170][528]LogSavePackage: Save=103.17ms
[2017.12.12-19.25.37:171][528]LogSavePackage: Moving 'K:/O/Programozas/Unreal/03_BuildingEscape/BuildingEscape/Saved/NewMap44B641E849DC3120B1F0CA99C3FE6F5E.tmp' to 'K:/O/Programozas/Unreal/03_BuildingEscape/BuildingEscape/Content/NewMap.umap'
[2017.12.12-19.25.37:182][528]LogSavePackage: Display: Finished SavePackage K:/O/Programozas/Unreal/03_BuildingEscape/BuildingEscape/Content/NewMap.umap
[2017.12.12-19.25.37:220][528]Cmd: OBJ SAVEPACKAGE PACKAGE="/Game/NewMap_BuiltData" FILE="K:/O/Programozas/Unreal/03_BuildingEscape/BuildingEscape/Content/NewMap_BuiltData.uasset" SILENT=true
[2017.12.12-19.25.37:480][528]LogSavePackage: Save=171.85ms
[2017.12.12-19.25.37:480][528]LogSavePackage: Moving 'K:/O/Programozas/Unreal/03_BuildingEscape/BuildingEscape/Saved/NewMap_BuiltData8AF7601148F7AFA12021FF82A91C06C3.tmp' to 'K:/O/Programozas/Unreal/03_BuildingEscape/BuildingEscape/Content/NewMap_BuiltData.uasset'
[2017.12.12-19.25.37:486][528]LogSavePackage: Display: Finished SavePackage K:/O/Programozas/Unreal/03_BuildingEscape/BuildingEscape/Content/NewMap_BuiltData.uasset
[2017.12.12-19.25.48:400][441]LogTemp: Repeating last play command: Selected Viewport
[2017.12.12-19.25.48:421][441]LogPlayLevel: PlayLevel: No blueprints needed recompiling
[2017.12.12-19.25.48:422][441]PIE: New page: PIE session: NewMap (Dec 12, 2017, 9:25:48 PM)
[2017.12.12-19.25.48:422][441]LogPlayLevel: Creating play world package: /Game/UEDPIE_0_NewMap
[2017.12.12-19.25.48:428][441]LogPlayLevel: PIE: StaticDuplicateObject took: (0.005754s)
[2017.12.12-19.25.48:431][441]LogAIModule: Creating AISystem for world NewMap
[2017.12.12-19.25.48:431][441]LogPlayLevel: PIE: World Init took: (0.003084s)
[2017.12.12-19.25.48:432][441]LogPlayLevel: PIE: Created PIE world by copying editor world from /Game/NewMap.NewMap to /Game/UEDPIE_0_NewMap.NewMap (0.009545s)
[2017.12.12-19.25.48:488][441]LogInit: XAudio2 using 'Hangszórók (C-Media PCI Audio Device)' : 2 channels at 44.1 kHz using 16 bits per sample (channel mask 0x3)
[2017.12.12-19.25.48:493][441]LogInit: FAudioDevice initialized.
[2017.12.12-19.25.48:528][441]LogLoad: Game class is 'BuildingEscapeGameMode_BP_C'
[2017.12.12-19.25.48:531][441]LogWorld: Bringing World /Game/UEDPIE_0_NewMap.NewMap up for play (max tick rate 0) at 2017.12.12-20.25.48
[2017.12.12-19.25.48:531][441]LogWorld: Bringing up level for play took: 0.002682
[2017.12.12-19.25.48:533][441]LogTemp: Warning: SM_Chair_2 is at X=-425.540 Y=-249.701 Z=20.526
[2017.12.12-19.25.48:533][441]PIE: Play in editor start time for /Game/UEDPIE_0_NewMap -0.539
[2017.12.12-19.26.25:459][791]Candidate modules for hot reload:
[2017.12.12-19.26.25:459][791]  BuildingEscape
[2017.12.12-19.26.25:459][791]Launching UnrealBuildTool... [H:/Programok/Epic Games/UE_4.17/Engine/Binaries/DotNET/UnrealBuildTool.exe BuildingEscape -ModuleWithSuffix BuildingEscape 4429 Win64 Development -editorrecompile -canskiplink "K:/O/Programozas/Unreal/03_BuildingEscape/BuildingEscape/BuildingEscape.uproject" ]
[2017.12.12-19.26.25:463][791]Warning: Starting HotReload took  0.0s.
[2017.12.12-19.26.40:053][517]CompilerResultsLog: New page: Compilation - Dec 12, 2017, 9:26:40 PM
[2017.12.12-19.26.40:053][517]CompilerResultsLog: Compiling game modules for hot reload
[2017.12.12-19.26.40:053][517]CompilerResultsLog: Performing 3 actions (4 in parallel)
[2017.12.12-19.26.40:053][517]CompilerResultsLog: OpenDoor.cpp
[2017.12.12-19.26.40:053][517]CompilerResultsLog: K:\O\Programozas\Unreal\03_BuildingEscape\BuildingEscape\Source\BuildingEscape\OpenDoor.cpp: warning C4828: The file contains a character starting at offset 0x729 that is illegal in the current source character set (codepage 65001).
[2017.12.12-19.26.40:057][517]CompilerResultsLog: Error: K:\O\Programozas\Unreal\03_BuildingEscape\BuildingEscape\Source\BuildingEscape\OpenDoor.cpp(75) : error C2276: '*': illegal operation on bound member function expression
[2017.12.12-19.26.40:057][517]CompilerResultsLog: ERROR: UBT ERROR: Failed to produce item: K:\O\Programozas\Unreal\03_BuildingEscape\BuildingEscape\Binaries\Win64\UE4Editor-BuildingEscape-4429.dll
[2017.12.12-19.26.40:057][517]CompilerResultsLog: Total build time: 14,25 seconds (Local executor: 0,00 seconds)
[2017.12.12-19.26.40:057][517]LogMainFrame: MainFrame: Module compiling took 14.616 seconds
[2017.12.12-19.26.40:058][517]Warning: HotReload failed, recompile failed
[2017.12.12-19.28.09:591][589]Cmd: OBJ SAVEPACKAGE PACKAGE="/Game/NewMap" FILE="K:/O/Programozas/Unreal/03_BuildingEscape/BuildingEscape/Content/NewMap.umap" SILENT=true AUTOSAVING=false KEEPDIRTY=false
[2017.12.12-19.28.09:777][589]LogSavePackage: Save=114.19ms
[2017.12.12-19.28.09:777][589]LogSavePackage: Moving 'K:/O/Programozas/Unreal/03_BuildingEscape/BuildingEscape/Saved/NewMap37062E6C48BDB6BA85E851B68A7930CE.tmp' to 'K:/O/Programozas/Unreal/03_BuildingEscape/BuildingEscape/Content/NewMap.umap'
[2017.12.12-19.28.09:783][589]LogSavePackage: Display: Finished SavePackage K:/O/Programozas/Unreal/03_BuildingEscape/BuildingEscape/Content/NewMap.umap
[2017.12.12-19.28.09:821][589]Cmd: OBJ SAVEPACKAGE PACKAGE="/Game/NewMap_BuiltData" FILE="K:/O/Programozas/Unreal/03_BuildingEscape/BuildingEscape/Content/NewMap_BuiltData.uasset" SILENT=true
[2017.12.12-19.28.10:010][589]LogSavePackage: Save=167.48ms
[2017.12.12-19.28.10:011][589]LogSavePackage: Moving 'K:/O/Programozas/Unreal/03_BuildingEscape/BuildingEscape/Saved/NewMap_BuiltData6FB8358D425E537BE7506D95E5707C24.tmp' to 'K:/O/Programozas/Unreal/03_BuildingEscape/BuildingEscape/Content/NewMap_BuiltData.uasset'
[2017.12.12-19.28.10:023][589]LogSavePackage: Display: Finished SavePackage K:/O/Programozas/Unreal/03_BuildingEscape/BuildingEscape/Content/NewMap_BuiltData.uasset
[2017.12.12-19.28.11:593][687]Cmd: QUIT_EDITOR
[2017.12.12-19.28.11:628][687]LogExit: Preparing to exit.
[2017.12.12-19.28.12:018][687]LogExit: Editor shut down
[2017.12.12-19.28.12:030][687]LogExit: Transaction tracking system shut down
[2017.12.12-19.28.12:435][687]LogDirectoryWatcher: A directory notification for '../../../Engine/Content/' was aborted.
[2017.12.12-19.28.12:435][687]LogDirectoryWatcher: A directory notification for 'K:/O/Programozas/Unreal/03_BuildingEscape/BuildingEscape/Content/' was aborted.
[2017.12.12-19.28.12:436][687]LogDirectoryWatcher: A directory notification for '../../../Engine/Plugins/2D/Paper2D/Content/' was aborted.
[2017.12.12-19.28.12:436][687]LogDirectoryWatcher: A directory notification for '../../../Engine/Plugins/Runtime/Oculus/OculusVR/Content/' was aborted.
[2017.12.12-19.28.12:436][687]LogDirectoryWatcher: A directory notification for '../../../Engine/Plugins/Runtime/Steam/SteamVR/Content/' was aborted.
[2017.12.12-19.28.12:576][687]LogExit: Object subsystem successfully closed.
[2017.12.12-19.28.12:598][687]LogD3D11RHI: Shutdown
[2017.12.12-19.28.12:598][687]LogD3D11RHI: CleanupD3DDevice
[2017.12.12-19.28.12:707][687]LogD3D11RHI: ~FD3D11DynamicRHI
[2017.12.12-19.28.12:768][687]LogModuleManager: Shutting down and abandoning module MovieSceneCapture (538)
[2017.12.12-19.28.12:768][687]LogModuleManager: Shutting down and abandoning module BlueprintGraph (536)
[2017.12.12-19.28.12:768][687]LogModuleManager: Shutting down and abandoning module BlueprintProfiler (534)
[2017.12.12-19.28.12:776][687]LogModuleManager: Shutting down and abandoning module HierarchicalLODOutliner (532)
[2017.12.12-19.28.12:776][687]LogModuleManager: Shutting down and abandoning module SceneOutliner (530)
[2017.12.12-19.28.12:776][687]LogModuleManager: Shutting down and abandoning module AddContentDialog (528)
[2017.12.12-19.28.12:776][687]LogDirectoryWatcher: A directory notification for 'H:/Programok/Epic Games/UE_4.17/FeaturePacks/' was aborted.
[2017.12.12-19.28.12:778][687]LogModuleManager: Shutting down and abandoning module WidgetCarousel (527)
[2017.12.12-19.28.12:778][687]LogModuleManager: Shutting down and abandoning module EditorWidgets (524)
[2017.12.12-19.28.12:778][687]LogModuleManager: Shutting down and abandoning module CollectionManager (522)
[2017.12.12-19.28.12:778][687]LogDirectoryWatcher: A directory notification for 'K:/O/Programozas/Unreal/03_BuildingEscape/BuildingEscape/Content/Collections/' was aborted.
[2017.12.12-19.28.12:778][687]LogDirectoryWatcher: A directory notification for 'K:/O/Programozas/Unreal/03_BuildingEscape/BuildingEscape/Content/Developers/Klafa/Collections/' was aborted.
[2017.12.12-19.28.12:778][687]LogDirectoryWatcher: A directory notification for 'K:/O/Programozas/Unreal/03_BuildingEscape/BuildingEscape/Saved/Collections/' was aborted.
[2017.12.12-19.28.12:778][687]LogModuleManager: Shutting down and abandoning module StatsViewer (520)
[2017.12.12-19.28.12:778][687]LogModuleManager: Shutting down and abandoning module FoliageEdit (518)
[2017.12.12-19.28.12:778][687]LogModuleManager: Shutting down and abandoning module LandscapeEditor (516)
[2017.12.12-19.28.12:778][687]LogModuleManager: Shutting down and abandoning module MeshPaintMode (514)
[2017.12.12-19.28.12:778][687]LogModuleManager: Shutting down and abandoning module SceneDepthPickerMode (512)
[2017.12.12-19.28.12:778][687]LogModuleManager: Shutting down and abandoning module ActorPickerMode (510)
[2017.12.12-19.28.12:778][687]LogModuleManager: Shutting down and abandoning module GeometryMode (508)
[2017.12.12-19.28.12:778][687]LogModuleManager: Shutting down and abandoning module TextureAlignMode (506)
[2017.12.12-19.28.12:778][687]LogModuleManager: Shutting down and abandoning module BspMode (504)
[2017.12.12-19.28.12:778][687]LogModuleManager: Shutting down and abandoning module PIEPreviewDeviceProfileSelector (502)
[2017.12.12-19.28.12:778][687]LogModuleManager: Shutting down and abandoning module HardwareSurvey (500)
[2017.12.12-19.28.12:778][687]LogModuleManager: Shutting down and abandoning module SequenceRecorderSections (498)
[2017.12.12-19.28.12:778][687]LogModuleManager: Shutting down and abandoning module AutomationWorker (496)
[2017.12.12-19.28.12:778][687]LogModuleManager: Shutting down and abandoning module MatineeToLevelSequence (494)
[2017.12.12-19.28.12:779][687]LogModuleManager: Shutting down and abandoning module LevelSequenceEditor (492)
[2017.12.12-19.28.12:779][687]LogModuleManager: Shutting down and abandoning module PlacementMode (491)
[2017.12.12-19.28.12:779][687]LogModuleManager: Shutting down and abandoning module WmfMediaFactory (488)
[2017.12.12-19.28.12:779][687]LogModuleManager: Shutting down and abandoning module WmfMediaEditor (486)
[2017.12.12-19.28.12:779][687]LogModuleManager: Shutting down and abandoning module AvfMediaFactory (484)
[2017.12.12-19.28.12:779][687]LogModuleManager: Shutting down and abandoning module AvfMediaEditor (482)
[2017.12.12-19.28.12:779][687]LogModuleManager: Shutting down and abandoning module AndroidMediaFactory (480)
[2017.12.12-19.28.12:779][687]LogModuleManager: Shutting down and abandoning module Media (479)
[2017.12.12-19.28.12:779][687]LogModuleManager: Shutting down and abandoning module AndroidMediaEditor (476)
[2017.12.12-19.28.12:779][687]LogModuleManager: Shutting down and abandoning module CharacterAI (474)
[2017.12.12-19.28.12:779][687]LogModuleManager: Shutting down and abandoning module AudioCapture (472)
[2017.12.12-19.28.12:779][687]LogModuleManager: Shutting down and abandoning module SequenceRecorder (471)
[2017.12.12-19.28.12:779][687]LogModuleManager: Shutting down and abandoning module SmartSnapping (468)
[2017.12.12-19.28.12:779][687]LogModuleManager: Shutting down and abandoning module SessionServices (466)
[2017.12.12-19.28.12:779][687]LogModuleManager: Shutting down and abandoning module ViewportSnapping (464)
[2017.12.12-19.28.12:779][687]LogModuleManager: Shutting down and abandoning module ViewportInteraction (462)
[2017.12.12-19.28.12:779][687]LogModuleManager: Shutting down and abandoning module ClothPainter (460)
[2017.12.12-19.28.12:779][687]LogModuleManager: Shutting down and abandoning module LogVisualizer (458)
[2017.12.12-19.28.12:779][687]LogModuleManager: Shutting down and abandoning module IntroTutorials (456)
[2017.12.12-19.28.12:779][687]LogModuleManager: Shutting down and abandoning module GameProjectGeneration (455)
[2017.12.12-19.28.12:779][687]LogModuleManager: Shutting down and abandoning module IOSPlatformEditor (452)
[2017.12.12-19.28.12:779][687]LogModuleManager: Shutting down and abandoning module HTML5PlatformEditor (450)
[2017.12.12-19.28.12:779][687]LogModuleManager: Shutting down and abandoning module AndroidPlatformEditor (448)
[2017.12.12-19.28.12:779][687]LogModuleManager: Shutting down and abandoning module AndroidDeviceDetection (447)
[2017.12.12-19.28.13:585][687]LogModuleManager: Shutting down and abandoning module WindowsPlatformEditor (444)
[2017.12.12-19.28.13:585][687]LogModuleManager: Shutting down and abandoning module IOSRuntimeSettings (442)
[2017.12.12-19.28.13:585][687]LogModuleManager: Shutting down and abandoning module AndroidRuntimeSettings (440)
[2017.12.12-19.28.13:585][687]LogModuleManager: Shutting down and abandoning module InputBindingEditor (438)
[2017.12.12-19.28.13:585][687]LogModuleManager: Shutting down and abandoning module MergeActors (436)
[2017.12.12-19.28.13:585][687]LogModuleManager: Shutting down and abandoning module SizeMap (434)
[2017.12.12-19.28.13:586][687]LogModuleManager: Shutting down and abandoning module TreeMap (432)
[2017.12.12-19.28.13:586][687]LogModuleManager: Shutting down and abandoning module ReferenceViewer (430)
[2017.12.12-19.28.13:586][687]LogModuleManager: Shutting down and abandoning module LocalizationDashboard (428)
[2017.12.12-19.28.13:586][687]LogModuleManager: Shutting down and abandoning module LocalizationService (427)
[2017.12.12-19.28.13:586][687]LogModuleManager: Shutting down and abandoning module HardwareTargeting (424)
[2017.12.12-19.28.13:586][687]LogModuleManager: Shutting down and abandoning module DeviceProfileEditor (422)
[2017.12.12-19.28.13:586][687]LogModuleManager: Shutting down and abandoning module UndoHistory (420)
[2017.12.12-19.28.13:586][687]LogModuleManager: Shutting down and abandoning module XmlParser (418)
[2017.12.12-19.28.13:586][687]LogModuleManager: Shutting down and abandoning module Blutility (416)
[2017.12.12-19.28.13:586][687]LogModuleManager: Shutting down and abandoning module ProjectSettingsViewer (414)
[2017.12.12-19.28.13:586][687]LogModuleManager: Shutting down and abandoning module ProjectTargetPlatformEditor (413)
[2017.12.12-19.28.13:586][687]LogModuleManager: Shutting down and abandoning module EditorSettingsViewer (410)
[2017.12.12-19.28.13:586][687]LogModuleManager: Shutting down and abandoning module SettingsEditor (408)
[2017.12.12-19.28.13:586][687]LogModuleManager: Shutting down and abandoning module ProjectLauncher (406)
[2017.12.12-19.28.13:586][687]LogModuleManager: Shutting down and abandoning module SessionFrontend (404)
[2017.12.12-19.28.13:586][687]LogModuleManager: Shutting down and abandoning module ProfilerClient (402)
[2017.12.12-19.28.13:586][687]LogModuleManager: Shutting down and abandoning module DeviceManager (400)
[2017.12.12-19.28.13:586][687]LogModuleManager: Shutting down and abandoning module TargetDeviceServices (399)
[2017.12.12-19.28.13:637][687]LogModuleManager: Shutting down and abandoning module AutomationController (396)
[2017.12.12-19.28.13:637][687]LogModuleManager: Shutting down and abandoning module AutomationWindow (394)
[2017.12.12-19.28.13:637][687]LogModuleManager: Shutting down and abandoning module Layers (392)
[2017.12.12-19.28.13:637][687]LogModuleManager: Shutting down and abandoning module ComponentVisualizers (390)
[2017.12.12-19.28.13:637][687]LogModuleManager: Shutting down and abandoning module DetailCustomizations (388)
[2017.12.12-19.28.13:637][687]LogModuleManager: Shutting down and abandoning module PackagesDialog (386)
[2017.12.12-19.28.13:637][687]LogModuleManager: Shutting down and abandoning module Persona (384)
[2017.12.12-19.28.13:637][687]LogModuleManager: Shutting down and abandoning module AdvancedPreviewScene (383)
[2017.12.12-19.28.13:637][687]LogModuleManager: Shutting down and abandoning module AnimGraph (381)
[2017.12.12-19.28.13:637][687]LogModuleManager: Shutting down and abandoning module Kismet (378)
[2017.12.12-19.28.13:648][687]LogModuleManager: Shutting down and abandoning module ClassViewer (376)
[2017.12.12-19.28.13:648][687]LogModuleManager: Shutting down and abandoning module Toolbox (374)
[2017.12.12-19.28.13:648][687]LogModuleManager: Shutting down and abandoning module ModuleUI (372)
[2017.12.12-19.28.13:648][687]LogModuleManager: Shutting down and abandoning module MovieSceneTools (370)
[2017.12.12-19.28.13:648][687]LogModuleManager: Shutting down and abandoning module OutputLog (368)
[2017.12.12-19.28.13:648][687]LogModuleManager: Shutting down and abandoning module GammaUI (366)
[2017.12.12-19.28.13:648][687]LogModuleManager: Shutting down and abandoning module Documentation (364)
[2017.12.12-19.28.13:648][687]LogModuleManager: Shutting down and abandoning module MovieSceneTracks (362)
[2017.12.12-19.28.13:648][687]LogModuleManager: Shutting down and abandoning module MovieScene (360)
[2017.12.12-19.28.13:648][687]LogModuleManager: Shutting down and abandoning module Niagara (358)
[2017.12.12-19.28.13:648][687]LogModuleManager: Shutting down and abandoning module NiagaraEditor (357)
[2017.12.12-19.28.13:648][687]LogModuleManager: Shutting down and abandoning module StreamingPauseRendering (354)
[2017.12.12-19.28.13:649][687]LogModuleManager: Shutting down and abandoning module LauncherPlatform (352)
[2017.12.12-19.28.13:649][687]LogModuleManager: Shutting down and abandoning module AnalyticsET (350)
[2017.12.12-19.28.13:649][687]LogModuleManager: Shutting down and abandoning module PortalServices (348)
[2017.12.12-19.28.13:649][687]LogModuleManager: Shutting down and abandoning module PortalRpc (346)
[2017.12.12-19.28.13:649][687]LogModuleManager: Shutting down and abandoning module MessagingRpc (344)
[2017.12.12-19.28.13:649][687]LogModuleManager: Shutting down and abandoning module AIModule (342)
[2017.12.12-19.28.13:649][687]LogModuleManager: Shutting down and abandoning module GameplayDebugger (341)
[2017.12.12-19.28.13:649][687]LogModuleManager: Shutting down and abandoning module AITestSuite (339)
[2017.12.12-19.28.13:649][687]LogModuleManager: Shutting down and abandoning module ProfilerService (336)
[2017.12.12-19.28.13:891][687]LogModuleManager: Shutting down and abandoning module TaskGraph (334)
[2017.12.12-19.28.13:891][687]LogModuleManager: Shutting down and abandoning module SteamVRController (332)
[2017.12.12-19.28.13:891][687]LogModuleManager: Shutting down and abandoning module ProceduralMeshComponentEditor (330)
[2017.12.12-19.28.13:892][687]LogModuleManager: Shutting down and abandoning module ProceduralMeshComponent (328)
[2017.12.12-19.28.13:892][687]LogModuleManager: Shutting down and abandoning module OculusInput (326)
[2017.12.12-19.28.13:892][687]LogModuleManager: Shutting down and abandoning module MobilePatchingUtils (324)
[2017.12.12-19.28.13:892][687]LogModuleManager: Shutting down and abandoning module CustomMeshComponent (322)
[2017.12.12-19.28.13:892][687]LogModuleManager: Shutting down and abandoning module CableComponent (320)
[2017.12.12-19.28.13:892][687]LogModuleManager: Shutting down and abandoning module ArchVisCharacter (318)
[2017.12.12-19.28.13:892][687]LogModuleManager: Shutting down and abandoning module AndroidPermission (316)
[2017.12.12-19.28.13:892][687]LogModuleManager: Shutting down and abandoning module MediaPlayerEditor (312)
[2017.12.12-19.28.13:892][687]LogModuleManager: Shutting down and abandoning module HTML5Networking (310)
[2017.12.12-19.28.13:892][687]LogModuleManager: Shutting down and abandoning module AlembicImporter (308)
[2017.12.12-19.28.13:892][687]LogModuleManager: Shutting down and abandoning module AlembicLibrary (307)
[2017.12.12-19.28.13:892][687]LogModuleManager: Shutting down and abandoning module GeometryCache (306)
[2017.12.12-19.28.13:892][687]LogModuleManager: Shutting down and abandoning module GeometryCacheEd (305)
[2017.12.12-19.28.13:892][687]LogModuleManager: Shutting down and abandoning module SpeedTreeImporter (300)
[2017.12.12-19.28.13:892][687]LogModuleManager: Shutting down and abandoning module PluginBrowser (298)
[2017.12.12-19.28.13:892][687]LogModuleManager: Shutting down and abandoning module MobileLauncherProfileWizard (296)
[2017.12.12-19.28.13:892][687]LogModuleManager: Shutting down and abandoning module VisualStudioSourceCodeAccess (294)
[2017.12.12-19.28.13:892][687]LogModuleManager: Shutting down and abandoning module DesktopPlatform (293)
[2017.12.12-19.28.13:892][687]LogModuleManager: Shutting down and abandoning module UObjectPlugin (290)
[2017.12.12-19.28.13:892][687]LogModuleManager: Shutting down and abandoning module SubversionSourceControl (288)
[2017.12.12-19.28.13:892][687]LogModuleManager: Shutting down and abandoning module PerforceSourceControl (286)
[2017.12.12-19.28.13:892][687]LogModuleManager: Shutting down and abandoning module GitSourceControl (284)
[2017.12.12-19.28.13:892][687]LogModuleManager: Shutting down and abandoning module SourceControl (283)
[2017.12.12-19.28.13:892][687]LogModuleManager: Shutting down and abandoning module LightPropagationVolumeEditor (280)
[2017.12.12-19.28.13:892][687]LogModuleManager: Shutting down and abandoning module PaperTiledImporter (278)
[2017.12.12-19.28.13:892][687]LogModuleManager: Shutting down and abandoning module PaperSpriteSheetImporter (276)
[2017.12.12-19.28.13:892][687]LogModuleManager: Shutting down and abandoning module Paper2DEditor (274)
[2017.12.12-19.28.13:892][687]LogModuleManager: Shutting down and abandoning module MeshPaint (273)
[2017.12.12-19.28.13:893][687]LogModuleManager: Shutting down and abandoning module LevelEditor (271)
[2017.12.12-19.28.13:894][687]LogModuleManager: Shutting down and abandoning module PixelInspectorModule (270)
[2017.12.12-19.28.13:894][687]LogModuleManager: Shutting down and abandoning module MainFrame (268)
[2017.12.12-19.28.13:894][687]LogModuleManager: Shutting down and abandoning module HotReload (267)
[2017.12.12-19.28.13:894][687]LogDirectoryWatcher: A directory notification for 'K:/O/Programozas/Unreal/03_BuildingEscape/BuildingEscape/Binaries/Win64' was aborted.
[2017.12.12-19.28.13:894][687]LogModuleManager: Shutting down and abandoning module BuildingEscape (262)
[2017.12.12-19.28.13:894][687]LogModuleManager: Shutting down and abandoning module RuntimePhysXCooking (260)
[2017.12.12-19.28.13:894][687]LogModuleManager: Shutting down and abandoning module PhysXVehiclesEditor (258)
[2017.12.12-19.28.13:894][687]LogModuleManager: Shutting down and abandoning module PhysXVehicles (256)
[2017.12.12-19.28.13:895][687]LogModuleManager: Shutting down and abandoning module OculusEditor (254)
[2017.12.12-19.28.13:895][687]LogModuleManager: Shutting down and abandoning module LocationServicesBPLibrary (252)
[2017.12.12-19.28.13:895][687]LogModuleManager: Shutting down and abandoning module ImmediatePhysicsEditor (250)
[2017.12.12-19.28.13:895][687]LogModuleManager: Shutting down and abandoning module ImmediatePhysics (248)
[2017.12.12-19.28.13:895][687]LogModuleManager: Shutting down and abandoning module UdpMessaging (246)
[2017.12.12-19.28.13:995][687]LogModuleManager: Shutting down and abandoning module TcpMessaging (244)
[2017.12.12-19.28.14:095][687]LogModuleManager: Shutting down and abandoning module GameplayTagsEditor (242)
[2017.12.12-19.28.14:095][687]LogModuleManager: Shutting down and abandoning module FacialAnimationEditor (240)
[2017.12.12-19.28.14:095][687]LogModuleManager: Shutting down and abandoning module FacialAnimation (238)
[2017.12.12-19.28.14:095][687]LogModuleManager: Shutting down and abandoning module AssetManagerEditor (236)
[2017.12.12-19.28.14:095][687]LogModuleManager: Shutting down and abandoning module GraphEditor (235)
[2017.12.12-19.28.14:095][687]LogModuleManager: Shutting down and abandoning module ContentBrowser (233)
[2017.12.12-19.28.14:096][687]LogModuleManager: Shutting down and abandoning module LightPropagationVolumeRuntime (230)
[2017.12.12-19.28.14:096][687]LogModuleManager: Shutting down and abandoning module Paper2D (228)
[2017.12.12-19.28.14:096][687]LogModuleManager: Shutting down and abandoning module WindowsMoviePlayer (226)
[2017.12.12-19.28.14:096][687]LogModuleManager: Shutting down and abandoning module WmfMedia (224)
[2017.12.12-19.28.14:097][687]LogModuleManager: Shutting down and abandoning module PacketHandler (222)
[2017.12.12-19.28.14:097][687]LogModuleManager: Shutting down and abandoning module ClothingSystemEditor (220)
[2017.12.12-19.28.14:097][687]LogModuleManager: Shutting down and abandoning module ClothingSystemRuntime (218)
[2017.12.12-19.28.14:098][687]LogModuleManager: Shutting down and abandoning module Overlay (216)
[2017.12.12-19.28.14:098][687]LogModuleManager: Shutting down and abandoning module OverlayEditor (215)
[2017.12.12-19.28.14:098][687]LogModuleManager: Shutting down and abandoning module MediaAssets (212)
[2017.12.12-19.28.14:098][687]LogModuleManager: Shutting down and abandoning module VREditor (210)
[2017.12.12-19.28.14:098][687]LogModuleManager: Shutting down and abandoning module StringTableEditor (208)
[2017.12.12-19.28.14:098][687]LogModuleManager: Shutting down and abandoning module GameplayTasksEditor (206)
[2017.12.12-19.28.14:098][687]LogModuleManager: Shutting down and abandoning module BehaviorTreeEditor (204)
[2017.12.12-19.28.14:098][687]LogModuleManager: Shutting down and abandoning module FunctionalTesting (202)
[2017.12.12-19.28.14:098][687]LogModuleManager: Shutting down and abandoning module CollisionAnalyzer (200)
[2017.12.12-19.28.14:098][687]LogModuleManager: Shutting down and abandoning module WorkspaceMenuStructure (199)
[2017.12.12-19.28.14:098][687]LogModuleManager: Shutting down and abandoning module UMG (196)
[2017.12.12-19.28.14:098][687]LogModuleManager: Shutting down and abandoning module UMGEditor (195)
[2017.12.12-19.28.14:098][687]LogModuleManager: Shutting down and abandoning module Sequencer (194)
[2017.12.12-19.28.14:098][687]LogModuleManager: Shutting down and abandoning module MessageLog (191)
[2017.12.12-19.28.14:098][687]LogModuleManager: Shutting down and abandoning module SlateReflector (186)
[2017.12.12-19.28.14:098][687]LogModuleManager: Shutting down and abandoning module Slate (184)
[2017.12.12-19.28.14:098][687]LogModuleManager: Shutting down and abandoning module EditorStyle (182)
[2017.12.12-19.28.14:102][687]LogModuleManager: Shutting down and abandoning module MRMesh (180)
[2017.12.12-19.28.14:102][687]LogModuleManager: Shutting down and abandoning module SourceCodeAccess (178)
[2017.12.12-19.28.14:102][687]LogModuleManager: Shutting down and abandoning module HeadMountedDisplay (176)
[2017.12.12-19.28.14:102][687]LogModuleManager: Shutting down and abandoning module XAudio2 (174)
[2017.12.12-19.28.14:102][687]LogModuleManager: Shutting down and abandoning module Networking (172)
[2017.12.12-19.28.14:102][687]LogModuleManager: Shutting down and abandoning module Core (168)
[2017.12.12-19.28.14:102][687]LogModuleManager: Shutting down and abandoning module KismetCompiler (164)
[2017.12.12-19.28.14:102][687]LogModuleManager: Shutting down and abandoning module MeshUtilities (162)
[2017.12.12-19.28.14:103][687]LogModuleManager: Shutting down and abandoning module MeshMergeUtilities (161)
[2017.12.12-19.28.14:103][687]LogModuleManager: Shutting down and abandoning module MeshReductionInterface (160)
[2017.12.12-19.28.14:103][687]LogModuleManager: Shutting down and abandoning module SimplygonSwarm (159)
[2017.12.12-19.28.14:103][687]LogModuleManager: Shutting down and abandoning module SimplygonMeshReduction (157)
[2017.12.12-19.28.14:103][687]LogModuleManager: Shutting down and abandoning module QuadricMeshReduction (155)
[2017.12.12-19.28.14:103][687]LogModuleManager: Shutting down and abandoning module MaterialBaking (151)
[2017.12.12-19.28.14:103][687]LogModuleManager: Shutting down and abandoning module LevelSequence (148)
[2017.12.12-19.28.14:103][687]LogModuleManager: Shutting down and abandoning module DirectoryWatcher (146)
[2017.12.12-19.28.14:104][687]LogModuleManager: Shutting down and abandoning module DerivedDataCache (144)
[2017.12.12-19.28.14:120][687]LogDerivedDataCache: Shutdown
[2017.12.12-19.28.14:120][687]LogModuleManager: Shutting down and abandoning module TargetPlatform (142)
[2017.12.12-19.28.14:120][687]LogModuleManager: Shutting down and abandoning module VulkanShaderFormat (141)
[2017.12.12-19.28.14:120][687]LogModuleManager: Shutting down and abandoning module ShaderFormatVectorVM (139)
[2017.12.12-19.28.14:120][687]LogModuleManager: Shutting down and abandoning module ShaderFormatOpenGL (137)
[2017.12.12-19.28.14:120][687]LogModuleManager: Shutting down and abandoning module ShaderFormatD3D (135)
[2017.12.12-19.28.14:120][687]LogModuleManager: Shutting down and abandoning module MetalShaderFormat (133)
[2017.12.12-19.28.14:121][687]LogModuleManager: Shutting down and abandoning module TextureFormatUncompressed (131)
[2017.12.12-19.28.14:121][687]LogModuleManager: Shutting down and abandoning module TextureFormatPVR (129)
[2017.12.12-19.28.14:121][687]LogModuleManager: Shutting down and abandoning module TextureFormatDXT (127)
[2017.12.12-19.28.14:121][687]LogModuleManager: Shutting down and abandoning module TextureFormatIntelISPCTexComp (125)
[2017.12.12-19.28.14:121][687]LogModuleManager: Shutting down and abandoning module TextureFormatASTC (123)
[2017.12.12-19.28.14:121][687]LogModuleManager: Shutting down and abandoning module ImageWrapper (122)
[2017.12.12-19.28.14:121][687]LogModuleManager: Shutting down and abandoning module TextureFormatAndroid (119)
[2017.12.12-19.28.14:121][687]LogModuleManager: Shutting down and abandoning module AudioFormatOpus (117)
[2017.12.12-19.28.14:121][687]LogModuleManager: Shutting down and abandoning module AudioFormatOgg (115)
[2017.12.12-19.28.14:121][687]LogModuleManager: Shutting down and abandoning module AudioFormatADPCM (113)
[2017.12.12-19.28.14:121][687]LogModuleManager: Shutting down and abandoning module LinuxTargetPlatform (111)
[2017.12.12-19.28.14:121][687]LogModuleManager: Shutting down and abandoning module LinuxServerTargetPlatform (109)
[2017.12.12-19.28.14:121][687]LogModuleManager: Shutting down and abandoning module LinuxNoEditorTargetPlatform (107)
[2017.12.12-19.28.14:121][687]LogModuleManager: Shutting down and abandoning module LinuxClientTargetPlatform (105)
[2017.12.12-19.28.14:121][687]LogModuleManager: Shutting down and abandoning module TVOSTargetPlatform (103)
[2017.12.12-19.28.14:121][687]LogModuleManager: Shutting down and abandoning module Messaging (101)
[2017.12.12-19.28.14:121][687]LogModuleManager: Shutting down and abandoning module IOSTargetPlatform (99)
[2017.12.12-19.28.14:121][687]LogModuleManager: Shutting down and abandoning module HTML5TargetPlatform (97)
[2017.12.12-19.28.14:121][687]LogModuleManager: Shutting down and abandoning module Android_PVRTCTargetPlatform (95)
[2017.12.12-19.28.14:121][687]LogModuleManager: Shutting down and abandoning module Android_MultiTargetPlatform (93)
[2017.12.12-19.28.14:121][687]LogModuleManager: Shutting down and abandoning module Android_ETC2TargetPlatform (91)
[2017.12.12-19.28.14:121][687]LogModuleManager: Shutting down and abandoning module Android_ETC1TargetPlatform (89)
[2017.12.12-19.28.14:121][687]LogModuleManager: Shutting down and abandoning module Android_DXTTargetPlatform (87)
[2017.12.12-19.28.14:121][687]LogModuleManager: Shutting down and abandoning module Android_ATCTargetPlatform (85)
[2017.12.12-19.28.14:121][687]LogModuleManager: Shutting down and abandoning module Android_ASTCTargetPlatform (83)
[2017.12.12-19.28.14:121][687]LogModuleManager: Shutting down and abandoning module AndroidTargetPlatform (81)
[2017.12.12-19.28.14:121][687]LogModuleManager: Shutting down and abandoning module WindowsTargetPlatform (79)
[2017.12.12-19.28.14:121][687]LogModuleManager: Shutting down and abandoning module WindowsServerTargetPlatform (77)
[2017.12.12-19.28.14:121][687]LogModuleManager: Shutting down and abandoning module WindowsNoEditorTargetPlatform (75)
[2017.12.12-19.28.14:121][687]LogModuleManager: Shutting down and abandoning module WindowsClientTargetPlatform (73)
[2017.12.12-19.28.14:121][687]LogModuleManager: Shutting down and abandoning module MacTargetPlatform (71)
[2017.12.12-19.28.14:121][687]LogModuleManager: Shutting down and abandoning module MacServerTargetPlatform (69)
[2017.12.12-19.28.14:121][687]LogModuleManager: Shutting down and abandoning module MacNoEditorTargetPlatform (67)
[2017.12.12-19.28.14:121][687]LogModuleManager: Shutting down and abandoning module MacClientTargetPlatform (65)
[2017.12.12-19.28.14:121][687]LogModuleManager: Shutting down and abandoning module AllDesktopTargetPlatform (63)
[2017.12.12-19.28.14:121][687]LogModuleManager: Shutting down and abandoning module InputCore (60)
[2017.12.12-19.28.14:121][687]LogModuleManager: Shutting down and abandoning module Settings (58)
[2017.12.12-19.28.14:121][687]LogModuleManager: Shutting down and abandoning module PhysXCooking (56)
[2017.12.12-19.28.14:121][687]LogModuleManager: Shutting down and abandoning module SteamVR (54)
[2017.12.12-19.28.14:121][687]LogModuleManager: Shutting down and abandoning module OculusHMD (52)
[2017.12.12-19.28.14:122][687]LogModuleManager: Shutting down and abandoning module ExampleDeviceProfileSelector (50)
[2017.12.12-19.28.14:122][687]LogModuleManager: Shutting down and abandoning module OnlineBlueprintSupport (48)
[2017.12.12-19.28.14:122][687]LogModuleManager: Shutting down and abandoning module OnlineSubsystem (44)
[2017.12.12-19.28.14:122][687]LogOnline: Display: Unloading online subsystem: NULL
[2017.12.12-19.28.14:122][687]LogModuleManager: Shutting down and abandoning module XMPP (43)
[2017.12.12-19.28.14:122][687]LogModuleManager: Shutting down and abandoning module HTTP (41)
[2017.12.12-19.28.14:122][687]LogHttp: Display: Http module shutting down, but needs to wait on 1 outstanding Http requests:
[2017.12.12-19.28.14:122][687]LogHttp: Display: 	verb=[POST] url=[https://datarouter.ol.epicgames.com/datarouter/api/v1/public/data?SessionID=%7BF5D55D05-4C07-A401-4234-16B75A740762%7D&AppID=UEEditor.Rocket.Release&AppVersion=4.17.2-3658906%2B%2B%2BUE4%2BRelease-4.17&UserID=b0337dc246ebee5fdf02d7b1f3485944%7C7ab69ac5756e400f93617a6997e3fb17%7Ccf581f3e-b22c-4291-92f3-8811c332e20d&AppEnvironment=datacollector-binary&UploadType=eteventstream] status=Processing
[2017.12.12-19.28.14:155][687]LogModuleManager: Shutting down and abandoning module SSL (40)
[2017.12.12-19.28.14:161][687]LogModuleManager: Shutting down and abandoning module AnimationModifiers (36)
[2017.12.12-19.28.14:161][687]LogModuleManager: Shutting down and abandoning module PropertyEditor (35)
[2017.12.12-19.28.14:161][687]LogModuleManager: Shutting down and abandoning module AudioEditor (32)
[2017.12.12-19.28.14:161][687]LogModuleManager: Shutting down and abandoning module TextureCompressor (30)
[2017.12.12-19.28.14:161][687]LogModuleManager: Shutting down and abandoning module ShaderCore (28)
[2017.12.12-19.28.14:161][687]LogModuleManager: Shutting down and abandoning module Landscape (26)
[2017.12.12-19.28.14:161][687]LogModuleManager: Shutting down and abandoning module SlateRHIRenderer (24)
[2017.12.12-19.28.14:164][687]LogModuleManager: Shutting down and abandoning module OpenGLDrv (22)
[2017.12.12-19.28.14:164][687]LogModuleManager: Shutting down and abandoning module D3D11RHI (20)
[2017.12.12-19.28.14:165][687]LogModuleManager: Shutting down and abandoning module AnimGraphRuntime (18)
[2017.12.12-19.28.14:165][687]LogModuleManager: Shutting down and abandoning module Renderer (16)
[2017.12.12-19.28.14:165][687]LogModuleManager: Shutting down and abandoning module Engine (14)
[2017.12.12-19.28.14:165][687]LogModuleManager: Shutting down and abandoning module CoreUObject (12)
[2017.12.12-19.28.14:165][687]LogModuleManager: Shutting down and abandoning module NetworkFile (10)
[2017.12.12-19.28.14:165][687]LogModuleManager: Shutting down and abandoning module CookedIterativeFile (8)
[2017.12.12-19.28.14:165][687]LogModuleManager: Shutting down and abandoning module StreamingFile (6)
[2017.12.12-19.28.14:165][687]LogModuleManager: Shutting down and abandoning module SandboxFile (4)
[2017.12.12-19.28.14:165][687]LogModuleManager: Shutting down and abandoning module PakFile (2)
[2017.12.12-19.28.14:169][687]LogExit: Exiting.
[2017.12.12-19.28.14:203][687]Log file closed, 12/12/17 20:28:14
