Log file open, 11/30/17 20:45:55
LogWindows: Failed to load 'aqProf.dll' (GetLastError=126)
LogWindows: File 'aqProf.dll' does not exist
LogWindows: Failed to load 'VSPerf140.dll' (GetLastError=126)
LogWindows: File 'VSPerf140.dll' does not exist
LogWindows: Failed to load 'VtuneApi.dll' (GetLastError=126)
LogWindows: File 'VtuneApi.dll' does not exist
LogWindows: Failed to load 'VtuneApi32e.dll' (GetLastError=126)
LogWindows: File 'VtuneApi32e.dll' does not exist
LogInit: Display: Running engine for game: BuildingEscape
LogPlatformFile: Not using cached read wrapper
LogInit: Display: RandInit(916065387) SRandInit(916065387).
LogTaskGraph: Started task graph with 5 named threads and 14 total threads with 3 sets of task threads.
LogStats: Stats thread started at 0.192867
LogD3D11RHI: Aftermath initialized
LogPluginManager: Mounting plugin Paper2D
LogPluginManager: Mounting plugin LightPropagationVolume
LogPluginManager: Mounting plugin CodeLiteSourceCodeAccess
LogPluginManager: Mounting plugin GitSourceControl
LogPluginManager: Mounting plugin KDevelopSourceCodeAccess
LogPluginManager: Mounting plugin NullSourceCodeAccess
LogPluginManager: Mounting plugin PerforceSourceControl
LogPluginManager: Mounting plugin SubversionSourceControl
LogPluginManager: Mounting plugin UObjectPlugin
LogPluginManager: Mounting plugin VisualStudioSourceCodeAccess
LogPluginManager: Mounting plugin XCodeSourceCodeAccess
LogPluginManager: Mounting plugin AssetManagerEditor
LogPluginManager: Mounting plugin AudioCapture
LogPluginManager: Mounting plugin FacialAnimation
LogPluginManager: Mounting plugin GameplayTagsEditor
LogPluginManager: Mounting plugin MobileLauncherProfileWizard
LogPluginManager: Mounting plugin PluginBrowser
LogPluginManager: Mounting plugin SpeedTreeImporter
LogPluginManager: Mounting plugin AlembicImporter
LogPluginManager: Mounting plugin CharacterAI
LogPluginManager: Mounting plugin HTML5Networking
LogPluginManager: Mounting plugin AndroidMedia
LogPluginManager: Mounting plugin AvfMedia
LogPluginManager: Mounting plugin MediaPlayerEditor
LogPluginManager: Mounting plugin WmfMedia
LogPluginManager: Mounting plugin TcpMessaging
LogPluginManager: Mounting plugin UdpMessaging
LogPluginManager: Mounting plugin LevelSequenceEditor
LogPluginManager: Mounting plugin MatineeToLevelSequence
LogPluginManager: Mounting plugin OnlineSubsystemGooglePlay
LogPluginManager: Mounting plugin OnlineSubsystemIOS
LogPluginManager: Mounting plugin OnlineSubsystem
LogPluginManager: Mounting plugin OnlineSubsystemNull
LogPluginManager: Mounting plugin OnlineSubsystemUtils
LogPluginManager: Mounting plugin AndroidDeviceProfileSelector
LogPluginManager: Mounting plugin AndroidMoviePlayer
LogPluginManager: Mounting plugin AndroidPermission
LogPluginManager: Mounting plugin AppleMoviePlayer
LogPluginManager: Mounting plugin ArchVisCharacter
LogPluginManager: Mounting plugin CableComponent
LogPluginManager: Mounting plugin CustomMeshComponent
LogPluginManager: Mounting plugin ExampleDeviceProfileSelector
LogPluginManager: Mounting plugin GoogleCloudMessaging
LogPluginManager: Mounting plugin ImmediatePhysics
LogPluginManager: Mounting plugin IOSDeviceProfileSelector
LogPluginManager: Mounting plugin LinuxDeviceProfileSelector
LogPluginManager: Mounting plugin LocationServicesBPLibrary
LogPluginManager: Mounting plugin MobilePatchingUtils
LogPluginManager: Mounting plugin OculusVR
LogPluginManager: Mounting plugin PhysXVehicles
LogPluginManager: Mounting plugin ProceduralMeshComponent
LogPluginManager: Mounting plugin RuntimePhysXCooking
LogPluginManager: Mounting plugin SteamVR
LogPluginManager: Mounting plugin WindowsMoviePlayer
LogInit: Using libcurl 7.47.1
LogInit:  - built for x86_64-pc-win32
LogInit:  - supports SSL with OpenSSL/1.0.2g
LogInit:  - supports HTTP deflate (compression) using libz 1.2.8
LogInit:  - other features:
LogInit:      CURL_VERSION_SSL
LogInit:      CURL_VERSION_LIBZ
LogInit:      CURL_VERSION_IPV6
LogInit:      CURL_VERSION_ASYNCHDNS
LogInit:      CURL_VERSION_LARGEFILE
LogInit:      CURL_VERSION_IDN
LogInit:  CurlRequestOptions (configurable via config and command line):
LogInit:  - bVerifyPeer = false  - Libcurl will NOT verify peer certificate
LogInit:  - bUseHttpProxy = false  - Libcurl will NOT use HTTP proxy
LogInit:  - bDontReuseConnections = false  - Libcurl will reuse connections
LogInit:  - CertBundlePath = nullptr  - Libcurl will use whatever was configured at build time.
LogInit: Build: ++UE4+Release-4.17-CL-3658906
LogInit: Engine Version: 4.17.2-3658906+++UE4+Release-4.17
LogInit: Compatible Engine Version: 4.17.0-3573198+++UE4+Release-4.17
LogInit: Net CL: 3573198
LogDevObjectVersion: Number of dev versions registered: 16
LogDevObjectVersion:   Dev-Blueprints (B0D832E4-1F89-4F0D-ACCF-7EB736FD4AA2): 10
LogDevObjectVersion:   Dev-Build (E1C64328-A22C-4D53-A36C-8E866417BD8C): 0
LogDevObjectVersion:   Dev-Core (375EC13C-06E4-48FB-B500-84F0262A717E): 2
LogDevObjectVersion:   Dev-Editor (E4B068ED-F494-42E9-A231-DA0B2E46BB41): 20
LogDevObjectVersion:   Dev-Framework (CFFC743F-43B0-4480-9391-14DF171D2073): 28
LogDevObjectVersion:   Dev-Mobile (B02B49B5-BB20-44E9-A304-32B752E40360): 0
LogDevObjectVersion:   Dev-Networking (A4E4105C-59A1-49B5-A7C5-40C4547EDFEE): 0
LogDevObjectVersion:   Dev-Online (39C831C9-5AE6-47DC-9A44-9C173E1C8E7C): 0
LogDevObjectVersion:   Dev-Physics (78F01B33-EBEA-4F98-B9B4-84EACCB95AA2): 0
LogDevObjectVersion:   Dev-Platform (6631380F-2D4D-43E0-8009-CF276956A95A): 0
LogDevObjectVersion:   Dev-Rendering (12F88B9F-8875-4AFC-A67C-D90C383ABD29): 19
LogDevObjectVersion:   Dev-Sequencer (7B5AE74C-D270-4C10-A958-57980B212A5A): 4
LogDevObjectVersion:   Dev-VR (D7296918-1DD6-4BDD-9DE2-64A83CC13884): 0
LogDevObjectVersion:   Dev-LoadTimes (C2A15278-BFE7-4AFE-6C17-90FF531DF755): 1
LogDevObjectVersion:   Private-Geometry (6EACA3D4-40EC-4CC1-B786-8BED09428FC5): 1
LogDevObjectVersion:   Dev-AnimPhys (29E575DD-E0A3-4627-9D10-D276232CDCEA): 7
LogInit: Compiled (64-bit): Sep 22 2017 13:47:16
LogInit: Compiled with Visual C++: 19.00.24215.01
LogInit: Build Configuration: Development
LogInit: Branch Name: ++UE4+Release-4.17
LogInit: Command line: -EpicPortal 
LogInit: Base directory: H:/Programok/Epic Games/UE_4.17/Engine/Binaries/Win64/
LogInit: Installed Engine Build: 1
LogInit: Presizing for max 8388607 objects, including 0 objects not considered by GC, pre-allocating 0 bytes for permanent pool.
LogInit: Object subsystem initialized
[2017.11.30-19.45.57:037][  0]LogInit: Selected Device Profile: [Windows]
[2017.11.30-19.45.57:037][  0]LogInit: Applying CVar settings loaded from the selected device profile: [Windows]
[2017.11.30-19.45.57:103][  0]LogInit: Computer: KLAFA-PC
[2017.11.30-19.45.57:103][  0]LogInit: User: Klafa
[2017.11.30-19.45.57:103][  0]LogInit: CPU Page size=4096, Cores=4
[2017.11.30-19.45.57:103][  0]LogInit: High frequency timer resolution =3.429482 MHz
[2017.11.30-19.45.57:104][  0]LogMemory: Memory total: Physical=15.9GB (16GB approx)
[2017.11.30-19.45.57:104][  0]LogMemory: Platform Memory Stats for Windows
[2017.11.30-19.45.57:104][  0]LogMemory: Process Physical Memory: 280.34 MB used, 280.34 MB peak
[2017.11.30-19.45.57:104][  0]LogMemory: Process Virtual Memory: 285.54 MB used, 285.54 MB peak
[2017.11.30-19.45.57:104][  0]LogMemory: Physical Memory: 4994.40 MB used,  11290.56 MB free, 16284.96 MB total
[2017.11.30-19.45.57:104][  0]LogMemory: Virtual Memory: 662.15 MB used,  11290.56 MB free, 8388608.00 MB total
[2017.11.30-19.45.57:460][  0]LogInit: Using OS detected language (hu-HU).
[2017.11.30-19.45.57:460][  0]LogInit: Using OS detected locale (hu-HU).
[2017.11.30-19.45.57:467][  0]LogTextLocalizationManager: No localization for 'hu-HU' exists, so 'en' will be used for the language.
[2017.11.30-19.45.57:467][  0]LogTextLocalizationManager: No localization for 'hu-HU' exists, so 'en' will be used for the locale.
[2017.11.30-19.45.58:565][  0]LogD3D11RHI: D3D11 adapters:
[2017.11.30-19.45.58:589][  0]LogD3D11RHI:    0. 'NVIDIA GeForce GTX 760' (Feature Level 11_0)
[2017.11.30-19.45.58:589][  0]LogD3D11RHI:       1990/0/7886 MB DedicatedVideo/DedicatedSystem/SharedSystem, Outputs:2, VendorId:0x10de
[2017.11.30-19.45.58:589][  0]LogD3D11RHI: Chosen D3D11 Adapter: 0
[2017.11.30-19.45.58:604][  0]LogD3D11RHI: Creating new Direct3DDevice
[2017.11.30-19.45.58:604][  0]LogD3D11RHI:     GPU DeviceId: 0x1187 (for the marketing name, search the web for "GPU Device Id")
[2017.11.30-19.45.58:604][  0]LogWindows: EnumDisplayDevices:
[2017.11.30-19.45.58:604][  0]LogWindows:    0. 'NVIDIA GeForce GTX 760' (P:1 D:1)
[2017.11.30-19.45.58:604][  0]LogWindows:    1. 'NVIDIA GeForce GTX 760' (P:0 D:1)
[2017.11.30-19.45.58:604][  0]LogWindows:    2. 'NVIDIA GeForce GTX 760' (P:0 D:0)
[2017.11.30-19.45.58:605][  0]LogWindows:    3. 'NVIDIA GeForce GTX 760' (P:0 D:0)
[2017.11.30-19.45.58:605][  0]LogWindows:    4. 'RDPDD Chained DD' (P:0 D:0)
[2017.11.30-19.45.58:605][  0]LogWindows:    5. 'RDP Encoder Mirror Driver' (P:0 D:0)
[2017.11.30-19.45.58:605][  0]LogWindows:    6. 'RDP Reflector Display Driver' (P:0 D:0)
[2017.11.30-19.45.58:605][  0]LogWindows: DebugString: GetVideoDriverDetailsInvalid PrimaryIsNotTheChoosenAdapter GetVideoDriverDetailsInvalid PrimaryIsNotTheChoosenAdapter GetVideoDriverDetailsInvalid PrimaryIsNotTheChoosenAdapter FoundDriverCount:4 
[2017.11.30-19.45.58:605][  0]LogD3D11RHI:     Adapter Name: NVIDIA GeForce GTX 760
[2017.11.30-19.45.58:605][  0]LogD3D11RHI:   Driver Version: 385.69 (internal:22.21.13.8569, unified:385.69)
[2017.11.30-19.45.58:605][  0]LogD3D11RHI:      Driver Date: 9-16-2017
[2017.11.30-19.45.58:605][  0]LogRHI: Texture pool is 1361 MB (70% of 1945 MB)
[2017.11.30-19.45.58:619][  0]LogD3D11RHI: Async texture creation enabled
[2017.11.30-19.45.58:636][  0]LogD3D11RHI: GPU Timing Frequency: 1000.000000 (Debug: 2 2)
[2017.11.30-19.45.58:640][  0]LogShaderCompilers: Guid format shader working directory is -10 characters bigger than the processId version (K:/O/Programozas/Unreal/03_BuildingEscape/BuildingEscape/Intermediate/Shaders/WorkingDirectory/7108/).
[2017.11.30-19.45.58:640][  0]LogShaderCompilers: Cleaned the shader compiler working directory 'C:/Users/Klafa/AppData/Local/Temp/UnrealShaderWorkingDir/D80E12F34F9B7EADBDE93C8BC97B92E4/'.
[2017.11.30-19.45.58:640][  0]LogShaderCompilers: Display: Using Local Shader Compiler.
[2017.11.30-19.46.00:191][  0]LogTemp: Display: Loaded TP AllDesktopTargetPlatform
[2017.11.30-19.46.00:286][  0]LogTemp: Display: Loaded TP MacClientTargetPlatform
[2017.11.30-19.46.00:389][  0]LogTemp: Display: Loaded TP MacNoEditorTargetPlatform
[2017.11.30-19.46.00:492][  0]LogTemp: Display: Loaded TP MacServerTargetPlatform
[2017.11.30-19.46.00:594][  0]LogTemp: Display: Loaded TP MacTargetPlatform
[2017.11.30-19.46.00:691][  0]LogTemp: Display: Loaded TP WindowsClientTargetPlatform
[2017.11.30-19.46.00:793][  0]LogTemp: Display: Loaded TP WindowsNoEditorTargetPlatform
[2017.11.30-19.46.00:898][  0]LogTemp: Display: Loaded TP WindowsServerTargetPlatform
[2017.11.30-19.46.00:995][  0]LogTemp: Display: Loaded TP WindowsTargetPlatform
[2017.11.30-19.46.01:096][  0]LogTemp: Display: Loaded TP AndroidTargetPlatform
[2017.11.30-19.46.01:191][  0]LogTemp: Display: Loaded TP Android_ASTCTargetPlatform
[2017.11.30-19.46.01:286][  0]LogTemp: Display: Loaded TP Android_ATCTargetPlatform
[2017.11.30-19.46.01:383][  0]LogTemp: Display: Loaded TP Android_DXTTargetPlatform
[2017.11.30-19.46.01:480][  0]LogTemp: Display: Loaded TP Android_ETC1TargetPlatform
[2017.11.30-19.46.01:572][  0]LogTemp: Display: Loaded TP Android_ETC2TargetPlatform
[2017.11.30-19.46.01:760][  0]LogTemp: Display: Loaded TP Android_MultiTargetPlatform
[2017.11.30-19.46.01:760][  0]LogTemp: Display: Loaded TP Android_PVRTCTargetPlatform
[2017.11.30-19.46.01:834][  0]LogTemp: Display: Loaded TP HTML5TargetPlatform
[2017.11.30-19.46.01:980][  0]LogTemp: Display: Loaded TP IOSTargetPlatform
[2017.11.30-19.46.02:028][  0]LogTemp: Display: Loaded TP TVOSTargetPlatform
[2017.11.30-19.46.02:117][  0]LogTemp: Display: Loaded TP LinuxClientTargetPlatform
[2017.11.30-19.46.02:207][  0]LogTemp: Display: Loaded TP LinuxNoEditorTargetPlatform
[2017.11.30-19.46.02:298][  0]LogTemp: Display: Loaded TP LinuxServerTargetPlatform
[2017.11.30-19.46.02:389][  0]LogTemp: Display: Loaded TP LinuxTargetPlatform
[2017.11.30-19.46.02:389][  0]LogTargetPlatformManager: Display: Building Assets For Windows
[2017.11.30-19.46.03:171][  0]LogDerivedDataCache: Display: Max Cache Size: 512 MB
[2017.11.30-19.46.03:381][  0]LogDerivedDataCache: Loaded boot cache 0.21s 93MB C:/Users/Klafa/AppData/Local/UnrealEngine/4.17/DerivedDataCache/Boot.ddc.
[2017.11.30-19.46.03:381][  0]LogDerivedDataCache: Display: Loaded Boot cache: C:/Users/Klafa/AppData/Local/UnrealEngine/4.17/DerivedDataCache/Boot.ddc
[2017.11.30-19.46.03:381][  0]LogDerivedDataCache: FDerivedDataBackendGraph:  Pak pak cache file K:/O/Programozas/Unreal/03_BuildingEscape/BuildingEscape/DerivedDataCache/DDC.ddp not found, will not use a pak cache.
[2017.11.30-19.46.03:381][  0]LogDerivedDataCache: Unable to find inner node Pak for hierarchical cache Hierarchy.
[2017.11.30-19.46.03:381][  0]LogDerivedDataCache: FDerivedDataBackendGraph:  CompressedPak pak cache file K:/O/Programozas/Unreal/03_BuildingEscape/BuildingEscape/DerivedDataCache/Compressed.ddp not found, will not use a pak cache.
[2017.11.30-19.46.03:381][  0]LogDerivedDataCache: Unable to find inner node CompressedPak for hierarchical cache Hierarchy.
[2017.11.30-19.46.03:406][  0]LogDerivedDataCache: Display: Pak cache opened for reading ../../../Engine/DerivedDataCache/Compressed.ddp.
[2017.11.30-19.46.03:418][  0]LogDerivedDataCache: Using Local data cache path C:/Users/Klafa/AppData/Local/UnrealEngine/Common/DerivedDataCache: Writable
[2017.11.30-19.46.03:435][  0]LogMaterial: Verifying Global Shaders for PCD3D_SM5
[2017.11.30-19.46.03:435][  0]LogSlate: Using Freetype 2.6.0
[2017.11.30-19.46.03:437][  0]LogSlate: SlateFontCache - WITH_FREETYPE: 1, WITH_HARFBUZZ: 1
[2017.11.30-19.46.03:437][  0]LogSlate: SlateFontCache - WITH_FREETYPE: 1, WITH_HARFBUZZ: 1
[2017.11.30-19.46.03:980][  0]LogAssetRegistry: FAssetRegistry took 0.0269 seconds to start up
[2017.11.30-19.46.04:273][  0]LogInit: Selected Device Profile: [Windows]
[2017.11.30-19.46.04:279][  0]LogContentStreaming: Texture pool size is 0.00 MB
[2017.11.30-19.46.04:905][  0]LogSimplygon: Simplygon DLL not present - disabling.
[2017.11.30-19.46.04:979][  0]LogMeshReduction: Using SimplygonSwarm for distributed automatic mesh merging
[2017.11.30-19.46.04:979][  0]LogMeshReduction: Using QuadricMeshReduction for automatic static mesh reduction
[2017.11.30-19.46.04:979][  0]LogMeshReduction: No automatic skeletal mesh reduction module available
[2017.11.30-19.46.04:979][  0]LogMeshReduction: No automatic mesh merging module available
[2017.11.30-19.46.04:980][  0]LogMeshMerging: No automatic mesh merging module available
[2017.11.30-19.46.05:544][  0]LogNetVersion: BuildingEscape , NetCL: 3573198, EngineNetVer: 2, GameNetVer: 0 (Checksum: 3580536536)
[2017.11.30-19.46.05:859][  0]LogPackageLocalizationCache: Processed 5 localized package path(s) for 1 prioritized culture(s) in 0.057487 seconds
[2017.11.30-19.46.05:866][  0]LogUObjectArray: 35825 objects as part of root set at end of initial load.
[2017.11.30-19.46.05:866][  0]LogUObjectAllocator: 7529112 out of 0 bytes used by permanent object pool.
[2017.11.30-19.46.05:866][  0]LogUObjectArray: CloseDisregardForGC: 0/0 objects in disregard for GC pool
[2017.11.30-19.46.05:960][  0]LogInit: WinSock: version 1.1 (2.2), MaxSocks=32767, MaxUdp=65467
[2017.11.30-19.46.10:480][  0]LogTcpMessaging: Initializing TcpMessaging bridge
[2017.11.30-19.46.10:533][  0]LogUdpMessaging: Initializing bridge on interface 0.0.0.0:0 to multicast group 230.0.0.1:6666.
[2017.11.30-19.46.11:735][  0]LogMaterial: Uniform references updated for custom material expression Custom.
[2017.11.30-19.46.12:414][  0]SourceControl: Source control is disabled
[2017.11.30-19.46.12:414][  0]SourceControl: Source control is disabled
[2017.11.30-19.46.12:498][  0]SourceControl: Source control is disabled
[2017.11.30-19.46.12:583][  0]SourceControl: Source control is disabled
[2017.11.30-19.46.13:583][  0]LogAndroidPermission: UAndroidPermissionCallbackProxy::GetInstance
[2017.11.30-19.46.14:009][  0]LogOcInput: OculusInput pre-init called
[2017.11.30-19.46.14:434][  0]LogEngine: Initializing Engine...
[2017.11.30-19.46.14:461][  0]LogHMD: Failed to initialize OpenVR with code 108
[2017.11.30-19.46.14:800][  0]LogStats: UGameplayTagsManager::ConstructGameplayTagTree: Construct from data asset -  0.000 s
[2017.11.30-19.46.14:800][  0]LogStats: UGameplayTagsManager::ConstructGameplayTagTree: GameplayTagTreeChangedEvent.Broadcast -  0.000 s
[2017.11.30-19.46.15:044][  0]LogAIModule: Creating AISystem for world Untitled
[2017.11.30-19.46.15:078][  0]LogInit: XAudio2 using 'Hangszórók (C-Media PCI Audio Device)' : 2 channels at 44.1 kHz using 16 bits per sample (channel mask 0x3)
[2017.11.30-19.46.15:089][  0]LogInit: FAudioDevice initialized.
[2017.11.30-19.46.15:234][  0]LogDerivedDataCache: Saved boot cache 0.14s 93MB C:/Users/Klafa/AppData/Local/UnrealEngine/4.17/DerivedDataCache/Boot.ddc.
[2017.11.30-19.46.15:252][  0]LogInit: Texture streaming: Enabled
[2017.11.30-19.46.15:432][  0]LogEngineSessionManager: EngineSessionManager initialized
[2017.11.30-19.46.15:858][  0]LogInit: Transaction tracking system initialized
[2017.11.30-19.46.16:437][  0]BlueprintLog: New page: Editor Load
[2017.11.30-19.46.18:058][  0]LocalizationService: Localization service is disabled
[2017.11.30-19.46.19:304][  0]LogConsoleResponse: Display: 
[2017.11.30-19.46.19:589][  0]LogCook: Display: Max memory allowance for cook 16384mb min free memory 0mb
[2017.11.30-19.46.19:589][  0]LogCook: Display: Mobile HDR setting 1
[2017.11.30-19.46.19:589][  0]LogGameplayTags: Display: UGameplayTagsManager::DoneAddingNativeTags. DelegateIsBound: 0
[2017.11.30-19.46.20:533][  0]LogFileCache: Scanning file cache for directory 'K:/O/Programozas/Unreal/03_BuildingEscape/BuildingEscape/Content/' took 0.02s
[2017.11.30-19.46.21:510][  0]SourceControl: Source control is disabled
[2017.11.30-19.46.21:510][  0]Cmd: MAP LOAD FILE="K:/O/Programozas/Unreal/03_BuildingEscape/BuildingEscape/Content/NewMap.umap" TEMPLATE=0 SHOWPROGRESS=1 FEATURELEVEL=3
[2017.11.30-19.46.21:511][  0]LightingResults: New page: Lighting Build
[2017.11.30-19.46.21:589][  0]MapCheck: New page: Map Check
[2017.11.30-19.46.21:590][  0]LightingResults: New page: Lighting Build
[2017.11.30-19.46.22:471][  0]LogAIModule: Creating AISystem for world NewMap
[2017.11.30-19.46.22:477][  0]LogEditorServer: Finished looking for orphan Actors (0.000 secs)
[2017.11.30-19.46.22:506][  0]Cmd: MAP CHECKDEP NOCLEARLOG
[2017.11.30-19.46.22:625][  0]MapCheck: Map check complete: 0 Error(s), 0 Warning(s), took 117.972ms to complete.
[2017.11.30-19.46.22:625][  0]LogFileHelpers: Loading map 'NewMap' took 1.115
[2017.11.30-19.46.22:795][  0]LogCollectionManager: Loaded 0 collections in 0.001774 seconds
[2017.11.30-19.46.22:921][  0]LogFileCache: Scanning file cache for directory 'K:/O/Programozas/Unreal/03_BuildingEscape/BuildingEscape/Saved/Collections/' took 0.01s
[2017.11.30-19.46.22:921][  0]LogFileCache: Scanning file cache for directory 'K:/O/Programozas/Unreal/03_BuildingEscape/BuildingEscape/Content/Developers/Klafa/Collections/' took 0.01s
[2017.11.30-19.46.22:921][  0]LogFileCache: Scanning file cache for directory 'K:/O/Programozas/Unreal/03_BuildingEscape/BuildingEscape/Content/Collections/' took 0.01s
[2017.11.30-19.46.22:921][  0]LogCollectionManager: Rebuilt the GUID cache for 0 collections in 0.000000 seconds
[2017.11.30-19.46.22:937][  0]LogContentBrowser: Native class hierarchy populated in 0.0161 seconds. Added 2389 classes and 502 folders.
[2017.11.30-19.46.23:051][  0]LogContentBrowser: Native class hierarchy updated for 'WidgetCarousel' in 0.0020 seconds. Added 0 classes and 0 folders.
[2017.11.30-19.46.24:040][  0]LogContentBrowser: Native class hierarchy updated for 'AddContentDialog' in 0.0055 seconds. Added 0 classes and 0 folders.
[2017.11.30-19.46.24:173][  0]LogContentBrowser: Native class hierarchy updated for 'SceneOutliner' in 0.0022 seconds. Added 1 classes and 2 folders.
[2017.11.30-19.46.24:336][  0]LogSlate: Took 0.000642 seconds to synchronously load lazily loaded font '../../../Engine/Content/Slate/Fonts/Roboto-Regular.ttf' (155K)
[2017.11.30-19.46.24:358][  0]LogSlate: Took 0.019068 seconds to synchronously load lazily loaded font '../../../Engine/Content/Editor/Slate/Fonts/FontAwesome.ttf' (139K)
[2017.11.30-19.46.24:359][  0]LogSlate: Took 0.000893 seconds to synchronously load lazily loaded font '../../../Engine/Content/Slate/Fonts/Roboto-Bold.ttf' (160K)
[2017.11.30-19.46.24:374][  0]LogSlate: Took 0.004318 seconds to synchronously load lazily loaded font '../../../Engine/Content/Editor/Slate/Fonts/DroidSansMono.ttf' (77K)
[2017.11.30-19.46.24:576][  0]LogRenderer: Reallocating scene render targets to support 1208x804 Format 10 NumSamples 1 (Frame:1).
[2017.11.30-19.46.24:879][  0]LogContentBrowser: Native class hierarchy updated for 'HierarchicalLODOutliner' in 0.0023 seconds. Added 1 classes and 2 folders.
[2017.11.30-19.46.24:879][  0]LogLoad: (Engine Initialization) Total time: 34.47 seconds
[2017.11.30-19.46.24:880][  0]LogLoad: (Engine Initialization) Total Blueprint compile time: 0.00 seconds
[2017.11.30-19.46.24:880][  0]LogExternalProfiler: No external profilers were discovered.  External profiling features will not be available.
[2017.11.30-19.46.25:240][  0]LogContentStreaming: Texture pool size now 1000 MB
[2017.11.30-19.46.25:896][  2]LogAssetRegistry: Asset discovery search completed in 21.9361 seconds
[2017.11.30-19.46.25:902][  2]LogCollectionManager: Rebuilt the object cache for 0 collections in 0.000001 seconds (found 0 objects)
[2017.11.30-19.46.25:902][  2]LogCollectionManager: Fixed up redirectors for 0 collections in 0.000654 seconds (updated 0 objects)
[2017.11.30-19.47.09:224][132]LogEditorViewport: Clicking on Actor (LMB): StaticMeshActor (SM_Chair)
[2017.11.30-19.47.23:116][631]Cmd: CAMERA ALIGN ACTIVEVIEWPORTONLY
[2017.11.30-19.48.10:026][984]LogSlate: Took 0.026126 seconds to synchronously load lazily loaded font '../../../Engine/Content/Editor/Slate/Fonts/Roboto-Italic.ttf' (157K)
[2017.11.30-19.48.25:953][754]LogEditorViewport: Clicking on Actor (LMB): StaticMeshActor (SM_Door)
[2017.11.30-19.48.58:074][ 10]LogEditorViewport: Clicking on Actor (context menu): StaticMeshActor (SM_Door)
[2017.11.30-19.49.00:472][225]LogSlate: Took 0.020576 seconds to synchronously load lazily loaded font '../../../Engine/Content/Slate/Fonts/Roboto-Light.ttf' (159K)
[2017.11.30-19.49.08:098][673]LogRenderer: Reallocating scene render targets to support 1432x1044 Format 10 NumSamples 1 (Frame:440).
[2017.11.30-19.50.10:505][356]Cmd: BRUSH ADD SELECTNEWBRUSH
[2017.11.30-19.51.09:624][742]LogEditorViewport: Clicking on Actor (LMB): BP_Sky_Sphere_C (Sky Sphere)
[2017.11.30-19.51.11:396][926]Cmd: DELETE
[2017.11.30-19.51.11:398][926]Cmd: ACTOR DELETE
[2017.11.30-19.51.11:514][926]LogEditorActor: Deleted Actor: Brush
[2017.11.30-19.51.11:567][926]LogEditorActor: Deleted 1 Actors (0.059 secs)
[2017.11.30-19.52.13:649][ 22]LogActorFactory: Actor Factory created Wall_Door_400x300
[2017.11.30-19.52.19:371][668]LogActorFactory: Actor Factory created Wall_Door_400x300
[2017.11.30-19.53.16:443][861]Cmd: CAMERA ALIGN ACTIVEVIEWPORTONLY
[2017.11.30-19.53.18:191][ 31]LogEditorViewport: Clicking on Actor (LMB): StaticMeshActor (Floor)
[2017.11.30-19.53.18:255][ 31]LogEditorViewport: Clicking on Component (LMB): StaticMeshComponent (StaticMeshComponent0)
[2017.11.30-19.53.19:311][140]LogEditorViewport: Clicking on Actor (LMB): StaticMeshActor (Wall_Door_400x300)
[2017.11.30-19.53.23:227][551]Cmd: CAMERA ALIGN ACTIVEVIEWPORTONLY
[2017.11.30-19.53.24:212][657]Cmd: CAMERA ALIGN ACTIVEVIEWPORTONLY
[2017.11.30-19.53.26:447][881]Cmd: TRANSACTION UNDO
[2017.11.30-19.53.26:447][881]LogEditorTransaction: Undo Move Actors
[2017.11.30-19.53.26:539][881]LogSlate: Took 0.000360 seconds to synchronously load lazily loaded font '../../../Engine/Content/Slate/Fonts/Roboto-Light.ttf' (159K)
[2017.11.30-19.53.52:392][449]LogEditorViewport: Clicking on Actor (LMB): StaticMeshActor (Floor)
[2017.11.30-19.54.02:257][281]LogEditorViewport: Clicking on Actor (LMB): StaticMeshActor (Wall_Door_400x300)
[2017.11.30-19.54.04:560][518]LogEditorViewport: Clicking on Actor (CTRL LMB): StaticMeshActor (SM_Door)
[2017.11.30-19.54.08:038][870]LogEditorViewport: Clicking on Actor (CTRL LMB): StaticMeshActor (SM_Door)
[2017.11.30-19.54.08:971][960]LogEditorViewport: Clicking on Actor (CTRL LMB): StaticMeshActor (SM_DoorFrame)
[2017.11.30-19.54.31:090][322]LogEditorViewport: Clicking on Actor (LMB): StaticMeshActor (SM_DoorFrame)
[2017.11.30-19.54.32:189][434]LogEditorViewport: Clicking on Actor (LMB): StaticMeshActor (Wall_Door_400x300)
[2017.11.30-19.54.36:659][910]LogEditorViewport: Clicking on Actor (LMB): BP_Sky_Sphere_C (Sky Sphere)
[2017.11.30-19.55.04:366][879]LogEditorViewport: Clicking on Actor (LMB): StaticMeshActor (Wall_Door_400x300)
[2017.11.30-19.55.07:327][125]LogEditorViewport: Clicking on Actor (LMB): StaticMeshActor (SM_DoorFrame)
[2017.11.30-19.55.24:411][497]LogEditorViewport: Clicking on Actor (LMB): StaticMeshActor (SM_Door)
[2017.11.30-19.55.28:174][813]LogEditorViewport: Clicking Background
[2017.11.30-19.55.45:006][277]LogEditorViewport: Clicking on Actor (LMB): BP_Sky_Sphere_C (Sky Sphere)
[2017.11.30-19.55.49:640][786]LogEditorViewport: Clicking on Actor (LMB): StaticMeshActor (Floor)
[2017.11.30-19.55.51:531][988]Cmd: CAMERA ALIGN ACTIVEVIEWPORTONLY
[2017.11.30-19.56.02:174][155]Cmd: TRANSACTION UNDO
[2017.11.30-19.56.02:174][155]LogEditorTransaction: Undo Move Actors
[2017.11.30-19.56.31:132][589]LogEditorViewport: Clicking on Actor (LMB): BP_Sky_Sphere_C (Sky Sphere)
[2017.11.30-19.56.32:314][722]LogEditorViewport: Clicking on Actor (LMB): StaticMeshActor (Wall_Door_400x300)
[2017.11.30-19.56.33:721][878]Cmd: CAMERA ALIGN ACTIVEVIEWPORTONLY
[2017.11.30-19.56.45:116][112]LogEditorViewport: Clicking on Actor (LMB): BP_Sky_Sphere_C (Sky Sphere)
[2017.11.30-19.56.48:489][504]LogEditorViewport: Clicking on Actor (LMB): StaticMeshActor (Wall_Door_400x300)
[2017.11.30-19.57.16:103][518]LogActorFactory: Actor Factory created Wall_400x300
[2017.11.30-19.57.18:998][793]LogActorFactory: Actor Factory created Wall_400x300
[2017.11.30-19.57.34:919][414]LogEditorViewport: Clicking Background
[2017.11.30-19.57.38:159][793]LogEditorViewport: Clicking Background
[2017.11.30-19.58.17:119][  5]LogEditorViewport: Clicking Background
[2017.11.30-19.58.20:299][374]LogEditorViewport: Clicking Background
[2017.11.30-19.58.20:923][447]LogEditorViewport: Clicking on Actor (LMB): StaticMeshActor (Wall_400x300)
[2017.11.30-19.58.51:687][931]Cmd: OBJ SAVEPACKAGE PACKAGE="/Game/NewMap" FILE="K:/O/Programozas/Unreal/03_BuildingEscape/BuildingEscape/Saved/Autosaves/Game/NewMap_Auto1.umap" SILENT=true AUTOSAVING=true KEEPDIRTY=false
[2017.11.30-19.58.51:781][931]LogSavePackage: Save=62.32ms
[2017.11.30-19.58.51:781][931]LogSavePackage: Moving 'K:/O/Programozas/Unreal/03_BuildingEscape/BuildingEscape/Saved/NewMap_Auto1443DADEA4E380D00F97B649DAB6D8ED4.tmp' to 'K:/O/Programozas/Unreal/03_BuildingEscape/BuildingEscape/Saved/Autosaves/Game/NewMap_Auto1.umap'
[2017.11.30-19.58.51:786][931]LogSavePackage: Display: Finished SavePackage K:/O/Programozas/Unreal/03_BuildingEscape/BuildingEscape/Saved/Autosaves/Game/NewMap_Auto1.umap
[2017.11.30-19.58.51:792][931]LogFileHelpers: Editor autosave (incl. sublevels) for '/Game/NewMap' took 0.134
[2017.11.30-19.58.51:792][931]LogFileHelpers: Editor autosave (incl. sublevels) for all levels took 0.134
[2017.11.30-19.59.48:289][951]MapCheck: New page: Map Check
[2017.11.30-19.59.48:341][951]LightingResults: New page: Lighting Build - Nov 30, 2017, 9:59:48 PM
[2017.11.30-19.59.48:483][951]LogSwarmInterface: [OpenConnection] Registering TCP channel ...
[2017.11.30-19.59.48:593][951]LogSwarmInterface: [OpenConnection] Connecting to agent ...
[2017.11.30-19.59.48:615][951]LogSwarmInterface: [TryOpenConnection] Testing the Agent
[2017.11.30-19.59.49:153][951]LogSwarmInterface: [TryOpenConnection] Opening Connection to Agent
[2017.11.30-19.59.49:153][951]LogSwarmInterface: [TryOpenConnection] Local Process ID is 7108
[2017.11.30-19.59.52:539][951]LogStaticLightingSystem: Warning: No importance volume found, so the scene bounding box was used.  You can optimize your scene's quality and lighting build times by adding importance volumes.
[2017.11.30-19.59.52:540][951]LogStaticLightingSystem: Running Lightmass w/ ImmediateImport mode ENABLED
[2017.11.30-19.59.52:540][951]LogStaticLightingSystem: Running Lightmass w/ ImmediateProcess mode ENABLED
[2017.11.30-19.59.52:540][951]LogStaticLightingSystem: Running Lightmass w/ Sorting mode ENABLED
[2017.11.30-19.59.52:540][951]LogStaticLightingSystem: Running Lightmass w/ Mapping paddings ENABLED
[2017.11.30-19.59.52:540][951]LogStaticLightingSystem: Running Lightmass w/ Mapping debug paddings DISABLED
[2017.11.30-19.59.52:820][951]LogEditorBuildUtils: Build time 0:04
[2017.11.30-19.59.52:843][951]LogMaterial: Missing cached shader map for material FLightmassMaterialRenderer DefaultMaterial, compiling. 
[2017.11.30-19.59.52:886][951]LogMaterial: Missing cached shader map for material FLightmassMaterialRenderer DefaultMaterial, compiling. 
[2017.11.30-19.59.52:907][952]LogMaterial: Missing cached shader map for material FLightmassMaterialRenderer MaterialInstanceDynamic_0, compiling. 
[2017.11.30-19.59.52:914][952]LogMaterial: Missing cached shader map for material FLightmassMaterialRenderer MaterialInstanceDynamic_0, compiling. 
[2017.11.30-19.59.52:992][953]LogMaterial: Missing cached shader map for material FLightmassMaterialRenderer M_Chair, compiling. 
[2017.11.30-19.59.53:002][953]LogMaterial: Missing cached shader map for material FLightmassMaterialRenderer M_Chair, compiling. 
[2017.11.30-19.59.53:066][954]LogMaterial: Missing cached shader map for material FLightmassMaterialRenderer M_Frame, compiling. 
[2017.11.30-19.59.53:076][954]LogMaterial: Missing cached shader map for material FLightmassMaterialRenderer M_Frame, compiling. 
[2017.11.30-19.59.53:122][955]LogMaterial: Missing cached shader map for material FLightmassMaterialRenderer M_Basic_Wall, compiling. 
[2017.11.30-19.59.53:131][955]LogMaterial: Missing cached shader map for material FLightmassMaterialRenderer M_Basic_Wall, compiling. 
[2017.11.30-19.59.53:174][956]LogMaterial: Missing cached shader map for material FLightmassMaterialRenderer WorldGridMaterial, compiling. Is special engine material.
[2017.11.30-19.59.53:183][956]LogMaterial: Missing cached shader map for material FLightmassMaterialRenderer WorldGridMaterial, compiling. Is special engine material.
[2017.11.30-19.59.59:530][ 37]Job is a success!
[2017.11.30-19.59.59:853][ 38]LogTexture: Display: Building textures: LQ_Lightmap_1_1 (DXT1, 512X512)
[2017.11.30-19.59.59:853][ 38]LogTexture: Display: Building textures: LQ_Lightmap_1_2 (DXT1, 64X64)
[2017.11.30-19.59.59:853][ 38]LogTexture: Display: Building textures: HQ_Lightmap1_1 (AutoDXT, 512X512)
[2017.11.30-19.59.59:853][ 38]LogTexture: Display: Building textures: HQ_Lightmap1_2 (AutoDXT, 64X64)
[2017.11.30-19.59.59:853][ 38]LogTexture: Display: Building textures: ShadowMapTexture2D_3 (G8, 32X32)
[2017.11.30-19.59.59:904][ 38]LogTexture: Display: Building textures: ShadowMapTexture2D_2 (G8, 512X256)
[2017.11.30-19.59.59:956][ 38]Lightmass on KLAFA-PC: 1.97 sec total, 166 ms importing, 18 ms setup, 399 ms photons, 1.36 sec processing, 0 ms extra exporting [6/6 mappings]. Threads: 9.41 sec total, 2.69 sec processing.
[2017.11.30-20.00.00:013][ 38]LogStaticLightingSystem: Illumination: 11.6 sec (169 ms encoding lightmaps, 58 ms encoding shadowmaps)
[2017.11.30-20.00.00:013][ 38]LogStaticLightingSystem: Lightmap texture memory:  0.5 MB (0.5 MB streaming, 0.0 MB non-streaming), 4 textures
[2017.11.30-20.00.00:013][ 38]LogStaticLightingSystem: Shadowmap texture memory: 0.2 MB (0.2 MB streaming, 0.0 MB non-streaming), 2 textures
[2017.11.30-20.00.00:539][ 38]DumpUnbuiltLightIteractions
[2017.11.30-20.00.00:539][ 38]Lights with unbuilt interactions: 0
[2017.11.30-20.00.00:539][ 38]
[2017.11.30-20.00.00:539][ 38]Primitives with unbuilt interactions: 0
[2017.11.30-20.00.00:549][ 39]Cmd: MAP CHECK NOTIFYRESULTS
[2017.11.30-20.00.00:550][ 39]MapCheck: New page: NewMap - Nov 30, 2017, 10:00:00 PM
[2017.11.30-20.00.00:750][ 39]MapCheck: Map check complete: 0 Error(s), 0 Warning(s), took 200.879ms to complete.
[2017.11.30-20.00.32:288][ 34]LogEditorViewport: Clicking Background
[2017.11.30-20.00.36:217][474]LogEditorViewport: Clicking on Actor (LMB): StaticMeshActor (Wall_400x301)
[2017.11.30-20.00.40:370][845]LogEditorViewport: Clicking on Actor (LMB): StaticMeshActor (Floor)
[2017.11.30-20.00.41:928][977]LogEditorViewport: Clicking Background
[2017.11.30-20.00.44:830][299]LogEditorViewport: Clicking on Actor (LMB): StaticMeshActor (Wall_400x301)
[2017.11.30-20.01.27:804][563]LogEditorViewport: Clicking Background
[2017.11.30-20.01.28:721][648]LogEditorViewport: Clicking Background
[2017.11.30-20.01.29:404][727]LogEditorViewport: Clicking on Actor (LMB): StaticMeshActor (Wall_400x302)
[2017.11.30-20.01.52:648][340]LogEditorViewport: Clicking on Actor (LMB): StaticMeshActor (Wall_400x302)
[2017.11.30-20.02.01:119][  0]LogEditorViewport: Clicking on Actor (LMB): StaticMeshActor (Wall_400x302)
[2017.11.30-20.02.13:861][859]LogEditorViewport: Clicking on Actor (LMB): StaticMeshActor (Wall_400x302)
[2017.11.30-20.02.14:786][940]LogEditorViewport: Clicking on Actor (LMB): StaticMeshActor (Wall_400x302)
[2017.11.30-20.02.15:618][ 12]LogEditorViewport: Clicking on Actor (LMB): StaticMeshActor (Wall_400x302)
[2017.11.30-20.02.30:608][535]LogEditorViewport: Clicking Background
[2017.11.30-20.02.32:682][777]LogEditorViewport: Clicking on Actor (LMB): StaticMeshActor (Wall_400x302)
[2017.11.30-20.03.16:262][169]LogEditorViewport: Clicking on Actor (LMB): StaticMeshActor (Wall_400x302)
[2017.11.30-20.03.26:495][105]LogEditorViewport: Clicking on Actor (LMB): StaticMeshActor (Wall_400x302)
[2017.11.30-20.03.33:235][812]LogEditorViewport: Clicking on Actor (LMB): BP_Sky_Sphere_C (Sky Sphere)
[2017.11.30-20.03.38:904][454]LogEditorViewport: Clicking Background
[2017.11.30-20.03.39:569][532]LogEditorViewport: Clicking on Actor (LMB): StaticMeshActor (Wall_400x302)
[2017.11.30-20.04.12:974][234]Cmd: MODE GRID=0
[2017.11.30-20.04.13:562][266]Cmd: MODE GRID=1
[2017.11.30-20.04.30:829][590]Cmd: TRANSACTION UNDO
[2017.11.30-20.04.30:830][590]LogEditorTransaction: Undo Scale Actors
[2017.11.30-20.04.45:817][722]LogEditorViewport: Clicking Background
[2017.11.30-20.04.47:275][895]LogEditorViewport: Clicking on Actor (LMB): StaticMeshActor (Wall_400x302)
[2017.11.30-20.04.58:137][ 51]LogEditorViewport: Clicking Background
[2017.11.30-20.04.59:683][233]LogEditorViewport: Clicking on Actor (LMB): StaticMeshActor (Wall_400x302)
[2017.11.30-20.05.40:013][906]LogEditorViewport: Clicking Background
[2017.11.30-20.05.40:973][ 19]LogEditorViewport: Clicking on Actor (LMB): StaticMeshActor (Wall_400x302)
[2017.11.30-20.06.10:573][187]LogEditorViewport: Clicking Background
[2017.11.30-20.06.22:742][259]LogActorFactory: Actor Factory created Wall_400x300
[2017.11.30-20.06.24:586][465]LogActorFactory: Actor Factory created Wall_400x300
[2017.11.30-20.06.42:335][200]LogEditorViewport: Clicking Background
[2017.11.30-20.06.46:137][627]LogEditorViewport: Clicking on Actor (LMB): StaticMeshActor (Wall_400x303)
[2017.11.30-20.07.08:804][449]LogEditorViewport: Clicking Background
[2017.11.30-20.07.09:930][581]LogEditorViewport: Clicking Background
[2017.11.30-20.07.10:679][668]LogEditorViewport: Clicking on Actor (LMB): StaticMeshActor (Wall_400x303)
[2017.11.30-20.07.15:864][ 94]LogEditorViewport: Clicking Background
[2017.11.30-20.07.17:118][240]LogEditorViewport: Clicking on Actor (LMB): BP_Sky_Sphere_C (Sky Sphere)
[2017.11.30-20.07.19:190][440]LogEditorViewport: Clicking on Actor (LMB): StaticMeshActor (Wall_400x303)
[2017.11.30-20.07.24:504][891]LogEditorViewport: Clicking on Actor (LMB): StaticMeshActor (Wall_400x303)
[2017.11.30-20.08.00:432][716]Cmd: TRANSACTION UNDO
[2017.11.30-20.08.00:432][716]LogEditorTransaction: Undo Scale Actors
[2017.11.30-20.08.37:704][571]LogEditorViewport: Clicking Background
[2017.11.30-20.08.46:330][588]LogEditorViewport: Clicking on Actor (LMB): StaticMeshActor (Wall_400x300)
[2017.11.30-20.08.51:287][987]LogEditorViewport: Clicking on Actor (CTRL LMB): StaticMeshActor (Wall_400x301)
[2017.11.30-20.08.52:215][ 62]LogEditorViewport: Clicking on Actor (CTRL LMB): StaticMeshActor (Wall_400x302)
[2017.11.30-20.09.17:736][100]Cmd: SELECT NONE
[2017.11.30-20.09.18:854][232]LogEditorViewport: Clicking on Actor (LMB): StaticMeshActor (Floor)
[2017.11.30-20.09.19:581][291]Cmd: SELECT NONE
[2017.11.30-20.09.20:305][376]LogEditorViewport: Clicking on Actor (LMB): StaticMeshActor (Wall_400x307)
[2017.11.30-20.09.23:399][637]Cmd: SELECT NONE
[2017.11.30-20.09.24:445][760]LogEditorViewport: Clicking on Actor (LMB): StaticMeshActor (Wall_400x304)
[2017.11.30-20.09.25:661][861]Cmd: SELECT NONE
[2017.11.30-20.09.28:276][171]LogEditorViewport: Clicking on Actor (LMB): StaticMeshActor (Wall_400x303)
[2017.11.30-20.09.31:491][450]LogEditorViewport: Clicking on Actor (CTRL LMB): StaticMeshActor (Wall_400x304)
[2017.11.30-20.09.48:576][787]LogEditorViewport: Clicking on Actor (LMB): StaticMeshActor (Wall_400x308)
[2017.11.30-20.10.13:245][878]LogEditorViewport: Clicking on Actor (LMB): StaticMeshActor (Wall_400x307)
[2017.11.30-20.10.28:272][ 87]LogEditorViewport: Clicking on Actor (LMB): StaticMeshActor (Wall_400x302)
[2017.11.30-20.10.47:278][656]LogEditorViewport: Clicking Background
[2017.11.30-20.11.02:464][ 45]LogActorFactory: Actor Factory created Wall_Door_400x300
[2017.11.30-20.11.02:702][ 65]LogActorFactory: Actor Factory created Wall_Door_400x300
[2017.11.30-20.11.16:986][421]LogActorFactory: Actor Factory created Wall_Door_400x300
[2017.11.30-20.11.31:969][797]LogEditorViewport: Clicking Background
[2017.11.30-20.11.33:847][999]LogEditorViewport: Clicking on Actor (LMB): StaticMeshActor (Wall_Door_400x301)
[2017.11.30-20.12.16:233][495]LogEditorViewport: Clicking Background
[2017.11.30-20.12.20:256][939]LogEditorViewport: Clicking on Actor (LMB): StaticMeshActor (Wall_400x310)
[2017.11.30-20.12.46:727][ 46]LogEditorViewport: Clicking Background
[2017.11.30-20.12.53:604][820]LogEditorViewport: Clicking on Actor (LMB): BP_Sky_Sphere_C (Sky Sphere)
[2017.11.30-20.13.04:895][841]LogEditorViewport: Clicking on Actor (LMB): StaticMeshActor (SM_DoorFrame)
[2017.11.30-20.13.12:189][546]LogEditorViewport: Clicking on Actor (CTRL LMB): StaticMeshActor (SM_Door)
[2017.11.30-20.13.13:339][649]LogEditorViewport: Clicking on Actor (CTRL LMB): StaticMeshActor (SM_DoorFrame)
[2017.11.30-20.13.40:446][968]LogEditorViewport: Clicking Background
[2017.11.30-20.13.48:785][864]LogEditorViewport: Clicking on Actor (LMB): StaticMeshActor (SM_DoorFrame2)
[2017.11.30-20.13.53:159][244]LogEditorViewport: Clicking on Actor (CTRL LMB): StaticMeshActor (SM_Door2)
[2017.11.30-20.14.33:371][341]LogEditorViewport: Clicking on Actor (LMB): BP_Sky_Sphere_C (Sky Sphere)
[2017.11.30-20.14.34:967][496]LogEditorViewport: Clicking on Actor (LMB): StaticMeshActor (SM_Door2)
[2017.11.30-20.15.09:410][563]MapCheck: New page: Map Check
[2017.11.30-20.15.09:436][563]LightingResults: New page: Lighting Build - Nov 30, 2017, 10:15:09 PM
[2017.11.30-20.15.09:454][563]LogSwarmInterface: [OpenConnection] Registering TCP channel ...
[2017.11.30-20.15.09:455][563]LogSwarmInterface: [OpenConnection] Connecting to agent ...
[2017.11.30-20.15.09:455][563]LogSwarmInterface: [TryOpenConnection] Testing the Agent
[2017.11.30-20.15.09:456][563]LogSwarmInterface: [TryOpenConnection] Opening Connection to Agent
[2017.11.30-20.15.09:457][563]LogSwarmInterface: [TryOpenConnection] Local Process ID is 7108
[2017.11.30-20.15.13:987][563]LogStaticLightingSystem: Warning: No importance volume found, so the scene bounding box was used.  You can optimize your scene's quality and lighting build times by adding importance volumes.
[2017.11.30-20.15.13:988][563]LogStaticLightingSystem: Running Lightmass w/ ImmediateImport mode ENABLED
[2017.11.30-20.15.13:988][563]LogStaticLightingSystem: Running Lightmass w/ ImmediateProcess mode ENABLED
[2017.11.30-20.15.13:989][563]LogStaticLightingSystem: Running Lightmass w/ Sorting mode ENABLED
[2017.11.30-20.15.13:989][563]LogStaticLightingSystem: Running Lightmass w/ Mapping paddings ENABLED
[2017.11.30-20.15.13:989][563]LogStaticLightingSystem: Running Lightmass w/ Mapping debug paddings DISABLED
[2017.11.30-20.15.14:187][563]LogEditorBuildUtils: Build time 0:04
[2017.11.30-20.15.17:517][669]Job is a success!
[2017.11.30-20.15.18:063][670]LogTexture: Display: Building textures: HQ_Lightmap0_1 (AutoDXT, 1024X1024)
[2017.11.30-20.15.18:063][670]LogTexture: Display: Building textures: LQ_Lightmap_0_1 (DXT1, 1024X1024)
[2017.11.30-20.15.18:063][670]LogTexture: Display: Building textures: LQ_Lightmap_0_2 (DXT1, 64X64)
[2017.11.30-20.15.18:063][670]LogTexture: Display: Building textures: HQ_Lightmap0_2 (AutoDXT, 64X64)
[2017.11.30-20.15.18:178][670]LogTexture: Display: Building textures: ShadowMapTexture2D_5 (G8, 32X32)
[2017.11.30-20.15.18:178][670]LogTexture: Display: Building textures: ShadowMapTexture2D_4 (G8, 1024X256)
[2017.11.30-20.15.18:190][670]Lightmass on KLAFA-PC: 3.20 sec total, 134 ms importing, 10 ms setup, 562 ms photons, 2.47 sec processing, 0 ms extra exporting [19/19 mappings]. Threads: 17.1 sec total, 8.54 sec processing.
[2017.11.30-20.15.18:244][670]LogStaticLightingSystem: Illumination: 8.75 sec (427 ms encoding lightmaps, 109 ms encoding shadowmaps)
[2017.11.30-20.15.18:244][670]LogStaticLightingSystem: Lightmap texture memory:  2.0 MB (2.0 MB streaming, 0.0 MB non-streaming), 4 textures
[2017.11.30-20.15.18:244][670]LogStaticLightingSystem: Shadowmap texture memory: 0.3 MB (0.3 MB streaming, 0.0 MB non-streaming), 2 textures
[2017.11.30-20.15.18:991][670]DumpUnbuiltLightIteractions
[2017.11.30-20.15.18:991][670]Lights with unbuilt interactions: 0
[2017.11.30-20.15.18:992][670]
[2017.11.30-20.15.18:992][670]Primitives with unbuilt interactions: 0
[2017.11.30-20.15.19:010][671]Cmd: MAP CHECK NOTIFYRESULTS
[2017.11.30-20.15.19:011][671]MapCheck: New page: NewMap - Nov 30, 2017, 10:15:19 PM
[2017.11.30-20.15.19:192][671]MapCheck: Map check complete: 0 Error(s), 0 Warning(s), took 181.368ms to complete.
[2017.11.30-20.15.27:975][523]LogEditorViewport: Clicking on Actor (LMB): PlayerStart (Player Start)
[2017.11.30-20.15.39:196][658]LogTemp: Repeating last play command: Selected Viewport
[2017.11.30-20.15.39:274][658]LogPlayLevel: PlayLevel: No blueprints needed recompiling
[2017.11.30-20.15.39:274][658]PIE: New page: PIE session: NewMap (Nov 30, 2017, 10:15:39 PM)
[2017.11.30-20.15.39:274][658]LogPlayLevel: Creating play world package: /Game/UEDPIE_0_NewMap
[2017.11.30-20.15.39:279][658]LogPlayLevel: PIE: StaticDuplicateObject took: (0.004937s)
[2017.11.30-20.15.39:280][658]LogAIModule: Creating AISystem for world NewMap
[2017.11.30-20.15.39:281][658]LogPlayLevel: PIE: World Init took: (0.001100s)
[2017.11.30-20.15.39:281][658]LogPlayLevel: PIE: Created PIE world by copying editor world from /Game/NewMap.NewMap to /Game/UEDPIE_0_NewMap.NewMap (0.006641s)
[2017.11.30-20.15.39:335][658]LogInit: XAudio2 using 'Hangszórók (C-Media PCI Audio Device)' : 2 channels at 44.1 kHz using 16 bits per sample (channel mask 0x3)
[2017.11.30-20.15.39:341][658]LogInit: FAudioDevice initialized.
[2017.11.30-20.15.39:386][658]LogUObjectGlobals: Warning: Failed to find object 'Class /Script/BuildingEscape.BuildingEscapeGameMode'
[2017.11.30-20.15.39:386][658]LogLoad: Game class is 'GameModeBase'
[2017.11.30-20.15.39:390][658]LogWorld: Bringing World /Game/UEDPIE_0_NewMap.NewMap up for play (max tick rate 0) at 2017.11.30-21.15.39
[2017.11.30-20.15.39:390][658]LogWorld: Bringing up level for play took: 0.002135
[2017.11.30-20.15.39:471][658]LogContentBrowser: Native class hierarchy updated for 'MovieSceneCapture' in 0.0022 seconds. Added 11 classes and 0 folders.
[2017.11.30-20.15.39:472][658]LogTemp: Warning: SM_Chair_2 is at X=-157.540 Y=-28.701 Z=27.526
[2017.11.30-20.15.39:473][658]PIE: Play in editor start time for /Game/UEDPIE_0_NewMap 0.302
[2017.11.30-20.16.36:766][498]LogEditorViewport: Clicking on Actor (LMB): StaticMeshActor (Floor)
[2017.11.30-20.16.38:468][685]Cmd: CAMERA ALIGN ACTIVEVIEWPORTONLY
[2017.11.30-20.16.42:444][138]LogEditorViewport: Clicking on Actor (LMB): StaticMeshActor (Wall_400x305)
[2017.11.30-20.16.42:485][138]LogEditorViewport: Clicking on Component (LMB): StaticMeshComponent (StaticMeshComponent0)
[2017.11.30-20.16.44:321][338]LogEditorViewport: Clicking on Actor (LMB): StaticMeshActor (Floor)
[2017.11.30-20.16.52:726][ 95]LogActorFactory: Actor Factory created Floor_400x400
[2017.11.30-20.16.57:914][593]LogActorFactory: Actor Factory created Floor_400x400
[2017.11.30-20.17.13:042][220]LogEditorViewport: Clicking Background
[2017.11.30-20.17.17:406][704]LogEditorViewport: Clicking on Actor (LMB): StaticMeshActor (Floor_400x400)
[2017.11.30-20.18.04:842][ 57]Cmd: TRANSACTION UNDO
[2017.11.30-20.18.04:842][ 57]LogEditorTransaction: Undo Set actor rotation
[2017.11.30-20.18.22:881][208]Cmd: TRANSACTION UNDO
[2017.11.30-20.18.22:882][208]LogEditorTransaction: Undo Edit Light Source Angle
[2017.11.30-20.18.23:416][232]Cmd: TRANSACTION UNDO
[2017.11.30-20.18.23:417][232]LogEditorTransaction: Undo Edit Light Source Angle
[2017.11.30-20.18.31:227][683]LogEditorViewport: Clicking on Actor (LMB): BP_Sky_Sphere_C (Sky Sphere)
[2017.11.30-20.18.45:084][966]LogTemp: Repeating last play command: Selected Viewport
[2017.11.30-20.18.45:105][966]LogPlayLevel: PlayLevel: No blueprints needed recompiling
[2017.11.30-20.18.45:106][966]PIE: New page: PIE session: NewMap (Nov 30, 2017, 10:18:45 PM)
[2017.11.30-20.18.45:106][966]LogPlayLevel: Creating play world package: /Game/UEDPIE_0_NewMap
[2017.11.30-20.18.45:110][966]LogPlayLevel: PIE: StaticDuplicateObject took: (0.003862s)
[2017.11.30-20.18.45:112][966]LogAIModule: Creating AISystem for world NewMap
[2017.11.30-20.18.45:112][966]LogPlayLevel: PIE: World Init took: (0.002157s)
[2017.11.30-20.18.45:113][966]LogPlayLevel: PIE: Created PIE world by copying editor world from /Game/NewMap.NewMap to /Game/UEDPIE_0_NewMap.NewMap (0.006736s)
[2017.11.30-20.18.45:169][966]LogInit: XAudio2 using 'Hangszórók (C-Media PCI Audio Device)' : 2 channels at 44.1 kHz using 16 bits per sample (channel mask 0x3)
[2017.11.30-20.18.45:176][966]LogInit: FAudioDevice initialized.
[2017.11.30-20.18.45:211][966]LogLoad: Game class is 'GameModeBase'
[2017.11.30-20.18.45:213][966]LogWorld: Bringing World /Game/UEDPIE_0_NewMap.NewMap up for play (max tick rate 0) at 2017.11.30-21.18.45
[2017.11.30-20.18.45:214][966]LogWorld: Bringing up level for play took: 0.002083
[2017.11.30-20.18.45:215][966]LogTemp: Warning: SM_Chair_2 is at X=-157.540 Y=-28.701 Z=27.526
[2017.11.30-20.18.45:216][966]PIE: Play in editor start time for /Game/UEDPIE_0_NewMap 0.044
[2017.11.30-20.19.14:596][917]LogEditorViewport: Clicking on Actor (LMB): BP_Sky_Sphere_C (Sky Sphere)
[2017.11.30-20.19.19:018][342]LogTemp: Repeating last play command: Selected Viewport
[2017.11.30-20.19.19:040][342]LogPlayLevel: PlayLevel: No blueprints needed recompiling
[2017.11.30-20.19.19:040][342]PIE: New page: PIE session: NewMap (Nov 30, 2017, 10:19:19 PM)
[2017.11.30-20.19.19:040][342]LogPlayLevel: Creating play world package: /Game/UEDPIE_0_NewMap
[2017.11.30-20.19.19:046][342]LogPlayLevel: PIE: StaticDuplicateObject took: (0.005863s)
[2017.11.30-20.19.19:047][342]LogAIModule: Creating AISystem for world NewMap
[2017.11.30-20.19.19:048][342]LogPlayLevel: PIE: World Init took: (0.001174s)
[2017.11.30-20.19.19:048][342]LogPlayLevel: PIE: Created PIE world by copying editor world from /Game/NewMap.NewMap to /Game/UEDPIE_0_NewMap.NewMap (0.007663s)
[2017.11.30-20.19.19:102][342]LogInit: XAudio2 using 'Hangszórók (C-Media PCI Audio Device)' : 2 channels at 44.1 kHz using 16 bits per sample (channel mask 0x3)
[2017.11.30-20.19.19:106][342]LogInit: FAudioDevice initialized.
[2017.11.30-20.19.19:138][342]LogLoad: Game class is 'GameModeBase'
[2017.11.30-20.19.19:141][342]LogWorld: Bringing World /Game/UEDPIE_0_NewMap.NewMap up for play (max tick rate 0) at 2017.11.30-21.19.19
[2017.11.30-20.19.19:141][342]LogWorld: Bringing up level for play took: 0.002097
[2017.11.30-20.19.19:143][342]LogTemp: Warning: SM_Chair_2 is at X=-157.540 Y=-28.701 Z=27.526
[2017.11.30-20.19.19:143][342]PIE: Play in editor start time for /Game/UEDPIE_0_NewMap -0.028
[2017.11.30-20.20.35:788][373]LogTemp: Repeating last play command: Selected Viewport
[2017.11.30-20.20.35:812][373]LogPlayLevel: PlayLevel: No blueprints needed recompiling
[2017.11.30-20.20.35:812][373]PIE: New page: PIE session: NewMap (Nov 30, 2017, 10:20:35 PM)
[2017.11.30-20.20.35:812][373]LogPlayLevel: Creating play world package: /Game/UEDPIE_0_NewMap
[2017.11.30-20.20.35:816][373]LogPlayLevel: PIE: StaticDuplicateObject took: (0.004113s)
[2017.11.30-20.20.35:819][373]LogAIModule: Creating AISystem for world NewMap
[2017.11.30-20.20.35:819][373]LogPlayLevel: PIE: World Init took: (0.002288s)
[2017.11.30-20.20.35:819][373]LogPlayLevel: PIE: Created PIE world by copying editor world from /Game/NewMap.NewMap to /Game/UEDPIE_0_NewMap.NewMap (0.007076s)
[2017.11.30-20.20.35:876][373]LogInit: XAudio2 using 'Hangszórók (C-Media PCI Audio Device)' : 2 channels at 44.1 kHz using 16 bits per sample (channel mask 0x3)
[2017.11.30-20.20.35:881][373]LogInit: FAudioDevice initialized.
[2017.11.30-20.20.35:915][373]LogLoad: Game class is 'GameModeBase'
[2017.11.30-20.20.35:917][373]LogWorld: Bringing World /Game/UEDPIE_0_NewMap.NewMap up for play (max tick rate 0) at 2017.11.30-21.20.35
[2017.11.30-20.20.35:918][373]LogWorld: Bringing up level for play took: 0.002064
[2017.11.30-20.20.35:919][373]LogTemp: Warning: SM_Chair_2 is at X=-157.540 Y=-28.701 Z=27.526
[2017.11.30-20.20.35:919][373]PIE: Play in editor start time for /Game/UEDPIE_0_NewMap 0.748
[2017.11.30-20.21.44:035][780]LogActorFactory: Actor Factory created SM_Lamp_Ceiling
[2017.11.30-20.21.45:786][966]LogActorFactory: Actor Factory created SM_Lamp_Ceiling
[2017.11.30-20.21.48:071][205]Cmd: DELETE
[2017.11.30-20.21.48:073][205]Cmd: ACTOR DELETE
[2017.11.30-20.21.48:073][205]LogEditorActor: Deleted Actor: StaticMeshActor
[2017.11.30-20.21.48:102][205]LogEditorActor: Deleted 1 Actors (0.029 secs)
[2017.11.30-20.22.26:486][660]Cmd: SELECT NONE
[2017.11.30-20.22.50:053][466]LogActorFactory: Actor Factory created SM_Lamp_Wall
[2017.11.30-20.22.54:008][917]LogActorFactory: Actor Factory created SM_Lamp_Wall
[2017.11.30-20.23.10:949][408]LogActorFactory: Actor Factory created SM_Lamp_Wall
[2017.11.30-20.23.11:093][415]LogActorFactory: Actor Factory created SM_Lamp_Wall
[2017.11.30-20.23.11:799][459]LogActorFactory: Actor Factory created SM_Lamp_Wall
[2017.11.30-20.23.56:286][121]LogEditorViewport: Clicking Background
[2017.11.30-20.23.58:778][410]LogEditorViewport: Clicking Background
[2017.11.30-20.24.17:720][219]LogActorFactory: Actor Factory created SM_TableRound
[2017.11.30-20.24.20:037][483]LogActorFactory: Actor Factory created SM_TableRound
[2017.11.30-20.24.22:985][683]LogActorFactory: Actor Factory created SM_Statue
[2017.11.30-20.24.26:576][  6]LogActorFactory: Actor Factory created SM_Statue
[2017.11.30-20.24.34:496][793]LogEditorViewport: Clicking on Actor (LMB): StaticMeshActor (SM_TableRound)
[2017.11.30-20.24.36:816][985]LogEditorViewport: Clicking on Actor (LMB): StaticMeshActor (SM_Statue)
[2017.11.30-20.24.41:240][330]LogEditorViewport: Clicking on Actor (LMB): StaticMeshActor (Floor_400x400)
[2017.11.30-20.25.19:575][465]Cmd: OBJ SAVEPACKAGE PACKAGE="/Game/NewMap" FILE="K:/O/Programozas/Unreal/03_BuildingEscape/BuildingEscape/Saved/Autosaves/Game/NewMap_Auto2.umap" SILENT=true AUTOSAVING=true KEEPDIRTY=false
[2017.11.30-20.25.19:703][465]LogSavePackage: Save=95.18ms
[2017.11.30-20.25.19:703][465]LogSavePackage: Moving 'K:/O/Programozas/Unreal/03_BuildingEscape/BuildingEscape/Saved/NewMap_Auto2D762602A4EEA09449F6C7E98BCE382E7.tmp' to 'K:/O/Programozas/Unreal/03_BuildingEscape/BuildingEscape/Saved/Autosaves/Game/NewMap_Auto2.umap'
[2017.11.30-20.25.19:708][465]LogSavePackage: Display: Finished SavePackage K:/O/Programozas/Unreal/03_BuildingEscape/BuildingEscape/Saved/Autosaves/Game/NewMap_Auto2.umap
[2017.11.30-20.25.19:713][465]LogFileHelpers: Editor autosave (incl. sublevels) for '/Game/NewMap' took 0.172
[2017.11.30-20.25.19:714][465]LogFileHelpers: Editor autosave (incl. sublevels) for all levels took 0.172
[2017.11.30-20.25.19:718][465]OBJ SavePackage: Generating thumbnails for [0] asset(s) in package [/Game/NewMap_BuiltData] ([1] browsable assets)...
[2017.11.30-20.25.19:718][465]OBJ SavePackage: Finished generating thumbnails for package [/Game/NewMap_BuiltData]
[2017.11.30-20.25.19:718][465]Cmd: OBJ SAVEPACKAGE PACKAGE="/Game/NewMap_BuiltData" FILE="K:/O/Programozas/Unreal/03_BuildingEscape/BuildingEscape/Saved/Autosaves/Game/NewMap_BuiltData_Auto2.uasset" SILENT=false AUTOSAVING=true
[2017.11.30-20.25.20:125][465]LogSavePackage: Save=393.90ms
[2017.11.30-20.25.20:127][465]LogSavePackage: Moving 'K:/O/Programozas/Unreal/03_BuildingEscape/BuildingEscape/Saved/NewMap_BuiltData_Auto2BE462EB84EA65C325510D898DA241EFF.tmp' to 'K:/O/Programozas/Unreal/03_BuildingEscape/BuildingEscape/Saved/Autosaves/Game/NewMap_BuiltData_Auto2.uasset'
[2017.11.30-20.25.20:130][465]LogSavePackage: Display: Finished SavePackage K:/O/Programozas/Unreal/03_BuildingEscape/BuildingEscape/Saved/Autosaves/Game/NewMap_BuiltData_Auto2.uasset
[2017.11.30-20.25.20:130][465]LogFileHelpers: Auto-saving content packages took 0.414
[2017.11.30-20.26.15:249][911]Cmd: OBJ SAVEPACKAGE PACKAGE="/Game/NewMap" FILE="K:/O/Programozas/Unreal/03_BuildingEscape/BuildingEscape/Content/NewMap.umap" SILENT=true AUTOSAVING=false KEEPDIRTY=false
[2017.11.30-20.26.15:376][911]LogSavePackage: Save=89.61ms
[2017.11.30-20.26.15:376][911]LogSavePackage: Moving 'K:/O/Programozas/Unreal/03_BuildingEscape/BuildingEscape/Saved/NewMap9F7EC43C46EC9F54F948A096FC4A766A.tmp' to 'K:/O/Programozas/Unreal/03_BuildingEscape/BuildingEscape/Content/NewMap.umap'
[2017.11.30-20.26.15:388][911]LogSavePackage: Display: Finished SavePackage K:/O/Programozas/Unreal/03_BuildingEscape/BuildingEscape/Content/NewMap.umap
[2017.11.30-20.26.15:423][911]Cmd: OBJ SAVEPACKAGE PACKAGE="/Game/NewMap_BuiltData" FILE="K:/O/Programozas/Unreal/03_BuildingEscape/BuildingEscape/Content/NewMap_BuiltData.uasset" SILENT=true
[2017.11.30-20.26.15:554][911]LogSavePackage: Save=121.75ms
[2017.11.30-20.26.15:554][911]LogSavePackage: Moving 'K:/O/Programozas/Unreal/03_BuildingEscape/BuildingEscape/Saved/NewMap_BuiltDataEC3E7FDC4A209E82DA4A20AD4BC46687.tmp' to 'K:/O/Programozas/Unreal/03_BuildingEscape/BuildingEscape/Content/NewMap_BuiltData.uasset'
[2017.11.30-20.26.15:566][911]LogSavePackage: Display: Finished SavePackage K:/O/Programozas/Unreal/03_BuildingEscape/BuildingEscape/Content/NewMap_BuiltData.uasset
[2017.11.30-20.27.25:656][238]LogEditorViewport: Clicking on Actor (double click): StaticMeshActor (SM_Statue)
[2017.11.30-20.27.36:413][372]Cmd: TRANSACTION UNDO
[2017.11.30-20.27.36:413][372]LogEditorTransaction: Undo Move Actors
[2017.11.30-20.27.37:766][437]Cmd: TRANSACTION UNDO
[2017.11.30-20.27.37:766][437]LogEditorTransaction: Undo Clicking on Actors (double-click)
[2017.11.30-20.27.40:002][535]Cmd: TRANSACTION UNDO
[2017.11.30-20.27.40:002][535]LogEditorTransaction: Undo Create Actor
[2017.11.30-20.27.48:178][769]LogEditorViewport: Clicking on Actor (LMB): StaticMeshActor (SM_Lamp_Wall)
[2017.11.30-20.29.52:265][561]LogEditorViewport: Clicking on Actor (LMB): StaticMeshActor (SM_Chair)
[2017.11.30-20.30.00:702][514]Cmd: CAMERA ALIGN ACTIVEVIEWPORTONLY
[2017.11.30-20.30.08:464][370]LogEditorViewport: Clicking on Actor (LMB): StaticMeshActor (Floor_400x400)
[2017.11.30-20.30.09:720][505]LogEditorViewport: Clicking on Actor (LMB): StaticMeshActor (SM_Chair)
[2017.11.30-20.30.11:473][687]LogEditorViewport: Clicking on Actor (LMB): StaticMeshActor (Floor_400x400)
[2017.11.30-20.30.16:606][273]Cmd: TRANSACTION UNDO
[2017.11.30-20.30.16:606][273]LogEditorTransaction: Undo Move Actors
[2017.11.30-20.30.22:360][722]LogEditorViewport: Clicking on Actor (LMB): StaticMeshActor (SM_Chair)
[2017.11.30-20.30.32:010][799]LogEditorViewport: Clicking on Actor (LMB): StaticMeshActor (SM_Chair)
[2017.11.30-20.30.53:085][ 35]LogEditorViewport: Clicking on Actor (LMB): StaticMeshActor (Floor_400x400)
[2017.11.30-20.30.59:125][645]Cmd: OBJ SAVEPACKAGE PACKAGE="/Game/NewMap" FILE="K:/O/Programozas/Unreal/03_BuildingEscape/BuildingEscape/Content/NewMap.umap" SILENT=true AUTOSAVING=false KEEPDIRTY=false
[2017.11.30-20.30.59:283][645]LogSavePackage: Save=92.57ms
[2017.11.30-20.30.59:284][645]LogSavePackage: Moving 'K:/O/Programozas/Unreal/03_BuildingEscape/BuildingEscape/Saved/NewMapF355063E4260756A80DC2794E6201FD7.tmp' to 'K:/O/Programozas/Unreal/03_BuildingEscape/BuildingEscape/Content/NewMap.umap'
[2017.11.30-20.30.59:295][645]LogSavePackage: Display: Finished SavePackage K:/O/Programozas/Unreal/03_BuildingEscape/BuildingEscape/Content/NewMap.umap
[2017.11.30-20.30.59:329][645]Cmd: OBJ SAVEPACKAGE PACKAGE="/Game/NewMap_BuiltData" FILE="K:/O/Programozas/Unreal/03_BuildingEscape/BuildingEscape/Content/NewMap_BuiltData.uasset" SILENT=true
[2017.11.30-20.30.59:531][645]LogSavePackage: Save=146.55ms
[2017.11.30-20.30.59:531][645]LogSavePackage: Moving 'K:/O/Programozas/Unreal/03_BuildingEscape/BuildingEscape/Saved/NewMap_BuiltData92E048A847FFE6C83B7520B5840E14C1.tmp' to 'K:/O/Programozas/Unreal/03_BuildingEscape/BuildingEscape/Content/NewMap_BuiltData.uasset'
[2017.11.30-20.30.59:538][645]LogSavePackage: Display: Finished SavePackage K:/O/Programozas/Unreal/03_BuildingEscape/BuildingEscape/Content/NewMap_BuiltData.uasset
[2017.11.30-20.32.11:515][614]Cmd: QUIT_EDITOR
[2017.11.30-20.32.11:634][614]LogExit: Preparing to exit.
[2017.11.30-20.32.11:975][614]LogExit: Editor shut down
[2017.11.30-20.32.11:983][614]LogExit: Transaction tracking system shut down
[2017.11.30-20.32.12:385][614]LogDirectoryWatcher: A directory notification for '../../../Engine/Content/' was aborted.
[2017.11.30-20.32.12:386][614]LogDirectoryWatcher: A directory notification for 'K:/O/Programozas/Unreal/03_BuildingEscape/BuildingEscape/Content/' was aborted.
[2017.11.30-20.32.12:386][614]LogDirectoryWatcher: A directory notification for '../../../Engine/Plugins/2D/Paper2D/Content/' was aborted.
[2017.11.30-20.32.12:386][614]LogDirectoryWatcher: A directory notification for '../../../Engine/Plugins/Runtime/Oculus/OculusVR/Content/' was aborted.
[2017.11.30-20.32.12:386][614]LogDirectoryWatcher: A directory notification for '../../../Engine/Plugins/Runtime/Steam/SteamVR/Content/' was aborted.
[2017.11.30-20.32.12:460][614]LogExit: Object subsystem successfully closed.
[2017.11.30-20.32.12:473][614]LogD3D11RHI: Shutdown
[2017.11.30-20.32.12:473][614]LogD3D11RHI: CleanupD3DDevice
[2017.11.30-20.32.12:639][614]LogD3D11RHI: ~FD3D11DynamicRHI
[2017.11.30-20.32.12:676][614]LogModuleManager: Shutting down and abandoning module MovieSceneCapture (536)
[2017.11.30-20.32.12:676][614]LogModuleManager: Shutting down and abandoning module StaticMeshEditor (534)
[2017.11.30-20.32.12:676][614]LogModuleManager: Shutting down and abandoning module HierarchicalLODOutliner (532)
[2017.11.30-20.32.12:676][614]LogModuleManager: Shutting down and abandoning module SceneOutliner (530)
[2017.11.30-20.32.12:676][614]LogModuleManager: Shutting down and abandoning module AddContentDialog (528)
[2017.11.30-20.32.12:677][614]LogDirectoryWatcher: A directory notification for 'H:/Programok/Epic Games/UE_4.17/FeaturePacks/' was aborted.
[2017.11.30-20.32.12:678][614]LogModuleManager: Shutting down and abandoning module WidgetCarousel (527)
[2017.11.30-20.32.12:678][614]LogModuleManager: Shutting down and abandoning module EditorWidgets (524)
[2017.11.30-20.32.12:678][614]LogModuleManager: Shutting down and abandoning module CollectionManager (522)
[2017.11.30-20.32.12:678][614]LogDirectoryWatcher: A directory notification for 'K:/O/Programozas/Unreal/03_BuildingEscape/BuildingEscape/Content/Collections/' was aborted.
[2017.11.30-20.32.12:678][614]LogDirectoryWatcher: A directory notification for 'K:/O/Programozas/Unreal/03_BuildingEscape/BuildingEscape/Content/Developers/Klafa/Collections/' was aborted.
[2017.11.30-20.32.12:678][614]LogDirectoryWatcher: A directory notification for 'K:/O/Programozas/Unreal/03_BuildingEscape/BuildingEscape/Saved/Collections/' was aborted.
[2017.11.30-20.32.12:678][614]LogModuleManager: Shutting down and abandoning module StatsViewer (520)
[2017.11.30-20.32.12:679][614]LogModuleManager: Shutting down and abandoning module FoliageEdit (518)
[2017.11.30-20.32.12:679][614]LogModuleManager: Shutting down and abandoning module LandscapeEditor (516)
[2017.11.30-20.32.12:679][614]LogModuleManager: Shutting down and abandoning module MeshPaintMode (514)
[2017.11.30-20.32.12:679][614]LogModuleManager: Shutting down and abandoning module SceneDepthPickerMode (512)
[2017.11.30-20.32.12:679][614]LogModuleManager: Shutting down and abandoning module ActorPickerMode (510)
[2017.11.30-20.32.12:679][614]LogModuleManager: Shutting down and abandoning module GeometryMode (508)
[2017.11.30-20.32.12:679][614]LogModuleManager: Shutting down and abandoning module TextureAlignMode (506)
[2017.11.30-20.32.12:679][614]LogModuleManager: Shutting down and abandoning module BspMode (504)
[2017.11.30-20.32.12:679][614]LogModuleManager: Shutting down and abandoning module PIEPreviewDeviceProfileSelector (502)
[2017.11.30-20.32.12:679][614]LogModuleManager: Shutting down and abandoning module HardwareSurvey (500)
[2017.11.30-20.32.12:679][614]LogModuleManager: Shutting down and abandoning module SequenceRecorderSections (498)
[2017.11.30-20.32.12:679][614]LogModuleManager: Shutting down and abandoning module AutomationWorker (496)
[2017.11.30-20.32.12:679][614]LogModuleManager: Shutting down and abandoning module MatineeToLevelSequence (494)
[2017.11.30-20.32.12:679][614]LogModuleManager: Shutting down and abandoning module LevelSequenceEditor (492)
[2017.11.30-20.32.12:679][614]LogModuleManager: Shutting down and abandoning module PlacementMode (491)
[2017.11.30-20.32.12:679][614]LogModuleManager: Shutting down and abandoning module WmfMediaFactory (488)
[2017.11.30-20.32.12:679][614]LogModuleManager: Shutting down and abandoning module WmfMediaEditor (486)
[2017.11.30-20.32.12:679][614]LogModuleManager: Shutting down and abandoning module AvfMediaFactory (484)
[2017.11.30-20.32.12:679][614]LogModuleManager: Shutting down and abandoning module AvfMediaEditor (482)
[2017.11.30-20.32.12:679][614]LogModuleManager: Shutting down and abandoning module AndroidMediaFactory (480)
[2017.11.30-20.32.12:679][614]LogModuleManager: Shutting down and abandoning module Media (479)
[2017.11.30-20.32.12:679][614]LogModuleManager: Shutting down and abandoning module AndroidMediaEditor (476)
[2017.11.30-20.32.12:679][614]LogModuleManager: Shutting down and abandoning module CharacterAI (474)
[2017.11.30-20.32.12:679][614]LogModuleManager: Shutting down and abandoning module AudioCapture (472)
[2017.11.30-20.32.12:679][614]LogModuleManager: Shutting down and abandoning module SequenceRecorder (471)
[2017.11.30-20.32.12:679][614]LogModuleManager: Shutting down and abandoning module SmartSnapping (468)
[2017.11.30-20.32.12:680][614]LogModuleManager: Shutting down and abandoning module SessionServices (466)
[2017.11.30-20.32.12:680][614]LogModuleManager: Shutting down and abandoning module ViewportSnapping (464)
[2017.11.30-20.32.12:680][614]LogModuleManager: Shutting down and abandoning module ViewportInteraction (462)
[2017.11.30-20.32.12:680][614]LogModuleManager: Shutting down and abandoning module ClothPainter (460)
[2017.11.30-20.32.12:680][614]LogModuleManager: Shutting down and abandoning module LogVisualizer (458)
[2017.11.30-20.32.12:680][614]LogModuleManager: Shutting down and abandoning module IntroTutorials (456)
[2017.11.30-20.32.12:680][614]LogModuleManager: Shutting down and abandoning module GameProjectGeneration (455)
[2017.11.30-20.32.12:680][614]LogModuleManager: Shutting down and abandoning module IOSPlatformEditor (452)
[2017.11.30-20.32.12:680][614]LogModuleManager: Shutting down and abandoning module HTML5PlatformEditor (450)
[2017.11.30-20.32.12:680][614]LogModuleManager: Shutting down and abandoning module AndroidPlatformEditor (448)
[2017.11.30-20.32.12:680][614]LogModuleManager: Shutting down and abandoning module AndroidDeviceDetection (447)
[2017.11.30-20.32.12:918][614]LogModuleManager: Shutting down and abandoning module WindowsPlatformEditor (444)
[2017.11.30-20.32.12:918][614]LogModuleManager: Shutting down and abandoning module IOSRuntimeSettings (442)
[2017.11.30-20.32.12:918][614]LogModuleManager: Shutting down and abandoning module AndroidRuntimeSettings (440)
[2017.11.30-20.32.12:918][614]LogModuleManager: Shutting down and abandoning module InputBindingEditor (438)
[2017.11.30-20.32.12:918][614]LogModuleManager: Shutting down and abandoning module MergeActors (436)
[2017.11.30-20.32.12:918][614]LogModuleManager: Shutting down and abandoning module SizeMap (434)
[2017.11.30-20.32.12:918][614]LogModuleManager: Shutting down and abandoning module TreeMap (432)
[2017.11.30-20.32.12:918][614]LogModuleManager: Shutting down and abandoning module ReferenceViewer (430)
[2017.11.30-20.32.12:918][614]LogModuleManager: Shutting down and abandoning module LocalizationDashboard (428)
[2017.11.30-20.32.12:918][614]LogModuleManager: Shutting down and abandoning module LocalizationService (427)
[2017.11.30-20.32.12:918][614]LogModuleManager: Shutting down and abandoning module HardwareTargeting (424)
[2017.11.30-20.32.12:918][614]LogModuleManager: Shutting down and abandoning module DeviceProfileEditor (422)
[2017.11.30-20.32.12:919][614]LogModuleManager: Shutting down and abandoning module UndoHistory (420)
[2017.11.30-20.32.12:919][614]LogModuleManager: Shutting down and abandoning module XmlParser (418)
[2017.11.30-20.32.12:919][614]LogModuleManager: Shutting down and abandoning module Blutility (416)
[2017.11.30-20.32.12:919][614]LogModuleManager: Shutting down and abandoning module ProjectSettingsViewer (414)
[2017.11.30-20.32.12:919][614]LogModuleManager: Shutting down and abandoning module ProjectTargetPlatformEditor (413)
[2017.11.30-20.32.12:919][614]LogModuleManager: Shutting down and abandoning module EditorSettingsViewer (410)
[2017.11.30-20.32.12:919][614]LogModuleManager: Shutting down and abandoning module SettingsEditor (408)
[2017.11.30-20.32.12:919][614]LogModuleManager: Shutting down and abandoning module ProjectLauncher (406)
[2017.11.30-20.32.12:920][614]LogModuleManager: Shutting down and abandoning module SessionFrontend (404)
[2017.11.30-20.32.12:920][614]LogModuleManager: Shutting down and abandoning module ProfilerClient (402)
[2017.11.30-20.32.12:920][614]LogModuleManager: Shutting down and abandoning module DeviceManager (400)
[2017.11.30-20.32.12:920][614]LogModuleManager: Shutting down and abandoning module TargetDeviceServices (399)
[2017.11.30-20.32.12:970][614]LogModuleManager: Shutting down and abandoning module AutomationController (396)
[2017.11.30-20.32.12:970][614]LogModuleManager: Shutting down and abandoning module AutomationWindow (394)
[2017.11.30-20.32.12:970][614]LogModuleManager: Shutting down and abandoning module Layers (392)
[2017.11.30-20.32.12:970][614]LogModuleManager: Shutting down and abandoning module ComponentVisualizers (390)
[2017.11.30-20.32.12:970][614]LogModuleManager: Shutting down and abandoning module DetailCustomizations (388)
[2017.11.30-20.32.12:970][614]LogModuleManager: Shutting down and abandoning module PackagesDialog (386)
[2017.11.30-20.32.12:971][614]LogModuleManager: Shutting down and abandoning module Persona (384)
[2017.11.30-20.32.12:971][614]LogModuleManager: Shutting down and abandoning module AdvancedPreviewScene (383)
[2017.11.30-20.32.12:971][614]LogModuleManager: Shutting down and abandoning module AnimGraph (381)
[2017.11.30-20.32.12:971][614]LogModuleManager: Shutting down and abandoning module Kismet (378)
[2017.11.30-20.32.12:972][614]LogModuleManager: Shutting down and abandoning module ClassViewer (376)
[2017.11.30-20.32.12:972][614]LogModuleManager: Shutting down and abandoning module Toolbox (374)
[2017.11.30-20.32.12:972][614]LogModuleManager: Shutting down and abandoning module ModuleUI (372)
[2017.11.30-20.32.12:972][614]LogModuleManager: Shutting down and abandoning module MovieSceneTools (370)
[2017.11.30-20.32.12:972][614]LogModuleManager: Shutting down and abandoning module OutputLog (368)
[2017.11.30-20.32.12:972][614]LogModuleManager: Shutting down and abandoning module GammaUI (366)
[2017.11.30-20.32.12:972][614]LogModuleManager: Shutting down and abandoning module Documentation (364)
[2017.11.30-20.32.12:972][614]LogModuleManager: Shutting down and abandoning module MovieSceneTracks (362)
[2017.11.30-20.32.12:972][614]LogModuleManager: Shutting down and abandoning module MovieScene (360)
[2017.11.30-20.32.12:972][614]LogModuleManager: Shutting down and abandoning module Niagara (358)
[2017.11.30-20.32.12:972][614]LogModuleManager: Shutting down and abandoning module NiagaraEditor (357)
[2017.11.30-20.32.12:973][614]LogModuleManager: Shutting down and abandoning module StreamingPauseRendering (354)
[2017.11.30-20.32.12:973][614]LogModuleManager: Shutting down and abandoning module LauncherPlatform (352)
[2017.11.30-20.32.12:973][614]LogModuleManager: Shutting down and abandoning module AnalyticsET (350)
[2017.11.30-20.32.12:973][614]LogModuleManager: Shutting down and abandoning module PortalServices (348)
[2017.11.30-20.32.12:973][614]LogModuleManager: Shutting down and abandoning module PortalRpc (346)
[2017.11.30-20.32.12:973][614]LogModuleManager: Shutting down and abandoning module MessagingRpc (344)
[2017.11.30-20.32.12:973][614]LogModuleManager: Shutting down and abandoning module AIModule (342)
[2017.11.30-20.32.12:973][614]LogModuleManager: Shutting down and abandoning module GameplayDebugger (341)
[2017.11.30-20.32.12:973][614]LogModuleManager: Shutting down and abandoning module AITestSuite (339)
[2017.11.30-20.32.12:973][614]LogModuleManager: Shutting down and abandoning module ProfilerService (336)
[2017.11.30-20.32.13:013][614]LogModuleManager: Shutting down and abandoning module TaskGraph (334)
[2017.11.30-20.32.13:013][614]LogModuleManager: Shutting down and abandoning module SteamVRController (332)
[2017.11.30-20.32.13:013][614]LogModuleManager: Shutting down and abandoning module ProceduralMeshComponentEditor (330)
[2017.11.30-20.32.13:013][614]LogModuleManager: Shutting down and abandoning module ProceduralMeshComponent (328)
[2017.11.30-20.32.13:013][614]LogModuleManager: Shutting down and abandoning module OculusInput (326)
[2017.11.30-20.32.13:013][614]LogModuleManager: Shutting down and abandoning module MobilePatchingUtils (324)
[2017.11.30-20.32.13:013][614]LogModuleManager: Shutting down and abandoning module CustomMeshComponent (322)
[2017.11.30-20.32.13:013][614]LogModuleManager: Shutting down and abandoning module CableComponent (320)
[2017.11.30-20.32.13:013][614]LogModuleManager: Shutting down and abandoning module ArchVisCharacter (318)
[2017.11.30-20.32.13:013][614]LogModuleManager: Shutting down and abandoning module AndroidPermission (316)
[2017.11.30-20.32.13:014][614]LogModuleManager: Shutting down and abandoning module MediaPlayerEditor (312)
[2017.11.30-20.32.13:014][614]LogModuleManager: Shutting down and abandoning module HTML5Networking (310)
[2017.11.30-20.32.13:014][614]LogModuleManager: Shutting down and abandoning module AlembicImporter (308)
[2017.11.30-20.32.13:014][614]LogModuleManager: Shutting down and abandoning module AlembicLibrary (307)
[2017.11.30-20.32.13:014][614]LogModuleManager: Shutting down and abandoning module GeometryCache (306)
[2017.11.30-20.32.13:014][614]LogModuleManager: Shutting down and abandoning module GeometryCacheEd (305)
[2017.11.30-20.32.13:014][614]LogModuleManager: Shutting down and abandoning module SpeedTreeImporter (300)
[2017.11.30-20.32.13:014][614]LogModuleManager: Shutting down and abandoning module PluginBrowser (298)
[2017.11.30-20.32.13:014][614]LogModuleManager: Shutting down and abandoning module MobileLauncherProfileWizard (296)
[2017.11.30-20.32.13:014][614]LogModuleManager: Shutting down and abandoning module VisualStudioSourceCodeAccess (294)
[2017.11.30-20.32.13:015][614]LogModuleManager: Shutting down and abandoning module DesktopPlatform (293)
[2017.11.30-20.32.13:015][614]LogModuleManager: Shutting down and abandoning module UObjectPlugin (290)
[2017.11.30-20.32.13:015][614]LogModuleManager: Shutting down and abandoning module SubversionSourceControl (288)
[2017.11.30-20.32.13:015][614]LogModuleManager: Shutting down and abandoning module PerforceSourceControl (286)
[2017.11.30-20.32.13:015][614]LogModuleManager: Shutting down and abandoning module GitSourceControl (284)
[2017.11.30-20.32.13:015][614]LogModuleManager: Shutting down and abandoning module SourceControl (283)
[2017.11.30-20.32.13:015][614]LogModuleManager: Shutting down and abandoning module LightPropagationVolumeEditor (280)
[2017.11.30-20.32.13:015][614]LogModuleManager: Shutting down and abandoning module PaperTiledImporter (278)
[2017.11.30-20.32.13:015][614]LogModuleManager: Shutting down and abandoning module PaperSpriteSheetImporter (276)
[2017.11.30-20.32.13:015][614]LogModuleManager: Shutting down and abandoning module Paper2DEditor (274)
[2017.11.30-20.32.13:016][614]LogModuleManager: Shutting down and abandoning module MeshPaint (273)
[2017.11.30-20.32.13:016][614]LogModuleManager: Shutting down and abandoning module LevelEditor (271)
[2017.11.30-20.32.13:018][614]LogModuleManager: Shutting down and abandoning module PixelInspectorModule (270)
[2017.11.30-20.32.13:018][614]LogModuleManager: Shutting down and abandoning module MainFrame (268)
[2017.11.30-20.32.13:019][614]LogModuleManager: Shutting down and abandoning module HotReload (267)
[2017.11.30-20.32.13:019][614]LogDirectoryWatcher: A directory notification for 'K:/O/Programozas/Unreal/03_BuildingEscape/BuildingEscape/Binaries/Win64' was aborted.
[2017.11.30-20.32.13:020][614]LogModuleManager: Shutting down and abandoning module BuildingEscape (262)
[2017.11.30-20.32.13:020][614]LogModuleManager: Shutting down and abandoning module RuntimePhysXCooking (260)
[2017.11.30-20.32.13:020][614]LogModuleManager: Shutting down and abandoning module PhysXVehiclesEditor (258)
[2017.11.30-20.32.13:020][614]LogModuleManager: Shutting down and abandoning module PhysXVehicles (256)
[2017.11.30-20.32.13:020][614]LogModuleManager: Shutting down and abandoning module OculusEditor (254)
[2017.11.30-20.32.13:020][614]LogModuleManager: Shutting down and abandoning module LocationServicesBPLibrary (252)
[2017.11.30-20.32.13:020][614]LogModuleManager: Shutting down and abandoning module ImmediatePhysicsEditor (250)
[2017.11.30-20.32.13:020][614]LogModuleManager: Shutting down and abandoning module ImmediatePhysics (248)
[2017.11.30-20.32.13:020][614]LogModuleManager: Shutting down and abandoning module UdpMessaging (246)
[2017.11.30-20.32.13:121][614]LogModuleManager: Shutting down and abandoning module TcpMessaging (244)
[2017.11.30-20.32.13:221][614]LogModuleManager: Shutting down and abandoning module GameplayTagsEditor (242)
[2017.11.30-20.32.13:221][614]LogModuleManager: Shutting down and abandoning module FacialAnimationEditor (240)
[2017.11.30-20.32.13:221][614]LogModuleManager: Shutting down and abandoning module FacialAnimation (238)
[2017.11.30-20.32.13:221][614]LogModuleManager: Shutting down and abandoning module AssetManagerEditor (236)
[2017.11.30-20.32.13:221][614]LogModuleManager: Shutting down and abandoning module GraphEditor (235)
[2017.11.30-20.32.13:221][614]LogModuleManager: Shutting down and abandoning module ContentBrowser (233)
[2017.11.30-20.32.13:224][614]LogModuleManager: Shutting down and abandoning module LightPropagationVolumeRuntime (230)
[2017.11.30-20.32.13:224][614]LogModuleManager: Shutting down and abandoning module Paper2D (228)
[2017.11.30-20.32.13:224][614]LogModuleManager: Shutting down and abandoning module WindowsMoviePlayer (226)
[2017.11.30-20.32.13:224][614]LogModuleManager: Shutting down and abandoning module WmfMedia (224)
[2017.11.30-20.32.13:226][614]LogModuleManager: Shutting down and abandoning module PacketHandler (222)
[2017.11.30-20.32.13:226][614]LogModuleManager: Shutting down and abandoning module ClothingSystemEditor (220)
[2017.11.30-20.32.13:226][614]LogModuleManager: Shutting down and abandoning module ClothingSystemRuntime (218)
[2017.11.30-20.32.13:227][614]LogModuleManager: Shutting down and abandoning module Overlay (216)
[2017.11.30-20.32.13:227][614]LogModuleManager: Shutting down and abandoning module OverlayEditor (215)
[2017.11.30-20.32.13:227][614]LogModuleManager: Shutting down and abandoning module MediaAssets (212)
[2017.11.30-20.32.13:227][614]LogModuleManager: Shutting down and abandoning module VREditor (210)
[2017.11.30-20.32.13:227][614]LogModuleManager: Shutting down and abandoning module StringTableEditor (208)
[2017.11.30-20.32.13:227][614]LogModuleManager: Shutting down and abandoning module GameplayTasksEditor (206)
[2017.11.30-20.32.13:227][614]LogModuleManager: Shutting down and abandoning module BehaviorTreeEditor (204)
[2017.11.30-20.32.13:228][614]LogModuleManager: Shutting down and abandoning module FunctionalTesting (202)
[2017.11.30-20.32.13:228][614]LogModuleManager: Shutting down and abandoning module CollisionAnalyzer (200)
[2017.11.30-20.32.13:228][614]LogModuleManager: Shutting down and abandoning module WorkspaceMenuStructure (199)
[2017.11.30-20.32.13:228][614]LogModuleManager: Shutting down and abandoning module UMG (196)
[2017.11.30-20.32.13:228][614]LogModuleManager: Shutting down and abandoning module UMGEditor (195)
[2017.11.30-20.32.13:228][614]LogModuleManager: Shutting down and abandoning module Sequencer (194)
[2017.11.30-20.32.13:229][614]LogModuleManager: Shutting down and abandoning module MessageLog (191)
[2017.11.30-20.32.13:229][614]LogModuleManager: Shutting down and abandoning module SlateReflector (186)
[2017.11.30-20.32.13:229][614]LogModuleManager: Shutting down and abandoning module Slate (184)
[2017.11.30-20.32.13:229][614]LogModuleManager: Shutting down and abandoning module EditorStyle (182)
[2017.11.30-20.32.13:239][614]LogModuleManager: Shutting down and abandoning module MRMesh (180)
[2017.11.30-20.32.13:239][614]LogModuleManager: Shutting down and abandoning module SourceCodeAccess (178)
[2017.11.30-20.32.13:239][614]LogModuleManager: Shutting down and abandoning module HeadMountedDisplay (176)
[2017.11.30-20.32.13:239][614]LogModuleManager: Shutting down and abandoning module XAudio2 (174)
[2017.11.30-20.32.13:239][614]LogModuleManager: Shutting down and abandoning module Networking (172)
[2017.11.30-20.32.13:239][614]LogModuleManager: Shutting down and abandoning module Core (168)
[2017.11.30-20.32.13:239][614]LogModuleManager: Shutting down and abandoning module KismetCompiler (164)
[2017.11.30-20.32.13:239][614]LogModuleManager: Shutting down and abandoning module MeshUtilities (162)
[2017.11.30-20.32.13:239][614]LogModuleManager: Shutting down and abandoning module MeshMergeUtilities (161)
[2017.11.30-20.32.13:240][614]LogModuleManager: Shutting down and abandoning module MeshReductionInterface (160)
[2017.11.30-20.32.13:240][614]LogModuleManager: Shutting down and abandoning module SimplygonSwarm (159)
[2017.11.30-20.32.13:240][614]LogModuleManager: Shutting down and abandoning module SimplygonMeshReduction (157)
[2017.11.30-20.32.13:240][614]LogModuleManager: Shutting down and abandoning module QuadricMeshReduction (155)
[2017.11.30-20.32.13:240][614]LogModuleManager: Shutting down and abandoning module MaterialBaking (151)
[2017.11.30-20.32.13:240][614]LogModuleManager: Shutting down and abandoning module LevelSequence (148)
[2017.11.30-20.32.13:240][614]LogModuleManager: Shutting down and abandoning module DirectoryWatcher (146)
[2017.11.30-20.32.13:242][614]LogModuleManager: Shutting down and abandoning module DerivedDataCache (144)
[2017.11.30-20.32.13:312][614]LogDerivedDataCache: Shutdown
[2017.11.30-20.32.13:312][614]LogModuleManager: Shutting down and abandoning module TargetPlatform (142)
[2017.11.30-20.32.13:312][614]LogModuleManager: Shutting down and abandoning module VulkanShaderFormat (141)
[2017.11.30-20.32.13:312][614]LogModuleManager: Shutting down and abandoning module ShaderFormatVectorVM (139)
[2017.11.30-20.32.13:312][614]LogModuleManager: Shutting down and abandoning module ShaderFormatOpenGL (137)
[2017.11.30-20.32.13:312][614]LogModuleManager: Shutting down and abandoning module ShaderFormatD3D (135)
[2017.11.30-20.32.13:312][614]LogModuleManager: Shutting down and abandoning module MetalShaderFormat (133)
[2017.11.30-20.32.13:312][614]LogModuleManager: Shutting down and abandoning module TextureFormatUncompressed (131)
[2017.11.30-20.32.13:312][614]LogModuleManager: Shutting down and abandoning module TextureFormatPVR (129)
[2017.11.30-20.32.13:312][614]LogModuleManager: Shutting down and abandoning module TextureFormatDXT (127)
[2017.11.30-20.32.13:312][614]LogModuleManager: Shutting down and abandoning module TextureFormatIntelISPCTexComp (125)
[2017.11.30-20.32.13:313][614]LogModuleManager: Shutting down and abandoning module TextureFormatASTC (123)
[2017.11.30-20.32.13:313][614]LogModuleManager: Shutting down and abandoning module ImageWrapper (122)
[2017.11.30-20.32.13:313][614]LogModuleManager: Shutting down and abandoning module TextureFormatAndroid (119)
[2017.11.30-20.32.13:313][614]LogModuleManager: Shutting down and abandoning module AudioFormatOpus (117)
[2017.11.30-20.32.13:313][614]LogModuleManager: Shutting down and abandoning module AudioFormatOgg (115)
[2017.11.30-20.32.13:313][614]LogModuleManager: Shutting down and abandoning module AudioFormatADPCM (113)
[2017.11.30-20.32.13:313][614]LogModuleManager: Shutting down and abandoning module LinuxTargetPlatform (111)
[2017.11.30-20.32.13:313][614]LogModuleManager: Shutting down and abandoning module LinuxServerTargetPlatform (109)
[2017.11.30-20.32.13:313][614]LogModuleManager: Shutting down and abandoning module LinuxNoEditorTargetPlatform (107)
[2017.11.30-20.32.13:313][614]LogModuleManager: Shutting down and abandoning module LinuxClientTargetPlatform (105)
[2017.11.30-20.32.13:313][614]LogModuleManager: Shutting down and abandoning module TVOSTargetPlatform (103)
[2017.11.30-20.32.13:313][614]LogModuleManager: Shutting down and abandoning module Messaging (101)
[2017.11.30-20.32.13:313][614]LogModuleManager: Shutting down and abandoning module IOSTargetPlatform (99)
[2017.11.30-20.32.13:313][614]LogModuleManager: Shutting down and abandoning module HTML5TargetPlatform (97)
[2017.11.30-20.32.13:314][614]LogModuleManager: Shutting down and abandoning module Android_PVRTCTargetPlatform (95)
[2017.11.30-20.32.13:314][614]LogModuleManager: Shutting down and abandoning module Android_MultiTargetPlatform (93)
[2017.11.30-20.32.13:314][614]LogModuleManager: Shutting down and abandoning module Android_ETC2TargetPlatform (91)
[2017.11.30-20.32.13:314][614]LogModuleManager: Shutting down and abandoning module Android_ETC1TargetPlatform (89)
[2017.11.30-20.32.13:314][614]LogModuleManager: Shutting down and abandoning module Android_DXTTargetPlatform (87)
[2017.11.30-20.32.13:314][614]LogModuleManager: Shutting down and abandoning module Android_ATCTargetPlatform (85)
[2017.11.30-20.32.13:314][614]LogModuleManager: Shutting down and abandoning module Android_ASTCTargetPlatform (83)
[2017.11.30-20.32.13:314][614]LogModuleManager: Shutting down and abandoning module AndroidTargetPlatform (81)
[2017.11.30-20.32.13:314][614]LogModuleManager: Shutting down and abandoning module WindowsTargetPlatform (79)
[2017.11.30-20.32.13:314][614]LogModuleManager: Shutting down and abandoning module WindowsServerTargetPlatform (77)
[2017.11.30-20.32.13:314][614]LogModuleManager: Shutting down and abandoning module WindowsNoEditorTargetPlatform (75)
[2017.11.30-20.32.13:314][614]LogModuleManager: Shutting down and abandoning module WindowsClientTargetPlatform (73)
[2017.11.30-20.32.13:314][614]LogModuleManager: Shutting down and abandoning module MacTargetPlatform (71)
[2017.11.30-20.32.13:314][614]LogModuleManager: Shutting down and abandoning module MacServerTargetPlatform (69)
[2017.11.30-20.32.13:314][614]LogModuleManager: Shutting down and abandoning module MacNoEditorTargetPlatform (67)
[2017.11.30-20.32.13:314][614]LogModuleManager: Shutting down and abandoning module MacClientTargetPlatform (65)
[2017.11.30-20.32.13:315][614]LogModuleManager: Shutting down and abandoning module AllDesktopTargetPlatform (63)
[2017.11.30-20.32.13:315][614]LogModuleManager: Shutting down and abandoning module InputCore (60)
[2017.11.30-20.32.13:315][614]LogModuleManager: Shutting down and abandoning module Settings (58)
[2017.11.30-20.32.13:315][614]LogModuleManager: Shutting down and abandoning module PhysXCooking (56)
[2017.11.30-20.32.13:315][614]LogModuleManager: Shutting down and abandoning module SteamVR (54)
[2017.11.30-20.32.13:315][614]LogModuleManager: Shutting down and abandoning module OculusHMD (52)
[2017.11.30-20.32.13:315][614]LogModuleManager: Shutting down and abandoning module ExampleDeviceProfileSelector (50)
[2017.11.30-20.32.13:315][614]LogModuleManager: Shutting down and abandoning module OnlineBlueprintSupport (48)
[2017.11.30-20.32.13:315][614]LogModuleManager: Shutting down and abandoning module OnlineSubsystem (44)
[2017.11.30-20.32.13:315][614]LogOnline: Display: Unloading online subsystem: NULL
[2017.11.30-20.32.13:315][614]LogModuleManager: Shutting down and abandoning module XMPP (43)
[2017.11.30-20.32.13:316][614]LogModuleManager: Shutting down and abandoning module HTTP (41)
[2017.11.30-20.32.13:316][614]LogHttp: Display: Http module shutting down, but needs to wait on 1 outstanding Http requests:
[2017.11.30-20.32.13:316][614]LogHttp: Display: 	verb=[POST] url=[https://datarouter.ol.epicgames.com/datarouter/api/v1/public/data?SessionID=%7BB0A3A978-4ED1-BEB0-5912-B99B17D6062E%7D&AppID=UEEditor.Rocket.Release&AppVersion=4.17.2-3658906%2B%2B%2BUE4%2BRelease-4.17&UserID=b0337dc246ebee5fdf02d7b1f3485944%7C7ab69ac5756e400f93617a6997e3fb17%7Ccf581f3e-b22c-4291-92f3-8811c332e20d&AppEnvironment=datacollector-binary&UploadType=eteventstream] status=Processing
[2017.11.30-20.32.13:347][614]LogModuleManager: Shutting down and abandoning module SSL (40)
[2017.11.30-20.32.13:351][614]LogModuleManager: Shutting down and abandoning module AnimationModifiers (36)
[2017.11.30-20.32.13:351][614]LogModuleManager: Shutting down and abandoning module PropertyEditor (35)
[2017.11.30-20.32.13:351][614]LogModuleManager: Shutting down and abandoning module AudioEditor (32)
[2017.11.30-20.32.13:351][614]LogModuleManager: Shutting down and abandoning module TextureCompressor (30)
[2017.11.30-20.32.13:351][614]LogModuleManager: Shutting down and abandoning module ShaderCore (28)
[2017.11.30-20.32.13:351][614]LogModuleManager: Shutting down and abandoning module Landscape (26)
[2017.11.30-20.32.13:351][614]LogModuleManager: Shutting down and abandoning module SlateRHIRenderer (24)
[2017.11.30-20.32.13:354][614]LogModuleManager: Shutting down and abandoning module OpenGLDrv (22)
[2017.11.30-20.32.13:355][614]LogModuleManager: Shutting down and abandoning module D3D11RHI (20)
[2017.11.30-20.32.13:355][614]LogModuleManager: Shutting down and abandoning module AnimGraphRuntime (18)
[2017.11.30-20.32.13:355][614]LogModuleManager: Shutting down and abandoning module Renderer (16)
[2017.11.30-20.32.13:355][614]LogModuleManager: Shutting down and abandoning module Engine (14)
[2017.11.30-20.32.13:355][614]LogModuleManager: Shutting down and abandoning module CoreUObject (12)
[2017.11.30-20.32.13:355][614]LogModuleManager: Shutting down and abandoning module NetworkFile (10)
[2017.11.30-20.32.13:355][614]LogModuleManager: Shutting down and abandoning module CookedIterativeFile (8)
[2017.11.30-20.32.13:355][614]LogModuleManager: Shutting down and abandoning module StreamingFile (6)
[2017.11.30-20.32.13:355][614]LogModuleManager: Shutting down and abandoning module SandboxFile (4)
[2017.11.30-20.32.13:355][614]LogModuleManager: Shutting down and abandoning module PakFile (2)
[2017.11.30-20.32.13:363][614]LogExit: Exiting.
[2017.11.30-20.32.13:390][614]Log file closed, 11/30/17 21:32:13
