Log file open, 12/06/17 20:41:58
LogWindows: Failed to load 'aqProf.dll' (GetLastError=126)
LogWindows: File 'aqProf.dll' does not exist
LogWindows: Failed to load 'VSPerf140.dll' (GetLastError=126)
LogWindows: File 'VSPerf140.dll' does not exist
LogWindows: Failed to load 'VtuneApi.dll' (GetLastError=126)
LogWindows: File 'VtuneApi.dll' does not exist
LogWindows: Failed to load 'VtuneApi32e.dll' (GetLastError=126)
LogWindows: File 'VtuneApi32e.dll' does not exist
LogInit: Display: Running engine for game: BuildingEscape
LogPlatformFile: Not using cached read wrapper
LogInit: Display: RandInit(1125762558) SRandInit(1125762558).
LogTaskGraph: Started task graph with 5 named threads and 14 total threads with 3 sets of task threads.
LogStats: Stats thread started at 0.197696
LogD3D11RHI: Aftermath initialized
LogPluginManager: Mounting plugin Paper2D
LogPluginManager: Mounting plugin LightPropagationVolume
LogPluginManager: Mounting plugin CodeLiteSourceCodeAccess
LogPluginManager: Mounting plugin GitSourceControl
LogPluginManager: Mounting plugin KDevelopSourceCodeAccess
LogPluginManager: Mounting plugin NullSourceCodeAccess
LogPluginManager: Mounting plugin PerforceSourceControl
LogPluginManager: Mounting plugin SubversionSourceControl
LogPluginManager: Mounting plugin UObjectPlugin
LogPluginManager: Mounting plugin VisualStudioSourceCodeAccess
LogPluginManager: Mounting plugin XCodeSourceCodeAccess
LogPluginManager: Mounting plugin AssetManagerEditor
LogPluginManager: Mounting plugin AudioCapture
LogPluginManager: Mounting plugin FacialAnimation
LogPluginManager: Mounting plugin GameplayTagsEditor
LogPluginManager: Mounting plugin MobileLauncherProfileWizard
LogPluginManager: Mounting plugin PluginBrowser
LogPluginManager: Mounting plugin SpeedTreeImporter
LogPluginManager: Mounting plugin AlembicImporter
LogPluginManager: Mounting plugin CharacterAI
LogPluginManager: Mounting plugin HTML5Networking
LogPluginManager: Mounting plugin AndroidMedia
LogPluginManager: Mounting plugin AvfMedia
LogPluginManager: Mounting plugin MediaPlayerEditor
LogPluginManager: Mounting plugin WmfMedia
LogPluginManager: Mounting plugin TcpMessaging
LogPluginManager: Mounting plugin UdpMessaging
LogPluginManager: Mounting plugin LevelSequenceEditor
LogPluginManager: Mounting plugin MatineeToLevelSequence
LogPluginManager: Mounting plugin OnlineSubsystemGooglePlay
LogPluginManager: Mounting plugin OnlineSubsystemIOS
LogPluginManager: Mounting plugin OnlineSubsystem
LogPluginManager: Mounting plugin OnlineSubsystemNull
LogPluginManager: Mounting plugin OnlineSubsystemUtils
LogPluginManager: Mounting plugin AndroidDeviceProfileSelector
LogPluginManager: Mounting plugin AndroidMoviePlayer
LogPluginManager: Mounting plugin AndroidPermission
LogPluginManager: Mounting plugin AppleMoviePlayer
LogPluginManager: Mounting plugin ArchVisCharacter
LogPluginManager: Mounting plugin CableComponent
LogPluginManager: Mounting plugin CustomMeshComponent
LogPluginManager: Mounting plugin ExampleDeviceProfileSelector
LogPluginManager: Mounting plugin GoogleCloudMessaging
LogPluginManager: Mounting plugin ImmediatePhysics
LogPluginManager: Mounting plugin IOSDeviceProfileSelector
LogPluginManager: Mounting plugin LinuxDeviceProfileSelector
LogPluginManager: Mounting plugin LocationServicesBPLibrary
LogPluginManager: Mounting plugin MobilePatchingUtils
LogPluginManager: Mounting plugin OculusVR
LogPluginManager: Mounting plugin PhysXVehicles
LogPluginManager: Mounting plugin ProceduralMeshComponent
LogPluginManager: Mounting plugin RuntimePhysXCooking
LogPluginManager: Mounting plugin SteamVR
LogPluginManager: Mounting plugin WindowsMoviePlayer
LogInit: Using libcurl 7.47.1
LogInit:  - built for x86_64-pc-win32
LogInit:  - supports SSL with OpenSSL/1.0.2g
LogInit:  - supports HTTP deflate (compression) using libz 1.2.8
LogInit:  - other features:
LogInit:      CURL_VERSION_SSL
LogInit:      CURL_VERSION_LIBZ
LogInit:      CURL_VERSION_IPV6
LogInit:      CURL_VERSION_ASYNCHDNS
LogInit:      CURL_VERSION_LARGEFILE
LogInit:      CURL_VERSION_IDN
LogInit:  CurlRequestOptions (configurable via config and command line):
LogInit:  - bVerifyPeer = false  - Libcurl will NOT verify peer certificate
LogInit:  - bUseHttpProxy = false  - Libcurl will NOT use HTTP proxy
LogInit:  - bDontReuseConnections = false  - Libcurl will reuse connections
LogInit:  - CertBundlePath = nullptr  - Libcurl will use whatever was configured at build time.
LogInit: Build: ++UE4+Release-4.17-CL-3658906
LogInit: Engine Version: 4.17.2-3658906+++UE4+Release-4.17
LogInit: Compatible Engine Version: 4.17.0-3573198+++UE4+Release-4.17
LogInit: Net CL: 3573198
LogDevObjectVersion: Number of dev versions registered: 16
LogDevObjectVersion:   Dev-Blueprints (B0D832E4-1F89-4F0D-ACCF-7EB736FD4AA2): 10
LogDevObjectVersion:   Dev-Build (E1C64328-A22C-4D53-A36C-8E866417BD8C): 0
LogDevObjectVersion:   Dev-Core (375EC13C-06E4-48FB-B500-84F0262A717E): 2
LogDevObjectVersion:   Dev-Editor (E4B068ED-F494-42E9-A231-DA0B2E46BB41): 20
LogDevObjectVersion:   Dev-Framework (CFFC743F-43B0-4480-9391-14DF171D2073): 28
LogDevObjectVersion:   Dev-Mobile (B02B49B5-BB20-44E9-A304-32B752E40360): 0
LogDevObjectVersion:   Dev-Networking (A4E4105C-59A1-49B5-A7C5-40C4547EDFEE): 0
LogDevObjectVersion:   Dev-Online (39C831C9-5AE6-47DC-9A44-9C173E1C8E7C): 0
LogDevObjectVersion:   Dev-Physics (78F01B33-EBEA-4F98-B9B4-84EACCB95AA2): 0
LogDevObjectVersion:   Dev-Platform (6631380F-2D4D-43E0-8009-CF276956A95A): 0
LogDevObjectVersion:   Dev-Rendering (12F88B9F-8875-4AFC-A67C-D90C383ABD29): 19
LogDevObjectVersion:   Dev-Sequencer (7B5AE74C-D270-4C10-A958-57980B212A5A): 4
LogDevObjectVersion:   Dev-VR (D7296918-1DD6-4BDD-9DE2-64A83CC13884): 0
LogDevObjectVersion:   Dev-LoadTimes (C2A15278-BFE7-4AFE-6C17-90FF531DF755): 1
LogDevObjectVersion:   Private-Geometry (6EACA3D4-40EC-4CC1-B786-8BED09428FC5): 1
LogDevObjectVersion:   Dev-AnimPhys (29E575DD-E0A3-4627-9D10-D276232CDCEA): 7
LogInit: Compiled (64-bit): Sep 22 2017 13:47:16
LogInit: Compiled with Visual C++: 19.00.24215.01
LogInit: Build Configuration: Development
LogInit: Branch Name: ++UE4+Release-4.17
LogInit: Command line:  
LogInit: Base directory: H:/Programok/Epic Games/UE_4.17/Engine/Binaries/Win64/
LogInit: Installed Engine Build: 1
LogInit: Presizing for max 8388607 objects, including 0 objects not considered by GC, pre-allocating 0 bytes for permanent pool.
LogInit: Object subsystem initialized
[2017.12.06-19.42.00:491][  0]LogInit: Selected Device Profile: [Windows]
[2017.12.06-19.42.00:491][  0]LogInit: Applying CVar settings loaded from the selected device profile: [Windows]
[2017.12.06-19.42.00:546][  0]LogInit: Computer: KLAFA-PC
[2017.12.06-19.42.00:546][  0]LogInit: User: Klafa
[2017.12.06-19.42.00:546][  0]LogInit: CPU Page size=4096, Cores=4
[2017.12.06-19.42.00:546][  0]LogInit: High frequency timer resolution =3.429501 MHz
[2017.12.06-19.42.00:546][  0]LogMemory: Memory total: Physical=15.9GB (16GB approx)
[2017.12.06-19.42.00:546][  0]LogMemory: Platform Memory Stats for Windows
[2017.12.06-19.42.00:546][  0]LogMemory: Process Physical Memory: 279.01 MB used, 279.01 MB peak
[2017.12.06-19.42.00:546][  0]LogMemory: Process Virtual Memory: 277.54 MB used, 277.54 MB peak
[2017.12.06-19.42.00:546][  0]LogMemory: Physical Memory: 5308.06 MB used,  10976.90 MB free, 16284.96 MB total
[2017.12.06-19.42.00:546][  0]LogMemory: Virtual Memory: 654.15 MB used,  10976.90 MB free, 8388608.00 MB total
[2017.12.06-19.42.00:835][  0]LogInit: Using OS detected language (hu-HU).
[2017.12.06-19.42.00:835][  0]LogInit: Using OS detected locale (hu-HU).
[2017.12.06-19.42.00:956][  0]LogTextLocalizationManager: No localization for 'hu-HU' exists, so 'en' will be used for the language.
[2017.12.06-19.42.00:957][  0]LogTextLocalizationManager: No localization for 'hu-HU' exists, so 'en' will be used for the locale.
[2017.12.06-19.42.03:306][  0]LogD3D11RHI: D3D11 adapters:
[2017.12.06-19.42.03:333][  0]LogD3D11RHI:    0. 'NVIDIA GeForce GTX 760' (Feature Level 11_0)
[2017.12.06-19.42.03:333][  0]LogD3D11RHI:       1990/0/7886 MB DedicatedVideo/DedicatedSystem/SharedSystem, Outputs:2, VendorId:0x10de
[2017.12.06-19.42.03:333][  0]LogD3D11RHI: Chosen D3D11 Adapter: 0
[2017.12.06-19.42.03:347][  0]LogD3D11RHI: Creating new Direct3DDevice
[2017.12.06-19.42.03:348][  0]LogD3D11RHI:     GPU DeviceId: 0x1187 (for the marketing name, search the web for "GPU Device Id")
[2017.12.06-19.42.03:348][  0]LogWindows: EnumDisplayDevices:
[2017.12.06-19.42.03:348][  0]LogWindows:    0. 'NVIDIA GeForce GTX 760' (P:1 D:1)
[2017.12.06-19.42.03:348][  0]LogWindows:    1. 'NVIDIA GeForce GTX 760' (P:0 D:1)
[2017.12.06-19.42.03:348][  0]LogWindows:    2. 'NVIDIA GeForce GTX 760' (P:0 D:0)
[2017.12.06-19.42.03:348][  0]LogWindows:    3. 'NVIDIA GeForce GTX 760' (P:0 D:0)
[2017.12.06-19.42.03:349][  0]LogWindows:    4. 'RDPDD Chained DD' (P:0 D:0)
[2017.12.06-19.42.03:349][  0]LogWindows:    5. 'RDP Encoder Mirror Driver' (P:0 D:0)
[2017.12.06-19.42.03:349][  0]LogWindows:    6. 'RDP Reflector Display Driver' (P:0 D:0)
[2017.12.06-19.42.03:349][  0]LogWindows: DebugString: GetVideoDriverDetailsInvalid PrimaryIsNotTheChoosenAdapter GetVideoDriverDetailsInvalid PrimaryIsNotTheChoosenAdapter GetVideoDriverDetailsInvalid PrimaryIsNotTheChoosenAdapter FoundDriverCount:4 
[2017.12.06-19.42.03:349][  0]LogD3D11RHI:     Adapter Name: NVIDIA GeForce GTX 760
[2017.12.06-19.42.03:349][  0]LogD3D11RHI:   Driver Version: 385.69 (internal:22.21.13.8569, unified:385.69)
[2017.12.06-19.42.03:349][  0]LogD3D11RHI:      Driver Date: 9-16-2017
[2017.12.06-19.42.03:349][  0]LogRHI: Texture pool is 1361 MB (70% of 1945 MB)
[2017.12.06-19.42.03:361][  0]LogD3D11RHI: Async texture creation enabled
[2017.12.06-19.42.03:378][  0]LogD3D11RHI: GPU Timing Frequency: 1000.000000 (Debug: 2 2)
[2017.12.06-19.42.03:382][  0]LogShaderCompilers: Guid format shader working directory is -10 characters bigger than the processId version (K:/O/Programozas/Unreal/03_BuildingEscape/BuildingEscape/Intermediate/Shaders/WorkingDirectory/7900/).
[2017.12.06-19.42.03:382][  0]LogShaderCompilers: Cleaned the shader compiler working directory 'C:/Users/Klafa/AppData/Local/Temp/UnrealShaderWorkingDir/03FE712047144F28916A82ACE3BF6902/'.
[2017.12.06-19.42.03:382][  0]LogShaderCompilers: Display: Using Local Shader Compiler.
[2017.12.06-19.42.04:881][  0]LogTemp: Display: Loaded TP AllDesktopTargetPlatform
[2017.12.06-19.42.04:972][  0]LogTemp: Display: Loaded TP MacClientTargetPlatform
[2017.12.06-19.42.05:062][  0]LogTemp: Display: Loaded TP MacNoEditorTargetPlatform
[2017.12.06-19.42.05:150][  0]LogTemp: Display: Loaded TP MacServerTargetPlatform
[2017.12.06-19.42.05:240][  0]LogTemp: Display: Loaded TP MacTargetPlatform
[2017.12.06-19.42.05:327][  0]LogTemp: Display: Loaded TP WindowsClientTargetPlatform
[2017.12.06-19.42.05:417][  0]LogTemp: Display: Loaded TP WindowsNoEditorTargetPlatform
[2017.12.06-19.42.05:506][  0]LogTemp: Display: Loaded TP WindowsServerTargetPlatform
[2017.12.06-19.42.05:584][  0]LogTemp: Display: Loaded TP WindowsTargetPlatform
[2017.12.06-19.42.05:673][  0]LogTemp: Display: Loaded TP AndroidTargetPlatform
[2017.12.06-19.42.05:760][  0]LogTemp: Display: Loaded TP Android_ASTCTargetPlatform
[2017.12.06-19.42.05:849][  0]LogTemp: Display: Loaded TP Android_ATCTargetPlatform
[2017.12.06-19.42.05:937][  0]LogTemp: Display: Loaded TP Android_DXTTargetPlatform
[2017.12.06-19.42.06:024][  0]LogTemp: Display: Loaded TP Android_ETC1TargetPlatform
[2017.12.06-19.42.06:112][  0]LogTemp: Display: Loaded TP Android_ETC2TargetPlatform
[2017.12.06-19.42.06:288][  0]LogTemp: Display: Loaded TP Android_MultiTargetPlatform
[2017.12.06-19.42.06:288][  0]LogTemp: Display: Loaded TP Android_PVRTCTargetPlatform
[2017.12.06-19.42.06:359][  0]LogTemp: Display: Loaded TP HTML5TargetPlatform
[2017.12.06-19.42.06:498][  0]LogTemp: Display: Loaded TP IOSTargetPlatform
[2017.12.06-19.42.06:546][  0]LogTemp: Display: Loaded TP TVOSTargetPlatform
[2017.12.06-19.42.06:633][  0]LogTemp: Display: Loaded TP LinuxClientTargetPlatform
[2017.12.06-19.42.06:720][  0]LogTemp: Display: Loaded TP LinuxNoEditorTargetPlatform
[2017.12.06-19.42.06:808][  0]LogTemp: Display: Loaded TP LinuxServerTargetPlatform
[2017.12.06-19.42.06:898][  0]LogTemp: Display: Loaded TP LinuxTargetPlatform
[2017.12.06-19.42.06:898][  0]LogTargetPlatformManager: Display: Building Assets For Windows
[2017.12.06-19.42.07:676][  0]LogDerivedDataCache: Display: Max Cache Size: 512 MB
[2017.12.06-19.42.08:148][  0]LogDerivedDataCache: Loaded boot cache 0.47s 93MB C:/Users/Klafa/AppData/Local/UnrealEngine/4.17/DerivedDataCache/Boot.ddc.
[2017.12.06-19.42.08:148][  0]LogDerivedDataCache: Display: Loaded Boot cache: C:/Users/Klafa/AppData/Local/UnrealEngine/4.17/DerivedDataCache/Boot.ddc
[2017.12.06-19.42.08:148][  0]LogDerivedDataCache: FDerivedDataBackendGraph:  Pak pak cache file K:/O/Programozas/Unreal/03_BuildingEscape/BuildingEscape/DerivedDataCache/DDC.ddp not found, will not use a pak cache.
[2017.12.06-19.42.08:148][  0]LogDerivedDataCache: Unable to find inner node Pak for hierarchical cache Hierarchy.
[2017.12.06-19.42.08:148][  0]LogDerivedDataCache: FDerivedDataBackendGraph:  CompressedPak pak cache file K:/O/Programozas/Unreal/03_BuildingEscape/BuildingEscape/DerivedDataCache/Compressed.ddp not found, will not use a pak cache.
[2017.12.06-19.42.08:148][  0]LogDerivedDataCache: Unable to find inner node CompressedPak for hierarchical cache Hierarchy.
[2017.12.06-19.42.08:202][  0]LogDerivedDataCache: Display: Pak cache opened for reading ../../../Engine/DerivedDataCache/Compressed.ddp.
[2017.12.06-19.42.08:214][  0]LogDerivedDataCache: Using Local data cache path C:/Users/Klafa/AppData/Local/UnrealEngine/Common/DerivedDataCache: Writable
[2017.12.06-19.42.08:231][  0]LogMaterial: Verifying Global Shaders for PCD3D_SM5
[2017.12.06-19.42.08:231][  0]LogSlate: Using Freetype 2.6.0
[2017.12.06-19.42.08:232][  0]LogSlate: SlateFontCache - WITH_FREETYPE: 1, WITH_HARFBUZZ: 1
[2017.12.06-19.42.08:233][  0]LogSlate: SlateFontCache - WITH_FREETYPE: 1, WITH_HARFBUZZ: 1
[2017.12.06-19.42.09:030][  0]LogAssetRegistry: FAssetRegistry took 0.0287 seconds to start up
[2017.12.06-19.42.09:357][  0]LogInit: Selected Device Profile: [Windows]
[2017.12.06-19.42.09:365][  0]LogContentStreaming: Texture pool size is 0.00 MB
[2017.12.06-19.42.09:997][  0]LogSimplygon: Simplygon DLL not present - disabling.
[2017.12.06-19.42.10:070][  0]LogMeshReduction: Using SimplygonSwarm for distributed automatic mesh merging
[2017.12.06-19.42.10:071][  0]LogMeshReduction: Using QuadricMeshReduction for automatic static mesh reduction
[2017.12.06-19.42.10:071][  0]LogMeshReduction: No automatic skeletal mesh reduction module available
[2017.12.06-19.42.10:071][  0]LogMeshReduction: No automatic mesh merging module available
[2017.12.06-19.42.10:071][  0]LogMeshMerging: No automatic mesh merging module available
[2017.12.06-19.42.10:619][  0]LogNetVersion: BuildingEscape , NetCL: 3573198, EngineNetVer: 2, GameNetVer: 0 (Checksum: 3580536536)
[2017.12.06-19.42.10:935][  0]LogPackageLocalizationCache: Processed 5 localized package path(s) for 1 prioritized culture(s) in 0.060163 seconds
[2017.12.06-19.42.10:942][  0]LogUObjectArray: 35825 objects as part of root set at end of initial load.
[2017.12.06-19.42.10:943][  0]LogUObjectAllocator: 7529104 out of 0 bytes used by permanent object pool.
[2017.12.06-19.42.10:943][  0]LogUObjectArray: CloseDisregardForGC: 0/0 objects in disregard for GC pool
[2017.12.06-19.42.11:033][  0]LogInit: WinSock: version 1.1 (2.2), MaxSocks=32767, MaxUdp=65467
[2017.12.06-19.42.16:670][  0]LogTcpMessaging: Initializing TcpMessaging bridge
[2017.12.06-19.42.16:725][  0]LogUdpMessaging: Initializing bridge on interface 0.0.0.0:0 to multicast group 230.0.0.1:6666.
[2017.12.06-19.42.17:979][  0]LogMaterial: Uniform references updated for custom material expression Custom.
[2017.12.06-19.42.18:652][  0]SourceControl: Source control is disabled
[2017.12.06-19.42.18:652][  0]SourceControl: Source control is disabled
[2017.12.06-19.42.18:735][  0]SourceControl: Source control is disabled
[2017.12.06-19.42.18:823][  0]SourceControl: Source control is disabled
[2017.12.06-19.42.19:859][  0]LogAndroidPermission: UAndroidPermissionCallbackProxy::GetInstance
[2017.12.06-19.42.20:287][  0]LogOcInput: OculusInput pre-init called
[2017.12.06-19.42.20:710][  0]LogEngine: Initializing Engine...
[2017.12.06-19.42.20:744][  0]LogHMD: Failed to initialize OpenVR with code 108
[2017.12.06-19.42.21:072][  0]LogStats: UGameplayTagsManager::ConstructGameplayTagTree: Construct from data asset -  0.000 s
[2017.12.06-19.42.21:072][  0]LogStats: UGameplayTagsManager::ConstructGameplayTagTree: GameplayTagTreeChangedEvent.Broadcast -  0.000 s
[2017.12.06-19.42.21:294][  0]LogAIModule: Creating AISystem for world Untitled
[2017.12.06-19.42.21:328][  0]LogInit: XAudio2 using 'Hangszórók (C-Media PCI Audio Device)' : 2 channels at 44.1 kHz using 16 bits per sample (channel mask 0x3)
[2017.12.06-19.42.21:342][  0]LogInit: FAudioDevice initialized.
[2017.12.06-19.42.21:481][  0]LogDerivedDataCache: Saved boot cache 0.14s 93MB C:/Users/Klafa/AppData/Local/UnrealEngine/4.17/DerivedDataCache/Boot.ddc.
[2017.12.06-19.42.21:516][  0]LogInit: Texture streaming: Enabled
[2017.12.06-19.42.21:687][  0]LogEngineSessionManager: EngineSessionManager initialized
[2017.12.06-19.42.22:077][  0]LogInit: Transaction tracking system initialized
[2017.12.06-19.42.22:631][  0]BlueprintLog: New page: Editor Load
[2017.12.06-19.42.24:175][  0]LocalizationService: Localization service is disabled
[2017.12.06-19.42.25:457][  0]LogConsoleResponse: Display: 
[2017.12.06-19.42.26:227][  0]LogCook: Display: Max memory allowance for cook 16384mb min free memory 0mb
[2017.12.06-19.42.26:227][  0]LogCook: Display: Mobile HDR setting 1
[2017.12.06-19.42.26:227][  0]LogGameplayTags: Display: UGameplayTagsManager::DoneAddingNativeTags. DelegateIsBound: 0
[2017.12.06-19.42.26:699][  0]LogFileCache: Scanning file cache for directory 'K:/O/Programozas/Unreal/03_BuildingEscape/BuildingEscape/Content/' took 0.01s
[2017.12.06-19.42.28:364][  0]SourceControl: Source control is disabled
[2017.12.06-19.42.28:364][  0]Cmd: MAP LOAD FILE="K:/O/Programozas/Unreal/03_BuildingEscape/BuildingEscape/Content/NewMap.umap" TEMPLATE=0 SHOWPROGRESS=1 FEATURELEVEL=3
[2017.12.06-19.42.28:365][  0]LightingResults: New page: Lighting Build
[2017.12.06-19.42.28:439][  0]MapCheck: New page: Map Check
[2017.12.06-19.42.28:439][  0]LightingResults: New page: Lighting Build
[2017.12.06-19.42.31:481][  0]LogAIModule: Creating AISystem for world NewMap
[2017.12.06-19.42.31:507][  0]LogEditorServer: Finished looking for orphan Actors (0.000 secs)
[2017.12.06-19.42.31:542][  0]Cmd: MAP CHECKDEP NOCLEARLOG
[2017.12.06-19.42.31:677][  0]MapCheck: Map check complete: 0 Error(s), 0 Warning(s), took 134.653ms to complete.
[2017.12.06-19.42.31:677][  0]LogFileHelpers: Loading map 'NewMap' took 3.314
[2017.12.06-19.42.31:834][  0]LogCollectionManager: Loaded 0 collections in 0.001699 seconds
[2017.12.06-19.42.31:953][  0]LogFileCache: Scanning file cache for directory 'K:/O/Programozas/Unreal/03_BuildingEscape/BuildingEscape/Saved/Collections/' took 0.01s
[2017.12.06-19.42.31:953][  0]LogFileCache: Scanning file cache for directory 'K:/O/Programozas/Unreal/03_BuildingEscape/BuildingEscape/Content/Developers/Klafa/Collections/' took 0.01s
[2017.12.06-19.42.31:953][  0]LogFileCache: Scanning file cache for directory 'K:/O/Programozas/Unreal/03_BuildingEscape/BuildingEscape/Content/Collections/' took 0.01s
[2017.12.06-19.42.31:953][  0]LogCollectionManager: Rebuilt the GUID cache for 0 collections in 0.000000 seconds
[2017.12.06-19.42.31:968][  0]LogContentBrowser: Native class hierarchy populated in 0.0154 seconds. Added 2391 classes and 502 folders.
[2017.12.06-19.42.32:081][  0]LogContentBrowser: Native class hierarchy updated for 'WidgetCarousel' in 0.0021 seconds. Added 0 classes and 0 folders.
[2017.12.06-19.42.33:152][  0]LogContentBrowser: Native class hierarchy updated for 'AddContentDialog' in 0.0021 seconds. Added 0 classes and 0 folders.
[2017.12.06-19.42.33:231][  0]LogContentBrowser: Native class hierarchy updated for 'SceneOutliner' in 0.0021 seconds. Added 1 classes and 2 folders.
[2017.12.06-19.42.33:385][  0]LogSlate: Took 0.000479 seconds to synchronously load lazily loaded font '../../../Engine/Content/Slate/Fonts/Roboto-Regular.ttf' (155K)
[2017.12.06-19.42.33:396][  0]LogSlate: Took 0.007986 seconds to synchronously load lazily loaded font '../../../Engine/Content/Slate/Fonts/Roboto-Bold.ttf' (160K)
[2017.12.06-19.42.33:416][  0]LogSlate: Took 0.013023 seconds to synchronously load lazily loaded font '../../../Engine/Content/Editor/Slate/Fonts/FontAwesome.ttf' (139K)
[2017.12.06-19.42.33:424][  0]LogSlate: Took 0.006960 seconds to synchronously load lazily loaded font '../../../Engine/Content/Editor/Slate/Fonts/DroidSansMono.ttf' (77K)
[2017.12.06-19.42.33:643][  0]LogRenderer: Reallocating scene render targets to support 1072x804 Format 10 NumSamples 1 (Frame:1).
[2017.12.06-19.42.34:028][  0]LogContentBrowser: Native class hierarchy updated for 'HierarchicalLODOutliner' in 0.0021 seconds. Added 1 classes and 2 folders.
[2017.12.06-19.42.34:029][  0]LogLoad: (Engine Initialization) Total time: 37.59 seconds
[2017.12.06-19.42.34:029][  0]LogLoad: (Engine Initialization) Total Blueprint compile time: 0.00 seconds
[2017.12.06-19.42.34:029][  0]LogExternalProfiler: No external profilers were discovered.  External profiling features will not be available.
[2017.12.06-19.42.34:063][  0]LogContentStreaming: Texture pool size now 1000 MB
[2017.12.06-19.42.34:142][  2]LogAssetRegistry: Asset discovery search completed in 25.1344 seconds
[2017.12.06-19.42.34:145][  2]LogCollectionManager: Rebuilt the object cache for 0 collections in 0.000001 seconds (found 0 objects)
[2017.12.06-19.42.34:145][  2]LogCollectionManager: Fixed up redirectors for 0 collections in 0.000198 seconds (updated 0 objects)
[2017.12.06-19.44.49:735][ 47]LogTemp: Repeating last play command: Selected Viewport
[2017.12.06-19.44.50:115][ 47]LogPlayLevel: PlayLevel: No blueprints needed recompiling
[2017.12.06-19.44.50:116][ 47]PIE: New page: PIE session: NewMap (Dec 6, 2017, 9:44:50 PM)
[2017.12.06-19.44.50:117][ 47]LogPlayLevel: Creating play world package: /Game/UEDPIE_0_NewMap
[2017.12.06-19.44.50:126][ 47]LogPlayLevel: PIE: StaticDuplicateObject took: (0.008600s)
[2017.12.06-19.44.50:127][ 47]LogAIModule: Creating AISystem for world NewMap
[2017.12.06-19.44.50:127][ 47]LogPlayLevel: PIE: World Init took: (0.001546s)
[2017.12.06-19.44.50:128][ 47]LogPlayLevel: PIE: Created PIE world by copying editor world from /Game/NewMap.NewMap to /Game/UEDPIE_0_NewMap.NewMap (0.011063s)
[2017.12.06-19.44.50:182][ 47]LogInit: XAudio2 using 'Hangszórók (C-Media PCI Audio Device)' : 2 channels at 44.1 kHz using 16 bits per sample (channel mask 0x3)
[2017.12.06-19.44.50:188][ 47]LogInit: FAudioDevice initialized.
[2017.12.06-19.44.50:350][ 47]LogLoad: Game class is 'BuildingEscapeGameMode_BP_C'
[2017.12.06-19.44.50:360][ 47]LogWorld: Bringing World /Game/UEDPIE_0_NewMap.NewMap up for play (max tick rate 0) at 2017.12.06-20.44.50
[2017.12.06-19.44.50:361][ 47]LogWorld: Bringing up level for play took: 0.005699
[2017.12.06-19.44.50:450][ 47]LogContentBrowser: Native class hierarchy updated for 'MovieSceneCapture' in 0.0022 seconds. Added 11 classes and 0 folders.
[2017.12.06-19.44.50:451][ 47]LogTemp: Warning: SM_Chair_2 is at X=-425.540 Y=-249.701 Z=20.526
[2017.12.06-19.44.50:452][ 47]LogTemp: Warning: Grabber reporting for duty!
[2017.12.06-19.44.50:452][ 47]PIE: Play in editor start time for /Game/UEDPIE_0_NewMap 0.889
[2017.12.06-19.44.57:986][581]LogEditorViewport: Clicking on Actor (LMB): StaticMeshActor (SM_GlassWindow)
[2017.12.06-19.44.59:899][716]LogEditorViewport: Clicking on Actor (LMB): StaticMeshActor (SM_GlassWindow)
[2017.12.06-19.45.05:369][ 73]LogEditorViewport: Clicking on Actor (LMB): DefaultPawn_BP_C (DefaultPawn_BP)
[2017.12.06-19.45.07:067][187]LogSlate: Took 0.008971 seconds to synchronously load lazily loaded font '../../../Engine/Content/Editor/Slate/Fonts/Roboto-Italic.ttf' (157K)
[2017.12.06-19.45.24:940][578]LogVSAccessor: Warning: Visual Studio is open but could not be queried - it may be blocked by a modal operation
[2017.12.06-20.56.52:165][544]Cmd: QUIT_EDITOR
[2017.12.06-20.56.52:519][544]LogExit: Preparing to exit.
[2017.12.06-20.56.53:547][544]LogExit: Editor shut down
[2017.12.06-20.56.53:555][544]LogExit: Transaction tracking system shut down
[2017.12.06-20.56.53:976][544]LogDirectoryWatcher: A directory notification for '../../../Engine/Content/' was aborted.
[2017.12.06-20.56.53:976][544]LogDirectoryWatcher: A directory notification for 'K:/O/Programozas/Unreal/03_BuildingEscape/BuildingEscape/Content/' was aborted.
[2017.12.06-20.56.53:976][544]LogDirectoryWatcher: A directory notification for '../../../Engine/Plugins/2D/Paper2D/Content/' was aborted.
[2017.12.06-20.56.53:977][544]LogDirectoryWatcher: A directory notification for '../../../Engine/Plugins/Runtime/Oculus/OculusVR/Content/' was aborted.
[2017.12.06-20.56.53:977][544]LogDirectoryWatcher: A directory notification for '../../../Engine/Plugins/Runtime/Steam/SteamVR/Content/' was aborted.
[2017.12.06-20.56.54:900][544]LogExit: Object subsystem successfully closed.
[2017.12.06-20.56.55:099][544]LogD3D11RHI: Shutdown
[2017.12.06-20.56.55:104][544]LogD3D11RHI: CleanupD3DDevice
[2017.12.06-20.56.55:229][544]LogD3D11RHI: ~FD3D11DynamicRHI
[2017.12.06-20.56.55:763][544]LogModuleManager: Shutting down and abandoning module MovieSceneCapture (534)
[2017.12.06-20.56.55:763][544]LogModuleManager: Shutting down and abandoning module HierarchicalLODOutliner (532)
[2017.12.06-20.56.55:763][544]LogModuleManager: Shutting down and abandoning module SceneOutliner (530)
[2017.12.06-20.56.55:765][544]LogModuleManager: Shutting down and abandoning module AddContentDialog (528)
[2017.12.06-20.56.55:773][544]LogDirectoryWatcher: A directory notification for 'H:/Programok/Epic Games/UE_4.17/FeaturePacks/' was aborted.
[2017.12.06-20.56.55:801][544]LogModuleManager: Shutting down and abandoning module WidgetCarousel (527)
[2017.12.06-20.56.55:801][544]LogModuleManager: Shutting down and abandoning module EditorWidgets (524)
[2017.12.06-20.56.55:801][544]LogModuleManager: Shutting down and abandoning module CollectionManager (522)
[2017.12.06-20.56.55:802][544]LogDirectoryWatcher: A directory notification for 'K:/O/Programozas/Unreal/03_BuildingEscape/BuildingEscape/Content/Collections/' was aborted.
[2017.12.06-20.56.55:802][544]LogDirectoryWatcher: A directory notification for 'K:/O/Programozas/Unreal/03_BuildingEscape/BuildingEscape/Content/Developers/Klafa/Collections/' was aborted.
[2017.12.06-20.56.55:802][544]LogDirectoryWatcher: A directory notification for 'K:/O/Programozas/Unreal/03_BuildingEscape/BuildingEscape/Saved/Collections/' was aborted.
[2017.12.06-20.56.55:802][544]LogModuleManager: Shutting down and abandoning module StatsViewer (520)
[2017.12.06-20.56.55:803][544]LogModuleManager: Shutting down and abandoning module FoliageEdit (518)
[2017.12.06-20.56.55:803][544]LogModuleManager: Shutting down and abandoning module LandscapeEditor (516)
[2017.12.06-20.56.55:820][544]LogModuleManager: Shutting down and abandoning module MeshPaintMode (514)
[2017.12.06-20.56.55:820][544]LogModuleManager: Shutting down and abandoning module SceneDepthPickerMode (512)
[2017.12.06-20.56.55:820][544]LogModuleManager: Shutting down and abandoning module ActorPickerMode (510)
[2017.12.06-20.56.55:820][544]LogModuleManager: Shutting down and abandoning module GeometryMode (508)
[2017.12.06-20.56.55:820][544]LogModuleManager: Shutting down and abandoning module TextureAlignMode (506)
[2017.12.06-20.56.55:820][544]LogModuleManager: Shutting down and abandoning module BspMode (504)
[2017.12.06-20.56.55:820][544]LogModuleManager: Shutting down and abandoning module PIEPreviewDeviceProfileSelector (502)
[2017.12.06-20.56.55:821][544]LogModuleManager: Shutting down and abandoning module HardwareSurvey (500)
[2017.12.06-20.56.55:821][544]LogModuleManager: Shutting down and abandoning module SequenceRecorderSections (498)
[2017.12.06-20.56.55:821][544]LogModuleManager: Shutting down and abandoning module AutomationWorker (496)
[2017.12.06-20.56.55:821][544]LogModuleManager: Shutting down and abandoning module MatineeToLevelSequence (494)
[2017.12.06-20.56.55:821][544]LogModuleManager: Shutting down and abandoning module LevelSequenceEditor (492)
[2017.12.06-20.56.55:875][544]LogModuleManager: Shutting down and abandoning module PlacementMode (491)
[2017.12.06-20.56.55:876][544]LogModuleManager: Shutting down and abandoning module WmfMediaFactory (488)
[2017.12.06-20.56.55:876][544]LogModuleManager: Shutting down and abandoning module WmfMediaEditor (486)
[2017.12.06-20.56.55:876][544]LogModuleManager: Shutting down and abandoning module AvfMediaFactory (484)
[2017.12.06-20.56.55:876][544]LogModuleManager: Shutting down and abandoning module AvfMediaEditor (482)
[2017.12.06-20.56.55:876][544]LogModuleManager: Shutting down and abandoning module AndroidMediaFactory (480)
[2017.12.06-20.56.55:876][544]LogModuleManager: Shutting down and abandoning module Media (479)
[2017.12.06-20.56.55:876][544]LogModuleManager: Shutting down and abandoning module AndroidMediaEditor (476)
[2017.12.06-20.56.55:876][544]LogModuleManager: Shutting down and abandoning module CharacterAI (474)
[2017.12.06-20.56.55:876][544]LogModuleManager: Shutting down and abandoning module AudioCapture (472)
[2017.12.06-20.56.55:876][544]LogModuleManager: Shutting down and abandoning module SequenceRecorder (471)
[2017.12.06-20.56.55:876][544]LogModuleManager: Shutting down and abandoning module SmartSnapping (468)
[2017.12.06-20.56.55:877][544]LogModuleManager: Shutting down and abandoning module SessionServices (466)
[2017.12.06-20.56.55:877][544]LogModuleManager: Shutting down and abandoning module ViewportSnapping (464)
[2017.12.06-20.56.55:877][544]LogModuleManager: Shutting down and abandoning module ViewportInteraction (462)
[2017.12.06-20.56.55:877][544]LogModuleManager: Shutting down and abandoning module ClothPainter (460)
[2017.12.06-20.56.55:911][544]LogModuleManager: Shutting down and abandoning module LogVisualizer (458)
[2017.12.06-20.56.55:912][544]LogModuleManager: Shutting down and abandoning module IntroTutorials (456)
[2017.12.06-20.56.55:943][544]LogModuleManager: Shutting down and abandoning module GameProjectGeneration (455)
[2017.12.06-20.56.55:960][544]LogModuleManager: Shutting down and abandoning module IOSPlatformEditor (452)
[2017.12.06-20.56.55:968][544]LogModuleManager: Shutting down and abandoning module HTML5PlatformEditor (450)
[2017.12.06-20.56.55:968][544]LogModuleManager: Shutting down and abandoning module AndroidPlatformEditor (448)
[2017.12.06-20.56.55:968][544]LogModuleManager: Shutting down and abandoning module AndroidDeviceDetection (447)
[2017.12.06-20.56.56:074][544]LogModuleManager: Shutting down and abandoning module WindowsPlatformEditor (444)
[2017.12.06-20.56.56:074][544]LogModuleManager: Shutting down and abandoning module IOSRuntimeSettings (442)
[2017.12.06-20.56.56:074][544]LogModuleManager: Shutting down and abandoning module AndroidRuntimeSettings (440)
[2017.12.06-20.56.56:074][544]LogModuleManager: Shutting down and abandoning module InputBindingEditor (438)
[2017.12.06-20.56.56:074][544]LogModuleManager: Shutting down and abandoning module MergeActors (436)
[2017.12.06-20.56.56:075][544]LogModuleManager: Shutting down and abandoning module SizeMap (434)
[2017.12.06-20.56.56:075][544]LogModuleManager: Shutting down and abandoning module TreeMap (432)
[2017.12.06-20.56.56:075][544]LogModuleManager: Shutting down and abandoning module ReferenceViewer (430)
[2017.12.06-20.56.56:075][544]LogModuleManager: Shutting down and abandoning module LocalizationDashboard (428)
[2017.12.06-20.56.56:084][544]LogModuleManager: Shutting down and abandoning module LocalizationService (427)
[2017.12.06-20.56.56:084][544]LogModuleManager: Shutting down and abandoning module HardwareTargeting (424)
[2017.12.06-20.56.56:084][544]LogModuleManager: Shutting down and abandoning module DeviceProfileEditor (422)
[2017.12.06-20.56.56:084][544]LogModuleManager: Shutting down and abandoning module UndoHistory (420)
[2017.12.06-20.56.56:084][544]LogModuleManager: Shutting down and abandoning module XmlParser (418)
[2017.12.06-20.56.56:084][544]LogModuleManager: Shutting down and abandoning module Blutility (416)
[2017.12.06-20.56.56:084][544]LogModuleManager: Shutting down and abandoning module ProjectSettingsViewer (414)
[2017.12.06-20.56.56:084][544]LogModuleManager: Shutting down and abandoning module ProjectTargetPlatformEditor (413)
[2017.12.06-20.56.56:084][544]LogModuleManager: Shutting down and abandoning module EditorSettingsViewer (410)
[2017.12.06-20.56.56:085][544]LogModuleManager: Shutting down and abandoning module SettingsEditor (408)
[2017.12.06-20.56.56:085][544]LogModuleManager: Shutting down and abandoning module ProjectLauncher (406)
[2017.12.06-20.56.56:093][544]LogModuleManager: Shutting down and abandoning module SessionFrontend (404)
[2017.12.06-20.56.56:100][544]LogModuleManager: Shutting down and abandoning module ProfilerClient (402)
[2017.12.06-20.56.56:100][544]LogModuleManager: Shutting down and abandoning module DeviceManager (400)
[2017.12.06-20.56.56:110][544]LogModuleManager: Shutting down and abandoning module TargetDeviceServices (399)
[2017.12.06-20.56.56:160][544]LogModuleManager: Shutting down and abandoning module AutomationController (396)
[2017.12.06-20.56.56:160][544]LogModuleManager: Shutting down and abandoning module AutomationWindow (394)
[2017.12.06-20.56.56:172][544]LogModuleManager: Shutting down and abandoning module Layers (392)
[2017.12.06-20.56.56:179][544]LogModuleManager: Shutting down and abandoning module ComponentVisualizers (390)
[2017.12.06-20.56.56:179][544]LogModuleManager: Shutting down and abandoning module DetailCustomizations (388)
[2017.12.06-20.56.56:192][544]LogModuleManager: Shutting down and abandoning module PackagesDialog (386)
[2017.12.06-20.56.56:192][544]LogModuleManager: Shutting down and abandoning module Persona (384)
[2017.12.06-20.56.56:216][544]LogModuleManager: Shutting down and abandoning module AdvancedPreviewScene (383)
[2017.12.06-20.56.56:216][544]LogModuleManager: Shutting down and abandoning module AnimGraph (381)
[2017.12.06-20.56.56:218][544]LogModuleManager: Shutting down and abandoning module Kismet (378)
[2017.12.06-20.56.56:231][544]LogModuleManager: Shutting down and abandoning module ClassViewer (376)
[2017.12.06-20.56.56:231][544]LogModuleManager: Shutting down and abandoning module Toolbox (374)
[2017.12.06-20.56.56:231][544]LogModuleManager: Shutting down and abandoning module ModuleUI (372)
[2017.12.06-20.56.56:231][544]LogModuleManager: Shutting down and abandoning module MovieSceneTools (370)
[2017.12.06-20.56.56:242][544]LogModuleManager: Shutting down and abandoning module OutputLog (368)
[2017.12.06-20.56.56:242][544]LogModuleManager: Shutting down and abandoning module GammaUI (366)
[2017.12.06-20.56.56:242][544]LogModuleManager: Shutting down and abandoning module Documentation (364)
[2017.12.06-20.56.56:242][544]LogModuleManager: Shutting down and abandoning module MovieSceneTracks (362)
[2017.12.06-20.56.56:242][544]LogModuleManager: Shutting down and abandoning module MovieScene (360)
[2017.12.06-20.56.56:242][544]LogModuleManager: Shutting down and abandoning module Niagara (358)
[2017.12.06-20.56.56:242][544]LogModuleManager: Shutting down and abandoning module NiagaraEditor (357)
[2017.12.06-20.56.56:257][544]LogModuleManager: Shutting down and abandoning module StreamingPauseRendering (354)
[2017.12.06-20.56.56:258][544]LogModuleManager: Shutting down and abandoning module LauncherPlatform (352)
[2017.12.06-20.56.56:258][544]LogModuleManager: Shutting down and abandoning module AnalyticsET (350)
[2017.12.06-20.56.56:258][544]LogModuleManager: Shutting down and abandoning module PortalServices (348)
[2017.12.06-20.56.56:258][544]LogModuleManager: Shutting down and abandoning module PortalRpc (346)
[2017.12.06-20.56.56:258][544]LogModuleManager: Shutting down and abandoning module MessagingRpc (344)
[2017.12.06-20.56.56:258][544]LogModuleManager: Shutting down and abandoning module AIModule (342)
[2017.12.06-20.56.56:258][544]LogModuleManager: Shutting down and abandoning module GameplayDebugger (341)
[2017.12.06-20.56.56:258][544]LogModuleManager: Shutting down and abandoning module AITestSuite (339)
[2017.12.06-20.56.56:272][544]LogModuleManager: Shutting down and abandoning module ProfilerService (336)
[2017.12.06-20.56.56:282][544]LogModuleManager: Shutting down and abandoning module TaskGraph (334)
[2017.12.06-20.56.56:293][544]LogModuleManager: Shutting down and abandoning module SteamVRController (332)
[2017.12.06-20.56.56:293][544]LogModuleManager: Shutting down and abandoning module ProceduralMeshComponentEditor (330)
[2017.12.06-20.56.56:293][544]LogModuleManager: Shutting down and abandoning module ProceduralMeshComponent (328)
[2017.12.06-20.56.56:294][544]LogModuleManager: Shutting down and abandoning module OculusInput (326)
[2017.12.06-20.56.56:294][544]LogModuleManager: Shutting down and abandoning module MobilePatchingUtils (324)
[2017.12.06-20.56.56:294][544]LogModuleManager: Shutting down and abandoning module CustomMeshComponent (322)
[2017.12.06-20.56.56:294][544]LogModuleManager: Shutting down and abandoning module CableComponent (320)
[2017.12.06-20.56.56:294][544]LogModuleManager: Shutting down and abandoning module ArchVisCharacter (318)
[2017.12.06-20.56.56:294][544]LogModuleManager: Shutting down and abandoning module AndroidPermission (316)
[2017.12.06-20.56.56:294][544]LogModuleManager: Shutting down and abandoning module MediaPlayerEditor (312)
[2017.12.06-20.56.56:316][544]LogModuleManager: Shutting down and abandoning module HTML5Networking (310)
[2017.12.06-20.56.56:316][544]LogModuleManager: Shutting down and abandoning module AlembicImporter (308)
[2017.12.06-20.56.56:320][544]LogModuleManager: Shutting down and abandoning module AlembicLibrary (307)
[2017.12.06-20.56.56:320][544]LogModuleManager: Shutting down and abandoning module GeometryCache (306)
[2017.12.06-20.56.56:320][544]LogModuleManager: Shutting down and abandoning module GeometryCacheEd (305)
[2017.12.06-20.56.56:320][544]LogModuleManager: Shutting down and abandoning module SpeedTreeImporter (300)
[2017.12.06-20.56.56:320][544]LogModuleManager: Shutting down and abandoning module PluginBrowser (298)
[2017.12.06-20.56.56:345][544]LogModuleManager: Shutting down and abandoning module MobileLauncherProfileWizard (296)
[2017.12.06-20.56.56:353][544]LogModuleManager: Shutting down and abandoning module VisualStudioSourceCodeAccess (294)
[2017.12.06-20.56.56:353][544]LogModuleManager: Shutting down and abandoning module DesktopPlatform (293)
[2017.12.06-20.56.56:353][544]LogModuleManager: Shutting down and abandoning module UObjectPlugin (290)
[2017.12.06-20.56.56:353][544]LogModuleManager: Shutting down and abandoning module SubversionSourceControl (288)
[2017.12.06-20.56.56:353][544]LogModuleManager: Shutting down and abandoning module PerforceSourceControl (286)
[2017.12.06-20.56.56:363][544]LogModuleManager: Shutting down and abandoning module GitSourceControl (284)
[2017.12.06-20.56.56:363][544]LogModuleManager: Shutting down and abandoning module SourceControl (283)
[2017.12.06-20.56.56:363][544]LogModuleManager: Shutting down and abandoning module LightPropagationVolumeEditor (280)
[2017.12.06-20.56.56:363][544]LogModuleManager: Shutting down and abandoning module PaperTiledImporter (278)
[2017.12.06-20.56.56:363][544]LogModuleManager: Shutting down and abandoning module PaperSpriteSheetImporter (276)
[2017.12.06-20.56.56:363][544]LogModuleManager: Shutting down and abandoning module Paper2DEditor (274)
[2017.12.06-20.56.56:367][544]LogModuleManager: Shutting down and abandoning module MeshPaint (273)
[2017.12.06-20.56.56:373][544]LogModuleManager: Shutting down and abandoning module LevelEditor (271)
[2017.12.06-20.56.56:383][544]LogModuleManager: Shutting down and abandoning module PixelInspectorModule (270)
[2017.12.06-20.56.56:395][544]LogModuleManager: Shutting down and abandoning module MainFrame (268)
[2017.12.06-20.56.56:395][544]LogModuleManager: Shutting down and abandoning module HotReload (267)
[2017.12.06-20.56.56:395][544]LogDirectoryWatcher: A directory notification for 'K:/O/Programozas/Unreal/03_BuildingEscape/BuildingEscape/Binaries/Win64' was aborted.
[2017.12.06-20.56.56:396][544]LogModuleManager: Shutting down and abandoning module BuildingEscape (262)
[2017.12.06-20.56.56:396][544]LogModuleManager: Shutting down and abandoning module RuntimePhysXCooking (260)
[2017.12.06-20.56.56:396][544]LogModuleManager: Shutting down and abandoning module PhysXVehiclesEditor (258)
[2017.12.06-20.56.56:396][544]LogModuleManager: Shutting down and abandoning module PhysXVehicles (256)
[2017.12.06-20.56.56:396][544]LogModuleManager: Shutting down and abandoning module OculusEditor (254)
[2017.12.06-20.56.56:396][544]LogModuleManager: Shutting down and abandoning module LocationServicesBPLibrary (252)
[2017.12.06-20.56.56:396][544]LogModuleManager: Shutting down and abandoning module ImmediatePhysicsEditor (250)
[2017.12.06-20.56.56:396][544]LogModuleManager: Shutting down and abandoning module ImmediatePhysics (248)
[2017.12.06-20.56.56:396][544]LogModuleManager: Shutting down and abandoning module UdpMessaging (246)
[2017.12.06-20.56.56:496][544]LogModuleManager: Shutting down and abandoning module TcpMessaging (244)
[2017.12.06-20.56.56:596][544]LogModuleManager: Shutting down and abandoning module GameplayTagsEditor (242)
[2017.12.06-20.56.56:626][544]LogModuleManager: Shutting down and abandoning module FacialAnimationEditor (240)
[2017.12.06-20.56.56:626][544]LogModuleManager: Shutting down and abandoning module FacialAnimation (238)
[2017.12.06-20.56.56:626][544]LogModuleManager: Shutting down and abandoning module AssetManagerEditor (236)
[2017.12.06-20.56.56:632][544]LogModuleManager: Shutting down and abandoning module GraphEditor (235)
[2017.12.06-20.56.56:667][544]LogModuleManager: Shutting down and abandoning module ContentBrowser (233)
[2017.12.06-20.56.56:670][544]LogModuleManager: Shutting down and abandoning module LightPropagationVolumeRuntime (230)
[2017.12.06-20.56.56:670][544]LogModuleManager: Shutting down and abandoning module Paper2D (228)
[2017.12.06-20.56.56:677][544]LogModuleManager: Shutting down and abandoning module WindowsMoviePlayer (226)
[2017.12.06-20.56.56:677][544]LogModuleManager: Shutting down and abandoning module WmfMedia (224)
[2017.12.06-20.56.56:678][544]LogModuleManager: Shutting down and abandoning module PacketHandler (222)
[2017.12.06-20.56.56:678][544]LogModuleManager: Shutting down and abandoning module ClothingSystemEditor (220)
[2017.12.06-20.56.56:679][544]LogModuleManager: Shutting down and abandoning module ClothingSystemRuntime (218)
[2017.12.06-20.56.56:679][544]LogModuleManager: Shutting down and abandoning module Overlay (216)
[2017.12.06-20.56.56:679][544]LogModuleManager: Shutting down and abandoning module OverlayEditor (215)
[2017.12.06-20.56.56:679][544]LogModuleManager: Shutting down and abandoning module MediaAssets (212)
[2017.12.06-20.56.56:680][544]LogModuleManager: Shutting down and abandoning module VREditor (210)
[2017.12.06-20.56.56:700][544]LogModuleManager: Shutting down and abandoning module StringTableEditor (208)
[2017.12.06-20.56.56:703][544]LogModuleManager: Shutting down and abandoning module GameplayTasksEditor (206)
[2017.12.06-20.56.56:703][544]LogModuleManager: Shutting down and abandoning module BehaviorTreeEditor (204)
[2017.12.06-20.56.56:719][544]LogModuleManager: Shutting down and abandoning module FunctionalTesting (202)
[2017.12.06-20.56.56:719][544]LogModuleManager: Shutting down and abandoning module CollisionAnalyzer (200)
[2017.12.06-20.56.56:726][544]LogModuleManager: Shutting down and abandoning module WorkspaceMenuStructure (199)
[2017.12.06-20.56.56:726][544]LogModuleManager: Shutting down and abandoning module UMG (196)
[2017.12.06-20.56.56:751][544]LogModuleManager: Shutting down and abandoning module UMGEditor (195)
[2017.12.06-20.56.56:771][544]LogModuleManager: Shutting down and abandoning module Sequencer (194)
[2017.12.06-20.56.56:789][544]LogModuleManager: Shutting down and abandoning module MessageLog (191)
[2017.12.06-20.56.56:789][544]LogModuleManager: Shutting down and abandoning module SlateReflector (186)
[2017.12.06-20.56.56:810][544]LogModuleManager: Shutting down and abandoning module Slate (184)
[2017.12.06-20.56.56:810][544]LogModuleManager: Shutting down and abandoning module EditorStyle (182)
[2017.12.06-20.56.56:816][544]LogModuleManager: Shutting down and abandoning module MRMesh (180)
[2017.12.06-20.56.56:816][544]LogModuleManager: Shutting down and abandoning module SourceCodeAccess (178)
[2017.12.06-20.56.56:816][544]LogModuleManager: Shutting down and abandoning module HeadMountedDisplay (176)
[2017.12.06-20.56.56:816][544]LogModuleManager: Shutting down and abandoning module XAudio2 (174)
[2017.12.06-20.56.56:816][544]LogModuleManager: Shutting down and abandoning module Networking (172)
[2017.12.06-20.56.56:816][544]LogModuleManager: Shutting down and abandoning module Core (168)
[2017.12.06-20.56.56:816][544]LogModuleManager: Shutting down and abandoning module KismetCompiler (164)
[2017.12.06-20.56.56:816][544]LogModuleManager: Shutting down and abandoning module MeshUtilities (162)
[2017.12.06-20.56.56:833][544]LogModuleManager: Shutting down and abandoning module MeshMergeUtilities (161)
[2017.12.06-20.56.56:837][544]LogModuleManager: Shutting down and abandoning module MeshReductionInterface (160)
[2017.12.06-20.56.56:837][544]LogModuleManager: Shutting down and abandoning module SimplygonSwarm (159)
[2017.12.06-20.56.56:844][544]LogModuleManager: Shutting down and abandoning module SimplygonMeshReduction (157)
[2017.12.06-20.56.56:844][544]LogModuleManager: Shutting down and abandoning module QuadricMeshReduction (155)
[2017.12.06-20.56.56:844][544]LogModuleManager: Shutting down and abandoning module MaterialBaking (151)
[2017.12.06-20.56.56:844][544]LogModuleManager: Shutting down and abandoning module LevelSequence (148)
[2017.12.06-20.56.56:844][544]LogModuleManager: Shutting down and abandoning module DirectoryWatcher (146)
[2017.12.06-20.56.56:845][544]LogModuleManager: Shutting down and abandoning module DerivedDataCache (144)
[2017.12.06-20.56.56:909][544]LogDerivedDataCache: Shutdown
[2017.12.06-20.56.56:910][544]LogModuleManager: Shutting down and abandoning module TargetPlatform (142)
[2017.12.06-20.56.56:910][544]LogModuleManager: Shutting down and abandoning module VulkanShaderFormat (141)
[2017.12.06-20.56.56:929][544]LogModuleManager: Shutting down and abandoning module ShaderFormatVectorVM (139)
[2017.12.06-20.56.56:936][544]LogModuleManager: Shutting down and abandoning module ShaderFormatOpenGL (137)
[2017.12.06-20.56.56:942][544]LogModuleManager: Shutting down and abandoning module ShaderFormatD3D (135)
[2017.12.06-20.56.56:942][544]LogModuleManager: Shutting down and abandoning module MetalShaderFormat (133)
[2017.12.06-20.56.56:947][544]LogModuleManager: Shutting down and abandoning module TextureFormatUncompressed (131)
[2017.12.06-20.56.56:947][544]LogModuleManager: Shutting down and abandoning module TextureFormatPVR (129)
[2017.12.06-20.56.56:947][544]LogModuleManager: Shutting down and abandoning module TextureFormatDXT (127)
[2017.12.06-20.56.56:947][544]LogModuleManager: Shutting down and abandoning module TextureFormatIntelISPCTexComp (125)
[2017.12.06-20.56.56:950][544]LogModuleManager: Shutting down and abandoning module TextureFormatASTC (123)
[2017.12.06-20.56.56:950][544]LogModuleManager: Shutting down and abandoning module ImageWrapper (122)
[2017.12.06-20.56.56:950][544]LogModuleManager: Shutting down and abandoning module TextureFormatAndroid (119)
[2017.12.06-20.56.56:950][544]LogModuleManager: Shutting down and abandoning module AudioFormatOpus (117)
[2017.12.06-20.56.56:950][544]LogModuleManager: Shutting down and abandoning module AudioFormatOgg (115)
[2017.12.06-20.56.56:950][544]LogModuleManager: Shutting down and abandoning module AudioFormatADPCM (113)
[2017.12.06-20.56.56:950][544]LogModuleManager: Shutting down and abandoning module LinuxTargetPlatform (111)
[2017.12.06-20.56.56:950][544]LogModuleManager: Shutting down and abandoning module LinuxServerTargetPlatform (109)
[2017.12.06-20.56.56:950][544]LogModuleManager: Shutting down and abandoning module LinuxNoEditorTargetPlatform (107)
[2017.12.06-20.56.56:950][544]LogModuleManager: Shutting down and abandoning module LinuxClientTargetPlatform (105)
[2017.12.06-20.56.56:950][544]LogModuleManager: Shutting down and abandoning module TVOSTargetPlatform (103)
[2017.12.06-20.56.56:950][544]LogModuleManager: Shutting down and abandoning module Messaging (101)
[2017.12.06-20.56.56:950][544]LogModuleManager: Shutting down and abandoning module IOSTargetPlatform (99)
[2017.12.06-20.56.56:950][544]LogModuleManager: Shutting down and abandoning module HTML5TargetPlatform (97)
[2017.12.06-20.56.56:950][544]LogModuleManager: Shutting down and abandoning module Android_PVRTCTargetPlatform (95)
[2017.12.06-20.56.56:950][544]LogModuleManager: Shutting down and abandoning module Android_MultiTargetPlatform (93)
[2017.12.06-20.56.56:950][544]LogModuleManager: Shutting down and abandoning module Android_ETC2TargetPlatform (91)
[2017.12.06-20.56.56:950][544]LogModuleManager: Shutting down and abandoning module Android_ETC1TargetPlatform (89)
[2017.12.06-20.56.56:950][544]LogModuleManager: Shutting down and abandoning module Android_DXTTargetPlatform (87)
[2017.12.06-20.56.56:951][544]LogModuleManager: Shutting down and abandoning module Android_ATCTargetPlatform (85)
[2017.12.06-20.56.56:951][544]LogModuleManager: Shutting down and abandoning module Android_ASTCTargetPlatform (83)
[2017.12.06-20.56.56:951][544]LogModuleManager: Shutting down and abandoning module AndroidTargetPlatform (81)
[2017.12.06-20.56.56:951][544]LogModuleManager: Shutting down and abandoning module WindowsTargetPlatform (79)
[2017.12.06-20.56.56:951][544]LogModuleManager: Shutting down and abandoning module WindowsServerTargetPlatform (77)
[2017.12.06-20.56.56:951][544]LogModuleManager: Shutting down and abandoning module WindowsNoEditorTargetPlatform (75)
[2017.12.06-20.56.56:951][544]LogModuleManager: Shutting down and abandoning module WindowsClientTargetPlatform (73)
[2017.12.06-20.56.56:951][544]LogModuleManager: Shutting down and abandoning module MacTargetPlatform (71)
[2017.12.06-20.56.56:951][544]LogModuleManager: Shutting down and abandoning module MacServerTargetPlatform (69)
[2017.12.06-20.56.56:951][544]LogModuleManager: Shutting down and abandoning module MacNoEditorTargetPlatform (67)
[2017.12.06-20.56.56:951][544]LogModuleManager: Shutting down and abandoning module MacClientTargetPlatform (65)
[2017.12.06-20.56.56:951][544]LogModuleManager: Shutting down and abandoning module AllDesktopTargetPlatform (63)
[2017.12.06-20.56.56:951][544]LogModuleManager: Shutting down and abandoning module InputCore (60)
[2017.12.06-20.56.56:951][544]LogModuleManager: Shutting down and abandoning module Settings (58)
[2017.12.06-20.56.56:951][544]LogModuleManager: Shutting down and abandoning module PhysXCooking (56)
[2017.12.06-20.56.56:951][544]LogModuleManager: Shutting down and abandoning module SteamVR (54)
[2017.12.06-20.56.56:951][544]LogModuleManager: Shutting down and abandoning module OculusHMD (52)
[2017.12.06-20.56.56:958][544]LogModuleManager: Shutting down and abandoning module ExampleDeviceProfileSelector (50)
[2017.12.06-20.56.56:958][544]LogModuleManager: Shutting down and abandoning module OnlineBlueprintSupport (48)
[2017.12.06-20.56.56:958][544]LogModuleManager: Shutting down and abandoning module OnlineSubsystem (44)
[2017.12.06-20.56.56:958][544]LogOnline: Display: Unloading online subsystem: NULL
[2017.12.06-20.56.56:958][544]LogModuleManager: Shutting down and abandoning module XMPP (43)
[2017.12.06-20.56.56:980][544]LogModuleManager: Shutting down and abandoning module HTTP (41)
[2017.12.06-20.56.56:980][544]LogHttp: Display: Http module shutting down, but needs to wait on 1 outstanding Http requests:
[2017.12.06-20.56.56:984][544]LogHttp: Display: 	verb=[POST] url=[https://datarouter.ol.epicgames.com/datarouter/api/v1/public/data?SessionID=%7B5F30C3A4-4DB7-B733-A1EE-59BE5145C6BB%7D&AppID=UEEditor.Rocket.Release&AppVersion=4.17.2-3658906%2B%2B%2BUE4%2BRelease-4.17&UserID=b0337dc246ebee5fdf02d7b1f3485944%7C7ab69ac5756e400f93617a6997e3fb17%7Ccf581f3e-b22c-4291-92f3-8811c332e20d&AppEnvironment=datacollector-binary&UploadType=eteventstream] status=Processing
[2017.12.06-20.56.56:995][544]LogModuleManager: Shutting down and abandoning module SSL (40)
[2017.12.06-20.56.57:003][544]LogModuleManager: Shutting down and abandoning module AnimationModifiers (36)
[2017.12.06-20.56.57:012][544]LogModuleManager: Shutting down and abandoning module PropertyEditor (35)
[2017.12.06-20.56.57:012][544]LogModuleManager: Shutting down and abandoning module AudioEditor (32)
[2017.12.06-20.56.57:025][544]LogModuleManager: Shutting down and abandoning module TextureCompressor (30)
[2017.12.06-20.56.57:025][544]LogModuleManager: Shutting down and abandoning module ShaderCore (28)
[2017.12.06-20.56.57:025][544]LogModuleManager: Shutting down and abandoning module Landscape (26)
[2017.12.06-20.56.57:025][544]LogModuleManager: Shutting down and abandoning module SlateRHIRenderer (24)
[2017.12.06-20.56.57:037][544]LogModuleManager: Shutting down and abandoning module OpenGLDrv (22)
[2017.12.06-20.56.57:045][544]LogModuleManager: Shutting down and abandoning module D3D11RHI (20)
[2017.12.06-20.56.57:045][544]LogModuleManager: Shutting down and abandoning module AnimGraphRuntime (18)
[2017.12.06-20.56.57:047][544]LogModuleManager: Shutting down and abandoning module Renderer (16)
[2017.12.06-20.56.57:047][544]LogModuleManager: Shutting down and abandoning module Engine (14)
[2017.12.06-20.56.57:047][544]LogModuleManager: Shutting down and abandoning module CoreUObject (12)
[2017.12.06-20.56.57:047][544]LogModuleManager: Shutting down and abandoning module NetworkFile (10)
[2017.12.06-20.56.57:047][544]LogModuleManager: Shutting down and abandoning module CookedIterativeFile (8)
[2017.12.06-20.56.57:047][544]LogModuleManager: Shutting down and abandoning module StreamingFile (6)
[2017.12.06-20.56.57:047][544]LogModuleManager: Shutting down and abandoning module SandboxFile (4)
[2017.12.06-20.56.57:047][544]LogModuleManager: Shutting down and abandoning module PakFile (2)
[2017.12.06-20.56.57:056][544]LogExit: Exiting.
[2017.12.06-20.56.57:088][544]Log file closed, 12/06/17 21:56:57
